2025-07-29 11:37:36,827 - INFO - Logging initialized. Log file at: logs/20250729_113736_yellow-fever_pipeline_run.log
2025-07-29 11:37:36,827 - INFO - ================== STARTING PIPELINE FOR: YELLOW-FEVER ==================
2025-07-29 11:37:36,827 - INFO - --- Executing: /home/topcuoglu/miniconda3/envs/orh/bin/python3 src/06_recombinhunt/run_recombinhunt.py --virus yellow-fever --config config/config.yaml ---
2025-07-29 11:38:26,492 - INFO - Stdout from step:
INFO: Logging initialized. Log file at: logs/20250729_113737_yellow-fever_06_run_recombinhunt.log
INFO: --- Starting Step 6: Run RecombinHunt for 'yellow-fever' ---
INFO: Loading RecombinHunt environment from: environments/yellow-fever/dist3size10
Starting formal checks of the environment...
INFO: Loading lineage totals from 'samples/yellow-fever/dist3size10/samples_total.json'
INFO: Found 3 sample files in 'samples/yellow-fever/dist3size10'.
INFO:   Lineage 'A.1.NmC2', Mode 'all': Processing all 193 samples.
INFO:   Lineage 'A.1.NmC1', Mode 'all': Processing all 380 samples.
ERROR:   Error on one sample in lineage A.1.NmC1: 'results/recombinhunt_output/yellow-fever/dist3size10/structured_reports/case_2_MH030053.1' is not in the subpath of '/home/topcuoglu/openrecombinhunt' OR one path is relative and the other is absolute.
Traceback (most recent call last):
  File "/home/topcuoglu/openrecombinhunt/src/06_recombinhunt/run_recombinhunt.py", line 203, in run_recombinhunt_for_lineage
    'case_report_folder': str(case_report_folder.relative_to(PROJECT_ROOT))
  File "/home/topcuoglu/miniconda3/envs/orh/lib/python3.10/pathlib.py", line 818, in relative_to
    raise ValueError("{!r} is not in the subpath of {!r}"
ValueError: 'results/recombinhunt_output/yellow-fever/dist3size10/structured_reports/case_2_MH030053.1' is not in the subpath of '/home/topcuoglu/openrecombinhunt' OR one path is relative and the other is absolute.
ERROR:   Error on one sample in lineage A.1.NmC1: 'results/recombinhunt_output/yellow-fever/dist3size10/structured_reports/case_2_MZ604862.1' is not in the subpath of '/home/topcuoglu/openrecombinhunt' OR one path is relative and the other is absolute.
Traceback (most recent call last):
  File "/home/topcuoglu/openrecombinhunt/src/06_recombinhunt/run_recombinhunt.py", line 203, in run_recombinhunt_for_lineage
    'case_report_folder': str(case_report_folder.relative_to(PROJECT_ROOT))
  File "/home/topcuoglu/miniconda3/envs/orh/lib/python3.10/pathlib.py", line 818, in relative_to
    raise ValueError("{!r} is not in the subpath of {!r}"
ValueError: 'results/recombinhunt_output/yellow-fever/dist3size10/structured_reports/case_2_MZ604862.1' is not in the subpath of '/home/topcuoglu/openrecombinhunt' OR one path is relative and the other is absolute.
ERROR:   Error on one sample in lineage A.1.NmC1: 'results/recombinhunt_output/yellow-fever/dist3size10/structured_reports/case_2_OQ714242.1' is not in the subpath of '/home/topcuoglu/openrecombinhunt' OR one path is relative and the other is absolute.
Traceback (most recent call last):
  File "/home/topcuoglu/openrecombinhunt/src/06_recombinhunt/run_recombinhunt.py", line 203, in run_recombinhunt_for_lineage
    'case_report_folder': str(case_report_folder.relative_to(PROJECT_ROOT))
  File "/home/topcuoglu/miniconda3/envs/orh/lib/python3.10/pathlib.py", line 818, in relative_to
    raise ValueError("{!r} is not in the subpath of {!r}"
ValueError: 'results/recombinhunt_output/yellow-fever/dist3size10/structured_reports/case_2_OQ714242.1' is not in the subpath of '/home/topcuoglu/openrecombinhunt' OR one path is relative and the other is absolute.
ERROR:   Error on one sample in lineage A.1.NmC1: 'results/recombinhunt_output/yellow-fever/dist3size10/structured_reports/case_2_ON022368.1' is not in the subpath of '/home/topcuoglu/openrecombinhunt' OR one path is relative and the other is absolute.
Traceback (most recent call last):
  File "/home/topcuoglu/openrecombinhunt/src/06_recombinhunt/run_recombinhunt.py", line 203, in run_recombinhunt_for_lineage
    'case_report_folder': str(case_report_folder.relative_to(PROJECT_ROOT))
  File "/home/topcuoglu/miniconda3/envs/orh/lib/python3.10/pathlib.py", line 818, in relative_to
    raise ValueError("{!r} is not in the subpath of {!r}"
ValueError: 'results/recombinhunt_output/yellow-fever/dist3size10/structured_reports/case_2_ON022368.1' is not in the subpath of '/home/topcuoglu/openrecombinhunt' OR one path is relative and the other is absolute.
ERROR:   Error on one sample in lineage A.1.NmC1: 'results/recombinhunt_output/yellow-fever/dist3size10/structured_reports/case_2_OP508590.1' is not in the subpath of '/home/topcuoglu/openrecombinhunt' OR one path is relative and the other is absolute.
Traceback (most recent call last):
  File "/home/topcuoglu/openrecombinhunt/src/06_recombinhunt/run_recombinhunt.py", line 203, in run_recombinhunt_for_lineage
    'case_report_folder': str(case_report_folder.relative_to(PROJECT_ROOT))
  File "/home/topcuoglu/miniconda3/envs/orh/lib/python3.10/pathlib.py", line 818, in relative_to
    raise ValueError("{!r} is not in the subpath of {!r}"
ValueError: 'results/recombinhunt_output/yellow-fever/dist3size10/structured_reports/case_2_OP508590.1' is not in the subpath of '/home/topcuoglu/openrecombinhunt' OR one path is relative and the other is absolute.
ERROR:   Error on one sample in lineage A.1.NmC1: 'results/recombinhunt_output/yellow-fever/dist3size10/structured_reports/case_2_OP508602.1' is not in the subpath of '/home/topcuoglu/openrecombinhunt' OR one path is relative and the other is absolute.
Traceback (most recent call last):
  File "/home/topcuoglu/openrecombinhunt/src/06_recombinhunt/run_recombinhunt.py", line 203, in run_recombinhunt_for_lineage
    'case_report_folder': str(case_report_folder.relative_to(PROJECT_ROOT))
  File "/home/topcuoglu/miniconda3/envs/orh/lib/python3.10/pathlib.py", line 818, in relative_to
    raise ValueError("{!r} is not in the subpath of {!r}"
ValueError: 'results/recombinhunt_output/yellow-fever/dist3size10/structured_reports/case_2_OP508602.1' is not in the subpath of '/home/topcuoglu/openrecombinhunt' OR one path is relative and the other is absolute.
ERROR:   Error on one sample in lineage A.1.NmC1: 'results/recombinhunt_output/yellow-fever/dist3size10/structured_reports/case_2_OP508604.1' is not in the subpath of '/home/topcuoglu/openrecombinhunt' OR one path is relative and the other is absolute.
Traceback (most recent call last):
  File "/home/topcuoglu/openrecombinhunt/src/06_recombinhunt/run_recombinhunt.py", line 203, in run_recombinhunt_for_lineage
    'case_report_folder': str(case_report_folder.relative_to(PROJECT_ROOT))
  File "/home/topcuoglu/miniconda3/envs/orh/lib/python3.10/pathlib.py", line 818, in relative_to
    raise ValueError("{!r} is not in the subpath of {!r}"
ValueError: 'results/recombinhunt_output/yellow-fever/dist3size10/structured_reports/case_2_OP508604.1' is not in the subpath of '/home/topcuoglu/openrecombinhunt' OR one path is relative and the other is absolute.
ERROR:   Error on one sample in lineage A.1.NmC1: 'results/recombinhunt_output/yellow-fever/dist3size10/structured_reports/case_2_OP508608.1' is not in the subpath of '/home/topcuoglu/openrecombinhunt' OR one path is relative and the other is absolute.
Traceback (most recent call last):
  File "/home/topcuoglu/openrecombinhunt/src/06_recombinhunt/run_recombinhunt.py", line 203, in run_recombinhunt_for_lineage
    'case_report_folder': str(case_report_folder.relative_to(PROJECT_ROOT))
  File "/home/topcuoglu/miniconda3/envs/orh/lib/python3.10/pathlib.py", line 818, in relative_to
    raise ValueError("{!r} is not in the subpath of {!r}"
ValueError: 'results/recombinhunt_output/yellow-fever/dist3size10/structured_reports/case_2_OP508608.1' is not in the subpath of '/home/topcuoglu/openrecombinhunt' OR one path is relative and the other is absolute.
ERROR:   Error on one sample in lineage A.1.NmC1: 'results/recombinhunt_output/yellow-fever/dist3size10/structured_reports/case_2_OP508706.1' is not in the subpath of '/home/topcuoglu/openrecombinhunt' OR one path is relative and the other is absolute.
Traceback (most recent call last):
  File "/home/topcuoglu/openrecombinhunt/src/06_recombinhunt/run_recombinhunt.py", line 203, in run_recombinhunt_for_lineage
    'case_report_folder': str(case_report_folder.relative_to(PROJECT_ROOT))
  File "/home/topcuoglu/miniconda3/envs/orh/lib/python3.10/pathlib.py", line 818, in relative_to
    raise ValueError("{!r} is not in the subpath of {!r}"
ValueError: 'results/recombinhunt_output/yellow-fever/dist3size10/structured_reports/case_2_OP508706.1' is not in the subpath of '/home/topcuoglu/openrecombinhunt' OR one path is relative and the other is absolute.
ERROR:   Error on one sample in lineage A.1.NmC1: 'results/recombinhunt_output/yellow-fever/dist3size10/structured_reports/case_2_OP508626.1' is not in the subpath of '/home/topcuoglu/openrecombinhunt' OR one path is relative and the other is absolute.
Traceback (most recent call last):
  File "/home/topcuoglu/openrecombinhunt/src/06_recombinhunt/run_recombinhunt.py", line 203, in run_recombinhunt_for_lineage
    'case_report_folder': str(case_report_folder.relative_to(PROJECT_ROOT))
  File "/home/topcuoglu/miniconda3/envs/orh/lib/python3.10/pathlib.py", line 818, in relative_to
    raise ValueError("{!r} is not in the subpath of {!r}"
ValueError: 'results/recombinhunt_output/yellow-fever/dist3size10/structured_reports/case_2_OP508626.1' is not in the subpath of '/home/topcuoglu/openrecombinhunt' OR one path is relative and the other is absolute.
ERROR:   Error on one sample in lineage A.1.NmC1: 'results/recombinhunt_output/yellow-fever/dist3size10/structured_reports/case_2_OP508628.1' is not in the subpath of '/home/topcuoglu/openrecombinhunt' OR one path is relative and the other is absolute.
Traceback (most recent call last):
  File "/home/topcuoglu/openrecombinhunt/src/06_recombinhunt/run_recombinhunt.py", line 203, in run_recombinhunt_for_lineage
    'case_report_folder': str(case_report_folder.relative_to(PROJECT_ROOT))
  File "/home/topcuoglu/miniconda3/envs/orh/lib/python3.10/pathlib.py", line 818, in relative_to
    raise ValueError("{!r} is not in the subpath of {!r}"
ValueError: 'results/recombinhunt_output/yellow-fever/dist3size10/structured_reports/case_2_OP508628.1' is not in the subpath of '/home/topcuoglu/openrecombinhunt' OR one path is relative and the other is absolute.
ERROR:   Error on one sample in lineage A.1.NmC1: 'results/recombinhunt_output/yellow-fever/dist3size10/structured_reports/case_2_OP508681.1' is not in the subpath of '/home/topcuoglu/openrecombinhunt' OR one path is relative and the other is absolute.
Traceback (most recent call last):
  File "/home/topcuoglu/openrecombinhunt/src/06_recombinhunt/run_recombinhunt.py", line 203, in run_recombinhunt_for_lineage
    'case_report_folder': str(case_report_folder.relative_to(PROJECT_ROOT))
  File "/home/topcuoglu/miniconda3/envs/orh/lib/python3.10/pathlib.py", line 818, in relative_to
    raise ValueError("{!r} is not in the subpath of {!r}"
ValueError: 'results/recombinhunt_output/yellow-fever/dist3size10/structured_reports/case_2_OP508681.1' is not in the subpath of '/home/topcuoglu/openrecombinhunt' OR one path is relative and the other is absolute.
ERROR:   Error on one sample in lineage A.1.NmC1: 'results/recombinhunt_output/yellow-fever/dist3size10/structured_reports/case_2_OP508646.1' is not in the subpath of '/home/topcuoglu/openrecombinhunt' OR one path is relative and the other is absolute.
Traceback (most recent call last):
  File "/home/topcuoglu/openrecombinhunt/src/06_recombinhunt/run_recombinhunt.py", line 203, in run_recombinhunt_for_lineage
    'case_report_folder': str(case_report_folder.relative_to(PROJECT_ROOT))
  File "/home/topcuoglu/miniconda3/envs/orh/lib/python3.10/pathlib.py", line 818, in relative_to
    raise ValueError("{!r} is not in the subpath of {!r}"
ValueError: 'results/recombinhunt_output/yellow-fever/dist3size10/structured_reports/case_2_OP508646.1' is not in the subpath of '/home/topcuoglu/openrecombinhunt' OR one path is relative and the other is absolute.
ERROR:   Error on one sample in lineage A.1.NmC1: 'results/recombinhunt_output/yellow-fever/dist3size10/structured_reports/case_2_OP508659.1' is not in the subpath of '/home/topcuoglu/openrecombinhunt' OR one path is relative and the other is absolute.
Traceback (most recent call last):
  File "/home/topcuoglu/openrecombinhunt/src/06_recombinhunt/run_recombinhunt.py", line 203, in run_recombinhunt_for_lineage
    'case_report_folder': str(case_report_folder.relative_to(PROJECT_ROOT))
  File "/home/topcuoglu/miniconda3/envs/orh/lib/python3.10/pathlib.py", line 818, in relative_to
    raise ValueError("{!r} is not in the subpath of {!r}"
ValueError: 'results/recombinhunt_output/yellow-fever/dist3size10/structured_reports/case_2_OP508659.1' is not in the subpath of '/home/topcuoglu/openrecombinhunt' OR one path is relative and the other is absolute.
ERROR:   Error on one sample in lineage A.1.NmC1: 'results/recombinhunt_output/yellow-fever/dist3size10/structured_reports/case_2_OP508704.1' is not in the subpath of '/home/topcuoglu/openrecombinhunt' OR one path is relative and the other is absolute.
Traceback (most recent call last):
  File "/home/topcuoglu/openrecombinhunt/src/06_recombinhunt/run_recombinhunt.py", line 203, in run_recombinhunt_for_lineage
    'case_report_folder': str(case_report_folder.relative_to(PROJECT_ROOT))
  File "/home/topcuoglu/miniconda3/envs/orh/lib/python3.10/pathlib.py", line 818, in relative_to
    raise ValueError("{!r} is not in the subpath of {!r}"
ValueError: 'results/recombinhunt_output/yellow-fever/dist3size10/structured_reports/case_2_OP508704.1' is not in the subpath of '/home/topcuoglu/openrecombinhunt' OR one path is relative and the other is absolute.
ERROR:   Error on one sample in lineage A.1.NmC1: 'results/recombinhunt_output/yellow-fever/dist3size10/structured_reports/case_2_OP508678.1' is not in the subpath of '/home/topcuoglu/openrecombinhunt' OR one path is relative and the other is absolute.
Traceback (most recent call last):
  File "/home/topcuoglu/openrecombinhunt/src/06_recombinhunt/run_recombinhunt.py", line 203, in run_recombinhunt_for_lineage
    'case_report_folder': str(case_report_folder.relative_to(PROJECT_ROOT))
  File "/home/topcuoglu/miniconda3/envs/orh/lib/python3.10/pathlib.py", line 818, in relative_to
    raise ValueError("{!r} is not in the subpath of {!r}"
ValueError: 'results/recombinhunt_output/yellow-fever/dist3size10/structured_reports/case_2_OP508678.1' is not in the subpath of '/home/topcuoglu/openrecombinhunt' OR one path is relative and the other is absolute.
ERROR:   Error on one sample in lineage A.1.NmC1: 'results/recombinhunt_output/yellow-fever/dist3size10/structured_reports/case_2_OP508698.1' is not in the subpath of '/home/topcuoglu/openrecombinhunt' OR one path is relative and the other is absolute.
Traceback (most recent call last):
  File "/home/topcuoglu/openrecombinhunt/src/06_recombinhunt/run_recombinhunt.py", line 203, in run_recombinhunt_for_lineage
    'case_report_folder': str(case_report_folder.relative_to(PROJECT_ROOT))
  File "/home/topcuoglu/miniconda3/envs/orh/lib/python3.10/pathlib.py", line 818, in relative_to
    raise ValueError("{!r} is not in the subpath of {!r}"
ValueError: 'results/recombinhunt_output/yellow-fever/dist3size10/structured_reports/case_2_OP508698.1' is not in the subpath of '/home/topcuoglu/openrecombinhunt' OR one path is relative and the other is absolute.
ERROR:   Error on one sample in lineage A.1.NmC1: 'results/recombinhunt_output/yellow-fever/dist3size10/structured_reports/case_2_OP508680.1' is not in the subpath of '/home/topcuoglu/openrecombinhunt' OR one path is relative and the other is absolute.
Traceback (most recent call last):
  File "/home/topcuoglu/openrecombinhunt/src/06_recombinhunt/run_recombinhunt.py", line 203, in run_recombinhunt_for_lineage
    'case_report_folder': str(case_report_folder.relative_to(PROJECT_ROOT))
  File "/home/topcuoglu/miniconda3/envs/orh/lib/python3.10/pathlib.py", line 818, in relative_to
    raise ValueError("{!r} is not in the subpath of {!r}"
ValueError: 'results/recombinhunt_output/yellow-fever/dist3size10/structured_reports/case_2_OP508680.1' is not in the subpath of '/home/topcuoglu/openrecombinhunt' OR one path is relative and the other is absolute.
ERROR:   Error on one sample in lineage A.1.NmC1: 'results/recombinhunt_output/yellow-fever/dist3size10/structured_reports/case_2_OP508695.1' is not in the subpath of '/home/topcuoglu/openrecombinhunt' OR one path is relative and the other is absolute.
Traceback (most recent call last):
  File "/home/topcuoglu/openrecombinhunt/src/06_recombinhunt/run_recombinhunt.py", line 203, in run_recombinhunt_for_lineage
    'case_report_folder': str(case_report_folder.relative_to(PROJECT_ROOT))
  File "/home/topcuoglu/miniconda3/envs/orh/lib/python3.10/pathlib.py", line 818, in relative_to
    raise ValueError("{!r} is not in the subpath of {!r}"
ValueError: 'results/recombinhunt_output/yellow-fever/dist3size10/structured_reports/case_2_OP508695.1' is not in the subpath of '/home/topcuoglu/openrecombinhunt' OR one path is relative and the other is absolute.
ERROR:   Error on one sample in lineage A.1.NmC1: 'results/recombinhunt_output/yellow-fever/dist3size10/structured_reports/case_2_OP508686.1' is not in the subpath of '/home/topcuoglu/openrecombinhunt' OR one path is relative and the other is absolute.
Traceback (most recent call last):
  File "/home/topcuoglu/openrecombinhunt/src/06_recombinhunt/run_recombinhunt.py", line 203, in run_recombinhunt_for_lineage
    'case_report_folder': str(case_report_folder.relative_to(PROJECT_ROOT))
  File "/home/topcuoglu/miniconda3/envs/orh/lib/python3.10/pathlib.py", line 818, in relative_to
    raise ValueError("{!r} is not in the subpath of {!r}"
ValueError: 'results/recombinhunt_output/yellow-fever/dist3size10/structured_reports/case_2_OP508686.1' is not in the subpath of '/home/topcuoglu/openrecombinhunt' OR one path is relative and the other is absolute.
INFO:   Lineage 'A.1', Mode 'all': Processing all 836 samples.
ERROR:   Error on one sample in lineage A.1: 'results/recombinhunt_output/yellow-fever/dist3size10/structured_reports/case_3_OQ932914.1' is not in the subpath of '/home/topcuoglu/openrecombinhunt' OR one path is relative and the other is absolute.
Traceback (most recent call last):
  File "/home/topcuoglu/openrecombinhunt/src/06_recombinhunt/run_recombinhunt.py", line 203, in run_recombinhunt_for_lineage
    'case_report_folder': str(case_report_folder.relative_to(PROJECT_ROOT))
  File "/home/topcuoglu/miniconda3/envs/orh/lib/python3.10/pathlib.py", line 818, in relative_to
    raise ValueError("{!r} is not in the subpath of {!r}"
ValueError: 'results/recombinhunt_output/yellow-fever/dist3size10/structured_reports/case_3_OQ932914.1' is not in the subpath of '/home/topcuoglu/openrecombinhunt' OR one path is relative and the other is absolute.
ERROR:   Error on one sample in lineage A.1: 'results/recombinhunt_output/yellow-fever/dist3size10/structured_reports/case_3_MH666056.1' is not in the subpath of '/home/topcuoglu/openrecombinhunt' OR one path is relative and the other is absolute.
Traceback (most recent call last):
  File "/home/topcuoglu/openrecombinhunt/src/06_recombinhunt/run_recombinhunt.py", line 203, in run_recombinhunt_for_lineage
    'case_report_folder': str(case_report_folder.relative_to(PROJECT_ROOT))
  File "/home/topcuoglu/miniconda3/envs/orh/lib/python3.10/pathlib.py", line 818, in relative_to
    raise ValueError("{!r} is not in the subpath of {!r}"
ValueError: 'results/recombinhunt_output/yellow-fever/dist3size10/structured_reports/case_3_MH666056.1' is not in the subpath of '/home/topcuoglu/openrecombinhunt' OR one path is relative and the other is absolute.
ERROR:   Error on one sample in lineage A.1: 'results/recombinhunt_output/yellow-fever/dist3size10/structured_reports/case_3_MH666058.1' is not in the subpath of '/home/topcuoglu/openrecombinhunt' OR one path is relative and the other is absolute.
Traceback (most recent call last):
  File "/home/topcuoglu/openrecombinhunt/src/06_recombinhunt/run_recombinhunt.py", line 203, in run_recombinhunt_for_lineage
    'case_report_folder': str(case_report_folder.relative_to(PROJECT_ROOT))
  File "/home/topcuoglu/miniconda3/envs/orh/lib/python3.10/pathlib.py", line 818, in relative_to
    raise ValueError("{!r} is not in the subpath of {!r}"
ValueError: 'results/recombinhunt_output/yellow-fever/dist3size10/structured_reports/case_3_MH666058.1' is not in the subpath of '/home/topcuoglu/openrecombinhunt' OR one path is relative and the other is absolute.
ERROR:   Error on one sample in lineage A.1: 'results/recombinhunt_output/yellow-fever/dist3size10/structured_reports/case_3_MH018069.1' is not in the subpath of '/home/topcuoglu/openrecombinhunt' OR one path is relative and the other is absolute.
Traceback (most recent call last):
  File "/home/topcuoglu/openrecombinhunt/src/06_recombinhunt/run_recombinhunt.py", line 203, in run_recombinhunt_for_lineage
    'case_report_folder': str(case_report_folder.relative_to(PROJECT_ROOT))
  File "/home/topcuoglu/miniconda3/envs/orh/lib/python3.10/pathlib.py", line 818, in relative_to
    raise ValueError("{!r} is not in the subpath of {!r}"
ValueError: 'results/recombinhunt_output/yellow-fever/dist3size10/structured_reports/case_3_MH018069.1' is not in the subpath of '/home/topcuoglu/openrecombinhunt' OR one path is relative and the other is absolute.
ERROR:   Error on one sample in lineage A.1: 'results/recombinhunt_output/yellow-fever/dist3size10/structured_reports/case_3_ON502428.1' is not in the subpath of '/home/topcuoglu/openrecombinhunt' OR one path is relative and the other is absolute.
Traceback (most recent call last):
  File "/home/topcuoglu/openrecombinhunt/src/06_recombinhunt/run_recombinhunt.py", line 203, in run_recombinhunt_for_lineage
    'case_report_folder': str(case_report_folder.relative_to(PROJECT_ROOT))
  File "/home/topcuoglu/miniconda3/envs/orh/lib/python3.10/pathlib.py", line 818, in relative_to
    raise ValueError("{!r} is not in the subpath of {!r}"
ValueError: 'results/recombinhunt_output/yellow-fever/dist3size10/structured_reports/case_3_ON502428.1' is not in the subpath of '/home/topcuoglu/openrecombinhunt' OR one path is relative and the other is absolute.
ERROR:   Error on one sample in lineage A.1: 'results/recombinhunt_output/yellow-fever/dist3size10/structured_reports/case_3_MH018071.1' is not in the subpath of '/home/topcuoglu/openrecombinhunt' OR one path is relative and the other is absolute.
Traceback (most recent call last):
  File "/home/topcuoglu/openrecombinhunt/src/06_recombinhunt/run_recombinhunt.py", line 203, in run_recombinhunt_for_lineage
    'case_report_folder': str(case_report_folder.relative_to(PROJECT_ROOT))
  File "/home/topcuoglu/miniconda3/envs/orh/lib/python3.10/pathlib.py", line 818, in relative_to
    raise ValueError("{!r} is not in the subpath of {!r}"
ValueError: 'results/recombinhunt_output/yellow-fever/dist3size10/structured_reports/case_3_MH018071.1' is not in the subpath of '/home/topcuoglu/openrecombinhunt' OR one path is relative and the other is absolute.
ERROR:   Error on one sample in lineage A.1: 'results/recombinhunt_output/yellow-fever/dist3size10/structured_reports/case_3_MH018098.1' is not in the subpath of '/home/topcuoglu/openrecombinhunt' OR one path is relative and the other is absolute.
Traceback (most recent call last):
  File "/home/topcuoglu/openrecombinhunt/src/06_recombinhunt/run_recombinhunt.py", line 203, in run_recombinhunt_for_lineage
    'case_report_folder': str(case_report_folder.relative_to(PROJECT_ROOT))
  File "/home/topcuoglu/miniconda3/envs/orh/lib/python3.10/pathlib.py", line 818, in relative_to
    raise ValueError("{!r} is not in the subpath of {!r}"
ValueError: 'results/recombinhunt_output/yellow-fever/dist3size10/structured_reports/case_3_MH018098.1' is not in the subpath of '/home/topcuoglu/openrecombinhunt' OR one path is relative and the other is absolute.
ERROR:   Error on one sample in lineage A.1: 'results/recombinhunt_output/yellow-fever/dist3size10/structured_reports/case_3_ON502424.1' is not in the subpath of '/home/topcuoglu/openrecombinhunt' OR one path is relative and the other is absolute.
Traceback (most recent call last):
  File "/home/topcuoglu/openrecombinhunt/src/06_recombinhunt/run_recombinhunt.py", line 203, in run_recombinhunt_for_lineage
    'case_report_folder': str(case_report_folder.relative_to(PROJECT_ROOT))
  File "/home/topcuoglu/miniconda3/envs/orh/lib/python3.10/pathlib.py", line 818, in relative_to
    raise ValueError("{!r} is not in the subpath of {!r}"
ValueError: 'results/recombinhunt_output/yellow-fever/dist3size10/structured_reports/case_3_ON502424.1' is not in the subpath of '/home/topcuoglu/openrecombinhunt' OR one path is relative and the other is absolute.
ERROR:   Error on one sample in lineage A.1: 'results/recombinhunt_output/yellow-fever/dist3size10/structured_reports/case_3_ON022510.1' is not in the subpath of '/home/topcuoglu/openrecombinhunt' OR one path is relative and the other is absolute.
Traceback (most recent call last):
  File "/home/topcuoglu/openrecombinhunt/src/06_recombinhunt/run_recombinhunt.py", line 203, in run_recombinhunt_for_lineage
    'case_report_folder': str(case_report_folder.relative_to(PROJECT_ROOT))
  File "/home/topcuoglu/miniconda3/envs/orh/lib/python3.10/pathlib.py", line 818, in relative_to
    raise ValueError("{!r} is not in the subpath of {!r}"
ValueError: 'results/recombinhunt_output/yellow-fever/dist3size10/structured_reports/case_3_ON022510.1' is not in the subpath of '/home/topcuoglu/openrecombinhunt' OR one path is relative and the other is absolute.
ERROR:   Error on one sample in lineage A.1: 'results/recombinhunt_output/yellow-fever/dist3size10/structured_reports/case_3_MK882606.1' is not in the subpath of '/home/topcuoglu/openrecombinhunt' OR one path is relative and the other is absolute.
Traceback (most recent call last):
  File "/home/topcuoglu/openrecombinhunt/src/06_recombinhunt/run_recombinhunt.py", line 203, in run_recombinhunt_for_lineage
    'case_report_folder': str(case_report_folder.relative_to(PROJECT_ROOT))
  File "/home/topcuoglu/miniconda3/envs/orh/lib/python3.10/pathlib.py", line 818, in relative_to
    raise ValueError("{!r} is not in the subpath of {!r}"
ValueError: 'results/recombinhunt_output/yellow-fever/dist3size10/structured_reports/case_3_MK882606.1' is not in the subpath of '/home/topcuoglu/openrecombinhunt' OR one path is relative and the other is absolute.
ERROR:   Error on one sample in lineage A.1: 'results/recombinhunt_output/yellow-fever/dist3size10/structured_reports/case_3_MK882605.1' is not in the subpath of '/home/topcuoglu/openrecombinhunt' OR one path is relative and the other is absolute.
Traceback (most recent call last):
  File "/home/topcuoglu/openrecombinhunt/src/06_recombinhunt/run_recombinhunt.py", line 203, in run_recombinhunt_for_lineage
    'case_report_folder': str(case_report_folder.relative_to(PROJECT_ROOT))
  File "/home/topcuoglu/miniconda3/envs/orh/lib/python3.10/pathlib.py", line 818, in relative_to
    raise ValueError("{!r} is not in the subpath of {!r}"
ValueError: 'results/recombinhunt_output/yellow-fever/dist3size10/structured_reports/case_3_MK882605.1' is not in the subpath of '/home/topcuoglu/openrecombinhunt' OR one path is relative and the other is absolute.
ERROR:   Error on one sample in lineage A.1: 'results/recombinhunt_output/yellow-fever/dist3size10/structured_reports/case_3_MN604280.1' is not in the subpath of '/home/topcuoglu/openrecombinhunt' OR one path is relative and the other is absolute.
Traceback (most recent call last):
  File "/home/topcuoglu/openrecombinhunt/src/06_recombinhunt/run_recombinhunt.py", line 203, in run_recombinhunt_for_lineage
    'case_report_folder': str(case_report_folder.relative_to(PROJECT_ROOT))
  File "/home/topcuoglu/miniconda3/envs/orh/lib/python3.10/pathlib.py", line 818, in relative_to
    raise ValueError("{!r} is not in the subpath of {!r}"
ValueError: 'results/recombinhunt_output/yellow-fever/dist3size10/structured_reports/case_3_MN604280.1' is not in the subpath of '/home/topcuoglu/openrecombinhunt' OR one path is relative and the other is absolute.
ERROR:   Error on one sample in lineage A.1: 'results/recombinhunt_output/yellow-fever/dist3size10/structured_reports/case_3_MN604284.1' is not in the subpath of '/home/topcuoglu/openrecombinhunt' OR one path is relative and the other is absolute.
Traceback (most recent call last):
  File "/home/topcuoglu/openrecombinhunt/src/06_recombinhunt/run_recombinhunt.py", line 203, in run_recombinhunt_for_lineage
    'case_report_folder': str(case_report_folder.relative_to(PROJECT_ROOT))
  File "/home/topcuoglu/miniconda3/envs/orh/lib/python3.10/pathlib.py", line 818, in relative_to
    raise ValueError("{!r} is not in the subpath of {!r}"
ValueError: 'results/recombinhunt_output/yellow-fever/dist3size10/structured_reports/case_3_MN604284.1' is not in the subpath of '/home/topcuoglu/openrecombinhunt' OR one path is relative and the other is absolute.
ERROR:   Error on one sample in lineage A.1: 'results/recombinhunt_output/yellow-fever/dist3size10/structured_reports/case_3_ON022400.1' is not in the subpath of '/home/topcuoglu/openrecombinhunt' OR one path is relative and the other is absolute.
Traceback (most recent call last):
  File "/home/topcuoglu/openrecombinhunt/src/06_recombinhunt/run_recombinhunt.py", line 203, in run_recombinhunt_for_lineage
    'case_report_folder': str(case_report_folder.relative_to(PROJECT_ROOT))
  File "/home/topcuoglu/miniconda3/envs/orh/lib/python3.10/pathlib.py", line 818, in relative_to
    raise ValueError("{!r} is not in the subpath of {!r}"
ValueError: 'results/recombinhunt_output/yellow-fever/dist3size10/structured_reports/case_3_ON022400.1' is not in the subpath of '/home/topcuoglu/openrecombinhunt' OR one path is relative and the other is absolute.
ERROR:   Error on one sample in lineage A.1: 'results/recombinhunt_output/yellow-fever/dist3size10/structured_reports/case_3_ON022381.1' is not in the subpath of '/home/topcuoglu/openrecombinhunt' OR one path is relative and the other is absolute.
Traceback (most recent call last):
  File "/home/topcuoglu/openrecombinhunt/src/06_recombinhunt/run_recombinhunt.py", line 203, in run_recombinhunt_for_lineage
    'case_report_folder': str(case_report_folder.relative_to(PROJECT_ROOT))
  File "/home/topcuoglu/miniconda3/envs/orh/lib/python3.10/pathlib.py", line 818, in relative_to
    raise ValueError("{!r} is not in the subpath of {!r}"
ValueError: 'results/recombinhunt_output/yellow-fever/dist3size10/structured_reports/case_3_ON022381.1' is not in the subpath of '/home/topcuoglu/openrecombinhunt' OR one path is relative and the other is absolute.
ERROR:   Error on one sample in lineage A.1: 'results/recombinhunt_output/yellow-fever/dist3size10/structured_reports/case_3_ON022390.1' is not in the subpath of '/home/topcuoglu/openrecombinhunt' OR one path is relative and the other is absolute.
Traceback (most recent call last):
  File "/home/topcuoglu/openrecombinhunt/src/06_recombinhunt/run_recombinhunt.py", line 203, in run_recombinhunt_for_lineage
    'case_report_folder': str(case_report_folder.relative_to(PROJECT_ROOT))
  File "/home/topcuoglu/miniconda3/envs/orh/lib/python3.10/pathlib.py", line 818, in relative_to
    raise ValueError("{!r} is not in the subpath of {!r}"
ValueError: 'results/recombinhunt_output/yellow-fever/dist3size10/structured_reports/case_3_ON022390.1' is not in the subpath of '/home/topcuoglu/openrecombinhunt' OR one path is relative and the other is absolute.
ERROR:   Error on one sample in lineage A.1: 'results/recombinhunt_output/yellow-fever/dist3size10/structured_reports/case_3_ON022725.1' is not in the subpath of '/home/topcuoglu/openrecombinhunt' OR one path is relative and the other is absolute.
Traceback (most recent call last):
  File "/home/topcuoglu/openrecombinhunt/src/06_recombinhunt/run_recombinhunt.py", line 203, in run_recombinhunt_for_lineage
    'case_report_folder': str(case_report_folder.relative_to(PROJECT_ROOT))
  File "/home/topcuoglu/miniconda3/envs/orh/lib/python3.10/pathlib.py", line 818, in relative_to
    raise ValueError("{!r} is not in the subpath of {!r}"
ValueError: 'results/recombinhunt_output/yellow-fever/dist3size10/structured_reports/case_3_ON022725.1' is not in the subpath of '/home/topcuoglu/openrecombinhunt' OR one path is relative and the other is absolute.
ERROR:   Error on one sample in lineage A.1: 'results/recombinhunt_output/yellow-fever/dist3size10/structured_reports/case_3_MK882614.1' is not in the subpath of '/home/topcuoglu/openrecombinhunt' OR one path is relative and the other is absolute.
Traceback (most recent call last):
  File "/home/topcuoglu/openrecombinhunt/src/06_recombinhunt/run_recombinhunt.py", line 203, in run_recombinhunt_for_lineage
    'case_report_folder': str(case_report_folder.relative_to(PROJECT_ROOT))
  File "/home/topcuoglu/miniconda3/envs/orh/lib/python3.10/pathlib.py", line 818, in relative_to
    raise ValueError("{!r} is not in the subpath of {!r}"
ValueError: 'results/recombinhunt_output/yellow-fever/dist3size10/structured_reports/case_3_MK882614.1' is not in the subpath of '/home/topcuoglu/openrecombinhunt' OR one path is relative and the other is absolute.
ERROR:   Error on one sample in lineage A.1: 'results/recombinhunt_output/yellow-fever/dist3size10/structured_reports/case_3_MK882616.1' is not in the subpath of '/home/topcuoglu/openrecombinhunt' OR one path is relative and the other is absolute.
Traceback (most recent call last):
  File "/home/topcuoglu/openrecombinhunt/src/06_recombinhunt/run_recombinhunt.py", line 203, in run_recombinhunt_for_lineage
    'case_report_folder': str(case_report_folder.relative_to(PROJECT_ROOT))
  File "/home/topcuoglu/miniconda3/envs/orh/lib/python3.10/pathlib.py", line 818, in relative_to
    raise ValueError("{!r} is not in the subpath of {!r}"
ValueError: 'results/recombinhunt_output/yellow-fever/dist3size10/structured_reports/case_3_MK882616.1' is not in the subpath of '/home/topcuoglu/openrecombinhunt' OR one path is relative and the other is absolute.
ERROR:   Error on one sample in lineage A.1: 'results/recombinhunt_output/yellow-fever/dist3size10/structured_reports/case_3_MH030091.1' is not in the subpath of '/home/topcuoglu/openrecombinhunt' OR one path is relative and the other is absolute.
Traceback (most recent call last):
  File "/home/topcuoglu/openrecombinhunt/src/06_recombinhunt/run_recombinhunt.py", line 203, in run_recombinhunt_for_lineage
    'case_report_folder': str(case_report_folder.relative_to(PROJECT_ROOT))
  File "/home/topcuoglu/miniconda3/envs/orh/lib/python3.10/pathlib.py", line 818, in relative_to
    raise ValueError("{!r} is not in the subpath of {!r}"
ValueError: 'results/recombinhunt_output/yellow-fever/dist3size10/structured_reports/case_3_MH030091.1' is not in the subpath of '/home/topcuoglu/openrecombinhunt' OR one path is relative and the other is absolute.
ERROR:   Error on one sample in lineage A.1: 'results/recombinhunt_output/yellow-fever/dist3size10/structured_reports/case_3_ON022734.1' is not in the subpath of '/home/topcuoglu/openrecombinhunt' OR one path is relative and the other is absolute.
Traceback (most recent call last):
  File "/home/topcuoglu/openrecombinhunt/src/06_recombinhunt/run_recombinhunt.py", line 203, in run_recombinhunt_for_lineage
    'case_report_folder': str(case_report_folder.relative_to(PROJECT_ROOT))
  File "/home/topcuoglu/miniconda3/envs/orh/lib/python3.10/pathlib.py", line 818, in relative_to
    raise ValueError("{!r} is not in the subpath of {!r}"
ValueError: 'results/recombinhunt_output/yellow-fever/dist3size10/structured_reports/case_3_ON022734.1' is not in the subpath of '/home/topcuoglu/openrecombinhunt' OR one path is relative and the other is absolute.
ERROR:   Error on one sample in lineage A.1: 'results/recombinhunt_output/yellow-fever/dist3size10/structured_reports/case_3_ON022371.1' is not in the subpath of '/home/topcuoglu/openrecombinhunt' OR one path is relative and the other is absolute.
Traceback (most recent call last):
  File "/home/topcuoglu/openrecombinhunt/src/06_recombinhunt/run_recombinhunt.py", line 203, in run_recombinhunt_for_lineage
    'case_report_folder': str(case_report_folder.relative_to(PROJECT_ROOT))
  File "/home/topcuoglu/miniconda3/envs/orh/lib/python3.10/pathlib.py", line 818, in relative_to
    raise ValueError("{!r} is not in the subpath of {!r}"
ValueError: 'results/recombinhunt_output/yellow-fever/dist3size10/structured_reports/case_3_ON022371.1' is not in the subpath of '/home/topcuoglu/openrecombinhunt' OR one path is relative and the other is absolute.
ERROR:   Error on one sample in lineage A.1: 'results/recombinhunt_output/yellow-fever/dist3size10/structured_reports/case_3_ON022412.1' is not in the subpath of '/home/topcuoglu/openrecombinhunt' OR one path is relative and the other is absolute.
Traceback (most recent call last):
  File "/home/topcuoglu/openrecombinhunt/src/06_recombinhunt/run_recombinhunt.py", line 203, in run_recombinhunt_for_lineage
    'case_report_folder': str(case_report_folder.relative_to(PROJECT_ROOT))
  File "/home/topcuoglu/miniconda3/envs/orh/lib/python3.10/pathlib.py", line 818, in relative_to
    raise ValueError("{!r} is not in the subpath of {!r}"
ValueError: 'results/recombinhunt_output/yellow-fever/dist3size10/structured_reports/case_3_ON022412.1' is not in the subpath of '/home/topcuoglu/openrecombinhunt' OR one path is relative and the other is absolute.
ERROR:   Error on one sample in lineage A.1: 'results/recombinhunt_output/yellow-fever/dist3size10/structured_reports/case_3_OP508715.1' is not in the subpath of '/home/topcuoglu/openrecombinhunt' OR one path is relative and the other is absolute.
Traceback (most recent call last):
  File "/home/topcuoglu/openrecombinhunt/src/06_recombinhunt/run_recombinhunt.py", line 203, in run_recombinhunt_for_lineage
    'case_report_folder': str(case_report_folder.relative_to(PROJECT_ROOT))
  File "/home/topcuoglu/miniconda3/envs/orh/lib/python3.10/pathlib.py", line 818, in relative_to
    raise ValueError("{!r} is not in the subpath of {!r}"
ValueError: 'results/recombinhunt_output/yellow-fever/dist3size10/structured_reports/case_3_OP508715.1' is not in the subpath of '/home/topcuoglu/openrecombinhunt' OR one path is relative and the other is absolute.
ERROR:   Error on one sample in lineage A.1: 'results/recombinhunt_output/yellow-fever/dist3size10/structured_reports/case_3_ON022406.1' is not in the subpath of '/home/topcuoglu/openrecombinhunt' OR one path is relative and the other is absolute.
Traceback (most recent call last):
  File "/home/topcuoglu/openrecombinhunt/src/06_recombinhunt/run_recombinhunt.py", line 203, in run_recombinhunt_for_lineage
    'case_report_folder': str(case_report_folder.relative_to(PROJECT_ROOT))
  File "/home/topcuoglu/miniconda3/envs/orh/lib/python3.10/pathlib.py", line 818, in relative_to
    raise ValueError("{!r} is not in the subpath of {!r}"
ValueError: 'results/recombinhunt_output/yellow-fever/dist3size10/structured_reports/case_3_ON022406.1' is not in the subpath of '/home/topcuoglu/openrecombinhunt' OR one path is relative and the other is absolute.
ERROR:   Error on one sample in lineage A.1: 'results/recombinhunt_output/yellow-fever/dist3size10/structured_reports/case_3_MH030079.1' is not in the subpath of '/home/topcuoglu/openrecombinhunt' OR one path is relative and the other is absolute.
Traceback (most recent call last):
  File "/home/topcuoglu/openrecombinhunt/src/06_recombinhunt/run_recombinhunt.py", line 203, in run_recombinhunt_for_lineage
    'case_report_folder': str(case_report_folder.relative_to(PROJECT_ROOT))
  File "/home/topcuoglu/miniconda3/envs/orh/lib/python3.10/pathlib.py", line 818, in relative_to
    raise ValueError("{!r} is not in the subpath of {!r}"
ValueError: 'results/recombinhunt_output/yellow-fever/dist3size10/structured_reports/case_3_MH030079.1' is not in the subpath of '/home/topcuoglu/openrecombinhunt' OR one path is relative and the other is absolute.
ERROR:   Error on one sample in lineage A.1: 'results/recombinhunt_output/yellow-fever/dist3size10/structured_reports/case_3_MH030081.1' is not in the subpath of '/home/topcuoglu/openrecombinhunt' OR one path is relative and the other is absolute.
Traceback (most recent call last):
  File "/home/topcuoglu/openrecombinhunt/src/06_recombinhunt/run_recombinhunt.py", line 203, in run_recombinhunt_for_lineage
    'case_report_folder': str(case_report_folder.relative_to(PROJECT_ROOT))
  File "/home/topcuoglu/miniconda3/envs/orh/lib/python3.10/pathlib.py", line 818, in relative_to
    raise ValueError("{!r} is not in the subpath of {!r}"
ValueError: 'results/recombinhunt_output/yellow-fever/dist3size10/structured_reports/case_3_MH030081.1' is not in the subpath of '/home/topcuoglu/openrecombinhunt' OR one path is relative and the other is absolute.
ERROR:   Error on one sample in lineage A.1: 'results/recombinhunt_output/yellow-fever/dist3size10/structured_reports/case_3_MH030082.1' is not in the subpath of '/home/topcuoglu/openrecombinhunt' OR one path is relative and the other is absolute.
Traceback (most recent call last):
  File "/home/topcuoglu/openrecombinhunt/src/06_recombinhunt/run_recombinhunt.py", line 203, in run_recombinhunt_for_lineage
    'case_report_folder': str(case_report_folder.relative_to(PROJECT_ROOT))
  File "/home/topcuoglu/miniconda3/envs/orh/lib/python3.10/pathlib.py", line 818, in relative_to
    raise ValueError("{!r} is not in the subpath of {!r}"
ValueError: 'results/recombinhunt_output/yellow-fever/dist3size10/structured_reports/case_3_MH030082.1' is not in the subpath of '/home/topcuoglu/openrecombinhunt' OR one path is relative and the other is absolute.
ERROR:   Error on one sample in lineage A.1: 'results/recombinhunt_output/yellow-fever/dist3size10/structured_reports/case_3_ON022378.1' is not in the subpath of '/home/topcuoglu/openrecombinhunt' OR one path is relative and the other is absolute.
Traceback (most recent call last):
  File "/home/topcuoglu/openrecombinhunt/src/06_recombinhunt/run_recombinhunt.py", line 203, in run_recombinhunt_for_lineage
    'case_report_folder': str(case_report_folder.relative_to(PROJECT_ROOT))
  File "/home/topcuoglu/miniconda3/envs/orh/lib/python3.10/pathlib.py", line 818, in relative_to
    raise ValueError("{!r} is not in the subpath of {!r}"
ValueError: 'results/recombinhunt_output/yellow-fever/dist3size10/structured_reports/case_3_ON022378.1' is not in the subpath of '/home/topcuoglu/openrecombinhunt' OR one path is relative and the other is absolute.
ERROR:   Error on one sample in lineage A.1: 'results/recombinhunt_output/yellow-fever/dist3size10/structured_reports/case_3_ON022397.1' is not in the subpath of '/home/topcuoglu/openrecombinhunt' OR one path is relative and the other is absolute.
Traceback (most recent call last):
  File "/home/topcuoglu/openrecombinhunt/src/06_recombinhunt/run_recombinhunt.py", line 203, in run_recombinhunt_for_lineage
    'case_report_folder': str(case_report_folder.relative_to(PROJECT_ROOT))
  File "/home/topcuoglu/miniconda3/envs/orh/lib/python3.10/pathlib.py", line 818, in relative_to
    raise ValueError("{!r} is not in the subpath of {!r}"
ValueError: 'results/recombinhunt_output/yellow-fever/dist3size10/structured_reports/case_3_ON022397.1' is not in the subpath of '/home/topcuoglu/openrecombinhunt' OR one path is relative and the other is absolute.
ERROR:   Error on one sample in lineage A.1: 'results/recombinhunt_output/yellow-fever/dist3size10/structured_reports/case_3_OQ714299.1' is not in the subpath of '/home/topcuoglu/openrecombinhunt' OR one path is relative and the other is absolute.
Traceback (most recent call last):
  File "/home/topcuoglu/openrecombinhunt/src/06_recombinhunt/run_recombinhunt.py", line 203, in run_recombinhunt_for_lineage
    'case_report_folder': str(case_report_folder.relative_to(PROJECT_ROOT))
  File "/home/topcuoglu/miniconda3/envs/orh/lib/python3.10/pathlib.py", line 818, in relative_to
    raise ValueError("{!r} is not in the subpath of {!r}"
ValueError: 'results/recombinhunt_output/yellow-fever/dist3size10/structured_reports/case_3_OQ714299.1' is not in the subpath of '/home/topcuoglu/openrecombinhunt' OR one path is relative and the other is absolute.
WARNING: Gap made of only target mutations (How can it be? It's an almost impossible condition). Target mutation that minimizes the loss has been assigned to the right region).
ERROR:   Error on one sample in lineage A.1: 'results/recombinhunt_output/yellow-fever/dist3size10/structured_reports/case_3_ON022629.1' is not in the subpath of '/home/topcuoglu/openrecombinhunt' OR one path is relative and the other is absolute.
Traceback (most recent call last):
  File "/home/topcuoglu/openrecombinhunt/src/06_recombinhunt/run_recombinhunt.py", line 203, in run_recombinhunt_for_lineage
    'case_report_folder': str(case_report_folder.relative_to(PROJECT_ROOT))
  File "/home/topcuoglu/miniconda3/envs/orh/lib/python3.10/pathlib.py", line 818, in relative_to
    raise ValueError("{!r} is not in the subpath of {!r}"
ValueError: 'results/recombinhunt_output/yellow-fever/dist3size10/structured_reports/case_3_ON022629.1' is not in the subpath of '/home/topcuoglu/openrecombinhunt' OR one path is relative and the other is absolute.
ERROR:   Error on one sample in lineage A.1: 'results/recombinhunt_output/yellow-fever/dist3size10/structured_reports/case_3_ON022623.1' is not in the subpath of '/home/topcuoglu/openrecombinhunt' OR one path is relative and the other is absolute.
Traceback (most recent call last):
  File "/home/topcuoglu/openrecombinhunt/src/06_recombinhunt/run_recombinhunt.py", line 203, in run_recombinhunt_for_lineage
    'case_report_folder': str(case_report_folder.relative_to(PROJECT_ROOT))
  File "/home/topcuoglu/miniconda3/envs/orh/lib/python3.10/pathlib.py", line 818, in relative_to
    raise ValueError("{!r} is not in the subpath of {!r}"
ValueError: 'results/recombinhunt_output/yellow-fever/dist3size10/structured_reports/case_3_ON022623.1' is not in the subpath of '/home/topcuoglu/openrecombinhunt' OR one path is relative and the other is absolute.
ERROR:   Error on one sample in lineage A.1: 'results/recombinhunt_output/yellow-fever/dist3size10/structured_reports/case_3_ON022280.1' is not in the subpath of '/home/topcuoglu/openrecombinhunt' OR one path is relative and the other is absolute.
Traceback (most recent call last):
  File "/home/topcuoglu/openrecombinhunt/src/06_recombinhunt/run_recombinhunt.py", line 203, in run_recombinhunt_for_lineage
    'case_report_folder': str(case_report_folder.relative_to(PROJECT_ROOT))
  File "/home/topcuoglu/miniconda3/envs/orh/lib/python3.10/pathlib.py", line 818, in relative_to
    raise ValueError("{!r} is not in the subpath of {!r}"
ValueError: 'results/recombinhunt_output/yellow-fever/dist3size10/structured_reports/case_3_ON022280.1' is not in the subpath of '/home/topcuoglu/openrecombinhunt' OR one path is relative and the other is absolute.
ERROR:   Error on one sample in lineage A.1: 'results/recombinhunt_output/yellow-fever/dist3size10/structured_reports/case_3_MK249066.1' is not in the subpath of '/home/topcuoglu/openrecombinhunt' OR one path is relative and the other is absolute.
Traceback (most recent call last):
  File "/home/topcuoglu/openrecombinhunt/src/06_recombinhunt/run_recombinhunt.py", line 203, in run_recombinhunt_for_lineage
    'case_report_folder': str(case_report_folder.relative_to(PROJECT_ROOT))
  File "/home/topcuoglu/miniconda3/envs/orh/lib/python3.10/pathlib.py", line 818, in relative_to
    raise ValueError("{!r} is not in the subpath of {!r}"
ValueError: 'results/recombinhunt_output/yellow-fever/dist3size10/structured_reports/case_3_MK249066.1' is not in the subpath of '/home/topcuoglu/openrecombinhunt' OR one path is relative and the other is absolute.
ERROR:   Error on one sample in lineage A.1: 'results/recombinhunt_output/yellow-fever/dist3size10/structured_reports/case_3_OQ714323.1' is not in the subpath of '/home/topcuoglu/openrecombinhunt' OR one path is relative and the other is absolute.
Traceback (most recent call last):
  File "/home/topcuoglu/openrecombinhunt/src/06_recombinhunt/run_recombinhunt.py", line 203, in run_recombinhunt_for_lineage
    'case_report_folder': str(case_report_folder.relative_to(PROJECT_ROOT))
  File "/home/topcuoglu/miniconda3/envs/orh/lib/python3.10/pathlib.py", line 818, in relative_to
    raise ValueError("{!r} is not in the subpath of {!r}"
ValueError: 'results/recombinhunt_output/yellow-fever/dist3size10/structured_reports/case_3_OQ714323.1' is not in the subpath of '/home/topcuoglu/openrecombinhunt' OR one path is relative and the other is absolute.
ERROR:   Error on one sample in lineage A.1: 'results/recombinhunt_output/yellow-fever/dist3size10/structured_reports/case_3_ON022672.1' is not in the subpath of '/home/topcuoglu/openrecombinhunt' OR one path is relative and the other is absolute.
Traceback (most recent call last):
  File "/home/topcuoglu/openrecombinhunt/src/06_recombinhunt/run_recombinhunt.py", line 203, in run_recombinhunt_for_lineage
    'case_report_folder': str(case_report_folder.relative_to(PROJECT_ROOT))
  File "/home/topcuoglu/miniconda3/envs/orh/lib/python3.10/pathlib.py", line 818, in relative_to
    raise ValueError("{!r} is not in the subpath of {!r}"
ValueError: 'results/recombinhunt_output/yellow-fever/dist3size10/structured_reports/case_3_ON022672.1' is not in the subpath of '/home/topcuoglu/openrecombinhunt' OR one path is relative and the other is absolute.
WARNING: Gap made of only target mutations (How can it be? It's an almost impossible condition). Target mutation that minimizes the loss has been assigned to the right region).
ERROR:   Error on one sample in lineage A.1: 'results/recombinhunt_output/yellow-fever/dist3size10/structured_reports/case_3_ON022260.1' is not in the subpath of '/home/topcuoglu/openrecombinhunt' OR one path is relative and the other is absolute.
Traceback (most recent call last):
  File "/home/topcuoglu/openrecombinhunt/src/06_recombinhunt/run_recombinhunt.py", line 203, in run_recombinhunt_for_lineage
    'case_report_folder': str(case_report_folder.relative_to(PROJECT_ROOT))
  File "/home/topcuoglu/miniconda3/envs/orh/lib/python3.10/pathlib.py", line 818, in relative_to
    raise ValueError("{!r} is not in the subpath of {!r}"
ValueError: 'results/recombinhunt_output/yellow-fever/dist3size10/structured_reports/case_3_ON022260.1' is not in the subpath of '/home/topcuoglu/openrecombinhunt' OR one path is relative and the other is absolute.
ERROR:   Error on one sample in lineage A.1: 'results/recombinhunt_output/yellow-fever/dist3size10/structured_reports/case_3_ON022586.1' is not in the subpath of '/home/topcuoglu/openrecombinhunt' OR one path is relative and the other is absolute.
Traceback (most recent call last):
  File "/home/topcuoglu/openrecombinhunt/src/06_recombinhunt/run_recombinhunt.py", line 203, in run_recombinhunt_for_lineage
    'case_report_folder': str(case_report_folder.relative_to(PROJECT_ROOT))
  File "/home/topcuoglu/miniconda3/envs/orh/lib/python3.10/pathlib.py", line 818, in relative_to
    raise ValueError("{!r} is not in the subpath of {!r}"
ValueError: 'results/recombinhunt_output/yellow-fever/dist3size10/structured_reports/case_3_ON022586.1' is not in the subpath of '/home/topcuoglu/openrecombinhunt' OR one path is relative and the other is absolute.
WARNING: Gap made of only target mutations (How can it be? It's an almost impossible condition). Target mutation that minimizes the loss has been assigned to the right region).
ERROR:   Error on one sample in lineage A.1: 'results/recombinhunt_output/yellow-fever/dist3size10/structured_reports/case_3_ON022657.1' is not in the subpath of '/home/topcuoglu/openrecombinhunt' OR one path is relative and the other is absolute.
Traceback (most recent call last):
  File "/home/topcuoglu/openrecombinhunt/src/06_recombinhunt/run_recombinhunt.py", line 203, in run_recombinhunt_for_lineage
    'case_report_folder': str(case_report_folder.relative_to(PROJECT_ROOT))
  File "/home/topcuoglu/miniconda3/envs/orh/lib/python3.10/pathlib.py", line 818, in relative_to
    raise ValueError("{!r} is not in the subpath of {!r}"
ValueError: 'results/recombinhunt_output/yellow-fever/dist3size10/structured_reports/case_3_ON022657.1' is not in the subpath of '/home/topcuoglu/openrecombinhunt' OR one path is relative and the other is absolute.
ERROR:   Error on one sample in lineage A.1: 'results/recombinhunt_output/yellow-fever/dist3size10/structured_reports/case_3_ON022729.1' is not in the subpath of '/home/topcuoglu/openrecombinhunt' OR one path is relative and the other is absolute.
Traceback (most recent call last):
  File "/home/topcuoglu/openrecombinhunt/src/06_recombinhunt/run_recombinhunt.py", line 203, in run_recombinhunt_for_lineage
    'case_report_folder': str(case_report_folder.relative_to(PROJECT_ROOT))
  File "/home/topcuoglu/miniconda3/envs/orh/lib/python3.10/pathlib.py", line 818, in relative_to
    raise ValueError("{!r} is not in the subpath of {!r}"
ValueError: 'results/recombinhunt_output/yellow-fever/dist3size10/structured_reports/case_3_ON022729.1' is not in the subpath of '/home/topcuoglu/openrecombinhunt' OR one path is relative and the other is absolute.
ERROR:   Error on one sample in lineage A.1: 'results/recombinhunt_output/yellow-fever/dist3size10/structured_reports/case_3_ON502396.1' is not in the subpath of '/home/topcuoglu/openrecombinhunt' OR one path is relative and the other is absolute.
Traceback (most recent call last):
  File "/home/topcuoglu/openrecombinhunt/src/06_recombinhunt/run_recombinhunt.py", line 203, in run_recombinhunt_for_lineage
    'case_report_folder': str(case_report_folder.relative_to(PROJECT_ROOT))
  File "/home/topcuoglu/miniconda3/envs/orh/lib/python3.10/pathlib.py", line 818, in relative_to
    raise ValueError("{!r} is not in the subpath of {!r}"
ValueError: 'results/recombinhunt_output/yellow-fever/dist3size10/structured_reports/case_3_ON502396.1' is not in the subpath of '/home/topcuoglu/openrecombinhunt' OR one path is relative and the other is absolute.
ERROR:   Error on one sample in lineage A.1: 'results/recombinhunt_output/yellow-fever/dist3size10/structured_reports/case_3_ON022450.1' is not in the subpath of '/home/topcuoglu/openrecombinhunt' OR one path is relative and the other is absolute.
Traceback (most recent call last):
  File "/home/topcuoglu/openrecombinhunt/src/06_recombinhunt/run_recombinhunt.py", line 203, in run_recombinhunt_for_lineage
    'case_report_folder': str(case_report_folder.relative_to(PROJECT_ROOT))
  File "/home/topcuoglu/miniconda3/envs/orh/lib/python3.10/pathlib.py", line 818, in relative_to
    raise ValueError("{!r} is not in the subpath of {!r}"
ValueError: 'results/recombinhunt_output/yellow-fever/dist3size10/structured_reports/case_3_ON022450.1' is not in the subpath of '/home/topcuoglu/openrecombinhunt' OR one path is relative and the other is absolute.
ERROR:   Error on one sample in lineage A.1: 'results/recombinhunt_output/yellow-fever/dist3size10/structured_reports/case_3_ON022471.1' is not in the subpath of '/home/topcuoglu/openrecombinhunt' OR one path is relative and the other is absolute.
Traceback (most recent call last):
  File "/home/topcuoglu/openrecombinhunt/src/06_recombinhunt/run_recombinhunt.py", line 203, in run_recombinhunt_for_lineage
    'case_report_folder': str(case_report_folder.relative_to(PROJECT_ROOT))
  File "/home/topcuoglu/miniconda3/envs/orh/lib/python3.10/pathlib.py", line 818, in relative_to
    raise ValueError("{!r} is not in the subpath of {!r}"
ValueError: 'results/recombinhunt_output/yellow-fever/dist3size10/structured_reports/case_3_ON022471.1' is not in the subpath of '/home/topcuoglu/openrecombinhunt' OR one path is relative and the other is absolute.
ERROR:   Error on one sample in lineage A.1: 'results/recombinhunt_output/yellow-fever/dist3size10/structured_reports/case_3_ON022479.1' is not in the subpath of '/home/topcuoglu/openrecombinhunt' OR one path is relative and the other is absolute.
Traceback (most recent call last):
  File "/home/topcuoglu/openrecombinhunt/src/06_recombinhunt/run_recombinhunt.py", line 203, in run_recombinhunt_for_lineage
    'case_report_folder': str(case_report_folder.relative_to(PROJECT_ROOT))
  File "/home/topcuoglu/miniconda3/envs/orh/lib/python3.10/pathlib.py", line 818, in relative_to
    raise ValueError("{!r} is not in the subpath of {!r}"
ValueError: 'results/recombinhunt_output/yellow-fever/dist3size10/structured_reports/case_3_ON022479.1' is not in the subpath of '/home/topcuoglu/openrecombinhunt' OR one path is relative and the other is absolute.
ERROR:   Error on one sample in lineage A.1: 'results/recombinhunt_output/yellow-fever/dist3size10/structured_reports/case_3_MK882619.1' is not in the subpath of '/home/topcuoglu/openrecombinhunt' OR one path is relative and the other is absolute.
Traceback (most recent call last):
  File "/home/topcuoglu/openrecombinhunt/src/06_recombinhunt/run_recombinhunt.py", line 203, in run_recombinhunt_for_lineage
    'case_report_folder': str(case_report_folder.relative_to(PROJECT_ROOT))
  File "/home/topcuoglu/miniconda3/envs/orh/lib/python3.10/pathlib.py", line 818, in relative_to
    raise ValueError("{!r} is not in the subpath of {!r}"
ValueError: 'results/recombinhunt_output/yellow-fever/dist3size10/structured_reports/case_3_MK882619.1' is not in the subpath of '/home/topcuoglu/openrecombinhunt' OR one path is relative and the other is absolute.
ERROR:   Error on one sample in lineage A.1: 'results/recombinhunt_output/yellow-fever/dist3size10/structured_reports/case_3_ON502405.1' is not in the subpath of '/home/topcuoglu/openrecombinhunt' OR one path is relative and the other is absolute.
Traceback (most recent call last):
  File "/home/topcuoglu/openrecombinhunt/src/06_recombinhunt/run_recombinhunt.py", line 203, in run_recombinhunt_for_lineage
    'case_report_folder': str(case_report_folder.relative_to(PROJECT_ROOT))
  File "/home/topcuoglu/miniconda3/envs/orh/lib/python3.10/pathlib.py", line 818, in relative_to
    raise ValueError("{!r} is not in the subpath of {!r}"
ValueError: 'results/recombinhunt_output/yellow-fever/dist3size10/structured_reports/case_3_ON502405.1' is not in the subpath of '/home/topcuoglu/openrecombinhunt' OR one path is relative and the other is absolute.
ERROR:   Error on one sample in lineage A.1: 'results/recombinhunt_output/yellow-fever/dist3size10/structured_reports/case_3_ON022587.1' is not in the subpath of '/home/topcuoglu/openrecombinhunt' OR one path is relative and the other is absolute.
Traceback (most recent call last):
  File "/home/topcuoglu/openrecombinhunt/src/06_recombinhunt/run_recombinhunt.py", line 203, in run_recombinhunt_for_lineage
    'case_report_folder': str(case_report_folder.relative_to(PROJECT_ROOT))
  File "/home/topcuoglu/miniconda3/envs/orh/lib/python3.10/pathlib.py", line 818, in relative_to
    raise ValueError("{!r} is not in the subpath of {!r}"
ValueError: 'results/recombinhunt_output/yellow-fever/dist3size10/structured_reports/case_3_ON022587.1' is not in the subpath of '/home/topcuoglu/openrecombinhunt' OR one path is relative and the other is absolute.
ERROR:   Error on one sample in lineage A.1: 'results/recombinhunt_output/yellow-fever/dist3size10/structured_reports/case_3_ON022503.1' is not in the subpath of '/home/topcuoglu/openrecombinhunt' OR one path is relative and the other is absolute.
Traceback (most recent call last):
  File "/home/topcuoglu/openrecombinhunt/src/06_recombinhunt/run_recombinhunt.py", line 203, in run_recombinhunt_for_lineage
    'case_report_folder': str(case_report_folder.relative_to(PROJECT_ROOT))
  File "/home/topcuoglu/miniconda3/envs/orh/lib/python3.10/pathlib.py", line 818, in relative_to
    raise ValueError("{!r} is not in the subpath of {!r}"
ValueError: 'results/recombinhunt_output/yellow-fever/dist3size10/structured_reports/case_3_ON022503.1' is not in the subpath of '/home/topcuoglu/openrecombinhunt' OR one path is relative and the other is absolute.
ERROR:   Error on one sample in lineage A.1: 'results/recombinhunt_output/yellow-fever/dist3size10/structured_reports/case_3_ON022491.1' is not in the subpath of '/home/topcuoglu/openrecombinhunt' OR one path is relative and the other is absolute.
Traceback (most recent call last):
  File "/home/topcuoglu/openrecombinhunt/src/06_recombinhunt/run_recombinhunt.py", line 203, in run_recombinhunt_for_lineage
    'case_report_folder': str(case_report_folder.relative_to(PROJECT_ROOT))
  File "/home/topcuoglu/miniconda3/envs/orh/lib/python3.10/pathlib.py", line 818, in relative_to
    raise ValueError("{!r} is not in the subpath of {!r}"
ValueError: 'results/recombinhunt_output/yellow-fever/dist3size10/structured_reports/case_3_ON022491.1' is not in the subpath of '/home/topcuoglu/openrecombinhunt' OR one path is relative and the other is absolute.
ERROR:   Error on one sample in lineage A.1: 'results/recombinhunt_output/yellow-fever/dist3size10/structured_reports/case_3_ON022473.1' is not in the subpath of '/home/topcuoglu/openrecombinhunt' OR one path is relative and the other is absolute.
Traceback (most recent call last):
  File "/home/topcuoglu/openrecombinhunt/src/06_recombinhunt/run_recombinhunt.py", line 203, in run_recombinhunt_for_lineage
    'case_report_folder': str(case_report_folder.relative_to(PROJECT_ROOT))
  File "/home/topcuoglu/miniconda3/envs/orh/lib/python3.10/pathlib.py", line 818, in relative_to
    raise ValueError("{!r} is not in the subpath of {!r}"
ValueError: 'results/recombinhunt_output/yellow-fever/dist3size10/structured_reports/case_3_ON022473.1' is not in the subpath of '/home/topcuoglu/openrecombinhunt' OR one path is relative and the other is absolute.
ERROR:   Error on one sample in lineage A.1: 'results/recombinhunt_output/yellow-fever/dist3size10/structured_reports/case_3_ON502410.1' is not in the subpath of '/home/topcuoglu/openrecombinhunt' OR one path is relative and the other is absolute.
Traceback (most recent call last):
  File "/home/topcuoglu/openrecombinhunt/src/06_recombinhunt/run_recombinhunt.py", line 203, in run_recombinhunt_for_lineage
    'case_report_folder': str(case_report_folder.relative_to(PROJECT_ROOT))
  File "/home/topcuoglu/miniconda3/envs/orh/lib/python3.10/pathlib.py", line 818, in relative_to
    raise ValueError("{!r} is not in the subpath of {!r}"
ValueError: 'results/recombinhunt_output/yellow-fever/dist3size10/structured_reports/case_3_ON502410.1' is not in the subpath of '/home/topcuoglu/openrecombinhunt' OR one path is relative and the other is absolute.
ERROR:   Error on one sample in lineage A.1: 'results/recombinhunt_output/yellow-fever/dist3size10/structured_reports/case_3_ON022502.1' is not in the subpath of '/home/topcuoglu/openrecombinhunt' OR one path is relative and the other is absolute.
Traceback (most recent call last):
  File "/home/topcuoglu/openrecombinhunt/src/06_recombinhunt/run_recombinhunt.py", line 203, in run_recombinhunt_for_lineage
    'case_report_folder': str(case_report_folder.relative_to(PROJECT_ROOT))
  File "/home/topcuoglu/miniconda3/envs/orh/lib/python3.10/pathlib.py", line 818, in relative_to
    raise ValueError("{!r} is not in the subpath of {!r}"
ValueError: 'results/recombinhunt_output/yellow-fever/dist3size10/structured_reports/case_3_ON022502.1' is not in the subpath of '/home/topcuoglu/openrecombinhunt' OR one path is relative and the other is absolute.
ERROR:   Error on one sample in lineage A.1: 'results/recombinhunt_output/yellow-fever/dist3size10/structured_reports/case_3_ON022482.1' is not in the subpath of '/home/topcuoglu/openrecombinhunt' OR one path is relative and the other is absolute.
Traceback (most recent call last):
  File "/home/topcuoglu/openrecombinhunt/src/06_recombinhunt/run_recombinhunt.py", line 203, in run_recombinhunt_for_lineage
    'case_report_folder': str(case_report_folder.relative_to(PROJECT_ROOT))
  File "/home/topcuoglu/miniconda3/envs/orh/lib/python3.10/pathlib.py", line 818, in relative_to
    raise ValueError("{!r} is not in the subpath of {!r}"
ValueError: 'results/recombinhunt_output/yellow-fever/dist3size10/structured_reports/case_3_ON022482.1' is not in the subpath of '/home/topcuoglu/openrecombinhunt' OR one path is relative and the other is absolute.
ERROR:   Error on one sample in lineage A.1: 'results/recombinhunt_output/yellow-fever/dist3size10/structured_reports/case_3_ON022499.1' is not in the subpath of '/home/topcuoglu/openrecombinhunt' OR one path is relative and the other is absolute.
Traceback (most recent call last):
  File "/home/topcuoglu/openrecombinhunt/src/06_recombinhunt/run_recombinhunt.py", line 203, in run_recombinhunt_for_lineage
    'case_report_folder': str(case_report_folder.relative_to(PROJECT_ROOT))
  File "/home/topcuoglu/miniconda3/envs/orh/lib/python3.10/pathlib.py", line 818, in relative_to
    raise ValueError("{!r} is not in the subpath of {!r}"
ValueError: 'results/recombinhunt_output/yellow-fever/dist3size10/structured_reports/case_3_ON022499.1' is not in the subpath of '/home/topcuoglu/openrecombinhunt' OR one path is relative and the other is absolute.
ERROR:   Error on one sample in lineage A.1: 'results/recombinhunt_output/yellow-fever/dist3size10/structured_reports/case_3_ON022511.1' is not in the subpath of '/home/topcuoglu/openrecombinhunt' OR one path is relative and the other is absolute.
Traceback (most recent call last):
  File "/home/topcuoglu/openrecombinhunt/src/06_recombinhunt/run_recombinhunt.py", line 203, in run_recombinhunt_for_lineage
    'case_report_folder': str(case_report_folder.relative_to(PROJECT_ROOT))
  File "/home/topcuoglu/miniconda3/envs/orh/lib/python3.10/pathlib.py", line 818, in relative_to
    raise ValueError("{!r} is not in the subpath of {!r}"
ValueError: 'results/recombinhunt_output/yellow-fever/dist3size10/structured_reports/case_3_ON022511.1' is not in the subpath of '/home/topcuoglu/openrecombinhunt' OR one path is relative and the other is absolute.
ERROR:   Error on one sample in lineage A.1: 'results/recombinhunt_output/yellow-fever/dist3size10/structured_reports/case_3_ON022433.1' is not in the subpath of '/home/topcuoglu/openrecombinhunt' OR one path is relative and the other is absolute.
Traceback (most recent call last):
  File "/home/topcuoglu/openrecombinhunt/src/06_recombinhunt/run_recombinhunt.py", line 203, in run_recombinhunt_for_lineage
    'case_report_folder': str(case_report_folder.relative_to(PROJECT_ROOT))
  File "/home/topcuoglu/miniconda3/envs/orh/lib/python3.10/pathlib.py", line 818, in relative_to
    raise ValueError("{!r} is not in the subpath of {!r}"
ValueError: 'results/recombinhunt_output/yellow-fever/dist3size10/structured_reports/case_3_ON022433.1' is not in the subpath of '/home/topcuoglu/openrecombinhunt' OR one path is relative and the other is absolute.
ERROR:   Error on one sample in lineage A.1: 'results/recombinhunt_output/yellow-fever/dist3size10/structured_reports/case_3_ON022316.1' is not in the subpath of '/home/topcuoglu/openrecombinhunt' OR one path is relative and the other is absolute.
Traceback (most recent call last):
  File "/home/topcuoglu/openrecombinhunt/src/06_recombinhunt/run_recombinhunt.py", line 203, in run_recombinhunt_for_lineage
    'case_report_folder': str(case_report_folder.relative_to(PROJECT_ROOT))
  File "/home/topcuoglu/miniconda3/envs/orh/lib/python3.10/pathlib.py", line 818, in relative_to
    raise ValueError("{!r} is not in the subpath of {!r}"
ValueError: 'results/recombinhunt_output/yellow-fever/dist3size10/structured_reports/case_3_ON022316.1' is not in the subpath of '/home/topcuoglu/openrecombinhunt' OR one path is relative and the other is absolute.
WARNING: Gap made of only target mutations (How can it be? It's an almost impossible condition). Target mutation that minimizes the loss has been assigned to the right region).
ERROR:   Error on one sample in lineage A.1: 'results/recombinhunt_output/yellow-fever/dist3size10/structured_reports/case_3_ON022449.1' is not in the subpath of '/home/topcuoglu/openrecombinhunt' OR one path is relative and the other is absolute.
Traceback (most recent call last):
  File "/home/topcuoglu/openrecombinhunt/src/06_recombinhunt/run_recombinhunt.py", line 203, in run_recombinhunt_for_lineage
    'case_report_folder': str(case_report_folder.relative_to(PROJECT_ROOT))
  File "/home/topcuoglu/miniconda3/envs/orh/lib/python3.10/pathlib.py", line 818, in relative_to
    raise ValueError("{!r} is not in the subpath of {!r}"
ValueError: 'results/recombinhunt_output/yellow-fever/dist3size10/structured_reports/case_3_ON022449.1' is not in the subpath of '/home/topcuoglu/openrecombinhunt' OR one path is relative and the other is absolute.
ERROR:   Error on one sample in lineage A.1: 'results/recombinhunt_output/yellow-fever/dist3size10/structured_reports/case_3_ON022593.1' is not in the subpath of '/home/topcuoglu/openrecombinhunt' OR one path is relative and the other is absolute.
Traceback (most recent call last):
  File "/home/topcuoglu/openrecombinhunt/src/06_recombinhunt/run_recombinhunt.py", line 203, in run_recombinhunt_for_lineage
    'case_report_folder': str(case_report_folder.relative_to(PROJECT_ROOT))
  File "/home/topcuoglu/miniconda3/envs/orh/lib/python3.10/pathlib.py", line 818, in relative_to
    raise ValueError("{!r} is not in the subpath of {!r}"
ValueError: 'results/recombinhunt_output/yellow-fever/dist3size10/structured_reports/case_3_ON022593.1' is not in the subpath of '/home/topcuoglu/openrecombinhunt' OR one path is relative and the other is absolute.
ERROR:   Error on one sample in lineage A.1: 'results/recombinhunt_output/yellow-fever/dist3size10/structured_reports/case_3_ON022312.1' is not in the subpath of '/home/topcuoglu/openrecombinhunt' OR one path is relative and the other is absolute.
Traceback (most recent call last):
  File "/home/topcuoglu/openrecombinhunt/src/06_recombinhunt/run_recombinhunt.py", line 203, in run_recombinhunt_for_lineage
    'case_report_folder': str(case_report_folder.relative_to(PROJECT_ROOT))
  File "/home/topcuoglu/miniconda3/envs/orh/lib/python3.10/pathlib.py", line 818, in relative_to
    raise ValueError("{!r} is not in the subpath of {!r}"
ValueError: 'results/recombinhunt_output/yellow-fever/dist3size10/structured_reports/case_3_ON022312.1' is not in the subpath of '/home/topcuoglu/openrecombinhunt' OR one path is relative and the other is absolute.
WARNING: Gap made of only target mutations (How can it be? It's an almost impossible condition). Target mutation that minimizes the loss has been assigned to the right region).
ERROR:   Error on one sample in lineage A.1: 'results/recombinhunt_output/yellow-fever/dist3size10/structured_reports/case_3_ON022465.1' is not in the subpath of '/home/topcuoglu/openrecombinhunt' OR one path is relative and the other is absolute.
Traceback (most recent call last):
  File "/home/topcuoglu/openrecombinhunt/src/06_recombinhunt/run_recombinhunt.py", line 203, in run_recombinhunt_for_lineage
    'case_report_folder': str(case_report_folder.relative_to(PROJECT_ROOT))
  File "/home/topcuoglu/miniconda3/envs/orh/lib/python3.10/pathlib.py", line 818, in relative_to
    raise ValueError("{!r} is not in the subpath of {!r}"
ValueError: 'results/recombinhunt_output/yellow-fever/dist3size10/structured_reports/case_3_ON022465.1' is not in the subpath of '/home/topcuoglu/openrecombinhunt' OR one path is relative and the other is absolute.
ERROR:   Error on one sample in lineage A.1: 'results/recombinhunt_output/yellow-fever/dist3size10/structured_reports/case_3_ON022394.1' is not in the subpath of '/home/topcuoglu/openrecombinhunt' OR one path is relative and the other is absolute.
Traceback (most recent call last):
  File "/home/topcuoglu/openrecombinhunt/src/06_recombinhunt/run_recombinhunt.py", line 203, in run_recombinhunt_for_lineage
    'case_report_folder': str(case_report_folder.relative_to(PROJECT_ROOT))
  File "/home/topcuoglu/miniconda3/envs/orh/lib/python3.10/pathlib.py", line 818, in relative_to
    raise ValueError("{!r} is not in the subpath of {!r}"
ValueError: 'results/recombinhunt_output/yellow-fever/dist3size10/structured_reports/case_3_ON022394.1' is not in the subpath of '/home/topcuoglu/openrecombinhunt' OR one path is relative and the other is absolute.
ERROR:   Error on one sample in lineage A.1: 'results/recombinhunt_output/yellow-fever/dist3size10/structured_reports/case_3_ON022291.1' is not in the subpath of '/home/topcuoglu/openrecombinhunt' OR one path is relative and the other is absolute.
Traceback (most recent call last):
  File "/home/topcuoglu/openrecombinhunt/src/06_recombinhunt/run_recombinhunt.py", line 203, in run_recombinhunt_for_lineage
    'case_report_folder': str(case_report_folder.relative_to(PROJECT_ROOT))
  File "/home/topcuoglu/miniconda3/envs/orh/lib/python3.10/pathlib.py", line 818, in relative_to
    raise ValueError("{!r} is not in the subpath of {!r}"
ValueError: 'results/recombinhunt_output/yellow-fever/dist3size10/structured_reports/case_3_ON022291.1' is not in the subpath of '/home/topcuoglu/openrecombinhunt' OR one path is relative and the other is absolute.
ERROR:   Error on one sample in lineage A.1: 'results/recombinhunt_output/yellow-fever/dist3size10/structured_reports/case_3_ON022293.1' is not in the subpath of '/home/topcuoglu/openrecombinhunt' OR one path is relative and the other is absolute.
Traceback (most recent call last):
  File "/home/topcuoglu/openrecombinhunt/src/06_recombinhunt/run_recombinhunt.py", line 203, in run_recombinhunt_for_lineage
    'case_report_folder': str(case_report_folder.relative_to(PROJECT_ROOT))
  File "/home/topcuoglu/miniconda3/envs/orh/lib/python3.10/pathlib.py", line 818, in relative_to
    raise ValueError("{!r} is not in the subpath of {!r}"
ValueError: 'results/recombinhunt_output/yellow-fever/dist3size10/structured_reports/case_3_ON022293.1' is not in the subpath of '/home/topcuoglu/openrecombinhunt' OR one path is relative and the other is absolute.
ERROR:   Error on one sample in lineage A.1: 'results/recombinhunt_output/yellow-fever/dist3size10/structured_reports/case_3_ON022294.1' is not in the subpath of '/home/topcuoglu/openrecombinhunt' OR one path is relative and the other is absolute.
Traceback (most recent call last):
  File "/home/topcuoglu/openrecombinhunt/src/06_recombinhunt/run_recombinhunt.py", line 203, in run_recombinhunt_for_lineage
    'case_report_folder': str(case_report_folder.relative_to(PROJECT_ROOT))
  File "/home/topcuoglu/miniconda3/envs/orh/lib/python3.10/pathlib.py", line 818, in relative_to
    raise ValueError("{!r} is not in the subpath of {!r}"
ValueError: 'results/recombinhunt_output/yellow-fever/dist3size10/structured_reports/case_3_ON022294.1' is not in the subpath of '/home/topcuoglu/openrecombinhunt' OR one path is relative and the other is absolute.
ERROR:   Error on one sample in lineage A.1: 'results/recombinhunt_output/yellow-fever/dist3size10/structured_reports/case_3_ON022733.1' is not in the subpath of '/home/topcuoglu/openrecombinhunt' OR one path is relative and the other is absolute.
Traceback (most recent call last):
  File "/home/topcuoglu/openrecombinhunt/src/06_recombinhunt/run_recombinhunt.py", line 203, in run_recombinhunt_for_lineage
    'case_report_folder': str(case_report_folder.relative_to(PROJECT_ROOT))
  File "/home/topcuoglu/miniconda3/envs/orh/lib/python3.10/pathlib.py", line 818, in relative_to
    raise ValueError("{!r} is not in the subpath of {!r}"
ValueError: 'results/recombinhunt_output/yellow-fever/dist3size10/structured_reports/case_3_ON022733.1' is not in the subpath of '/home/topcuoglu/openrecombinhunt' OR one path is relative and the other is absolute.
ERROR:   Error on one sample in lineage A.1: 'results/recombinhunt_output/yellow-fever/dist3size10/structured_reports/case_3_ON022286.1' is not in the subpath of '/home/topcuoglu/openrecombinhunt' OR one path is relative and the other is absolute.
Traceback (most recent call last):
  File "/home/topcuoglu/openrecombinhunt/src/06_recombinhunt/run_recombinhunt.py", line 203, in run_recombinhunt_for_lineage
    'case_report_folder': str(case_report_folder.relative_to(PROJECT_ROOT))
  File "/home/topcuoglu/miniconda3/envs/orh/lib/python3.10/pathlib.py", line 818, in relative_to
    raise ValueError("{!r} is not in the subpath of {!r}"
ValueError: 'results/recombinhunt_output/yellow-fever/dist3size10/structured_reports/case_3_ON022286.1' is not in the subpath of '/home/topcuoglu/openrecombinhunt' OR one path is relative and the other is absolute.
ERROR:   Error on one sample in lineage A.1: 'results/recombinhunt_output/yellow-fever/dist3size10/structured_reports/case_3_ON022304.1' is not in the subpath of '/home/topcuoglu/openrecombinhunt' OR one path is relative and the other is absolute.
Traceback (most recent call last):
  File "/home/topcuoglu/openrecombinhunt/src/06_recombinhunt/run_recombinhunt.py", line 203, in run_recombinhunt_for_lineage
    'case_report_folder': str(case_report_folder.relative_to(PROJECT_ROOT))
  File "/home/topcuoglu/miniconda3/envs/orh/lib/python3.10/pathlib.py", line 818, in relative_to
    raise ValueError("{!r} is not in the subpath of {!r}"
ValueError: 'results/recombinhunt_output/yellow-fever/dist3size10/structured_reports/case_3_ON022304.1' is not in the subpath of '/home/topcuoglu/openrecombinhunt' OR one path is relative and the other is absolute.
ERROR:   Error on one sample in lineage A.1: 'results/recombinhunt_output/yellow-fever/dist3size10/structured_reports/case_3_ON022283.1' is not in the subpath of '/home/topcuoglu/openrecombinhunt' OR one path is relative and the other is absolute.
Traceback (most recent call last):
  File "/home/topcuoglu/openrecombinhunt/src/06_recombinhunt/run_recombinhunt.py", line 203, in run_recombinhunt_for_lineage
    'case_report_folder': str(case_report_folder.relative_to(PROJECT_ROOT))
  File "/home/topcuoglu/miniconda3/envs/orh/lib/python3.10/pathlib.py", line 818, in relative_to
    raise ValueError("{!r} is not in the subpath of {!r}"
ValueError: 'results/recombinhunt_output/yellow-fever/dist3size10/structured_reports/case_3_ON022283.1' is not in the subpath of '/home/topcuoglu/openrecombinhunt' OR one path is relative and the other is absolute.
ERROR:   Error on one sample in lineage A.1: 'results/recombinhunt_output/yellow-fever/dist3size10/structured_reports/case_3_ON022549.1' is not in the subpath of '/home/topcuoglu/openrecombinhunt' OR one path is relative and the other is absolute.
Traceback (most recent call last):
  File "/home/topcuoglu/openrecombinhunt/src/06_recombinhunt/run_recombinhunt.py", line 203, in run_recombinhunt_for_lineage
    'case_report_folder': str(case_report_folder.relative_to(PROJECT_ROOT))
  File "/home/topcuoglu/miniconda3/envs/orh/lib/python3.10/pathlib.py", line 818, in relative_to
    raise ValueError("{!r} is not in the subpath of {!r}"
ValueError: 'results/recombinhunt_output/yellow-fever/dist3size10/structured_reports/case_3_ON022549.1' is not in the subpath of '/home/topcuoglu/openrecombinhunt' OR one path is relative and the other is absolute.
ERROR:   Error on one sample in lineage A.1: No candidates found searching in both directions.
Traceback (most recent call last):
  File "/home/topcuoglu/openrecombinhunt/src/06_recombinhunt/run_recombinhunt.py", line 163, in run_recombinhunt_for_lineage
    result = experiment.run()
  File "/home/topcuoglu/openrecombinhunt/libs/recombinhunt-cov-7.0.0/src/recombinhunt/core/method.py", line 663, in run
    L1_reg: Region = search_L(self.merged_df, self.p_merged_df, self.change_probabilities, min_target_len=self.MIN_CANDIDATE_REGION_LENGTH, cache=self.cache)
  File "/home/topcuoglu/openrecombinhunt/libs/recombinhunt-cov-7.0.0/src/recombinhunt/core/method.py", line 1035, in search_L
    raise NoCandidatesFound("No candidates found searching in both directions.")
recombinhunt.core.method.NoCandidatesFound: No candidates found searching in both directions.
ERROR:   Error on one sample in lineage A.1: 'results/recombinhunt_output/yellow-fever/dist3size10/structured_reports/case_3_OP508595.1' is not in the subpath of '/home/topcuoglu/openrecombinhunt' OR one path is relative and the other is absolute.
Traceback (most recent call last):
  File "/home/topcuoglu/openrecombinhunt/src/06_recombinhunt/run_recombinhunt.py", line 203, in run_recombinhunt_for_lineage
    'case_report_folder': str(case_report_folder.relative_to(PROJECT_ROOT))
  File "/home/topcuoglu/miniconda3/envs/orh/lib/python3.10/pathlib.py", line 818, in relative_to
    raise ValueError("{!r} is not in the subpath of {!r}"
ValueError: 'results/recombinhunt_output/yellow-fever/dist3size10/structured_reports/case_3_OP508595.1' is not in the subpath of '/home/topcuoglu/openrecombinhunt' OR one path is relative and the other is absolute.
ERROR:   Error on one sample in lineage A.1: 'results/recombinhunt_output/yellow-fever/dist3size10/structured_reports/case_3_OP508603.1' is not in the subpath of '/home/topcuoglu/openrecombinhunt' OR one path is relative and the other is absolute.
Traceback (most recent call last):
  File "/home/topcuoglu/openrecombinhunt/src/06_recombinhunt/run_recombinhunt.py", line 203, in run_recombinhunt_for_lineage
    'case_report_folder': str(case_report_folder.relative_to(PROJECT_ROOT))
  File "/home/topcuoglu/miniconda3/envs/orh/lib/python3.10/pathlib.py", line 818, in relative_to
    raise ValueError("{!r} is not in the subpath of {!r}"
ValueError: 'results/recombinhunt_output/yellow-fever/dist3size10/structured_reports/case_3_OP508603.1' is not in the subpath of '/home/topcuoglu/openrecombinhunt' OR one path is relative and the other is absolute.
ERROR:   Error on one sample in lineage A.1: 'results/recombinhunt_output/yellow-fever/dist3size10/structured_reports/case_3_JF912179.1' is not in the subpath of '/home/topcuoglu/openrecombinhunt' OR one path is relative and the other is absolute.
Traceback (most recent call last):
  File "/home/topcuoglu/openrecombinhunt/src/06_recombinhunt/run_recombinhunt.py", line 203, in run_recombinhunt_for_lineage
    'case_report_folder': str(case_report_folder.relative_to(PROJECT_ROOT))
  File "/home/topcuoglu/miniconda3/envs/orh/lib/python3.10/pathlib.py", line 818, in relative_to
    raise ValueError("{!r} is not in the subpath of {!r}"
ValueError: 'results/recombinhunt_output/yellow-fever/dist3size10/structured_reports/case_3_JF912179.1' is not in the subpath of '/home/topcuoglu/openrecombinhunt' OR one path is relative and the other is absolute.
ERROR:   Error on one sample in lineage A.1: 'results/recombinhunt_output/yellow-fever/dist3size10/structured_reports/case_3_JF912181.1' is not in the subpath of '/home/topcuoglu/openrecombinhunt' OR one path is relative and the other is absolute.
Traceback (most recent call last):
  File "/home/topcuoglu/openrecombinhunt/src/06_recombinhunt/run_recombinhunt.py", line 203, in run_recombinhunt_for_lineage
    'case_report_folder': str(case_report_folder.relative_to(PROJECT_ROOT))
  File "/home/topcuoglu/miniconda3/envs/orh/lib/python3.10/pathlib.py", line 818, in relative_to
    raise ValueError("{!r} is not in the subpath of {!r}"
ValueError: 'results/recombinhunt_output/yellow-fever/dist3size10/structured_reports/case_3_JF912181.1' is not in the subpath of '/home/topcuoglu/openrecombinhunt' OR one path is relative and the other is absolute.
ERROR:   Error on one sample in lineage A.1: 'results/recombinhunt_output/yellow-fever/dist3size10/structured_reports/case_3_JF912183.1' is not in the subpath of '/home/topcuoglu/openrecombinhunt' OR one path is relative and the other is absolute.
Traceback (most recent call last):
  File "/home/topcuoglu/openrecombinhunt/src/06_recombinhunt/run_recombinhunt.py", line 203, in run_recombinhunt_for_lineage
    'case_report_folder': str(case_report_folder.relative_to(PROJECT_ROOT))
  File "/home/topcuoglu/miniconda3/envs/orh/lib/python3.10/pathlib.py", line 818, in relative_to
    raise ValueError("{!r} is not in the subpath of {!r}"
ValueError: 'results/recombinhunt_output/yellow-fever/dist3size10/structured_reports/case_3_JF912183.1' is not in the subpath of '/home/topcuoglu/openrecombinhunt' OR one path is relative and the other is absolute.
ERROR:   Error on one sample in lineage A.1: 'results/recombinhunt_output/yellow-fever/dist3size10/structured_reports/case_3_JF912184.1' is not in the subpath of '/home/topcuoglu/openrecombinhunt' OR one path is relative and the other is absolute.
Traceback (most recent call last):
  File "/home/topcuoglu/openrecombinhunt/src/06_recombinhunt/run_recombinhunt.py", line 203, in run_recombinhunt_for_lineage
    'case_report_folder': str(case_report_folder.relative_to(PROJECT_ROOT))
  File "/home/topcuoglu/miniconda3/envs/orh/lib/python3.10/pathlib.py", line 818, in relative_to
    raise ValueError("{!r} is not in the subpath of {!r}"
ValueError: 'results/recombinhunt_output/yellow-fever/dist3size10/structured_reports/case_3_JF912184.1' is not in the subpath of '/home/topcuoglu/openrecombinhunt' OR one path is relative and the other is absolute.
ERROR:   Error on one sample in lineage A.1: 'results/recombinhunt_output/yellow-fever/dist3size10/structured_reports/case_3_JF912186.1' is not in the subpath of '/home/topcuoglu/openrecombinhunt' OR one path is relative and the other is absolute.
Traceback (most recent call last):
  File "/home/topcuoglu/openrecombinhunt/src/06_recombinhunt/run_recombinhunt.py", line 203, in run_recombinhunt_for_lineage
    'case_report_folder': str(case_report_folder.relative_to(PROJECT_ROOT))
  File "/home/topcuoglu/miniconda3/envs/orh/lib/python3.10/pathlib.py", line 818, in relative_to
    raise ValueError("{!r} is not in the subpath of {!r}"
ValueError: 'results/recombinhunt_output/yellow-fever/dist3size10/structured_reports/case_3_JF912186.1' is not in the subpath of '/home/topcuoglu/openrecombinhunt' OR one path is relative and the other is absolute.
ERROR:   Error on one sample in lineage A.1: 'results/recombinhunt_output/yellow-fever/dist3size10/structured_reports/case_3_MF004382.1' is not in the subpath of '/home/topcuoglu/openrecombinhunt' OR one path is relative and the other is absolute.
Traceback (most recent call last):
  File "/home/topcuoglu/openrecombinhunt/src/06_recombinhunt/run_recombinhunt.py", line 203, in run_recombinhunt_for_lineage
    'case_report_folder': str(case_report_folder.relative_to(PROJECT_ROOT))
  File "/home/topcuoglu/miniconda3/envs/orh/lib/python3.10/pathlib.py", line 818, in relative_to
    raise ValueError("{!r} is not in the subpath of {!r}"
ValueError: 'results/recombinhunt_output/yellow-fever/dist3size10/structured_reports/case_3_MF004382.1' is not in the subpath of '/home/topcuoglu/openrecombinhunt' OR one path is relative and the other is absolute.
ERROR:   Error on one sample in lineage A.1: 'results/recombinhunt_output/yellow-fever/dist3size10/structured_reports/case_3_MH018100.1' is not in the subpath of '/home/topcuoglu/openrecombinhunt' OR one path is relative and the other is absolute.
Traceback (most recent call last):
  File "/home/topcuoglu/openrecombinhunt/src/06_recombinhunt/run_recombinhunt.py", line 203, in run_recombinhunt_for_lineage
    'case_report_folder': str(case_report_folder.relative_to(PROJECT_ROOT))
  File "/home/topcuoglu/miniconda3/envs/orh/lib/python3.10/pathlib.py", line 818, in relative_to
    raise ValueError("{!r} is not in the subpath of {!r}"
ValueError: 'results/recombinhunt_output/yellow-fever/dist3size10/structured_reports/case_3_MH018100.1' is not in the subpath of '/home/topcuoglu/openrecombinhunt' OR one path is relative and the other is absolute.
ERROR:   Error on one sample in lineage A.1: 'results/recombinhunt_output/yellow-fever/dist3size10/structured_reports/case_3_MH018101.1' is not in the subpath of '/home/topcuoglu/openrecombinhunt' OR one path is relative and the other is absolute.
Traceback (most recent call last):
  File "/home/topcuoglu/openrecombinhunt/src/06_recombinhunt/run_recombinhunt.py", line 203, in run_recombinhunt_for_lineage
    'case_report_folder': str(case_report_folder.relative_to(PROJECT_ROOT))
  File "/home/topcuoglu/miniconda3/envs/orh/lib/python3.10/pathlib.py", line 818, in relative_to
    raise ValueError("{!r} is not in the subpath of {!r}"
ValueError: 'results/recombinhunt_output/yellow-fever/dist3size10/structured_reports/case_3_MH018101.1' is not in the subpath of '/home/topcuoglu/openrecombinhunt' OR one path is relative and the other is absolute.
ERROR:   Error on one sample in lineage A.1: 'results/recombinhunt_output/yellow-fever/dist3size10/structured_reports/case_3_MW158338.1' is not in the subpath of '/home/topcuoglu/openrecombinhunt' OR one path is relative and the other is absolute.
Traceback (most recent call last):
  File "/home/topcuoglu/openrecombinhunt/src/06_recombinhunt/run_recombinhunt.py", line 203, in run_recombinhunt_for_lineage
    'case_report_folder': str(case_report_folder.relative_to(PROJECT_ROOT))
  File "/home/topcuoglu/miniconda3/envs/orh/lib/python3.10/pathlib.py", line 818, in relative_to
    raise ValueError("{!r} is not in the subpath of {!r}"
ValueError: 'results/recombinhunt_output/yellow-fever/dist3size10/structured_reports/case_3_MW158338.1' is not in the subpath of '/home/topcuoglu/openrecombinhunt' OR one path is relative and the other is absolute.
ERROR:   Error on one sample in lineage A.1: 'results/recombinhunt_output/yellow-fever/dist3size10/structured_reports/case_3_MW158343.1' is not in the subpath of '/home/topcuoglu/openrecombinhunt' OR one path is relative and the other is absolute.
Traceback (most recent call last):
  File "/home/topcuoglu/openrecombinhunt/src/06_recombinhunt/run_recombinhunt.py", line 203, in run_recombinhunt_for_lineage
    'case_report_folder': str(case_report_folder.relative_to(PROJECT_ROOT))
  File "/home/topcuoglu/miniconda3/envs/orh/lib/python3.10/pathlib.py", line 818, in relative_to
    raise ValueError("{!r} is not in the subpath of {!r}"
ValueError: 'results/recombinhunt_output/yellow-fever/dist3size10/structured_reports/case_3_MW158343.1' is not in the subpath of '/home/topcuoglu/openrecombinhunt' OR one path is relative and the other is absolute.
ERROR:   Error on one sample in lineage A.1: 'results/recombinhunt_output/yellow-fever/dist3size10/structured_reports/case_3_MW158345.1' is not in the subpath of '/home/topcuoglu/openrecombinhunt' OR one path is relative and the other is absolute.
Traceback (most recent call last):
  File "/home/topcuoglu/openrecombinhunt/src/06_recombinhunt/run_recombinhunt.py", line 203, in run_recombinhunt_for_lineage
    'case_report_folder': str(case_report_folder.relative_to(PROJECT_ROOT))
  File "/home/topcuoglu/miniconda3/envs/orh/lib/python3.10/pathlib.py", line 818, in relative_to
    raise ValueError("{!r} is not in the subpath of {!r}"
ValueError: 'results/recombinhunt_output/yellow-fever/dist3size10/structured_reports/case_3_MW158345.1' is not in the subpath of '/home/topcuoglu/openrecombinhunt' OR one path is relative and the other is absolute.
ERROR:   Error on one sample in lineage A.1: 'results/recombinhunt_output/yellow-fever/dist3size10/structured_reports/case_3_MW158346.1' is not in the subpath of '/home/topcuoglu/openrecombinhunt' OR one path is relative and the other is absolute.
Traceback (most recent call last):
  File "/home/topcuoglu/openrecombinhunt/src/06_recombinhunt/run_recombinhunt.py", line 203, in run_recombinhunt_for_lineage
    'case_report_folder': str(case_report_folder.relative_to(PROJECT_ROOT))
  File "/home/topcuoglu/miniconda3/envs/orh/lib/python3.10/pathlib.py", line 818, in relative_to
    raise ValueError("{!r} is not in the subpath of {!r}"
ValueError: 'results/recombinhunt_output/yellow-fever/dist3size10/structured_reports/case_3_MW158346.1' is not in the subpath of '/home/topcuoglu/openrecombinhunt' OR one path is relative and the other is absolute.
ERROR:   Error on one sample in lineage A.1: 'results/recombinhunt_output/yellow-fever/dist3size10/structured_reports/case_3_MW158359.1' is not in the subpath of '/home/topcuoglu/openrecombinhunt' OR one path is relative and the other is absolute.
Traceback (most recent call last):
  File "/home/topcuoglu/openrecombinhunt/src/06_recombinhunt/run_recombinhunt.py", line 203, in run_recombinhunt_for_lineage
    'case_report_folder': str(case_report_folder.relative_to(PROJECT_ROOT))
  File "/home/topcuoglu/miniconda3/envs/orh/lib/python3.10/pathlib.py", line 818, in relative_to
    raise ValueError("{!r} is not in the subpath of {!r}"
ValueError: 'results/recombinhunt_output/yellow-fever/dist3size10/structured_reports/case_3_MW158359.1' is not in the subpath of '/home/topcuoglu/openrecombinhunt' OR one path is relative and the other is absolute.
ERROR:   Error on one sample in lineage A.1: 'results/recombinhunt_output/yellow-fever/dist3size10/structured_reports/case_3_MW158361.1' is not in the subpath of '/home/topcuoglu/openrecombinhunt' OR one path is relative and the other is absolute.
Traceback (most recent call last):
  File "/home/topcuoglu/openrecombinhunt/src/06_recombinhunt/run_recombinhunt.py", line 203, in run_recombinhunt_for_lineage
    'case_report_folder': str(case_report_folder.relative_to(PROJECT_ROOT))
  File "/home/topcuoglu/miniconda3/envs/orh/lib/python3.10/pathlib.py", line 818, in relative_to
    raise ValueError("{!r} is not in the subpath of {!r}"
ValueError: 'results/recombinhunt_output/yellow-fever/dist3size10/structured_reports/case_3_MW158361.1' is not in the subpath of '/home/topcuoglu/openrecombinhunt' OR one path is relative and the other is absolute.
ERROR:   Error on one sample in lineage A.1: 'results/recombinhunt_output/yellow-fever/dist3size10/structured_reports/case_3_ON022716.1' is not in the subpath of '/home/topcuoglu/openrecombinhunt' OR one path is relative and the other is absolute.
Traceback (most recent call last):
  File "/home/topcuoglu/openrecombinhunt/src/06_recombinhunt/run_recombinhunt.py", line 203, in run_recombinhunt_for_lineage
    'case_report_folder': str(case_report_folder.relative_to(PROJECT_ROOT))
  File "/home/topcuoglu/miniconda3/envs/orh/lib/python3.10/pathlib.py", line 818, in relative_to
    raise ValueError("{!r} is not in the subpath of {!r}"
ValueError: 'results/recombinhunt_output/yellow-fever/dist3size10/structured_reports/case_3_ON022716.1' is not in the subpath of '/home/topcuoglu/openrecombinhunt' OR one path is relative and the other is absolute.
ERROR:   Error on one sample in lineage A.1: 'results/recombinhunt_output/yellow-fever/dist3size10/structured_reports/case_3_PQ181571.1' is not in the subpath of '/home/topcuoglu/openrecombinhunt' OR one path is relative and the other is absolute.
Traceback (most recent call last):
  File "/home/topcuoglu/openrecombinhunt/src/06_recombinhunt/run_recombinhunt.py", line 203, in run_recombinhunt_for_lineage
    'case_report_folder': str(case_report_folder.relative_to(PROJECT_ROOT))
  File "/home/topcuoglu/miniconda3/envs/orh/lib/python3.10/pathlib.py", line 818, in relative_to
    raise ValueError("{!r} is not in the subpath of {!r}"
ValueError: 'results/recombinhunt_output/yellow-fever/dist3size10/structured_reports/case_3_PQ181571.1' is not in the subpath of '/home/topcuoglu/openrecombinhunt' OR one path is relative and the other is absolute.
ERROR:   Error on one sample in lineage A.1: Reindexing only valid with uniquely valued Index objects
Traceback (most recent call last):
  File "/home/topcuoglu/openrecombinhunt/src/06_recombinhunt/run_recombinhunt.py", line 162, in run_recombinhunt_for_lineage
    experiment.set_target(nuc_change_data_list)
  File "/home/topcuoglu/openrecombinhunt/libs/recombinhunt-cov-7.0.0/src/recombinhunt/core/method.py", line 567, in set_target
    self.merged_df = self.env.make_merged_df(seq_df)
  File "/home/topcuoglu/openrecombinhunt/libs/recombinhunt-cov-7.0.0/src/recombinhunt/core/environment.py", line 104, in make_merged_df
    target_and_not_lc_df = pd.concat([
  File "/home/topcuoglu/.local/lib/python3.10/site-packages/pandas/core/reshape/concat.py", line 393, in concat
    return op.get_result()
  File "/home/topcuoglu/.local/lib/python3.10/site-packages/pandas/core/reshape/concat.py", line 676, in get_result
    indexers[ax] = obj_labels.get_indexer(new_labels)
  File "/home/topcuoglu/.local/lib/python3.10/site-packages/pandas/core/indexes/base.py", line 3874, in get_indexer
    raise InvalidIndexError(self._requires_unique_msg)
pandas.errors.InvalidIndexError: Reindexing only valid with uniquely valued Index objects
ERROR:   Error on one sample in lineage A.1: 'results/recombinhunt_output/yellow-fever/dist3size10/structured_reports/case_3_PQ441955.1' is not in the subpath of '/home/topcuoglu/openrecombinhunt' OR one path is relative and the other is absolute.
Traceback (most recent call last):
  File "/home/topcuoglu/openrecombinhunt/src/06_recombinhunt/run_recombinhunt.py", line 203, in run_recombinhunt_for_lineage
    'case_report_folder': str(case_report_folder.relative_to(PROJECT_ROOT))
  File "/home/topcuoglu/miniconda3/envs/orh/lib/python3.10/pathlib.py", line 818, in relative_to
    raise ValueError("{!r} is not in the subpath of {!r}"
ValueError: 'results/recombinhunt_output/yellow-fever/dist3size10/structured_reports/case_3_PQ441955.1' is not in the subpath of '/home/topcuoglu/openrecombinhunt' OR one path is relative and the other is absolute.
ERROR:   Error on one sample in lineage A.1: 'results/recombinhunt_output/yellow-fever/dist3size10/structured_reports/case_3_OP508607.1' is not in the subpath of '/home/topcuoglu/openrecombinhunt' OR one path is relative and the other is absolute.
Traceback (most recent call last):
  File "/home/topcuoglu/openrecombinhunt/src/06_recombinhunt/run_recombinhunt.py", line 203, in run_recombinhunt_for_lineage
    'case_report_folder': str(case_report_folder.relative_to(PROJECT_ROOT))
  File "/home/topcuoglu/miniconda3/envs/orh/lib/python3.10/pathlib.py", line 818, in relative_to
    raise ValueError("{!r} is not in the subpath of {!r}"
ValueError: 'results/recombinhunt_output/yellow-fever/dist3size10/structured_reports/case_3_OP508607.1' is not in the subpath of '/home/topcuoglu/openrecombinhunt' OR one path is relative and the other is absolute.
ERROR:   Error on one sample in lineage A.1: 'results/recombinhunt_output/yellow-fever/dist3size10/structured_reports/case_3_OP508611.1' is not in the subpath of '/home/topcuoglu/openrecombinhunt' OR one path is relative and the other is absolute.
Traceback (most recent call last):
  File "/home/topcuoglu/openrecombinhunt/src/06_recombinhunt/run_recombinhunt.py", line 203, in run_recombinhunt_for_lineage
    'case_report_folder': str(case_report_folder.relative_to(PROJECT_ROOT))
  File "/home/topcuoglu/miniconda3/envs/orh/lib/python3.10/pathlib.py", line 818, in relative_to
    raise ValueError("{!r} is not in the subpath of {!r}"
ValueError: 'results/recombinhunt_output/yellow-fever/dist3size10/structured_reports/case_3_OP508611.1' is not in the subpath of '/home/topcuoglu/openrecombinhunt' OR one path is relative and the other is absolute.
ERROR:   Error on one sample in lineage A.1: 'results/recombinhunt_output/yellow-fever/dist3size10/structured_reports/case_3_OP508620.1' is not in the subpath of '/home/topcuoglu/openrecombinhunt' OR one path is relative and the other is absolute.
Traceback (most recent call last):
  File "/home/topcuoglu/openrecombinhunt/src/06_recombinhunt/run_recombinhunt.py", line 203, in run_recombinhunt_for_lineage
    'case_report_folder': str(case_report_folder.relative_to(PROJECT_ROOT))
  File "/home/topcuoglu/miniconda3/envs/orh/lib/python3.10/pathlib.py", line 818, in relative_to
    raise ValueError("{!r} is not in the subpath of {!r}"
ValueError: 'results/recombinhunt_output/yellow-fever/dist3size10/structured_reports/case_3_OP508620.1' is not in the subpath of '/home/topcuoglu/openrecombinhunt' OR one path is relative and the other is absolute.
ERROR:   Error on one sample in lineage A.1: 'results/recombinhunt_output/yellow-fever/dist3size10/structured_reports/case_3_OP508621.1' is not in the subpath of '/home/topcuoglu/openrecombinhunt' OR one path is relative and the other is absolute.
Traceback (most recent call last):
  File "/home/topcuoglu/openrecombinhunt/src/06_recombinhunt/run_recombinhunt.py", line 203, in run_recombinhunt_for_lineage
    'case_report_folder': str(case_report_folder.relative_to(PROJECT_ROOT))
  File "/home/topcuoglu/miniconda3/envs/orh/lib/python3.10/pathlib.py", line 818, in relative_to
    raise ValueError("{!r} is not in the subpath of {!r}"
ValueError: 'results/recombinhunt_output/yellow-fever/dist3size10/structured_reports/case_3_OP508621.1' is not in the subpath of '/home/topcuoglu/openrecombinhunt' OR one path is relative and the other is absolute.
ERROR:   Error on one sample in lineage A.1: 'results/recombinhunt_output/yellow-fever/dist3size10/structured_reports/case_3_OP508634.1' is not in the subpath of '/home/topcuoglu/openrecombinhunt' OR one path is relative and the other is absolute.
Traceback (most recent call last):
  File "/home/topcuoglu/openrecombinhunt/src/06_recombinhunt/run_recombinhunt.py", line 203, in run_recombinhunt_for_lineage
    'case_report_folder': str(case_report_folder.relative_to(PROJECT_ROOT))
  File "/home/topcuoglu/miniconda3/envs/orh/lib/python3.10/pathlib.py", line 818, in relative_to
    raise ValueError("{!r} is not in the subpath of {!r}"
ValueError: 'results/recombinhunt_output/yellow-fever/dist3size10/structured_reports/case_3_OP508634.1' is not in the subpath of '/home/topcuoglu/openrecombinhunt' OR one path is relative and the other is absolute.
ERROR:   Error on one sample in lineage A.1: 'results/recombinhunt_output/yellow-fever/dist3size10/structured_reports/case_3_OP508637.1' is not in the subpath of '/home/topcuoglu/openrecombinhunt' OR one path is relative and the other is absolute.
Traceback (most recent call last):
  File "/home/topcuoglu/openrecombinhunt/src/06_recombinhunt/run_recombinhunt.py", line 203, in run_recombinhunt_for_lineage
    'case_report_folder': str(case_report_folder.relative_to(PROJECT_ROOT))
  File "/home/topcuoglu/miniconda3/envs/orh/lib/python3.10/pathlib.py", line 818, in relative_to
    raise ValueError("{!r} is not in the subpath of {!r}"
ValueError: 'results/recombinhunt_output/yellow-fever/dist3size10/structured_reports/case_3_OP508637.1' is not in the subpath of '/home/topcuoglu/openrecombinhunt' OR one path is relative and the other is absolute.
ERROR:   Error on one sample in lineage A.1: 'results/recombinhunt_output/yellow-fever/dist3size10/structured_reports/case_3_OP508639.1' is not in the subpath of '/home/topcuoglu/openrecombinhunt' OR one path is relative and the other is absolute.
Traceback (most recent call last):
  File "/home/topcuoglu/openrecombinhunt/src/06_recombinhunt/run_recombinhunt.py", line 203, in run_recombinhunt_for_lineage
    'case_report_folder': str(case_report_folder.relative_to(PROJECT_ROOT))
  File "/home/topcuoglu/miniconda3/envs/orh/lib/python3.10/pathlib.py", line 818, in relative_to
    raise ValueError("{!r} is not in the subpath of {!r}"
ValueError: 'results/recombinhunt_output/yellow-fever/dist3size10/structured_reports/case_3_OP508639.1' is not in the subpath of '/home/topcuoglu/openrecombinhunt' OR one path is relative and the other is absolute.
ERROR:   Error on one sample in lineage A.1: 'results/recombinhunt_output/yellow-fever/dist3size10/structured_reports/case_3_OP508641.1' is not in the subpath of '/home/topcuoglu/openrecombinhunt' OR one path is relative and the other is absolute.
Traceback (most recent call last):
  File "/home/topcuoglu/openrecombinhunt/src/06_recombinhunt/run_recombinhunt.py", line 203, in run_recombinhunt_for_lineage
    'case_report_folder': str(case_report_folder.relative_to(PROJECT_ROOT))
  File "/home/topcuoglu/miniconda3/envs/orh/lib/python3.10/pathlib.py", line 818, in relative_to
    raise ValueError("{!r} is not in the subpath of {!r}"
ValueError: 'results/recombinhunt_output/yellow-fever/dist3size10/structured_reports/case_3_OP508641.1' is not in the subpath of '/home/topcuoglu/openrecombinhunt' OR one path is relative and the other is absolute.
ERROR:   Error on one sample in lineage A.1: 'results/recombinhunt_output/yellow-fever/dist3size10/structured_reports/case_3_OP508571.1' is not in the subpath of '/home/topcuoglu/openrecombinhunt' OR one path is relative and the other is absolute.
Traceback (most recent call last):
  File "/home/topcuoglu/openrecombinhunt/src/06_recombinhunt/run_recombinhunt.py", line 203, in run_recombinhunt_for_lineage
    'case_report_folder': str(case_report_folder.relative_to(PROJECT_ROOT))
  File "/home/topcuoglu/miniconda3/envs/orh/lib/python3.10/pathlib.py", line 818, in relative_to
    raise ValueError("{!r} is not in the subpath of {!r}"
ValueError: 'results/recombinhunt_output/yellow-fever/dist3size10/structured_reports/case_3_OP508571.1' is not in the subpath of '/home/topcuoglu/openrecombinhunt' OR one path is relative and the other is absolute.
ERROR:   Error on one sample in lineage A.1: 'results/recombinhunt_output/yellow-fever/dist3size10/structured_reports/case_3_OP508653.1' is not in the subpath of '/home/topcuoglu/openrecombinhunt' OR one path is relative and the other is absolute.
Traceback (most recent call last):
  File "/home/topcuoglu/openrecombinhunt/src/06_recombinhunt/run_recombinhunt.py", line 203, in run_recombinhunt_for_lineage
    'case_report_folder': str(case_report_folder.relative_to(PROJECT_ROOT))
  File "/home/topcuoglu/miniconda3/envs/orh/lib/python3.10/pathlib.py", line 818, in relative_to
    raise ValueError("{!r} is not in the subpath of {!r}"
ValueError: 'results/recombinhunt_output/yellow-fever/dist3size10/structured_reports/case_3_OP508653.1' is not in the subpath of '/home/topcuoglu/openrecombinhunt' OR one path is relative and the other is absolute.
ERROR:   Error on one sample in lineage A.1: 'results/recombinhunt_output/yellow-fever/dist3size10/structured_reports/case_3_OP508655.1' is not in the subpath of '/home/topcuoglu/openrecombinhunt' OR one path is relative and the other is absolute.
Traceback (most recent call last):
  File "/home/topcuoglu/openrecombinhunt/src/06_recombinhunt/run_recombinhunt.py", line 203, in run_recombinhunt_for_lineage
    'case_report_folder': str(case_report_folder.relative_to(PROJECT_ROOT))
  File "/home/topcuoglu/miniconda3/envs/orh/lib/python3.10/pathlib.py", line 818, in relative_to
    raise ValueError("{!r} is not in the subpath of {!r}"
ValueError: 'results/recombinhunt_output/yellow-fever/dist3size10/structured_reports/case_3_OP508655.1' is not in the subpath of '/home/topcuoglu/openrecombinhunt' OR one path is relative and the other is absolute.
ERROR:   Error on one sample in lineage A.1: 'results/recombinhunt_output/yellow-fever/dist3size10/structured_reports/case_3_OP508701.1' is not in the subpath of '/home/topcuoglu/openrecombinhunt' OR one path is relative and the other is absolute.
Traceback (most recent call last):
  File "/home/topcuoglu/openrecombinhunt/src/06_recombinhunt/run_recombinhunt.py", line 203, in run_recombinhunt_for_lineage
    'case_report_folder': str(case_report_folder.relative_to(PROJECT_ROOT))
  File "/home/topcuoglu/miniconda3/envs/orh/lib/python3.10/pathlib.py", line 818, in relative_to
    raise ValueError("{!r} is not in the subpath of {!r}"
ValueError: 'results/recombinhunt_output/yellow-fever/dist3size10/structured_reports/case_3_OP508701.1' is not in the subpath of '/home/topcuoglu/openrecombinhunt' OR one path is relative and the other is absolute.
ERROR:   Error on one sample in lineage A.1: 'results/recombinhunt_output/yellow-fever/dist3size10/structured_reports/case_3_OP508707.1' is not in the subpath of '/home/topcuoglu/openrecombinhunt' OR one path is relative and the other is absolute.
Traceback (most recent call last):
  File "/home/topcuoglu/openrecombinhunt/src/06_recombinhunt/run_recombinhunt.py", line 203, in run_recombinhunt_for_lineage
    'case_report_folder': str(case_report_folder.relative_to(PROJECT_ROOT))
  File "/home/topcuoglu/miniconda3/envs/orh/lib/python3.10/pathlib.py", line 818, in relative_to
    raise ValueError("{!r} is not in the subpath of {!r}"
ValueError: 'results/recombinhunt_output/yellow-fever/dist3size10/structured_reports/case_3_OP508707.1' is not in the subpath of '/home/topcuoglu/openrecombinhunt' OR one path is relative and the other is absolute.
ERROR:   Error on one sample in lineage A.1: 'results/recombinhunt_output/yellow-fever/dist3size10/structured_reports/case_3_OP508697.1' is not in the subpath of '/home/topcuoglu/openrecombinhunt' OR one path is relative and the other is absolute.
Traceback (most recent call last):
  File "/home/topcuoglu/openrecombinhunt/src/06_recombinhunt/run_recombinhunt.py", line 203, in run_recombinhunt_for_lineage
    'case_report_folder': str(case_report_folder.relative_to(PROJECT_ROOT))
  File "/home/topcuoglu/miniconda3/envs/orh/lib/python3.10/pathlib.py", line 818, in relative_to
    raise ValueError("{!r} is not in the subpath of {!r}"
ValueError: 'results/recombinhunt_output/yellow-fever/dist3size10/structured_reports/case_3_OP508697.1' is not in the subpath of '/home/topcuoglu/openrecombinhunt' OR one path is relative and the other is absolute.
ERROR:   Error on one sample in lineage A.1: 'results/recombinhunt_output/yellow-fever/dist3size10/structured_reports/case_3_OP508672.1' is not in the subpath of '/home/topcuoglu/openrecombinhunt' OR one path is relative and the other is absolute.
Traceback (most recent call last):
  File "/home/topcuoglu/openrecombinhunt/src/06_recombinhunt/run_recombinhunt.py", line 203, in run_recombinhunt_for_lineage
    'case_report_folder': str(case_report_folder.relative_to(PROJECT_ROOT))
  File "/home/topcuoglu/miniconda3/envs/orh/lib/python3.10/pathlib.py", line 818, in relative_to
    raise ValueError("{!r} is not in the subpath of {!r}"
ValueError: 'results/recombinhunt_output/yellow-fever/dist3size10/structured_reports/case_3_OP508672.1' is not in the subpath of '/home/topcuoglu/openrecombinhunt' OR one path is relative and the other is absolute.
ERROR:   Error on one sample in lineage A.1: 'results/recombinhunt_output/yellow-fever/dist3size10/structured_reports/case_3_OP508670.1' is not in the subpath of '/home/topcuoglu/openrecombinhunt' OR one path is relative and the other is absolute.
Traceback (most recent call last):
  File "/home/topcuoglu/openrecombinhunt/src/06_recombinhunt/run_recombinhunt.py", line 203, in run_recombinhunt_for_lineage
    'case_report_folder': str(case_report_folder.relative_to(PROJECT_ROOT))
  File "/home/topcuoglu/miniconda3/envs/orh/lib/python3.10/pathlib.py", line 818, in relative_to
    raise ValueError("{!r} is not in the subpath of {!r}"
ValueError: 'results/recombinhunt_output/yellow-fever/dist3size10/structured_reports/case_3_OP508670.1' is not in the subpath of '/home/topcuoglu/openrecombinhunt' OR one path is relative and the other is absolute.
ERROR:   Error on one sample in lineage A.1: 'results/recombinhunt_output/yellow-fever/dist3size10/structured_reports/case_3_OP508674.1' is not in the subpath of '/home/topcuoglu/openrecombinhunt' OR one path is relative and the other is absolute.
Traceback (most recent call last):
  File "/home/topcuoglu/openrecombinhunt/src/06_recombinhunt/run_recombinhunt.py", line 203, in run_recombinhunt_for_lineage
    'case_report_folder': str(case_report_folder.relative_to(PROJECT_ROOT))
  File "/home/topcuoglu/miniconda3/envs/orh/lib/python3.10/pathlib.py", line 818, in relative_to
    raise ValueError("{!r} is not in the subpath of {!r}"
ValueError: 'results/recombinhunt_output/yellow-fever/dist3size10/structured_reports/case_3_OP508674.1' is not in the subpath of '/home/topcuoglu/openrecombinhunt' OR one path is relative and the other is absolute.
ERROR:   Error on one sample in lineage A.1: 'results/recombinhunt_output/yellow-fever/dist3size10/structured_reports/case_3_OP508673.1' is not in the subpath of '/home/topcuoglu/openrecombinhunt' OR one path is relative and the other is absolute.
Traceback (most recent call last):
  File "/home/topcuoglu/openrecombinhunt/src/06_recombinhunt/run_recombinhunt.py", line 203, in run_recombinhunt_for_lineage
    'case_report_folder': str(case_report_folder.relative_to(PROJECT_ROOT))
  File "/home/topcuoglu/miniconda3/envs/orh/lib/python3.10/pathlib.py", line 818, in relative_to
    raise ValueError("{!r} is not in the subpath of {!r}"
ValueError: 'results/recombinhunt_output/yellow-fever/dist3size10/structured_reports/case_3_OP508673.1' is not in the subpath of '/home/topcuoglu/openrecombinhunt' OR one path is relative and the other is absolute.
ERROR:   Error on one sample in lineage A.1: 'results/recombinhunt_output/yellow-fever/dist3size10/structured_reports/case_3_OP508579.1' is not in the subpath of '/home/topcuoglu/openrecombinhunt' OR one path is relative and the other is absolute.
Traceback (most recent call last):
  File "/home/topcuoglu/openrecombinhunt/src/06_recombinhunt/run_recombinhunt.py", line 203, in run_recombinhunt_for_lineage
    'case_report_folder': str(case_report_folder.relative_to(PROJECT_ROOT))
  File "/home/topcuoglu/miniconda3/envs/orh/lib/python3.10/pathlib.py", line 818, in relative_to
    raise ValueError("{!r} is not in the subpath of {!r}"
ValueError: 'results/recombinhunt_output/yellow-fever/dist3size10/structured_reports/case_3_OP508579.1' is not in the subpath of '/home/topcuoglu/openrecombinhunt' OR one path is relative and the other is absolute.
ERROR:   Error on one sample in lineage A.1: 'results/recombinhunt_output/yellow-fever/dist3size10/structured_reports/case_3_PQ276811.1' is not in the subpath of '/home/topcuoglu/openrecombinhunt' OR one path is relative and the other is absolute.
Traceback (most recent call last):
  File "/home/topcuoglu/openrecombinhunt/src/06_recombinhunt/run_recombinhunt.py", line 203, in run_recombinhunt_for_lineage
    'case_report_folder': str(case_report_folder.relative_to(PROJECT_ROOT))
  File "/home/topcuoglu/miniconda3/envs/orh/lib/python3.10/pathlib.py", line 818, in relative_to
    raise ValueError("{!r} is not in the subpath of {!r}"
ValueError: 'results/recombinhunt_output/yellow-fever/dist3size10/structured_reports/case_3_PQ276811.1' is not in the subpath of '/home/topcuoglu/openrecombinhunt' OR one path is relative and the other is absolute.
ERROR:   Error on one sample in lineage A.1: 'results/recombinhunt_output/yellow-fever/dist3size10/structured_reports/case_3_PV710608.1' is not in the subpath of '/home/topcuoglu/openrecombinhunt' OR one path is relative and the other is absolute.
Traceback (most recent call last):
  File "/home/topcuoglu/openrecombinhunt/src/06_recombinhunt/run_recombinhunt.py", line 203, in run_recombinhunt_for_lineage
    'case_report_folder': str(case_report_folder.relative_to(PROJECT_ROOT))
  File "/home/topcuoglu/miniconda3/envs/orh/lib/python3.10/pathlib.py", line 818, in relative_to
    raise ValueError("{!r} is not in the subpath of {!r}"
ValueError: 'results/recombinhunt_output/yellow-fever/dist3size10/structured_reports/case_3_PV710608.1' is not in the subpath of '/home/topcuoglu/openrecombinhunt' OR one path is relative and the other is absolute.
ERROR:   Error on one sample in lineage A.1: 'results/recombinhunt_output/yellow-fever/dist3size10/structured_reports/case_3_OR237970.1' is not in the subpath of '/home/topcuoglu/openrecombinhunt' OR one path is relative and the other is absolute.
Traceback (most recent call last):
  File "/home/topcuoglu/openrecombinhunt/src/06_recombinhunt/run_recombinhunt.py", line 203, in run_recombinhunt_for_lineage
    'case_report_folder': str(case_report_folder.relative_to(PROJECT_ROOT))
  File "/home/topcuoglu/miniconda3/envs/orh/lib/python3.10/pathlib.py", line 818, in relative_to
    raise ValueError("{!r} is not in the subpath of {!r}"
ValueError: 'results/recombinhunt_output/yellow-fever/dist3size10/structured_reports/case_3_OR237970.1' is not in the subpath of '/home/topcuoglu/openrecombinhunt' OR one path is relative and the other is absolute.
ERROR:   Error on one sample in lineage A.1: 'results/recombinhunt_output/yellow-fever/dist3size10/structured_reports/case_3_PP477075.1' is not in the subpath of '/home/topcuoglu/openrecombinhunt' OR one path is relative and the other is absolute.
Traceback (most recent call last):
  File "/home/topcuoglu/openrecombinhunt/src/06_recombinhunt/run_recombinhunt.py", line 203, in run_recombinhunt_for_lineage
    'case_report_folder': str(case_report_folder.relative_to(PROJECT_ROOT))
  File "/home/topcuoglu/miniconda3/envs/orh/lib/python3.10/pathlib.py", line 818, in relative_to
    raise ValueError("{!r} is not in the subpath of {!r}"
ValueError: 'results/recombinhunt_output/yellow-fever/dist3size10/structured_reports/case_3_PP477075.1' is not in the subpath of '/home/topcuoglu/openrecombinhunt' OR one path is relative and the other is absolute.
ERROR:   Error on one sample in lineage A.1: 'results/recombinhunt_output/yellow-fever/dist3size10/structured_reports/case_3_PP869888.1' is not in the subpath of '/home/topcuoglu/openrecombinhunt' OR one path is relative and the other is absolute.
Traceback (most recent call last):
  File "/home/topcuoglu/openrecombinhunt/src/06_recombinhunt/run_recombinhunt.py", line 203, in run_recombinhunt_for_lineage
    'case_report_folder': str(case_report_folder.relative_to(PROJECT_ROOT))
  File "/home/topcuoglu/miniconda3/envs/orh/lib/python3.10/pathlib.py", line 818, in relative_to
    raise ValueError("{!r} is not in the subpath of {!r}"
ValueError: 'results/recombinhunt_output/yellow-fever/dist3size10/structured_reports/case_3_PP869888.1' is not in the subpath of '/home/topcuoglu/openrecombinhunt' OR one path is relative and the other is absolute.
ERROR:   Error on one sample in lineage A.1: 'results/recombinhunt_output/yellow-fever/dist3size10/structured_reports/case_3_PV710606.1' is not in the subpath of '/home/topcuoglu/openrecombinhunt' OR one path is relative and the other is absolute.
Traceback (most recent call last):
  File "/home/topcuoglu/openrecombinhunt/src/06_recombinhunt/run_recombinhunt.py", line 203, in run_recombinhunt_for_lineage
    'case_report_folder': str(case_report_folder.relative_to(PROJECT_ROOT))
  File "/home/topcuoglu/miniconda3/envs/orh/lib/python3.10/pathlib.py", line 818, in relative_to
    raise ValueError("{!r} is not in the subpath of {!r}"
ValueError: 'results/recombinhunt_output/yellow-fever/dist3size10/structured_reports/case_3_PV710606.1' is not in the subpath of '/home/topcuoglu/openrecombinhunt' OR one path is relative and the other is absolute.
ERROR:   Error on one sample in lineage A.1: 'results/recombinhunt_output/yellow-fever/dist3size10/structured_reports/case_3_PV710607.1' is not in the subpath of '/home/topcuoglu/openrecombinhunt' OR one path is relative and the other is absolute.
Traceback (most recent call last):
  File "/home/topcuoglu/openrecombinhunt/src/06_recombinhunt/run_recombinhunt.py", line 203, in run_recombinhunt_for_lineage
    'case_report_folder': str(case_report_folder.relative_to(PROJECT_ROOT))
  File "/home/topcuoglu/miniconda3/envs/orh/lib/python3.10/pathlib.py", line 818, in relative_to
    raise ValueError("{!r} is not in the subpath of {!r}"
ValueError: 'results/recombinhunt_output/yellow-fever/dist3size10/structured_reports/case_3_PV710607.1' is not in the subpath of '/home/topcuoglu/openrecombinhunt' OR one path is relative and the other is absolute.
ERROR:   Error on one sample in lineage A.1: 'results/recombinhunt_output/yellow-fever/dist3size10/structured_reports/case_3_PV710587.1' is not in the subpath of '/home/topcuoglu/openrecombinhunt' OR one path is relative and the other is absolute.
Traceback (most recent call last):
  File "/home/topcuoglu/openrecombinhunt/src/06_recombinhunt/run_recombinhunt.py", line 203, in run_recombinhunt_for_lineage
    'case_report_folder': str(case_report_folder.relative_to(PROJECT_ROOT))
  File "/home/topcuoglu/miniconda3/envs/orh/lib/python3.10/pathlib.py", line 818, in relative_to
    raise ValueError("{!r} is not in the subpath of {!r}"
ValueError: 'results/recombinhunt_output/yellow-fever/dist3size10/structured_reports/case_3_PV710587.1' is not in the subpath of '/home/topcuoglu/openrecombinhunt' OR one path is relative and the other is absolute.
ERROR:   Error on one sample in lineage A.1: 'results/recombinhunt_output/yellow-fever/dist3size10/structured_reports/case_3_PV710596.1' is not in the subpath of '/home/topcuoglu/openrecombinhunt' OR one path is relative and the other is absolute.
Traceback (most recent call last):
  File "/home/topcuoglu/openrecombinhunt/src/06_recombinhunt/run_recombinhunt.py", line 203, in run_recombinhunt_for_lineage
    'case_report_folder': str(case_report_folder.relative_to(PROJECT_ROOT))
  File "/home/topcuoglu/miniconda3/envs/orh/lib/python3.10/pathlib.py", line 818, in relative_to
    raise ValueError("{!r} is not in the subpath of {!r}"
ValueError: 'results/recombinhunt_output/yellow-fever/dist3size10/structured_reports/case_3_PV710596.1' is not in the subpath of '/home/topcuoglu/openrecombinhunt' OR one path is relative and the other is absolute.
ERROR:   Error on one sample in lineage A.1: 'results/recombinhunt_output/yellow-fever/dist3size10/structured_reports/case_3_PV710593.1' is not in the subpath of '/home/topcuoglu/openrecombinhunt' OR one path is relative and the other is absolute.
Traceback (most recent call last):
  File "/home/topcuoglu/openrecombinhunt/src/06_recombinhunt/run_recombinhunt.py", line 203, in run_recombinhunt_for_lineage
    'case_report_folder': str(case_report_folder.relative_to(PROJECT_ROOT))
  File "/home/topcuoglu/miniconda3/envs/orh/lib/python3.10/pathlib.py", line 818, in relative_to
    raise ValueError("{!r} is not in the subpath of {!r}"
ValueError: 'results/recombinhunt_output/yellow-fever/dist3size10/structured_reports/case_3_PV710593.1' is not in the subpath of '/home/topcuoglu/openrecombinhunt' OR one path is relative and the other is absolute.
ERROR:   Error on one sample in lineage A.1: 'results/recombinhunt_output/yellow-fever/dist3size10/structured_reports/case_3_PV710595.1' is not in the subpath of '/home/topcuoglu/openrecombinhunt' OR one path is relative and the other is absolute.
Traceback (most recent call last):
  File "/home/topcuoglu/openrecombinhunt/src/06_recombinhunt/run_recombinhunt.py", line 203, in run_recombinhunt_for_lineage
    'case_report_folder': str(case_report_folder.relative_to(PROJECT_ROOT))
  File "/home/topcuoglu/miniconda3/envs/orh/lib/python3.10/pathlib.py", line 818, in relative_to
    raise ValueError("{!r} is not in the subpath of {!r}"
ValueError: 'results/recombinhunt_output/yellow-fever/dist3size10/structured_reports/case_3_PV710595.1' is not in the subpath of '/home/topcuoglu/openrecombinhunt' OR one path is relative and the other is absolute.
ERROR:   Error on one sample in lineage A.1: 'results/recombinhunt_output/yellow-fever/dist3size10/structured_reports/case_3_PV710597.1' is not in the subpath of '/home/topcuoglu/openrecombinhunt' OR one path is relative and the other is absolute.
Traceback (most recent call last):
  File "/home/topcuoglu/openrecombinhunt/src/06_recombinhunt/run_recombinhunt.py", line 203, in run_recombinhunt_for_lineage
    'case_report_folder': str(case_report_folder.relative_to(PROJECT_ROOT))
  File "/home/topcuoglu/miniconda3/envs/orh/lib/python3.10/pathlib.py", line 818, in relative_to
    raise ValueError("{!r} is not in the subpath of {!r}"
ValueError: 'results/recombinhunt_output/yellow-fever/dist3size10/structured_reports/case_3_PV710597.1' is not in the subpath of '/home/topcuoglu/openrecombinhunt' OR one path is relative and the other is absolute.
ERROR:   Error on one sample in lineage A.1: 'results/recombinhunt_output/yellow-fever/dist3size10/structured_reports/case_3_PV710599.1' is not in the subpath of '/home/topcuoglu/openrecombinhunt' OR one path is relative and the other is absolute.
Traceback (most recent call last):
  File "/home/topcuoglu/openrecombinhunt/src/06_recombinhunt/run_recombinhunt.py", line 203, in run_recombinhunt_for_lineage
    'case_report_folder': str(case_report_folder.relative_to(PROJECT_ROOT))
  File "/home/topcuoglu/miniconda3/envs/orh/lib/python3.10/pathlib.py", line 818, in relative_to
    raise ValueError("{!r} is not in the subpath of {!r}"
ValueError: 'results/recombinhunt_output/yellow-fever/dist3size10/structured_reports/case_3_PV710599.1' is not in the subpath of '/home/topcuoglu/openrecombinhunt' OR one path is relative and the other is absolute.
ERROR:   Error on one sample in lineage A.1: 'results/recombinhunt_output/yellow-fever/dist3size10/structured_reports/case_3_PV710600.1' is not in the subpath of '/home/topcuoglu/openrecombinhunt' OR one path is relative and the other is absolute.
Traceback (most recent call last):
  File "/home/topcuoglu/openrecombinhunt/src/06_recombinhunt/run_recombinhunt.py", line 203, in run_recombinhunt_for_lineage
    'case_report_folder': str(case_report_folder.relative_to(PROJECT_ROOT))
  File "/home/topcuoglu/miniconda3/envs/orh/lib/python3.10/pathlib.py", line 818, in relative_to
    raise ValueError("{!r} is not in the subpath of {!r}"
ValueError: 'results/recombinhunt_output/yellow-fever/dist3size10/structured_reports/case_3_PV710600.1' is not in the subpath of '/home/topcuoglu/openrecombinhunt' OR one path is relative and the other is absolute.
ERROR:   Error on one sample in lineage A.1: 'results/recombinhunt_output/yellow-fever/dist3size10/structured_reports/case_3_PV710602.1' is not in the subpath of '/home/topcuoglu/openrecombinhunt' OR one path is relative and the other is absolute.
Traceback (most recent call last):
  File "/home/topcuoglu/openrecombinhunt/src/06_recombinhunt/run_recombinhunt.py", line 203, in run_recombinhunt_for_lineage
    'case_report_folder': str(case_report_folder.relative_to(PROJECT_ROOT))
  File "/home/topcuoglu/miniconda3/envs/orh/lib/python3.10/pathlib.py", line 818, in relative_to
    raise ValueError("{!r} is not in the subpath of {!r}"
ValueError: 'results/recombinhunt_output/yellow-fever/dist3size10/structured_reports/case_3_PV710602.1' is not in the subpath of '/home/topcuoglu/openrecombinhunt' OR one path is relative and the other is absolute.
ERROR:   Error on one sample in lineage A.1: 'results/recombinhunt_output/yellow-fever/dist3size10/structured_reports/case_3_PV710603.1' is not in the subpath of '/home/topcuoglu/openrecombinhunt' OR one path is relative and the other is absolute.
Traceback (most recent call last):
  File "/home/topcuoglu/openrecombinhunt/src/06_recombinhunt/run_recombinhunt.py", line 203, in run_recombinhunt_for_lineage
    'case_report_folder': str(case_report_folder.relative_to(PROJECT_ROOT))
  File "/home/topcuoglu/miniconda3/envs/orh/lib/python3.10/pathlib.py", line 818, in relative_to
    raise ValueError("{!r} is not in the subpath of {!r}"
ValueError: 'results/recombinhunt_output/yellow-fever/dist3size10/structured_reports/case_3_PV710603.1' is not in the subpath of '/home/topcuoglu/openrecombinhunt' OR one path is relative and the other is absolute.
ERROR:   Error on one sample in lineage A.1: 'results/recombinhunt_output/yellow-fever/dist3size10/structured_reports/case_3_PV710604.1' is not in the subpath of '/home/topcuoglu/openrecombinhunt' OR one path is relative and the other is absolute.
Traceback (most recent call last):
  File "/home/topcuoglu/openrecombinhunt/src/06_recombinhunt/run_recombinhunt.py", line 203, in run_recombinhunt_for_lineage
    'case_report_folder': str(case_report_folder.relative_to(PROJECT_ROOT))
  File "/home/topcuoglu/miniconda3/envs/orh/lib/python3.10/pathlib.py", line 818, in relative_to
    raise ValueError("{!r} is not in the subpath of {!r}"
ValueError: 'results/recombinhunt_output/yellow-fever/dist3size10/structured_reports/case_3_PV710604.1' is not in the subpath of '/home/topcuoglu/openrecombinhunt' OR one path is relative and the other is absolute.
INFO: Text report saved to: results/recombinhunt_output/yellow-fever/dist3size10/experiment-output.all.txt
INFO: HTML report saved to: results/recombinhunt_output/yellow-fever/dist3size10/experiment-detail.all.html
INFO: RecombinHunt experiment step finished successfully.

2025-07-29 11:38:26,768 - WARNING - Stderr from step:
/home/topcuoglu/openrecombinhunt/libs/recombinhunt-cov-7.0.0/src/recombinhunt/core/environment.py:237: UserWarning: RecombinHunt 5.+ expects a candidates_hierarchy.json in the environment dir but the file is missing. Backward compatibility is possible by calling Environment.embed_candidates_hierarchy() with a CandidatesHierarchy object. Resorting to default CandidatesHierarchy.
  warnings.warn("RecombinHunt 5.+ expects a candidates_hierarchy.json in the environment dir but the file is missing. Backward compatibility is possible by"

Running Experiments:   0%|          | 0/3 [00:00<?, ?it/s]
Running Experiments:  33%|      | 1/3 [00:04<00:09,  4.90s/it]
Running Experiments:  67%|   | 2/3 [00:16<00:08,  8.63s/it]
Running Experiments: 100%|| 3/3 [00:48<00:00, 19.41s/it]
Running Experiments: 100%|| 3/3 [00:48<00:00, 16.12s/it]

2025-07-29 11:38:26,768 - INFO - --- Step Succeeded: /home/topcuoglu/miniconda3/envs/orh/bin/python3 src/06_recombinhunt/run_recombinhunt.py --virus yellow-fever --config config/config.yaml ---
2025-07-29 11:38:26,769 - INFO - ================== PIPELINE FOR YELLOW-FEVER FINISHED ==================


