2025-07-21 11:16:52,659 - INFO - Logging initialized. Log file at: logs/20250721_111652_sars-cov-2_pipeline_run.log
2025-07-21 11:16:52,659 - INFO - ================== STARTING PIPELINE FOR: SARS-COV-2 ==================
2025-07-21 11:16:52,659 - INFO - --- Executing: /home/topcuoglu/miniconda3/envs/orh/bin/python3 src/06_recombinhunt/run_recombinhunt.py --virus sars-cov-2 --config config/config.yaml ---
2025-07-21 16:18:20,297 - INFO - Stdout from step:
INFO: Logging initialized. Log file at: logs/20250721_111653_sars-cov-2_06_run_recombinhunt.log
INFO: --- Starting Step 6: Run RecombinHunt for 'sars-cov-2' ---
INFO: Loading RecombinHunt environment from: environments/sars-cov-2/dist0size0
Starting formal checks of the environment...
INFO: Loading lineage totals from 'samples/sars-cov-2/dist0size0/samples_total.json'
INFO: Found 132 sample files in 'samples/sars-cov-2/dist0size0'.
INFO:   Lineage 'XCJ', Mode 'random': Requested 100, available 1. Processing all available.
INFO:   Lineage 'XG', Mode 'random': Sampled 100 of 319 available.
INFO:   Lineage 'XM', Mode 'random': Sampled 100 of 188 available.
INFO:   Lineage 'XAT', Mode 'random': Requested 100, available 2. Processing all available.
INFO:   Lineage 'XDV', Mode 'random': Requested 100, available 7. Processing all available.
INFO:   Lineage 'XCV', Mode 'random': Requested 100, available 58. Processing all available.
INFO:   Lineage 'XCL', Mode 'random': Requested 100, available 71. Processing all available.
INFO:   Lineage 'XD', Mode 'random': Requested 100, available 11. Processing all available.
INFO:   Lineage 'XS', Mode 'random': Requested 100, available 23. Processing all available.
INFO:   Lineage 'XAM', Mode 'random': Requested 100, available 73. Processing all available.
INFO:   Lineage 'XFP', Mode 'random': Requested 100, available 6. Processing all available.
INFO:   Lineage 'XAF', Mode 'random': Requested 100, available 30. Processing all available.
INFO:   Lineage 'XEJ', Mode 'random': Requested 100, available 6. Processing all available.
INFO:   Lineage 'XF', Mode 'random': Requested 100, available 20. Processing all available.
INFO:   Lineage 'XAC', Mode 'random': Requested 100, available 36. Processing all available.
INFO:   Lineage 'XDK', Mode 'random': Sampled 100 of 150 available.
INFO:   Lineage 'XDH', Mode 'random': Requested 100, available 2. Processing all available.
INFO:   Lineage 'XAP', Mode 'random': Requested 100, available 41. Processing all available.
INFO:   Lineage 'XEE', Mode 'random': Requested 100, available 28. Processing all available.
INFO:   Lineage 'XAL', Mode 'random': Requested 100, available 60. Processing all available.
INFO:   Lineage 'XAG', Mode 'random': Requested 100, available 26. Processing all available.
INFO:   Lineage 'XCQ', Mode 'random': Requested 100, available 10. Processing all available.
INFO:   Lineage 'XL', Mode 'random': Requested 100, available 75. Processing all available.
INFO:   Lineage 'XBG', Mode 'random': Requested 100, available 66. Processing all available.
INFO:   Lineage 'XDY', Mode 'random': Sampled 100 of 211 available.
INFO:   Lineage 'XBT', Mode 'random': Requested 100, available 52. Processing all available.
ERROR:   Error on one sample in lineage XBT: 
Traceback (most recent call last):
  File "/home/topcuoglu/openrecombinhunt/src/06_recombinhunt/run_recombinhunt.py", line 155, in run_recombinhunt_for_lineage
    assert set(nuc_change_data_list).issubset(set(experiment_environment.c2lp_df.index))
AssertionError
INFO:   Lineage 'XFK', Mode 'random': Requested 100, available 1. Processing all available.
INFO:   Lineage 'XAZ', Mode 'random': Sampled 100 of 477 available.
ERROR:   Error on one sample in lineage XAZ: 
Traceback (most recent call last):
  File "/home/topcuoglu/openrecombinhunt/src/06_recombinhunt/run_recombinhunt.py", line 155, in run_recombinhunt_for_lineage
    assert set(nuc_change_data_list).issubset(set(experiment_environment.c2lp_df.index))
AssertionError
INFO:   Lineage 'XCU', Mode 'random': Requested 100, available 2. Processing all available.
INFO:   Lineage 'XBH', Mode 'random': Requested 100, available 11. Processing all available.
INFO:   Lineage 'XAJ', Mode 'random': Requested 100, available 46. Processing all available.
INFO:   Lineage 'XBF', Mode 'random': Sampled 100 of 606 available.
ERROR:   Error on one sample in lineage XBF: 
Traceback (most recent call last):
  File "/home/topcuoglu/openrecombinhunt/src/06_recombinhunt/run_recombinhunt.py", line 155, in run_recombinhunt_for_lineage
    assert set(nuc_change_data_list).issubset(set(experiment_environment.c2lp_df.index))
AssertionError
INFO:   Lineage 'XCA', Mode 'random': Requested 100, available 31. Processing all available.
INFO:   Lineage 'XBE', Mode 'random': Sampled 100 of 163 available.
INFO:   Lineage 'XCS', Mode 'random': Requested 100, available 1. Processing all available.
INFO:   Lineage 'XAA', Mode 'random': Requested 100, available 57. Processing all available.
INFO:   Lineage 'XEB', Mode 'random': Requested 100, available 12. Processing all available.
INFO:   Lineage 'XV', Mode 'random': Requested 100, available 24. Processing all available.
INFO:   Lineage 'XCZ', Mode 'random': Requested 100, available 17. Processing all available.
INFO:   Lineage 'XBL', Mode 'random': Requested 100, available 26. Processing all available.
INFO:   Lineage 'XDF', Mode 'random': Requested 100, available 3. Processing all available.
INFO:   Lineage 'XER', Mode 'random': Requested 100, available 2. Processing all available.
INFO:   Lineage 'XDQ', Mode 'random': Requested 100, available 10. Processing all available.
ERROR:   Error on one sample in lineage XDQ: 
Traceback (most recent call last):
  File "/home/topcuoglu/openrecombinhunt/src/06_recombinhunt/run_recombinhunt.py", line 155, in run_recombinhunt_for_lineage
    assert set(nuc_change_data_list).issubset(set(experiment_environment.c2lp_df.index))
AssertionError
INFO:   Lineage 'XAS', Mode 'random': Sampled 100 of 195 available.
INFO:   Lineage 'XCF', Mode 'random': Requested 100, available 52. Processing all available.
INFO:   Lineage 'XFJ', Mode 'random': Requested 100, available 11. Processing all available.
INFO:   Lineage 'XDN', Mode 'random': Sampled 100 of 137 available.
ERROR:   Error on one sample in lineage XDN: 
Traceback (most recent call last):
  File "/home/topcuoglu/openrecombinhunt/src/06_recombinhunt/run_recombinhunt.py", line 155, in run_recombinhunt_for_lineage
    assert set(nuc_change_data_list).issubset(set(experiment_environment.c2lp_df.index))
AssertionError
INFO:   Lineage 'XAK', Mode 'random': Requested 100, available 58. Processing all available.
INFO:   Lineage 'XW', Mode 'random': Requested 100, available 75. Processing all available.
INFO:   Lineage 'XBN', Mode 'random': Requested 100, available 19. Processing all available.
INFO:   Lineage 'XP', Mode 'random': Requested 100, available 52. Processing all available.
INFO:   Lineage 'XES', Mode 'random': Requested 100, available 58. Processing all available.
INFO:   Lineage 'XCP', Mode 'random': Requested 100, available 77. Processing all available.
ERROR:   Error on one sample in lineage XCP: 
Traceback (most recent call last):
  File "/home/topcuoglu/openrecombinhunt/src/06_recombinhunt/run_recombinhunt.py", line 155, in run_recombinhunt_for_lineage
    assert set(nuc_change_data_list).issubset(set(experiment_environment.c2lp_df.index))
AssertionError
INFO:   Lineage 'XAU', Mode 'random': Requested 100, available 12. Processing all available.
INFO:   Lineage 'XEQ', Mode 'random': Sampled 100 of 260 available.
ERROR:   Error on one sample in lineage XEQ: 
Traceback (most recent call last):
  File "/home/topcuoglu/openrecombinhunt/src/06_recombinhunt/run_recombinhunt.py", line 155, in run_recombinhunt_for_lineage
    assert set(nuc_change_data_list).issubset(set(experiment_environment.c2lp_df.index))
AssertionError
INFO:   Lineage 'XBV', Mode 'random': Requested 100, available 7. Processing all available.
INFO:   Lineage 'XCM', Mode 'random': Requested 100, available 33. Processing all available.
INFO:   Lineage 'XFG', Mode 'random': Sampled 100 of 131 available.
ERROR:   Error on one sample in lineage XFG: 
Traceback (most recent call last):
  File "/home/topcuoglu/openrecombinhunt/src/06_recombinhunt/run_recombinhunt.py", line 155, in run_recombinhunt_for_lineage
    assert set(nuc_change_data_list).issubset(set(experiment_environment.c2lp_df.index))
AssertionError
ERROR:   Error on one sample in lineage XFG: 
Traceback (most recent call last):
  File "/home/topcuoglu/openrecombinhunt/src/06_recombinhunt/run_recombinhunt.py", line 155, in run_recombinhunt_for_lineage
    assert set(nuc_change_data_list).issubset(set(experiment_environment.c2lp_df.index))
AssertionError
WARNING: Gap made of only target mutations (How can it be? It's an almost impossible condition). Target mutation that minimizes the loss has been assigned to the right region).
INFO:   Lineage 'XEG', Mode 'random': Requested 100, available 4. Processing all available.
INFO:   Lineage 'XEL', Mode 'random': Requested 100, available 32. Processing all available.
INFO:   Lineage 'XBD', Mode 'random': Requested 100, available 81. Processing all available.
INFO:   Lineage 'XFH', Mode 'random': Requested 100, available 4. Processing all available.
INFO:   Lineage 'XEK', Mode 'random': Sampled 100 of 282 available.
INFO:   Lineage 'XCK', Mode 'random': Requested 100, available 13. Processing all available.
INFO:   Lineage 'XQ', Mode 'random': Requested 100, available 83. Processing all available.
INFO:   Lineage 'XDL', Mode 'random': Requested 100, available 37. Processing all available.
INFO:   Lineage 'XAB', Mode 'random': Requested 100, available 70. Processing all available.
INFO:   Lineage 'XH', Mode 'random': Sampled 100 of 103 available.
INFO:   Lineage 'XBM', Mode 'random': Requested 100, available 65. Processing all available.
ERROR:   Error on one sample in lineage XBM: 
Traceback (most recent call last):
  File "/home/topcuoglu/openrecombinhunt/src/06_recombinhunt/run_recombinhunt.py", line 155, in run_recombinhunt_for_lineage
    assert set(nuc_change_data_list).issubset(set(experiment_environment.c2lp_df.index))
AssertionError
INFO:   Lineage 'XFL', Mode 'random': Requested 100, available 3. Processing all available.
ERROR:   Error on one sample in lineage XFL: 
Traceback (most recent call last):
  File "/home/topcuoglu/openrecombinhunt/src/06_recombinhunt/run_recombinhunt.py", line 155, in run_recombinhunt_for_lineage
    assert set(nuc_change_data_list).issubset(set(experiment_environment.c2lp_df.index))
AssertionError
ERROR:   Error on one sample in lineage XFL: 
Traceback (most recent call last):
  File "/home/topcuoglu/openrecombinhunt/src/06_recombinhunt/run_recombinhunt.py", line 155, in run_recombinhunt_for_lineage
    assert set(nuc_change_data_list).issubset(set(experiment_environment.c2lp_df.index))
AssertionError
ERROR:   Error on one sample in lineage XFL: 
Traceback (most recent call last):
  File "/home/topcuoglu/openrecombinhunt/src/06_recombinhunt/run_recombinhunt.py", line 155, in run_recombinhunt_for_lineage
    assert set(nuc_change_data_list).issubset(set(experiment_environment.c2lp_df.index))
AssertionError
INFO:   Lineage 'XFB', Mode 'random': Requested 100, available 6. Processing all available.
INFO:   Lineage 'XEC', Mode 'random': Sampled 100 of 5170 available.
ERROR:   Error on one sample in lineage XEC: 
Traceback (most recent call last):
  File "/home/topcuoglu/openrecombinhunt/src/06_recombinhunt/run_recombinhunt.py", line 155, in run_recombinhunt_for_lineage
    assert set(nuc_change_data_list).issubset(set(experiment_environment.c2lp_df.index))
AssertionError
ERROR:   Error on one sample in lineage XEC: 
Traceback (most recent call last):
  File "/home/topcuoglu/openrecombinhunt/src/06_recombinhunt/run_recombinhunt.py", line 155, in run_recombinhunt_for_lineage
    assert set(nuc_change_data_list).issubset(set(experiment_environment.c2lp_df.index))
AssertionError
INFO:   Lineage 'XA', Mode 'random': Requested 100, available 35. Processing all available.
INFO:   Lineage 'XCT', Mode 'random': Requested 100, available 31. Processing all available.
INFO:   Lineage 'XU', Mode 'random': Requested 100, available 2. Processing all available.
INFO:   Lineage 'XBU', Mode 'random': Requested 100, available 8. Processing all available.
ERROR:   Error on one sample in lineage XBU: 
Traceback (most recent call last):
  File "/home/topcuoglu/openrecombinhunt/src/06_recombinhunt/run_recombinhunt.py", line 155, in run_recombinhunt_for_lineage
    assert set(nuc_change_data_list).issubset(set(experiment_environment.c2lp_df.index))
AssertionError
INFO:   Lineage 'XBZ', Mode 'random': Sampled 100 of 150 available.
INFO:   Lineage 'XFC', Mode 'random': Requested 100, available 53. Processing all available.
INFO:   Lineage 'XCC', Mode 'random': Requested 100, available 12. Processing all available.
INFO:   Lineage 'XDG', Mode 'random': Requested 100, available 10. Processing all available.
INFO:   Lineage 'XFM', Mode 'random': Requested 100, available 3. Processing all available.
INFO:   Lineage 'XCE', Mode 'random': Requested 100, available 4. Processing all available.
INFO:   Lineage 'XDC', Mode 'random': Requested 100, available 3. Processing all available.
INFO:   Lineage 'XCY', Mode 'random': Requested 100, available 5. Processing all available.
INFO:   Lineage 'XR', Mode 'random': Requested 100, available 84. Processing all available.
INFO:   Lineage 'XAH', Mode 'random': Requested 100, available 5. Processing all available.
INFO:   Lineage 'XCW', Mode 'random': Requested 100, available 51. Processing all available.
INFO:   Lineage 'XN', Mode 'random': Sampled 100 of 190 available.
INFO:   Lineage 'XE', Mode 'random': Sampled 100 of 1653 available.
ERROR:   Error on one sample in lineage XE: 
Traceback (most recent call last):
  File "/home/topcuoglu/openrecombinhunt/src/06_recombinhunt/run_recombinhunt.py", line 155, in run_recombinhunt_for_lineage
    assert set(nuc_change_data_list).issubset(set(experiment_environment.c2lp_df.index))
AssertionError
INFO:   Lineage 'XFA', Mode 'random': Requested 100, available 2. Processing all available.
INFO:   Lineage 'XZ', Mode 'random': Requested 100, available 70. Processing all available.
INFO:   Lineage 'XBK', Mode 'random': Sampled 100 of 137 available.
ERROR:   Error on one sample in lineage XBK: 
Traceback (most recent call last):
  File "/home/topcuoglu/openrecombinhunt/src/06_recombinhunt/run_recombinhunt.py", line 155, in run_recombinhunt_for_lineage
    assert set(nuc_change_data_list).issubset(set(experiment_environment.c2lp_df.index))
AssertionError
ERROR:   Error on one sample in lineage XBK: 
Traceback (most recent call last):
  File "/home/topcuoglu/openrecombinhunt/src/06_recombinhunt/run_recombinhunt.py", line 155, in run_recombinhunt_for_lineage
    assert set(nuc_change_data_list).issubset(set(experiment_environment.c2lp_df.index))
AssertionError
ERROR:   Error on one sample in lineage XBK: 
Traceback (most recent call last):
  File "/home/topcuoglu/openrecombinhunt/src/06_recombinhunt/run_recombinhunt.py", line 155, in run_recombinhunt_for_lineage
    assert set(nuc_change_data_list).issubset(set(experiment_environment.c2lp_df.index))
AssertionError
INFO:   Lineage 'XDE', Mode 'random': Requested 100, available 10. Processing all available.
INFO:   Lineage 'XEN', Mode 'random': Requested 100, available 28. Processing all available.
ERROR:   Error on one sample in lineage XEN: 
Traceback (most recent call last):
  File "/home/topcuoglu/openrecombinhunt/src/06_recombinhunt/run_recombinhunt.py", line 155, in run_recombinhunt_for_lineage
    assert set(nuc_change_data_list).issubset(set(experiment_environment.c2lp_df.index))
AssertionError
INFO:   Lineage 'XDS', Mode 'random': Requested 100, available 35. Processing all available.
INFO:   Lineage 'XDA', Mode 'random': Sampled 100 of 330 available.
INFO:   Lineage 'XEV', Mode 'random': Requested 100, available 56. Processing all available.
ERROR:   Error on one sample in lineage XEV: 
Traceback (most recent call last):
  File "/home/topcuoglu/openrecombinhunt/src/06_recombinhunt/run_recombinhunt.py", line 155, in run_recombinhunt_for_lineage
    assert set(nuc_change_data_list).issubset(set(experiment_environment.c2lp_df.index))
AssertionError
ERROR:   Error on one sample in lineage XEV: 
Traceback (most recent call last):
  File "/home/topcuoglu/openrecombinhunt/src/06_recombinhunt/run_recombinhunt.py", line 155, in run_recombinhunt_for_lineage
    assert set(nuc_change_data_list).issubset(set(experiment_environment.c2lp_df.index))
AssertionError
ERROR:   Error on one sample in lineage XEV: 
Traceback (most recent call last):
  File "/home/topcuoglu/openrecombinhunt/src/06_recombinhunt/run_recombinhunt.py", line 155, in run_recombinhunt_for_lineage
    assert set(nuc_change_data_list).issubset(set(experiment_environment.c2lp_df.index))
AssertionError
INFO:   Lineage 'XBR', Mode 'random': Requested 100, available 11. Processing all available.
INFO:   Lineage 'XY', Mode 'random': Requested 100, available 63. Processing all available.
INFO:   Lineage 'XAD', Mode 'random': Requested 100, available 28. Processing all available.
INFO:   Lineage 'XEU', Mode 'random': Requested 100, available 18. Processing all available.
INFO:   Lineage 'XEW', Mode 'random': Requested 100, available 18. Processing all available.
INFO:   Lineage 'XBQ', Mode 'random': Requested 100, available 36. Processing all available.
ERROR:   Error on one sample in lineage XBQ: 
Traceback (most recent call last):
  File "/home/topcuoglu/openrecombinhunt/src/06_recombinhunt/run_recombinhunt.py", line 155, in run_recombinhunt_for_lineage
    assert set(nuc_change_data_list).issubset(set(experiment_environment.c2lp_df.index))
AssertionError
INFO:   Lineage 'XAY', Mode 'random': Requested 100, available 1. Processing all available.
INFO:   Lineage 'XAV', Mode 'random': Requested 100, available 25. Processing all available.
INFO:   Lineage 'XEH', Mode 'random': Requested 100, available 40. Processing all available.
INFO:   Lineage 'XAN', Mode 'random': Requested 100, available 51. Processing all available.
ERROR:   Error on one sample in lineage XAN: 
Traceback (most recent call last):
  File "/home/topcuoglu/openrecombinhunt/src/06_recombinhunt/run_recombinhunt.py", line 155, in run_recombinhunt_for_lineage
    assert set(nuc_change_data_list).issubset(set(experiment_environment.c2lp_df.index))
AssertionError
ERROR:   Error on one sample in lineage XAN: 
Traceback (most recent call last):
  File "/home/topcuoglu/openrecombinhunt/src/06_recombinhunt/run_recombinhunt.py", line 155, in run_recombinhunt_for_lineage
    assert set(nuc_change_data_list).issubset(set(experiment_environment.c2lp_df.index))
AssertionError
INFO:   Lineage 'XBB', Mode 'random': Sampled 100 of 318 available.
ERROR:   Error on one sample in lineage XBB: 
Traceback (most recent call last):
  File "/home/topcuoglu/openrecombinhunt/src/06_recombinhunt/run_recombinhunt.py", line 155, in run_recombinhunt_for_lineage
    assert set(nuc_change_data_list).issubset(set(experiment_environment.c2lp_df.index))
AssertionError
ERROR:   Error on one sample in lineage XBB: 
Traceback (most recent call last):
  File "/home/topcuoglu/openrecombinhunt/src/06_recombinhunt/run_recombinhunt.py", line 155, in run_recombinhunt_for_lineage
    assert set(nuc_change_data_list).issubset(set(experiment_environment.c2lp_df.index))
AssertionError
INFO:   Lineage 'XET', Mode 'random': Requested 100, available 4. Processing all available.
INFO:   Lineage 'XBJ', Mode 'random': Requested 100, available 8. Processing all available.
INFO:   Lineage 'XEY', Mode 'random': Requested 100, available 2. Processing all available.
INFO:   Lineage 'XEM', Mode 'random': Requested 100, available 4. Processing all available.
INFO:   Lineage 'XDD', Mode 'random': Sampled 100 of 214 available.
ERROR:   Error on one sample in lineage XDD: 
Traceback (most recent call last):
  File "/home/topcuoglu/openrecombinhunt/src/06_recombinhunt/run_recombinhunt.py", line 155, in run_recombinhunt_for_lineage
    assert set(nuc_change_data_list).issubset(set(experiment_environment.c2lp_df.index))
AssertionError
INFO:   Lineage 'XEP', Mode 'random': Requested 100, available 17. Processing all available.
INFO:   Lineage 'XBS', Mode 'random': Requested 100, available 18. Processing all available.
INFO:   Lineage 'XBW', Mode 'random': Requested 100, available 23. Processing all available.
INFO:   Lineage 'XJ', Mode 'random': Requested 100, available 3. Processing all available.
INFO:   Lineage 'XCH', Mode 'random': Sampled 100 of 159 available.
INFO:   Lineage 'XDB', Mode 'random': Requested 100, available 23. Processing all available.
ERROR:   Error on one sample in lineage XDB: 
Traceback (most recent call last):
  File "/home/topcuoglu/openrecombinhunt/src/06_recombinhunt/run_recombinhunt.py", line 155, in run_recombinhunt_for_lineage
    assert set(nuc_change_data_list).issubset(set(experiment_environment.c2lp_df.index))
AssertionError
INFO:   Lineage 'XED', Mode 'random': Requested 100, available 23. Processing all available.
INFO:   Lineage 'XDT', Mode 'random': Requested 100, available 18. Processing all available.
ERROR:   Error on one sample in lineage XDT: 
Traceback (most recent call last):
  File "/home/topcuoglu/openrecombinhunt/src/06_recombinhunt/run_recombinhunt.py", line 155, in run_recombinhunt_for_lineage
    assert set(nuc_change_data_list).issubset(set(experiment_environment.c2lp_df.index))
AssertionError
INFO:   Lineage 'XFN', Mode 'random': Requested 100, available 6. Processing all available.
INFO:   Lineage 'XDR', Mode 'random': Requested 100, available 23. Processing all available.
ERROR:   Error on one sample in lineage XDR: 
Traceback (most recent call last):
  File "/home/topcuoglu/openrecombinhunt/src/06_recombinhunt/run_recombinhunt.py", line 155, in run_recombinhunt_for_lineage
    assert set(nuc_change_data_list).issubset(set(experiment_environment.c2lp_df.index))
AssertionError
INFO:   Lineage 'XBP', Mode 'random': Requested 100, available 29. Processing all available.
INFO:   Lineage 'XEF', Mode 'random': Requested 100, available 48. Processing all available.
INFO:   Lineage 'XAE', Mode 'random': Requested 100, available 18. Processing all available.
INFO:   Lineage 'XDJ', Mode 'random': Requested 100, available 1. Processing all available.
INFO:   Lineage 'XCR', Mode 'random': Sampled 100 of 170 available.
ERROR:   Error on one sample in lineage XCR: 
Traceback (most recent call last):
  File "/home/topcuoglu/openrecombinhunt/src/06_recombinhunt/run_recombinhunt.py", line 155, in run_recombinhunt_for_lineage
    assert set(nuc_change_data_list).issubset(set(experiment_environment.c2lp_df.index))
AssertionError
ERROR:   Error on one sample in lineage XCR: 
Traceback (most recent call last):
  File "/home/topcuoglu/openrecombinhunt/src/06_recombinhunt/run_recombinhunt.py", line 155, in run_recombinhunt_for_lineage
    assert set(nuc_change_data_list).issubset(set(experiment_environment.c2lp_df.index))
AssertionError
ERROR:   Error on one sample in lineage XCR: 
Traceback (most recent call last):
  File "/home/topcuoglu/openrecombinhunt/src/06_recombinhunt/run_recombinhunt.py", line 155, in run_recombinhunt_for_lineage
    assert set(nuc_change_data_list).issubset(set(experiment_environment.c2lp_df.index))
AssertionError
ERROR:   Error on one sample in lineage XCR: 
Traceback (most recent call last):
  File "/home/topcuoglu/openrecombinhunt/src/06_recombinhunt/run_recombinhunt.py", line 155, in run_recombinhunt_for_lineage
    assert set(nuc_change_data_list).issubset(set(experiment_environment.c2lp_df.index))
AssertionError
ERROR:   Error on one sample in lineage XCR: 
Traceback (most recent call last):
  File "/home/topcuoglu/openrecombinhunt/src/06_recombinhunt/run_recombinhunt.py", line 155, in run_recombinhunt_for_lineage
    assert set(nuc_change_data_list).issubset(set(experiment_environment.c2lp_df.index))
AssertionError
INFO:   Lineage 'XCG', Mode 'random': Requested 100, available 18. Processing all available.
INFO:   Lineage 'XDM', Mode 'random': Requested 100, available 19. Processing all available.
INFO:   Lineage 'XDP', Mode 'random': Sampled 100 of 218 available.
ERROR:   Error on one sample in lineage XDP: 
Traceback (most recent call last):
  File "/home/topcuoglu/openrecombinhunt/src/06_recombinhunt/run_recombinhunt.py", line 155, in run_recombinhunt_for_lineage
    assert set(nuc_change_data_list).issubset(set(experiment_environment.c2lp_df.index))
AssertionError
ERROR:   Error on one sample in lineage XDP: 
Traceback (most recent call last):
  File "/home/topcuoglu/openrecombinhunt/src/06_recombinhunt/run_recombinhunt.py", line 155, in run_recombinhunt_for_lineage
    assert set(nuc_change_data_list).issubset(set(experiment_environment.c2lp_df.index))
AssertionError
INFO:   Lineage 'XB', Mode 'random': Sampled 100 of 770 available.
ERROR:   Error on one sample in lineage XB: 
Traceback (most recent call last):
  File "/home/topcuoglu/openrecombinhunt/src/06_recombinhunt/run_recombinhunt.py", line 155, in run_recombinhunt_for_lineage
    assert set(nuc_change_data_list).issubset(set(experiment_environment.c2lp_df.index))
AssertionError
ERROR:   Error on one sample in lineage XB: 
Traceback (most recent call last):
  File "/home/topcuoglu/openrecombinhunt/src/06_recombinhunt/run_recombinhunt.py", line 155, in run_recombinhunt_for_lineage
    assert set(nuc_change_data_list).issubset(set(experiment_environment.c2lp_df.index))
AssertionError
INFO: Text report saved to: results/recombinhunt_output/sars-cov-2/dist0size0/experiment-output.random-100.txt
INFO: HTML report saved to: results/recombinhunt_output/sars-cov-2/dist0size0/experiment-detail.random-100.html
INFO: RecombinHunt experiment step finished successfully.

2025-07-21 16:18:20,298 - WARNING - Stderr from step:
/home/topcuoglu/openrecombinhunt/libs/recombinhunt-cov-7.0.0/src/recombinhunt/core/environment.py:237: UserWarning: RecombinHunt 5.+ expects a candidates_hierarchy.json in the environment dir but the file is missing. Backward compatibility is possible by calling Environment.embed_candidates_hierarchy() with a CandidatesHierarchy object. Resorting to default CandidatesHierarchy.
  warnings.warn("RecombinHunt 5.+ expects a candidates_hierarchy.json in the environment dir but the file is missing. Backward compatibility is possible by"

Running Experiments:   0%|          | 0/132 [00:00<?, ?it/s]
Running Experiments:   1%|          | 1/132 [00:04<09:26,  4.32s/it]
Running Experiments:   2%|▏         | 2/132 [05:21<6:48:27, 188.52s/it]
Running Experiments:   2%|▏         | 3/132 [10:36<8:48:43, 245.92s/it]
Running Experiments:   3%|▎         | 4/132 [10:43<5:24:06, 151.92s/it]
Running Experiments:   4%|▍         | 5/132 [11:04<3:41:42, 104.74s/it]
Running Experiments:   5%|▍         | 6/132 [14:24<4:47:31, 136.91s/it]
Running Experiments:   5%|▌         | 7/132 [18:58<6:18:48, 181.83s/it]
Running Experiments:   6%|▌         | 8/132 [19:41<4:44:36, 137.71s/it]
Running Experiments:   7%|▋         | 9/132 [20:54<4:00:53, 117.51s/it]
Running Experiments:   8%|▊         | 10/132 [24:40<5:06:44, 150.86s/it]
Running Experiments:   8%|▊         | 11/132 [25:02<3:44:26, 111.29s/it]
Running Experiments:   9%|▉         | 12/132 [26:40<3:34:30, 107.25s/it]
Running Experiments:  10%|▉         | 13/132 [26:58<2:39:34, 80.46s/it] 
Running Experiments:  11%|█         | 14/132 [28:00<2:27:08, 74.82s/it]
Running Experiments:  11%|█▏        | 15/132 [30:16<3:02:02, 93.36s/it]
Running Experiments:  12%|█▏        | 16/132 [35:41<5:14:59, 162.92s/it]
Running Experiments:  13%|█▎        | 17/132 [35:47<3:42:07, 115.89s/it]
Running Experiments:  14%|█▎        | 18/132 [38:22<4:02:00, 127.37s/it]
Running Experiments:  14%|█▍        | 19/132 [39:47<3:36:17, 114.84s/it]
Running Experiments:  15%|█▌        | 20/132 [42:57<4:16:09, 137.23s/it]
Running Experiments:  16%|█▌        | 21/132 [44:18<3:42:40, 120.36s/it]
Running Experiments:  17%|█▋        | 22/132 [44:50<2:52:26, 94.06s/it] 
Running Experiments:  17%|█▋        | 23/132 [48:48<4:08:53, 137.01s/it]
Running Experiments:  18%|█▊        | 24/132 [53:16<5:17:28, 176.37s/it]
Running Experiments:  19%|█▉        | 25/132 [58:30<6:28:13, 217.70s/it]
Running Experiments:  20%|█▉        | 26/132 [1:01:50<6:15:29, 212.54s/it]
Running Experiments:  20%|██        | 27/132 [1:01:53<4:21:50, 149.62s/it]
Running Experiments:  21%|██        | 28/132 [1:07:44<6:03:44, 209.85s/it]
Running Experiments:  22%|██▏       | 29/132 [1:07:52<4:16:23, 149.35s/it]
Running Experiments:  23%|██▎       | 30/132 [1:08:34<3:19:23, 117.29s/it]
Running Experiments:  23%|██▎       | 31/132 [1:10:53<3:28:11, 123.68s/it]
Running Experiments:  24%|██▍       | 32/132 [1:18:21<6:08:34, 221.15s/it]
Running Experiments:  25%|██▌       | 33/132 [1:20:03<5:05:29, 185.15s/it]
Running Experiments:  26%|██▌       | 34/132 [1:26:23<6:38:01, 243.69s/it]
Running Experiments:  27%|██▋       | 35/132 [1:26:26<4:37:19, 171.55s/it]
Running Experiments:  27%|██▋       | 36/132 [1:29:24<4:37:41, 173.55s/it]
Running Experiments:  28%|██▊       | 37/132 [1:30:03<3:30:51, 133.17s/it]
Running Experiments:  29%|██▉       | 38/132 [1:31:18<3:01:15, 115.70s/it]
Running Experiments:  30%|██▉       | 39/132 [1:32:25<2:36:45, 101.14s/it]
Running Experiments:  30%|███       | 40/132 [1:33:47<2:26:03, 95.26s/it] 
Running Experiments:  31%|███       | 41/132 [1:33:56<1:45:23, 69.49s/it]
Running Experiments:  32%|███▏      | 42/132 [1:34:04<1:16:27, 50.97s/it]
Running Experiments:  33%|███▎      | 43/132 [1:34:30<1:04:29, 43.47s/it]
Running Experiments:  33%|███▎      | 44/132 [1:40:41<3:27:59, 141.81s/it]
Running Experiments:  34%|███▍      | 45/132 [1:43:41<3:42:15, 153.29s/it]
Running Experiments:  35%|███▍      | 46/132 [1:44:19<2:50:06, 118.68s/it]
Running Experiments:  36%|███▌      | 47/132 [1:49:39<4:13:26, 178.89s/it]
Running Experiments:  36%|███▋      | 48/132 [1:53:26<4:30:51, 193.47s/it]
Running Experiments:  37%|███▋      | 49/132 [1:57:23<4:45:30, 206.39s/it]
Running Experiments:  38%|███▊      | 50/132 [1:58:21<3:41:34, 162.13s/it]
Running Experiments:  39%|███▊      | 51/132 [2:00:45<3:31:28, 156.65s/it]
Running Experiments:  39%|███▉      | 52/132 [2:04:24<3:53:34, 175.19s/it]
Running Experiments:  40%|████      | 53/132 [2:09:24<4:39:58, 212.64s/it]
Running Experiments:  41%|████      | 54/132 [2:10:01<3:28:01, 160.03s/it]
Running Experiments:  42%|████▏     | 55/132 [2:15:28<4:29:30, 210.01s/it]
Running Experiments:  42%|████▏     | 56/132 [2:15:54<3:16:11, 154.89s/it]
Running Experiments:  43%|████▎     | 57/132 [2:17:37<2:54:02, 139.24s/it]
Running Experiments:  44%|████▍     | 58/132 [2:23:40<4:14:28, 206.33s/it]
Running Experiments:  45%|████▍     | 59/132 [2:23:56<3:01:36, 149.27s/it]
Running Experiments:  45%|████▌     | 60/132 [2:25:46<2:45:08, 137.62s/it]
Running Experiments:  46%|████▌     | 61/132 [2:30:49<3:41:27, 187.15s/it]
Running Experiments:  47%|████▋     | 62/132 [2:31:02<2:37:28, 134.98s/it]
Running Experiments:  48%|████▊     | 63/132 [2:36:16<3:37:06, 188.79s/it]
Running Experiments:  48%|████▊     | 64/132 [2:37:01<2:44:48, 145.41s/it]
Running Experiments:  49%|████▉     | 65/132 [2:41:22<3:21:12, 180.18s/it]
Running Experiments:  50%|█████     | 66/132 [2:43:23<2:58:50, 162.58s/it]
Running Experiments:  51%|█████     | 67/132 [2:47:07<3:15:58, 180.90s/it]
Running Experiments:  52%|█████▏    | 68/132 [2:52:25<3:56:48, 222.02s/it]
Running Experiments:  52%|█████▏    | 69/132 [2:56:31<4:00:31, 229.07s/it]
Running Experiments:  54%|█████▍    | 71/132 [2:56:48<2:09:34, 127.45s/it]
Running Experiments:  55%|█████▍    | 72/132 [3:02:05<2:54:15, 174.26s/it]
Running Experiments:  55%|█████▌    | 73/132 [3:03:53<2:34:22, 156.99s/it]
Running Experiments:  56%|█████▌    | 74/132 [3:05:29<2:15:40, 140.35s/it]
Running Experiments:  57%|█████▋    | 75/132 [3:05:35<1:37:43, 102.86s/it]
Running Experiments:  58%|█████▊    | 76/132 [3:06:02<1:15:45, 81.17s/it] 
Running Experiments:  58%|█████▊    | 77/132 [3:11:28<2:19:34, 152.26s/it]
Running Experiments:  59%|█████▉    | 78/132 [3:14:33<2:25:34, 161.75s/it]
Running Experiments:  60%|█████▉    | 79/132 [3:15:11<1:50:41, 125.32s/it]
Running Experiments:  61%|██████    | 80/132 [3:15:45<1:25:04, 98.17s/it] 
Running Experiments:  61%|██████▏   | 81/132 [3:15:54<1:00:49, 71.55s/it]
Running Experiments:  62%|██████▏   | 82/132 [3:16:07<45:01, 54.03s/it]  
Running Experiments:  63%|██████▎   | 83/132 [3:16:16<33:17, 40.77s/it]
Running Experiments:  64%|██████▎   | 84/132 [3:16:35<27:21, 34.19s/it]
Running Experiments:  64%|██████▍   | 85/132 [3:21:00<1:20:48, 103.16s/it]
Running Experiments:  65%|██████▌   | 86/132 [3:21:19<59:54, 78.14s/it]   
Running Experiments:  66%|██████▌   | 87/132 [3:23:59<1:17:02, 102.73s/it]
Running Experiments:  67%|██████▋   | 88/132 [3:28:36<1:53:36, 154.93s/it]
Running Experiments:  67%|██████▋   | 89/132 [3:33:49<2:24:53, 202.18s/it]
Running Experiments:  68%|██████▊   | 90/132 [3:33:57<1:40:47, 143.98s/it]
Running Experiments:  69%|██████▉   | 91/132 [3:38:24<2:03:42, 181.04s/it]
Running Experiments:  70%|██████▉   | 92/132 [3:43:33<2:26:14, 219.37s/it]
Running Experiments:  70%|███████   | 93/132 [3:44:05<1:45:55, 162.97s/it]
Running Experiments:  71%|███████   | 94/132 [3:45:32<1:28:53, 140.36s/it]
Running Experiments:  72%|███████▏  | 95/132 [3:47:22<1:20:49, 131.07s/it]
Running Experiments:  73%|███████▎  | 96/132 [3:52:42<1:52:49, 188.03s/it]
Running Experiments:  73%|███████▎  | 97/132 [3:56:00<1:51:19, 190.83s/it]
Running Experiments:  74%|███████▍  | 98/132 [3:56:43<1:22:57, 146.38s/it]
Running Experiments:  75%|███████▌  | 99/132 [4:00:03<1:29:22, 162.50s/it]
Running Experiments:  76%|███████▌  | 100/132 [4:01:46<1:17:13, 144.80s/it]
Running Experiments:  77%|███████▋  | 101/132 [4:02:55<1:03:05, 122.13s/it]
Running Experiments:  77%|███████▋  | 102/132 [4:04:34<57:30, 115.02s/it]  
Running Experiments:  78%|███████▊  | 103/132 [4:06:33<56:15, 116.38s/it]
Running Experiments:  79%|███████▉  | 104/132 [4:06:37<38:28, 82.44s/it] 
Running Experiments:  80%|███████▉  | 105/132 [4:07:56<36:45, 81.68s/it]
Running Experiments:  80%|████████  | 106/132 [4:09:51<39:38, 91.49s/it]
Running Experiments:  81%|████████  | 107/132 [4:12:33<46:55, 112.62s/it]
Running Experiments:  82%|████████▏ | 108/132 [4:17:51<1:09:42, 174.27s/it]
Running Experiments:  83%|████████▎ | 109/132 [4:18:02<48:04, 125.39s/it]  
Running Experiments:  83%|████████▎ | 110/132 [4:18:27<34:55, 95.24s/it] 
Running Experiments:  84%|████████▍ | 111/132 [4:18:35<24:09, 69.01s/it]
Running Experiments:  85%|████████▍ | 112/132 [4:18:47<17:20, 52.05s/it]
Running Experiments:  86%|████████▌ | 113/132 [4:24:17<42:50, 135.30s/it]
Running Experiments:  86%|████████▋ | 114/132 [4:25:07<32:54, 109.70s/it]
Running Experiments:  87%|████████▋ | 115/132 [4:26:09<27:01, 95.38s/it] 
Running Experiments:  88%|████████▊ | 116/132 [4:27:37<24:52, 93.27s/it]
Running Experiments:  89%|████████▊ | 117/132 [4:27:47<17:02, 68.18s/it]
Running Experiments:  89%|████████▉ | 118/132 [4:33:12<33:53, 145.28s/it]
Running Experiments:  90%|█████████ | 119/132 [4:34:25<26:44, 123.44s/it]
Running Experiments:  91%|█████████ | 120/132 [4:35:37<21:38, 108.20s/it]
Running Experiments:  92%|█████████▏| 121/132 [4:36:33<16:57, 92.54s/it] 
Running Experiments:  92%|█████████▏| 122/132 [4:36:54<11:49, 70.96s/it]
Running Experiments:  93%|█████████▎| 123/132 [4:38:05<10:38, 70.95s/it]
Running Experiments:  94%|█████████▍| 124/132 [4:39:51<10:51, 81.42s/it]
Running Experiments:  95%|█████████▍| 125/132 [4:42:30<12:13, 104.79s/it]
Running Experiments:  95%|█████████▌| 126/132 [4:43:28<09:03, 90.66s/it] 
Running Experiments:  96%|█████████▌| 127/132 [4:43:31<05:23, 64.61s/it]
Running Experiments:  97%|█████████▋| 128/132 [4:48:35<09:05, 136.25s/it]
Running Experiments:  98%|█████████▊| 129/132 [4:49:33<05:38, 112.81s/it]
Running Experiments:  98%|█████████▊| 130/132 [4:50:38<03:16, 98.43s/it] 
Running Experiments:  99%|█████████▉| 131/132 [4:55:51<02:42, 162.78s/it]
Running Experiments: 100%|██████████| 132/132 [5:01:07<00:00, 208.69s/it]
Running Experiments: 100%|██████████| 132/132 [5:01:07<00:00, 136.87s/it]

2025-07-21 16:18:20,299 - INFO - --- Step Succeeded: /home/topcuoglu/miniconda3/envs/orh/bin/python3 src/06_recombinhunt/run_recombinhunt.py --virus sars-cov-2 --config config/config.yaml ---
2025-07-21 16:18:20,299 - INFO - ================== PIPELINE FOR SARS-COV-2 FINISHED ==================


