2025-09-06 13:44:13,355 - INFO - Logging initialized. Log file at: logs/20250906_134413_yellow-fever_06_run_recombinhunt.log
2025-09-06 13:44:13,355 - INFO - --- Starting Step 6: Run RecombinHunt for 'yellow-fever' ---
2025-09-06 13:44:13,355 - INFO - Loading RecombinHunt environment from: environments/yellow-fever/dist3size10
2025-09-06 13:44:13,409 - INFO - Loading lineage totals from 'samples/yellow-fever/dist3size10/samples_total.json'
2025-09-06 13:44:13,410 - INFO - Found 3 sample files in 'samples/yellow-fever/dist3size10'.
2025-09-06 13:44:13,464 - INFO -   Lineage 'A.1.NmC2', Mode 'all': Processing all 195 samples.
2025-09-06 13:44:18,512 - INFO -   Lineage 'A.1.NmC1', Mode 'all': Processing all 377 samples.
2025-09-06 13:44:18,990 - ERROR -   Error on one sample in lineage A.1.NmC1: 'str' object has no attribute 'contains'
Traceback (most recent call last):
  File "/home/topcuoglu/openrecombinhunt/src/06_recombinhunt/run_recombinhunt.py", line 211, in run_recombinhunt_for_lineage
    ca.print_case_details(html_report_handle)
  File "/home/topcuoglu/openrecombinhunt/libs/recombinhunt-cov-7.0.0/src/recombinhunt/validation/case_analysis.py", line 252, in print_case_details
    *[self.region_table(r) for r in self.exp.genome_view.regions],
  File "/home/topcuoglu/openrecombinhunt/libs/recombinhunt-cov-7.0.0/src/recombinhunt/validation/case_analysis.py", line 252, in <listcomp>
    *[self.region_table(r) for r in self.exp.genome_view.regions],
  File "/home/topcuoglu/openrecombinhunt/libs/recombinhunt-cov-7.0.0/src/recombinhunt/validation/case_analysis.py", line 157, in region_table
    num_seq = [self.exp.env.number_of_sequences_of_lineage(c) for c in region.candidates]
  File "/home/topcuoglu/openrecombinhunt/libs/recombinhunt-cov-7.0.0/src/recombinhunt/validation/case_analysis.py", line 157, in <listcomp>
    num_seq = [self.exp.env.number_of_sequences_of_lineage(c) for c in region.candidates]
  File "/home/topcuoglu/openrecombinhunt/libs/recombinhunt-cov-7.0.0/src/recombinhunt/core/environment.py", line 175, in number_of_sequences_of_lineage
    if lineage_name.contains("NmC"): return self.lc_quality_df.at['num', lineage_name]
AttributeError: 'str' object has no attribute 'contains'
2025-09-06 13:44:22,672 - ERROR -   Error on one sample in lineage A.1.NmC1: 'str' object has no attribute 'contains'
Traceback (most recent call last):
  File "/home/topcuoglu/openrecombinhunt/src/06_recombinhunt/run_recombinhunt.py", line 211, in run_recombinhunt_for_lineage
    ca.print_case_details(html_report_handle)
  File "/home/topcuoglu/openrecombinhunt/libs/recombinhunt-cov-7.0.0/src/recombinhunt/validation/case_analysis.py", line 252, in print_case_details
    *[self.region_table(r) for r in self.exp.genome_view.regions],
  File "/home/topcuoglu/openrecombinhunt/libs/recombinhunt-cov-7.0.0/src/recombinhunt/validation/case_analysis.py", line 252, in <listcomp>
    *[self.region_table(r) for r in self.exp.genome_view.regions],
  File "/home/topcuoglu/openrecombinhunt/libs/recombinhunt-cov-7.0.0/src/recombinhunt/validation/case_analysis.py", line 157, in region_table
    num_seq = [self.exp.env.number_of_sequences_of_lineage(c) for c in region.candidates]
  File "/home/topcuoglu/openrecombinhunt/libs/recombinhunt-cov-7.0.0/src/recombinhunt/validation/case_analysis.py", line 157, in <listcomp>
    num_seq = [self.exp.env.number_of_sequences_of_lineage(c) for c in region.candidates]
  File "/home/topcuoglu/openrecombinhunt/libs/recombinhunt-cov-7.0.0/src/recombinhunt/core/environment.py", line 175, in number_of_sequences_of_lineage
    if lineage_name.contains("NmC"): return self.lc_quality_df.at['num', lineage_name]
AttributeError: 'str' object has no attribute 'contains'
2025-09-06 13:44:23,248 - ERROR -   Error on one sample in lineage A.1.NmC1: 'str' object has no attribute 'contains'
Traceback (most recent call last):
  File "/home/topcuoglu/openrecombinhunt/src/06_recombinhunt/run_recombinhunt.py", line 211, in run_recombinhunt_for_lineage
    ca.print_case_details(html_report_handle)
  File "/home/topcuoglu/openrecombinhunt/libs/recombinhunt-cov-7.0.0/src/recombinhunt/validation/case_analysis.py", line 252, in print_case_details
    *[self.region_table(r) for r in self.exp.genome_view.regions],
  File "/home/topcuoglu/openrecombinhunt/libs/recombinhunt-cov-7.0.0/src/recombinhunt/validation/case_analysis.py", line 252, in <listcomp>
    *[self.region_table(r) for r in self.exp.genome_view.regions],
  File "/home/topcuoglu/openrecombinhunt/libs/recombinhunt-cov-7.0.0/src/recombinhunt/validation/case_analysis.py", line 157, in region_table
    num_seq = [self.exp.env.number_of_sequences_of_lineage(c) for c in region.candidates]
  File "/home/topcuoglu/openrecombinhunt/libs/recombinhunt-cov-7.0.0/src/recombinhunt/validation/case_analysis.py", line 157, in <listcomp>
    num_seq = [self.exp.env.number_of_sequences_of_lineage(c) for c in region.candidates]
  File "/home/topcuoglu/openrecombinhunt/libs/recombinhunt-cov-7.0.0/src/recombinhunt/core/environment.py", line 175, in number_of_sequences_of_lineage
    if lineage_name.contains("NmC"): return self.lc_quality_df.at['num', lineage_name]
AttributeError: 'str' object has no attribute 'contains'
2025-09-06 13:44:25,268 - ERROR -   Error on one sample in lineage A.1.NmC1: 'str' object has no attribute 'contains'
Traceback (most recent call last):
  File "/home/topcuoglu/openrecombinhunt/src/06_recombinhunt/run_recombinhunt.py", line 211, in run_recombinhunt_for_lineage
    ca.print_case_details(html_report_handle)
  File "/home/topcuoglu/openrecombinhunt/libs/recombinhunt-cov-7.0.0/src/recombinhunt/validation/case_analysis.py", line 252, in print_case_details
    *[self.region_table(r) for r in self.exp.genome_view.regions],
  File "/home/topcuoglu/openrecombinhunt/libs/recombinhunt-cov-7.0.0/src/recombinhunt/validation/case_analysis.py", line 252, in <listcomp>
    *[self.region_table(r) for r in self.exp.genome_view.regions],
  File "/home/topcuoglu/openrecombinhunt/libs/recombinhunt-cov-7.0.0/src/recombinhunt/validation/case_analysis.py", line 157, in region_table
    num_seq = [self.exp.env.number_of_sequences_of_lineage(c) for c in region.candidates]
  File "/home/topcuoglu/openrecombinhunt/libs/recombinhunt-cov-7.0.0/src/recombinhunt/validation/case_analysis.py", line 157, in <listcomp>
    num_seq = [self.exp.env.number_of_sequences_of_lineage(c) for c in region.candidates]
  File "/home/topcuoglu/openrecombinhunt/libs/recombinhunt-cov-7.0.0/src/recombinhunt/core/environment.py", line 175, in number_of_sequences_of_lineage
    if lineage_name.contains("NmC"): return self.lc_quality_df.at['num', lineage_name]
AttributeError: 'str' object has no attribute 'contains'
2025-09-06 13:44:25,637 - ERROR -   Error on one sample in lineage A.1.NmC1: 'str' object has no attribute 'contains'
Traceback (most recent call last):
  File "/home/topcuoglu/openrecombinhunt/src/06_recombinhunt/run_recombinhunt.py", line 211, in run_recombinhunt_for_lineage
    ca.print_case_details(html_report_handle)
  File "/home/topcuoglu/openrecombinhunt/libs/recombinhunt-cov-7.0.0/src/recombinhunt/validation/case_analysis.py", line 252, in print_case_details
    *[self.region_table(r) for r in self.exp.genome_view.regions],
  File "/home/topcuoglu/openrecombinhunt/libs/recombinhunt-cov-7.0.0/src/recombinhunt/validation/case_analysis.py", line 252, in <listcomp>
    *[self.region_table(r) for r in self.exp.genome_view.regions],
  File "/home/topcuoglu/openrecombinhunt/libs/recombinhunt-cov-7.0.0/src/recombinhunt/validation/case_analysis.py", line 157, in region_table
    num_seq = [self.exp.env.number_of_sequences_of_lineage(c) for c in region.candidates]
  File "/home/topcuoglu/openrecombinhunt/libs/recombinhunt-cov-7.0.0/src/recombinhunt/validation/case_analysis.py", line 157, in <listcomp>
    num_seq = [self.exp.env.number_of_sequences_of_lineage(c) for c in region.candidates]
  File "/home/topcuoglu/openrecombinhunt/libs/recombinhunt-cov-7.0.0/src/recombinhunt/core/environment.py", line 175, in number_of_sequences_of_lineage
    if lineage_name.contains("NmC"): return self.lc_quality_df.at['num', lineage_name]
AttributeError: 'str' object has no attribute 'contains'
2025-09-06 13:44:26,159 - ERROR -   Error on one sample in lineage A.1.NmC1: 'str' object has no attribute 'contains'
Traceback (most recent call last):
  File "/home/topcuoglu/openrecombinhunt/src/06_recombinhunt/run_recombinhunt.py", line 211, in run_recombinhunt_for_lineage
    ca.print_case_details(html_report_handle)
  File "/home/topcuoglu/openrecombinhunt/libs/recombinhunt-cov-7.0.0/src/recombinhunt/validation/case_analysis.py", line 252, in print_case_details
    *[self.region_table(r) for r in self.exp.genome_view.regions],
  File "/home/topcuoglu/openrecombinhunt/libs/recombinhunt-cov-7.0.0/src/recombinhunt/validation/case_analysis.py", line 252, in <listcomp>
    *[self.region_table(r) for r in self.exp.genome_view.regions],
  File "/home/topcuoglu/openrecombinhunt/libs/recombinhunt-cov-7.0.0/src/recombinhunt/validation/case_analysis.py", line 157, in region_table
    num_seq = [self.exp.env.number_of_sequences_of_lineage(c) for c in region.candidates]
  File "/home/topcuoglu/openrecombinhunt/libs/recombinhunt-cov-7.0.0/src/recombinhunt/validation/case_analysis.py", line 157, in <listcomp>
    num_seq = [self.exp.env.number_of_sequences_of_lineage(c) for c in region.candidates]
  File "/home/topcuoglu/openrecombinhunt/libs/recombinhunt-cov-7.0.0/src/recombinhunt/core/environment.py", line 175, in number_of_sequences_of_lineage
    if lineage_name.contains("NmC"): return self.lc_quality_df.at['num', lineage_name]
AttributeError: 'str' object has no attribute 'contains'
2025-09-06 13:44:26,209 - ERROR -   Error on one sample in lineage A.1.NmC1: 'str' object has no attribute 'contains'
Traceback (most recent call last):
  File "/home/topcuoglu/openrecombinhunt/src/06_recombinhunt/run_recombinhunt.py", line 211, in run_recombinhunt_for_lineage
    ca.print_case_details(html_report_handle)
  File "/home/topcuoglu/openrecombinhunt/libs/recombinhunt-cov-7.0.0/src/recombinhunt/validation/case_analysis.py", line 252, in print_case_details
    *[self.region_table(r) for r in self.exp.genome_view.regions],
  File "/home/topcuoglu/openrecombinhunt/libs/recombinhunt-cov-7.0.0/src/recombinhunt/validation/case_analysis.py", line 252, in <listcomp>
    *[self.region_table(r) for r in self.exp.genome_view.regions],
  File "/home/topcuoglu/openrecombinhunt/libs/recombinhunt-cov-7.0.0/src/recombinhunt/validation/case_analysis.py", line 157, in region_table
    num_seq = [self.exp.env.number_of_sequences_of_lineage(c) for c in region.candidates]
  File "/home/topcuoglu/openrecombinhunt/libs/recombinhunt-cov-7.0.0/src/recombinhunt/validation/case_analysis.py", line 157, in <listcomp>
    num_seq = [self.exp.env.number_of_sequences_of_lineage(c) for c in region.candidates]
  File "/home/topcuoglu/openrecombinhunt/libs/recombinhunt-cov-7.0.0/src/recombinhunt/core/environment.py", line 175, in number_of_sequences_of_lineage
    if lineage_name.contains("NmC"): return self.lc_quality_df.at['num', lineage_name]
AttributeError: 'str' object has no attribute 'contains'
2025-09-06 13:44:26,284 - ERROR -   Error on one sample in lineage A.1.NmC1: 'str' object has no attribute 'contains'
Traceback (most recent call last):
  File "/home/topcuoglu/openrecombinhunt/src/06_recombinhunt/run_recombinhunt.py", line 211, in run_recombinhunt_for_lineage
    ca.print_case_details(html_report_handle)
  File "/home/topcuoglu/openrecombinhunt/libs/recombinhunt-cov-7.0.0/src/recombinhunt/validation/case_analysis.py", line 252, in print_case_details
    *[self.region_table(r) for r in self.exp.genome_view.regions],
  File "/home/topcuoglu/openrecombinhunt/libs/recombinhunt-cov-7.0.0/src/recombinhunt/validation/case_analysis.py", line 252, in <listcomp>
    *[self.region_table(r) for r in self.exp.genome_view.regions],
  File "/home/topcuoglu/openrecombinhunt/libs/recombinhunt-cov-7.0.0/src/recombinhunt/validation/case_analysis.py", line 157, in region_table
    num_seq = [self.exp.env.number_of_sequences_of_lineage(c) for c in region.candidates]
  File "/home/topcuoglu/openrecombinhunt/libs/recombinhunt-cov-7.0.0/src/recombinhunt/validation/case_analysis.py", line 157, in <listcomp>
    num_seq = [self.exp.env.number_of_sequences_of_lineage(c) for c in region.candidates]
  File "/home/topcuoglu/openrecombinhunt/libs/recombinhunt-cov-7.0.0/src/recombinhunt/core/environment.py", line 175, in number_of_sequences_of_lineage
    if lineage_name.contains("NmC"): return self.lc_quality_df.at['num', lineage_name]
AttributeError: 'str' object has no attribute 'contains'
2025-09-06 13:44:26,418 - ERROR -   Error on one sample in lineage A.1.NmC1: 'str' object has no attribute 'contains'
Traceback (most recent call last):
  File "/home/topcuoglu/openrecombinhunt/src/06_recombinhunt/run_recombinhunt.py", line 211, in run_recombinhunt_for_lineage
    ca.print_case_details(html_report_handle)
  File "/home/topcuoglu/openrecombinhunt/libs/recombinhunt-cov-7.0.0/src/recombinhunt/validation/case_analysis.py", line 252, in print_case_details
    *[self.region_table(r) for r in self.exp.genome_view.regions],
  File "/home/topcuoglu/openrecombinhunt/libs/recombinhunt-cov-7.0.0/src/recombinhunt/validation/case_analysis.py", line 252, in <listcomp>
    *[self.region_table(r) for r in self.exp.genome_view.regions],
  File "/home/topcuoglu/openrecombinhunt/libs/recombinhunt-cov-7.0.0/src/recombinhunt/validation/case_analysis.py", line 157, in region_table
    num_seq = [self.exp.env.number_of_sequences_of_lineage(c) for c in region.candidates]
  File "/home/topcuoglu/openrecombinhunt/libs/recombinhunt-cov-7.0.0/src/recombinhunt/validation/case_analysis.py", line 157, in <listcomp>
    num_seq = [self.exp.env.number_of_sequences_of_lineage(c) for c in region.candidates]
  File "/home/topcuoglu/openrecombinhunt/libs/recombinhunt-cov-7.0.0/src/recombinhunt/core/environment.py", line 175, in number_of_sequences_of_lineage
    if lineage_name.contains("NmC"): return self.lc_quality_df.at['num', lineage_name]
AttributeError: 'str' object has no attribute 'contains'
2025-09-06 13:44:26,647 - ERROR -   Error on one sample in lineage A.1.NmC1: 'str' object has no attribute 'contains'
Traceback (most recent call last):
  File "/home/topcuoglu/openrecombinhunt/src/06_recombinhunt/run_recombinhunt.py", line 211, in run_recombinhunt_for_lineage
    ca.print_case_details(html_report_handle)
  File "/home/topcuoglu/openrecombinhunt/libs/recombinhunt-cov-7.0.0/src/recombinhunt/validation/case_analysis.py", line 252, in print_case_details
    *[self.region_table(r) for r in self.exp.genome_view.regions],
  File "/home/topcuoglu/openrecombinhunt/libs/recombinhunt-cov-7.0.0/src/recombinhunt/validation/case_analysis.py", line 252, in <listcomp>
    *[self.region_table(r) for r in self.exp.genome_view.regions],
  File "/home/topcuoglu/openrecombinhunt/libs/recombinhunt-cov-7.0.0/src/recombinhunt/validation/case_analysis.py", line 157, in region_table
    num_seq = [self.exp.env.number_of_sequences_of_lineage(c) for c in region.candidates]
  File "/home/topcuoglu/openrecombinhunt/libs/recombinhunt-cov-7.0.0/src/recombinhunt/validation/case_analysis.py", line 157, in <listcomp>
    num_seq = [self.exp.env.number_of_sequences_of_lineage(c) for c in region.candidates]
  File "/home/topcuoglu/openrecombinhunt/libs/recombinhunt-cov-7.0.0/src/recombinhunt/core/environment.py", line 175, in number_of_sequences_of_lineage
    if lineage_name.contains("NmC"): return self.lc_quality_df.at['num', lineage_name]
AttributeError: 'str' object has no attribute 'contains'
2025-09-06 13:44:26,692 - ERROR -   Error on one sample in lineage A.1.NmC1: 'str' object has no attribute 'contains'
Traceback (most recent call last):
  File "/home/topcuoglu/openrecombinhunt/src/06_recombinhunt/run_recombinhunt.py", line 211, in run_recombinhunt_for_lineage
    ca.print_case_details(html_report_handle)
  File "/home/topcuoglu/openrecombinhunt/libs/recombinhunt-cov-7.0.0/src/recombinhunt/validation/case_analysis.py", line 252, in print_case_details
    *[self.region_table(r) for r in self.exp.genome_view.regions],
  File "/home/topcuoglu/openrecombinhunt/libs/recombinhunt-cov-7.0.0/src/recombinhunt/validation/case_analysis.py", line 252, in <listcomp>
    *[self.region_table(r) for r in self.exp.genome_view.regions],
  File "/home/topcuoglu/openrecombinhunt/libs/recombinhunt-cov-7.0.0/src/recombinhunt/validation/case_analysis.py", line 157, in region_table
    num_seq = [self.exp.env.number_of_sequences_of_lineage(c) for c in region.candidates]
  File "/home/topcuoglu/openrecombinhunt/libs/recombinhunt-cov-7.0.0/src/recombinhunt/validation/case_analysis.py", line 157, in <listcomp>
    num_seq = [self.exp.env.number_of_sequences_of_lineage(c) for c in region.candidates]
  File "/home/topcuoglu/openrecombinhunt/libs/recombinhunt-cov-7.0.0/src/recombinhunt/core/environment.py", line 175, in number_of_sequences_of_lineage
    if lineage_name.contains("NmC"): return self.lc_quality_df.at['num', lineage_name]
AttributeError: 'str' object has no attribute 'contains'
2025-09-06 13:44:26,780 - ERROR -   Error on one sample in lineage A.1.NmC1: 'str' object has no attribute 'contains'
Traceback (most recent call last):
  File "/home/topcuoglu/openrecombinhunt/src/06_recombinhunt/run_recombinhunt.py", line 211, in run_recombinhunt_for_lineage
    ca.print_case_details(html_report_handle)
  File "/home/topcuoglu/openrecombinhunt/libs/recombinhunt-cov-7.0.0/src/recombinhunt/validation/case_analysis.py", line 252, in print_case_details
    *[self.region_table(r) for r in self.exp.genome_view.regions],
  File "/home/topcuoglu/openrecombinhunt/libs/recombinhunt-cov-7.0.0/src/recombinhunt/validation/case_analysis.py", line 252, in <listcomp>
    *[self.region_table(r) for r in self.exp.genome_view.regions],
  File "/home/topcuoglu/openrecombinhunt/libs/recombinhunt-cov-7.0.0/src/recombinhunt/validation/case_analysis.py", line 157, in region_table
    num_seq = [self.exp.env.number_of_sequences_of_lineage(c) for c in region.candidates]
  File "/home/topcuoglu/openrecombinhunt/libs/recombinhunt-cov-7.0.0/src/recombinhunt/validation/case_analysis.py", line 157, in <listcomp>
    num_seq = [self.exp.env.number_of_sequences_of_lineage(c) for c in region.candidates]
  File "/home/topcuoglu/openrecombinhunt/libs/recombinhunt-cov-7.0.0/src/recombinhunt/core/environment.py", line 175, in number_of_sequences_of_lineage
    if lineage_name.contains("NmC"): return self.lc_quality_df.at['num', lineage_name]
AttributeError: 'str' object has no attribute 'contains'
2025-09-06 13:44:26,874 - ERROR -   Error on one sample in lineage A.1.NmC1: 'str' object has no attribute 'contains'
Traceback (most recent call last):
  File "/home/topcuoglu/openrecombinhunt/src/06_recombinhunt/run_recombinhunt.py", line 211, in run_recombinhunt_for_lineage
    ca.print_case_details(html_report_handle)
  File "/home/topcuoglu/openrecombinhunt/libs/recombinhunt-cov-7.0.0/src/recombinhunt/validation/case_analysis.py", line 252, in print_case_details
    *[self.region_table(r) for r in self.exp.genome_view.regions],
  File "/home/topcuoglu/openrecombinhunt/libs/recombinhunt-cov-7.0.0/src/recombinhunt/validation/case_analysis.py", line 252, in <listcomp>
    *[self.region_table(r) for r in self.exp.genome_view.regions],
  File "/home/topcuoglu/openrecombinhunt/libs/recombinhunt-cov-7.0.0/src/recombinhunt/validation/case_analysis.py", line 157, in region_table
    num_seq = [self.exp.env.number_of_sequences_of_lineage(c) for c in region.candidates]
  File "/home/topcuoglu/openrecombinhunt/libs/recombinhunt-cov-7.0.0/src/recombinhunt/validation/case_analysis.py", line 157, in <listcomp>
    num_seq = [self.exp.env.number_of_sequences_of_lineage(c) for c in region.candidates]
  File "/home/topcuoglu/openrecombinhunt/libs/recombinhunt-cov-7.0.0/src/recombinhunt/core/environment.py", line 175, in number_of_sequences_of_lineage
    if lineage_name.contains("NmC"): return self.lc_quality_df.at['num', lineage_name]
AttributeError: 'str' object has no attribute 'contains'
2025-09-06 13:44:27,384 - ERROR -   Error on one sample in lineage A.1.NmC1: 'str' object has no attribute 'contains'
Traceback (most recent call last):
  File "/home/topcuoglu/openrecombinhunt/src/06_recombinhunt/run_recombinhunt.py", line 211, in run_recombinhunt_for_lineage
    ca.print_case_details(html_report_handle)
  File "/home/topcuoglu/openrecombinhunt/libs/recombinhunt-cov-7.0.0/src/recombinhunt/validation/case_analysis.py", line 252, in print_case_details
    *[self.region_table(r) for r in self.exp.genome_view.regions],
  File "/home/topcuoglu/openrecombinhunt/libs/recombinhunt-cov-7.0.0/src/recombinhunt/validation/case_analysis.py", line 252, in <listcomp>
    *[self.region_table(r) for r in self.exp.genome_view.regions],
  File "/home/topcuoglu/openrecombinhunt/libs/recombinhunt-cov-7.0.0/src/recombinhunt/validation/case_analysis.py", line 157, in region_table
    num_seq = [self.exp.env.number_of_sequences_of_lineage(c) for c in region.candidates]
  File "/home/topcuoglu/openrecombinhunt/libs/recombinhunt-cov-7.0.0/src/recombinhunt/validation/case_analysis.py", line 157, in <listcomp>
    num_seq = [self.exp.env.number_of_sequences_of_lineage(c) for c in region.candidates]
  File "/home/topcuoglu/openrecombinhunt/libs/recombinhunt-cov-7.0.0/src/recombinhunt/core/environment.py", line 175, in number_of_sequences_of_lineage
    if lineage_name.contains("NmC"): return self.lc_quality_df.at['num', lineage_name]
AttributeError: 'str' object has no attribute 'contains'
2025-09-06 13:44:28,070 - ERROR -   Error on one sample in lineage A.1.NmC1: 'str' object has no attribute 'contains'
Traceback (most recent call last):
  File "/home/topcuoglu/openrecombinhunt/src/06_recombinhunt/run_recombinhunt.py", line 211, in run_recombinhunt_for_lineage
    ca.print_case_details(html_report_handle)
  File "/home/topcuoglu/openrecombinhunt/libs/recombinhunt-cov-7.0.0/src/recombinhunt/validation/case_analysis.py", line 252, in print_case_details
    *[self.region_table(r) for r in self.exp.genome_view.regions],
  File "/home/topcuoglu/openrecombinhunt/libs/recombinhunt-cov-7.0.0/src/recombinhunt/validation/case_analysis.py", line 252, in <listcomp>
    *[self.region_table(r) for r in self.exp.genome_view.regions],
  File "/home/topcuoglu/openrecombinhunt/libs/recombinhunt-cov-7.0.0/src/recombinhunt/validation/case_analysis.py", line 157, in region_table
    num_seq = [self.exp.env.number_of_sequences_of_lineage(c) for c in region.candidates]
  File "/home/topcuoglu/openrecombinhunt/libs/recombinhunt-cov-7.0.0/src/recombinhunt/validation/case_analysis.py", line 157, in <listcomp>
    num_seq = [self.exp.env.number_of_sequences_of_lineage(c) for c in region.candidates]
  File "/home/topcuoglu/openrecombinhunt/libs/recombinhunt-cov-7.0.0/src/recombinhunt/core/environment.py", line 175, in number_of_sequences_of_lineage
    if lineage_name.contains("NmC"): return self.lc_quality_df.at['num', lineage_name]
AttributeError: 'str' object has no attribute 'contains'
2025-09-06 13:44:28,430 - ERROR -   Error on one sample in lineage A.1.NmC1: 'str' object has no attribute 'contains'
Traceback (most recent call last):
  File "/home/topcuoglu/openrecombinhunt/src/06_recombinhunt/run_recombinhunt.py", line 211, in run_recombinhunt_for_lineage
    ca.print_case_details(html_report_handle)
  File "/home/topcuoglu/openrecombinhunt/libs/recombinhunt-cov-7.0.0/src/recombinhunt/validation/case_analysis.py", line 252, in print_case_details
    *[self.region_table(r) for r in self.exp.genome_view.regions],
  File "/home/topcuoglu/openrecombinhunt/libs/recombinhunt-cov-7.0.0/src/recombinhunt/validation/case_analysis.py", line 252, in <listcomp>
    *[self.region_table(r) for r in self.exp.genome_view.regions],
  File "/home/topcuoglu/openrecombinhunt/libs/recombinhunt-cov-7.0.0/src/recombinhunt/validation/case_analysis.py", line 157, in region_table
    num_seq = [self.exp.env.number_of_sequences_of_lineage(c) for c in region.candidates]
  File "/home/topcuoglu/openrecombinhunt/libs/recombinhunt-cov-7.0.0/src/recombinhunt/validation/case_analysis.py", line 157, in <listcomp>
    num_seq = [self.exp.env.number_of_sequences_of_lineage(c) for c in region.candidates]
  File "/home/topcuoglu/openrecombinhunt/libs/recombinhunt-cov-7.0.0/src/recombinhunt/core/environment.py", line 175, in number_of_sequences_of_lineage
    if lineage_name.contains("NmC"): return self.lc_quality_df.at['num', lineage_name]
AttributeError: 'str' object has no attribute 'contains'
2025-09-06 13:44:28,581 - ERROR -   Error on one sample in lineage A.1.NmC1: 'str' object has no attribute 'contains'
Traceback (most recent call last):
  File "/home/topcuoglu/openrecombinhunt/src/06_recombinhunt/run_recombinhunt.py", line 211, in run_recombinhunt_for_lineage
    ca.print_case_details(html_report_handle)
  File "/home/topcuoglu/openrecombinhunt/libs/recombinhunt-cov-7.0.0/src/recombinhunt/validation/case_analysis.py", line 252, in print_case_details
    *[self.region_table(r) for r in self.exp.genome_view.regions],
  File "/home/topcuoglu/openrecombinhunt/libs/recombinhunt-cov-7.0.0/src/recombinhunt/validation/case_analysis.py", line 252, in <listcomp>
    *[self.region_table(r) for r in self.exp.genome_view.regions],
  File "/home/topcuoglu/openrecombinhunt/libs/recombinhunt-cov-7.0.0/src/recombinhunt/validation/case_analysis.py", line 157, in region_table
    num_seq = [self.exp.env.number_of_sequences_of_lineage(c) for c in region.candidates]
  File "/home/topcuoglu/openrecombinhunt/libs/recombinhunt-cov-7.0.0/src/recombinhunt/validation/case_analysis.py", line 157, in <listcomp>
    num_seq = [self.exp.env.number_of_sequences_of_lineage(c) for c in region.candidates]
  File "/home/topcuoglu/openrecombinhunt/libs/recombinhunt-cov-7.0.0/src/recombinhunt/core/environment.py", line 175, in number_of_sequences_of_lineage
    if lineage_name.contains("NmC"): return self.lc_quality_df.at['num', lineage_name]
AttributeError: 'str' object has no attribute 'contains'
2025-09-06 13:44:28,627 - ERROR -   Error on one sample in lineage A.1.NmC1: 'str' object has no attribute 'contains'
Traceback (most recent call last):
  File "/home/topcuoglu/openrecombinhunt/src/06_recombinhunt/run_recombinhunt.py", line 211, in run_recombinhunt_for_lineage
    ca.print_case_details(html_report_handle)
  File "/home/topcuoglu/openrecombinhunt/libs/recombinhunt-cov-7.0.0/src/recombinhunt/validation/case_analysis.py", line 252, in print_case_details
    *[self.region_table(r) for r in self.exp.genome_view.regions],
  File "/home/topcuoglu/openrecombinhunt/libs/recombinhunt-cov-7.0.0/src/recombinhunt/validation/case_analysis.py", line 252, in <listcomp>
    *[self.region_table(r) for r in self.exp.genome_view.regions],
  File "/home/topcuoglu/openrecombinhunt/libs/recombinhunt-cov-7.0.0/src/recombinhunt/validation/case_analysis.py", line 157, in region_table
    num_seq = [self.exp.env.number_of_sequences_of_lineage(c) for c in region.candidates]
  File "/home/topcuoglu/openrecombinhunt/libs/recombinhunt-cov-7.0.0/src/recombinhunt/validation/case_analysis.py", line 157, in <listcomp>
    num_seq = [self.exp.env.number_of_sequences_of_lineage(c) for c in region.candidates]
  File "/home/topcuoglu/openrecombinhunt/libs/recombinhunt-cov-7.0.0/src/recombinhunt/core/environment.py", line 175, in number_of_sequences_of_lineage
    if lineage_name.contains("NmC"): return self.lc_quality_df.at['num', lineage_name]
AttributeError: 'str' object has no attribute 'contains'
2025-09-06 13:44:28,666 - ERROR -   Error on one sample in lineage A.1.NmC1: 'str' object has no attribute 'contains'
Traceback (most recent call last):
  File "/home/topcuoglu/openrecombinhunt/src/06_recombinhunt/run_recombinhunt.py", line 211, in run_recombinhunt_for_lineage
    ca.print_case_details(html_report_handle)
  File "/home/topcuoglu/openrecombinhunt/libs/recombinhunt-cov-7.0.0/src/recombinhunt/validation/case_analysis.py", line 252, in print_case_details
    *[self.region_table(r) for r in self.exp.genome_view.regions],
  File "/home/topcuoglu/openrecombinhunt/libs/recombinhunt-cov-7.0.0/src/recombinhunt/validation/case_analysis.py", line 252, in <listcomp>
    *[self.region_table(r) for r in self.exp.genome_view.regions],
  File "/home/topcuoglu/openrecombinhunt/libs/recombinhunt-cov-7.0.0/src/recombinhunt/validation/case_analysis.py", line 157, in region_table
    num_seq = [self.exp.env.number_of_sequences_of_lineage(c) for c in region.candidates]
  File "/home/topcuoglu/openrecombinhunt/libs/recombinhunt-cov-7.0.0/src/recombinhunt/validation/case_analysis.py", line 157, in <listcomp>
    num_seq = [self.exp.env.number_of_sequences_of_lineage(c) for c in region.candidates]
  File "/home/topcuoglu/openrecombinhunt/libs/recombinhunt-cov-7.0.0/src/recombinhunt/core/environment.py", line 175, in number_of_sequences_of_lineage
    if lineage_name.contains("NmC"): return self.lc_quality_df.at['num', lineage_name]
AttributeError: 'str' object has no attribute 'contains'
2025-09-06 13:44:28,779 - ERROR -   Error on one sample in lineage A.1.NmC1: 'str' object has no attribute 'contains'
Traceback (most recent call last):
  File "/home/topcuoglu/openrecombinhunt/src/06_recombinhunt/run_recombinhunt.py", line 211, in run_recombinhunt_for_lineage
    ca.print_case_details(html_report_handle)
  File "/home/topcuoglu/openrecombinhunt/libs/recombinhunt-cov-7.0.0/src/recombinhunt/validation/case_analysis.py", line 252, in print_case_details
    *[self.region_table(r) for r in self.exp.genome_view.regions],
  File "/home/topcuoglu/openrecombinhunt/libs/recombinhunt-cov-7.0.0/src/recombinhunt/validation/case_analysis.py", line 252, in <listcomp>
    *[self.region_table(r) for r in self.exp.genome_view.regions],
  File "/home/topcuoglu/openrecombinhunt/libs/recombinhunt-cov-7.0.0/src/recombinhunt/validation/case_analysis.py", line 157, in region_table
    num_seq = [self.exp.env.number_of_sequences_of_lineage(c) for c in region.candidates]
  File "/home/topcuoglu/openrecombinhunt/libs/recombinhunt-cov-7.0.0/src/recombinhunt/validation/case_analysis.py", line 157, in <listcomp>
    num_seq = [self.exp.env.number_of_sequences_of_lineage(c) for c in region.candidates]
  File "/home/topcuoglu/openrecombinhunt/libs/recombinhunt-cov-7.0.0/src/recombinhunt/core/environment.py", line 175, in number_of_sequences_of_lineage
    if lineage_name.contains("NmC"): return self.lc_quality_df.at['num', lineage_name]
AttributeError: 'str' object has no attribute 'contains'
2025-09-06 13:44:28,953 - INFO -   Lineage 'A.1', Mode 'all': Processing all 835 samples.
2025-09-06 13:44:29,890 - ERROR -   Error on one sample in lineage A.1: 'str' object has no attribute 'contains'
Traceback (most recent call last):
  File "/home/topcuoglu/openrecombinhunt/src/06_recombinhunt/run_recombinhunt.py", line 211, in run_recombinhunt_for_lineage
    ca.print_case_details(html_report_handle)
  File "/home/topcuoglu/openrecombinhunt/libs/recombinhunt-cov-7.0.0/src/recombinhunt/validation/case_analysis.py", line 252, in print_case_details
    *[self.region_table(r) for r in self.exp.genome_view.regions],
  File "/home/topcuoglu/openrecombinhunt/libs/recombinhunt-cov-7.0.0/src/recombinhunt/validation/case_analysis.py", line 252, in <listcomp>
    *[self.region_table(r) for r in self.exp.genome_view.regions],
  File "/home/topcuoglu/openrecombinhunt/libs/recombinhunt-cov-7.0.0/src/recombinhunt/validation/case_analysis.py", line 157, in region_table
    num_seq = [self.exp.env.number_of_sequences_of_lineage(c) for c in region.candidates]
  File "/home/topcuoglu/openrecombinhunt/libs/recombinhunt-cov-7.0.0/src/recombinhunt/validation/case_analysis.py", line 157, in <listcomp>
    num_seq = [self.exp.env.number_of_sequences_of_lineage(c) for c in region.candidates]
  File "/home/topcuoglu/openrecombinhunt/libs/recombinhunt-cov-7.0.0/src/recombinhunt/core/environment.py", line 175, in number_of_sequences_of_lineage
    if lineage_name.contains("NmC"): return self.lc_quality_df.at['num', lineage_name]
AttributeError: 'str' object has no attribute 'contains'
2025-09-06 13:44:30,055 - ERROR -   Error on one sample in lineage A.1: 'str' object has no attribute 'contains'
Traceback (most recent call last):
  File "/home/topcuoglu/openrecombinhunt/src/06_recombinhunt/run_recombinhunt.py", line 211, in run_recombinhunt_for_lineage
    ca.print_case_details(html_report_handle)
  File "/home/topcuoglu/openrecombinhunt/libs/recombinhunt-cov-7.0.0/src/recombinhunt/validation/case_analysis.py", line 252, in print_case_details
    *[self.region_table(r) for r in self.exp.genome_view.regions],
  File "/home/topcuoglu/openrecombinhunt/libs/recombinhunt-cov-7.0.0/src/recombinhunt/validation/case_analysis.py", line 252, in <listcomp>
    *[self.region_table(r) for r in self.exp.genome_view.regions],
  File "/home/topcuoglu/openrecombinhunt/libs/recombinhunt-cov-7.0.0/src/recombinhunt/validation/case_analysis.py", line 157, in region_table
    num_seq = [self.exp.env.number_of_sequences_of_lineage(c) for c in region.candidates]
  File "/home/topcuoglu/openrecombinhunt/libs/recombinhunt-cov-7.0.0/src/recombinhunt/validation/case_analysis.py", line 157, in <listcomp>
    num_seq = [self.exp.env.number_of_sequences_of_lineage(c) for c in region.candidates]
  File "/home/topcuoglu/openrecombinhunt/libs/recombinhunt-cov-7.0.0/src/recombinhunt/core/environment.py", line 175, in number_of_sequences_of_lineage
    if lineage_name.contains("NmC"): return self.lc_quality_df.at['num', lineage_name]
AttributeError: 'str' object has no attribute 'contains'
2025-09-06 13:44:30,334 - ERROR -   Error on one sample in lineage A.1: 'str' object has no attribute 'contains'
Traceback (most recent call last):
  File "/home/topcuoglu/openrecombinhunt/src/06_recombinhunt/run_recombinhunt.py", line 211, in run_recombinhunt_for_lineage
    ca.print_case_details(html_report_handle)
  File "/home/topcuoglu/openrecombinhunt/libs/recombinhunt-cov-7.0.0/src/recombinhunt/validation/case_analysis.py", line 252, in print_case_details
    *[self.region_table(r) for r in self.exp.genome_view.regions],
  File "/home/topcuoglu/openrecombinhunt/libs/recombinhunt-cov-7.0.0/src/recombinhunt/validation/case_analysis.py", line 252, in <listcomp>
    *[self.region_table(r) for r in self.exp.genome_view.regions],
  File "/home/topcuoglu/openrecombinhunt/libs/recombinhunt-cov-7.0.0/src/recombinhunt/validation/case_analysis.py", line 157, in region_table
    num_seq = [self.exp.env.number_of_sequences_of_lineage(c) for c in region.candidates]
  File "/home/topcuoglu/openrecombinhunt/libs/recombinhunt-cov-7.0.0/src/recombinhunt/validation/case_analysis.py", line 157, in <listcomp>
    num_seq = [self.exp.env.number_of_sequences_of_lineage(c) for c in region.candidates]
  File "/home/topcuoglu/openrecombinhunt/libs/recombinhunt-cov-7.0.0/src/recombinhunt/core/environment.py", line 175, in number_of_sequences_of_lineage
    if lineage_name.contains("NmC"): return self.lc_quality_df.at['num', lineage_name]
AttributeError: 'str' object has no attribute 'contains'
2025-09-06 13:44:31,003 - ERROR -   Error on one sample in lineage A.1: 'str' object has no attribute 'contains'
Traceback (most recent call last):
  File "/home/topcuoglu/openrecombinhunt/src/06_recombinhunt/run_recombinhunt.py", line 211, in run_recombinhunt_for_lineage
    ca.print_case_details(html_report_handle)
  File "/home/topcuoglu/openrecombinhunt/libs/recombinhunt-cov-7.0.0/src/recombinhunt/validation/case_analysis.py", line 252, in print_case_details
    *[self.region_table(r) for r in self.exp.genome_view.regions],
  File "/home/topcuoglu/openrecombinhunt/libs/recombinhunt-cov-7.0.0/src/recombinhunt/validation/case_analysis.py", line 252, in <listcomp>
    *[self.region_table(r) for r in self.exp.genome_view.regions],
  File "/home/topcuoglu/openrecombinhunt/libs/recombinhunt-cov-7.0.0/src/recombinhunt/validation/case_analysis.py", line 157, in region_table
    num_seq = [self.exp.env.number_of_sequences_of_lineage(c) for c in region.candidates]
  File "/home/topcuoglu/openrecombinhunt/libs/recombinhunt-cov-7.0.0/src/recombinhunt/validation/case_analysis.py", line 157, in <listcomp>
    num_seq = [self.exp.env.number_of_sequences_of_lineage(c) for c in region.candidates]
  File "/home/topcuoglu/openrecombinhunt/libs/recombinhunt-cov-7.0.0/src/recombinhunt/core/environment.py", line 175, in number_of_sequences_of_lineage
    if lineage_name.contains("NmC"): return self.lc_quality_df.at['num', lineage_name]
AttributeError: 'str' object has no attribute 'contains'
2025-09-06 13:44:31,773 - ERROR -   Error on one sample in lineage A.1: 'str' object has no attribute 'contains'
Traceback (most recent call last):
  File "/home/topcuoglu/openrecombinhunt/src/06_recombinhunt/run_recombinhunt.py", line 211, in run_recombinhunt_for_lineage
    ca.print_case_details(html_report_handle)
  File "/home/topcuoglu/openrecombinhunt/libs/recombinhunt-cov-7.0.0/src/recombinhunt/validation/case_analysis.py", line 252, in print_case_details
    *[self.region_table(r) for r in self.exp.genome_view.regions],
  File "/home/topcuoglu/openrecombinhunt/libs/recombinhunt-cov-7.0.0/src/recombinhunt/validation/case_analysis.py", line 252, in <listcomp>
    *[self.region_table(r) for r in self.exp.genome_view.regions],
  File "/home/topcuoglu/openrecombinhunt/libs/recombinhunt-cov-7.0.0/src/recombinhunt/validation/case_analysis.py", line 157, in region_table
    num_seq = [self.exp.env.number_of_sequences_of_lineage(c) for c in region.candidates]
  File "/home/topcuoglu/openrecombinhunt/libs/recombinhunt-cov-7.0.0/src/recombinhunt/validation/case_analysis.py", line 157, in <listcomp>
    num_seq = [self.exp.env.number_of_sequences_of_lineage(c) for c in region.candidates]
  File "/home/topcuoglu/openrecombinhunt/libs/recombinhunt-cov-7.0.0/src/recombinhunt/core/environment.py", line 175, in number_of_sequences_of_lineage
    if lineage_name.contains("NmC"): return self.lc_quality_df.at['num', lineage_name]
AttributeError: 'str' object has no attribute 'contains'
2025-09-06 13:44:32,046 - ERROR -   Error on one sample in lineage A.1: 'str' object has no attribute 'contains'
Traceback (most recent call last):
  File "/home/topcuoglu/openrecombinhunt/src/06_recombinhunt/run_recombinhunt.py", line 211, in run_recombinhunt_for_lineage
    ca.print_case_details(html_report_handle)
  File "/home/topcuoglu/openrecombinhunt/libs/recombinhunt-cov-7.0.0/src/recombinhunt/validation/case_analysis.py", line 252, in print_case_details
    *[self.region_table(r) for r in self.exp.genome_view.regions],
  File "/home/topcuoglu/openrecombinhunt/libs/recombinhunt-cov-7.0.0/src/recombinhunt/validation/case_analysis.py", line 252, in <listcomp>
    *[self.region_table(r) for r in self.exp.genome_view.regions],
  File "/home/topcuoglu/openrecombinhunt/libs/recombinhunt-cov-7.0.0/src/recombinhunt/validation/case_analysis.py", line 157, in region_table
    num_seq = [self.exp.env.number_of_sequences_of_lineage(c) for c in region.candidates]
  File "/home/topcuoglu/openrecombinhunt/libs/recombinhunt-cov-7.0.0/src/recombinhunt/validation/case_analysis.py", line 157, in <listcomp>
    num_seq = [self.exp.env.number_of_sequences_of_lineage(c) for c in region.candidates]
  File "/home/topcuoglu/openrecombinhunt/libs/recombinhunt-cov-7.0.0/src/recombinhunt/core/environment.py", line 175, in number_of_sequences_of_lineage
    if lineage_name.contains("NmC"): return self.lc_quality_df.at['num', lineage_name]
AttributeError: 'str' object has no attribute 'contains'
2025-09-06 13:44:33,179 - ERROR -   Error on one sample in lineage A.1: 'str' object has no attribute 'contains'
Traceback (most recent call last):
  File "/home/topcuoglu/openrecombinhunt/src/06_recombinhunt/run_recombinhunt.py", line 211, in run_recombinhunt_for_lineage
    ca.print_case_details(html_report_handle)
  File "/home/topcuoglu/openrecombinhunt/libs/recombinhunt-cov-7.0.0/src/recombinhunt/validation/case_analysis.py", line 252, in print_case_details
    *[self.region_table(r) for r in self.exp.genome_view.regions],
  File "/home/topcuoglu/openrecombinhunt/libs/recombinhunt-cov-7.0.0/src/recombinhunt/validation/case_analysis.py", line 252, in <listcomp>
    *[self.region_table(r) for r in self.exp.genome_view.regions],
  File "/home/topcuoglu/openrecombinhunt/libs/recombinhunt-cov-7.0.0/src/recombinhunt/validation/case_analysis.py", line 157, in region_table
    num_seq = [self.exp.env.number_of_sequences_of_lineage(c) for c in region.candidates]
  File "/home/topcuoglu/openrecombinhunt/libs/recombinhunt-cov-7.0.0/src/recombinhunt/validation/case_analysis.py", line 157, in <listcomp>
    num_seq = [self.exp.env.number_of_sequences_of_lineage(c) for c in region.candidates]
  File "/home/topcuoglu/openrecombinhunt/libs/recombinhunt-cov-7.0.0/src/recombinhunt/core/environment.py", line 175, in number_of_sequences_of_lineage
    if lineage_name.contains("NmC"): return self.lc_quality_df.at['num', lineage_name]
AttributeError: 'str' object has no attribute 'contains'
2025-09-06 13:44:33,505 - ERROR -   Error on one sample in lineage A.1: 'str' object has no attribute 'contains'
Traceback (most recent call last):
  File "/home/topcuoglu/openrecombinhunt/src/06_recombinhunt/run_recombinhunt.py", line 211, in run_recombinhunt_for_lineage
    ca.print_case_details(html_report_handle)
  File "/home/topcuoglu/openrecombinhunt/libs/recombinhunt-cov-7.0.0/src/recombinhunt/validation/case_analysis.py", line 252, in print_case_details
    *[self.region_table(r) for r in self.exp.genome_view.regions],
  File "/home/topcuoglu/openrecombinhunt/libs/recombinhunt-cov-7.0.0/src/recombinhunt/validation/case_analysis.py", line 252, in <listcomp>
    *[self.region_table(r) for r in self.exp.genome_view.regions],
  File "/home/topcuoglu/openrecombinhunt/libs/recombinhunt-cov-7.0.0/src/recombinhunt/validation/case_analysis.py", line 157, in region_table
    num_seq = [self.exp.env.number_of_sequences_of_lineage(c) for c in region.candidates]
  File "/home/topcuoglu/openrecombinhunt/libs/recombinhunt-cov-7.0.0/src/recombinhunt/validation/case_analysis.py", line 157, in <listcomp>
    num_seq = [self.exp.env.number_of_sequences_of_lineage(c) for c in region.candidates]
  File "/home/topcuoglu/openrecombinhunt/libs/recombinhunt-cov-7.0.0/src/recombinhunt/core/environment.py", line 175, in number_of_sequences_of_lineage
    if lineage_name.contains("NmC"): return self.lc_quality_df.at['num', lineage_name]
AttributeError: 'str' object has no attribute 'contains'
2025-09-06 13:44:33,743 - ERROR -   Error on one sample in lineage A.1: 'str' object has no attribute 'contains'
Traceback (most recent call last):
  File "/home/topcuoglu/openrecombinhunt/src/06_recombinhunt/run_recombinhunt.py", line 211, in run_recombinhunt_for_lineage
    ca.print_case_details(html_report_handle)
  File "/home/topcuoglu/openrecombinhunt/libs/recombinhunt-cov-7.0.0/src/recombinhunt/validation/case_analysis.py", line 252, in print_case_details
    *[self.region_table(r) for r in self.exp.genome_view.regions],
  File "/home/topcuoglu/openrecombinhunt/libs/recombinhunt-cov-7.0.0/src/recombinhunt/validation/case_analysis.py", line 252, in <listcomp>
    *[self.region_table(r) for r in self.exp.genome_view.regions],
  File "/home/topcuoglu/openrecombinhunt/libs/recombinhunt-cov-7.0.0/src/recombinhunt/validation/case_analysis.py", line 157, in region_table
    num_seq = [self.exp.env.number_of_sequences_of_lineage(c) for c in region.candidates]
  File "/home/topcuoglu/openrecombinhunt/libs/recombinhunt-cov-7.0.0/src/recombinhunt/validation/case_analysis.py", line 157, in <listcomp>
    num_seq = [self.exp.env.number_of_sequences_of_lineage(c) for c in region.candidates]
  File "/home/topcuoglu/openrecombinhunt/libs/recombinhunt-cov-7.0.0/src/recombinhunt/core/environment.py", line 175, in number_of_sequences_of_lineage
    if lineage_name.contains("NmC"): return self.lc_quality_df.at['num', lineage_name]
AttributeError: 'str' object has no attribute 'contains'
2025-09-06 13:44:34,198 - ERROR -   Error on one sample in lineage A.1: 'str' object has no attribute 'contains'
Traceback (most recent call last):
  File "/home/topcuoglu/openrecombinhunt/src/06_recombinhunt/run_recombinhunt.py", line 211, in run_recombinhunt_for_lineage
    ca.print_case_details(html_report_handle)
  File "/home/topcuoglu/openrecombinhunt/libs/recombinhunt-cov-7.0.0/src/recombinhunt/validation/case_analysis.py", line 252, in print_case_details
    *[self.region_table(r) for r in self.exp.genome_view.regions],
  File "/home/topcuoglu/openrecombinhunt/libs/recombinhunt-cov-7.0.0/src/recombinhunt/validation/case_analysis.py", line 252, in <listcomp>
    *[self.region_table(r) for r in self.exp.genome_view.regions],
  File "/home/topcuoglu/openrecombinhunt/libs/recombinhunt-cov-7.0.0/src/recombinhunt/validation/case_analysis.py", line 157, in region_table
    num_seq = [self.exp.env.number_of_sequences_of_lineage(c) for c in region.candidates]
  File "/home/topcuoglu/openrecombinhunt/libs/recombinhunt-cov-7.0.0/src/recombinhunt/validation/case_analysis.py", line 157, in <listcomp>
    num_seq = [self.exp.env.number_of_sequences_of_lineage(c) for c in region.candidates]
  File "/home/topcuoglu/openrecombinhunt/libs/recombinhunt-cov-7.0.0/src/recombinhunt/core/environment.py", line 175, in number_of_sequences_of_lineage
    if lineage_name.contains("NmC"): return self.lc_quality_df.at['num', lineage_name]
AttributeError: 'str' object has no attribute 'contains'
2025-09-06 13:44:34,988 - ERROR -   Error on one sample in lineage A.1: 'str' object has no attribute 'contains'
Traceback (most recent call last):
  File "/home/topcuoglu/openrecombinhunt/src/06_recombinhunt/run_recombinhunt.py", line 211, in run_recombinhunt_for_lineage
    ca.print_case_details(html_report_handle)
  File "/home/topcuoglu/openrecombinhunt/libs/recombinhunt-cov-7.0.0/src/recombinhunt/validation/case_analysis.py", line 252, in print_case_details
    *[self.region_table(r) for r in self.exp.genome_view.regions],
  File "/home/topcuoglu/openrecombinhunt/libs/recombinhunt-cov-7.0.0/src/recombinhunt/validation/case_analysis.py", line 252, in <listcomp>
    *[self.region_table(r) for r in self.exp.genome_view.regions],
  File "/home/topcuoglu/openrecombinhunt/libs/recombinhunt-cov-7.0.0/src/recombinhunt/validation/case_analysis.py", line 157, in region_table
    num_seq = [self.exp.env.number_of_sequences_of_lineage(c) for c in region.candidates]
  File "/home/topcuoglu/openrecombinhunt/libs/recombinhunt-cov-7.0.0/src/recombinhunt/validation/case_analysis.py", line 157, in <listcomp>
    num_seq = [self.exp.env.number_of_sequences_of_lineage(c) for c in region.candidates]
  File "/home/topcuoglu/openrecombinhunt/libs/recombinhunt-cov-7.0.0/src/recombinhunt/core/environment.py", line 175, in number_of_sequences_of_lineage
    if lineage_name.contains("NmC"): return self.lc_quality_df.at['num', lineage_name]
AttributeError: 'str' object has no attribute 'contains'
2025-09-06 13:44:35,026 - ERROR -   Error on one sample in lineage A.1: 'str' object has no attribute 'contains'
Traceback (most recent call last):
  File "/home/topcuoglu/openrecombinhunt/src/06_recombinhunt/run_recombinhunt.py", line 211, in run_recombinhunt_for_lineage
    ca.print_case_details(html_report_handle)
  File "/home/topcuoglu/openrecombinhunt/libs/recombinhunt-cov-7.0.0/src/recombinhunt/validation/case_analysis.py", line 252, in print_case_details
    *[self.region_table(r) for r in self.exp.genome_view.regions],
  File "/home/topcuoglu/openrecombinhunt/libs/recombinhunt-cov-7.0.0/src/recombinhunt/validation/case_analysis.py", line 252, in <listcomp>
    *[self.region_table(r) for r in self.exp.genome_view.regions],
  File "/home/topcuoglu/openrecombinhunt/libs/recombinhunt-cov-7.0.0/src/recombinhunt/validation/case_analysis.py", line 157, in region_table
    num_seq = [self.exp.env.number_of_sequences_of_lineage(c) for c in region.candidates]
  File "/home/topcuoglu/openrecombinhunt/libs/recombinhunt-cov-7.0.0/src/recombinhunt/validation/case_analysis.py", line 157, in <listcomp>
    num_seq = [self.exp.env.number_of_sequences_of_lineage(c) for c in region.candidates]
  File "/home/topcuoglu/openrecombinhunt/libs/recombinhunt-cov-7.0.0/src/recombinhunt/core/environment.py", line 175, in number_of_sequences_of_lineage
    if lineage_name.contains("NmC"): return self.lc_quality_df.at['num', lineage_name]
AttributeError: 'str' object has no attribute 'contains'
2025-09-06 13:44:35,418 - ERROR -   Error on one sample in lineage A.1: 'str' object has no attribute 'contains'
Traceback (most recent call last):
  File "/home/topcuoglu/openrecombinhunt/src/06_recombinhunt/run_recombinhunt.py", line 211, in run_recombinhunt_for_lineage
    ca.print_case_details(html_report_handle)
  File "/home/topcuoglu/openrecombinhunt/libs/recombinhunt-cov-7.0.0/src/recombinhunt/validation/case_analysis.py", line 252, in print_case_details
    *[self.region_table(r) for r in self.exp.genome_view.regions],
  File "/home/topcuoglu/openrecombinhunt/libs/recombinhunt-cov-7.0.0/src/recombinhunt/validation/case_analysis.py", line 252, in <listcomp>
    *[self.region_table(r) for r in self.exp.genome_view.regions],
  File "/home/topcuoglu/openrecombinhunt/libs/recombinhunt-cov-7.0.0/src/recombinhunt/validation/case_analysis.py", line 157, in region_table
    num_seq = [self.exp.env.number_of_sequences_of_lineage(c) for c in region.candidates]
  File "/home/topcuoglu/openrecombinhunt/libs/recombinhunt-cov-7.0.0/src/recombinhunt/validation/case_analysis.py", line 157, in <listcomp>
    num_seq = [self.exp.env.number_of_sequences_of_lineage(c) for c in region.candidates]
  File "/home/topcuoglu/openrecombinhunt/libs/recombinhunt-cov-7.0.0/src/recombinhunt/core/environment.py", line 175, in number_of_sequences_of_lineage
    if lineage_name.contains("NmC"): return self.lc_quality_df.at['num', lineage_name]
AttributeError: 'str' object has no attribute 'contains'
2025-09-06 13:44:35,483 - ERROR -   Error on one sample in lineage A.1: 'str' object has no attribute 'contains'
Traceback (most recent call last):
  File "/home/topcuoglu/openrecombinhunt/src/06_recombinhunt/run_recombinhunt.py", line 211, in run_recombinhunt_for_lineage
    ca.print_case_details(html_report_handle)
  File "/home/topcuoglu/openrecombinhunt/libs/recombinhunt-cov-7.0.0/src/recombinhunt/validation/case_analysis.py", line 252, in print_case_details
    *[self.region_table(r) for r in self.exp.genome_view.regions],
  File "/home/topcuoglu/openrecombinhunt/libs/recombinhunt-cov-7.0.0/src/recombinhunt/validation/case_analysis.py", line 252, in <listcomp>
    *[self.region_table(r) for r in self.exp.genome_view.regions],
  File "/home/topcuoglu/openrecombinhunt/libs/recombinhunt-cov-7.0.0/src/recombinhunt/validation/case_analysis.py", line 157, in region_table
    num_seq = [self.exp.env.number_of_sequences_of_lineage(c) for c in region.candidates]
  File "/home/topcuoglu/openrecombinhunt/libs/recombinhunt-cov-7.0.0/src/recombinhunt/validation/case_analysis.py", line 157, in <listcomp>
    num_seq = [self.exp.env.number_of_sequences_of_lineage(c) for c in region.candidates]
  File "/home/topcuoglu/openrecombinhunt/libs/recombinhunt-cov-7.0.0/src/recombinhunt/core/environment.py", line 175, in number_of_sequences_of_lineage
    if lineage_name.contains("NmC"): return self.lc_quality_df.at['num', lineage_name]
AttributeError: 'str' object has no attribute 'contains'
2025-09-06 13:44:35,535 - ERROR -   Error on one sample in lineage A.1: 'str' object has no attribute 'contains'
Traceback (most recent call last):
  File "/home/topcuoglu/openrecombinhunt/src/06_recombinhunt/run_recombinhunt.py", line 211, in run_recombinhunt_for_lineage
    ca.print_case_details(html_report_handle)
  File "/home/topcuoglu/openrecombinhunt/libs/recombinhunt-cov-7.0.0/src/recombinhunt/validation/case_analysis.py", line 252, in print_case_details
    *[self.region_table(r) for r in self.exp.genome_view.regions],
  File "/home/topcuoglu/openrecombinhunt/libs/recombinhunt-cov-7.0.0/src/recombinhunt/validation/case_analysis.py", line 252, in <listcomp>
    *[self.region_table(r) for r in self.exp.genome_view.regions],
  File "/home/topcuoglu/openrecombinhunt/libs/recombinhunt-cov-7.0.0/src/recombinhunt/validation/case_analysis.py", line 157, in region_table
    num_seq = [self.exp.env.number_of_sequences_of_lineage(c) for c in region.candidates]
  File "/home/topcuoglu/openrecombinhunt/libs/recombinhunt-cov-7.0.0/src/recombinhunt/validation/case_analysis.py", line 157, in <listcomp>
    num_seq = [self.exp.env.number_of_sequences_of_lineage(c) for c in region.candidates]
  File "/home/topcuoglu/openrecombinhunt/libs/recombinhunt-cov-7.0.0/src/recombinhunt/core/environment.py", line 175, in number_of_sequences_of_lineage
    if lineage_name.contains("NmC"): return self.lc_quality_df.at['num', lineage_name]
AttributeError: 'str' object has no attribute 'contains'
2025-09-06 13:44:36,466 - ERROR -   Error on one sample in lineage A.1: 'str' object has no attribute 'contains'
Traceback (most recent call last):
  File "/home/topcuoglu/openrecombinhunt/src/06_recombinhunt/run_recombinhunt.py", line 211, in run_recombinhunt_for_lineage
    ca.print_case_details(html_report_handle)
  File "/home/topcuoglu/openrecombinhunt/libs/recombinhunt-cov-7.0.0/src/recombinhunt/validation/case_analysis.py", line 252, in print_case_details
    *[self.region_table(r) for r in self.exp.genome_view.regions],
  File "/home/topcuoglu/openrecombinhunt/libs/recombinhunt-cov-7.0.0/src/recombinhunt/validation/case_analysis.py", line 252, in <listcomp>
    *[self.region_table(r) for r in self.exp.genome_view.regions],
  File "/home/topcuoglu/openrecombinhunt/libs/recombinhunt-cov-7.0.0/src/recombinhunt/validation/case_analysis.py", line 157, in region_table
    num_seq = [self.exp.env.number_of_sequences_of_lineage(c) for c in region.candidates]
  File "/home/topcuoglu/openrecombinhunt/libs/recombinhunt-cov-7.0.0/src/recombinhunt/validation/case_analysis.py", line 157, in <listcomp>
    num_seq = [self.exp.env.number_of_sequences_of_lineage(c) for c in region.candidates]
  File "/home/topcuoglu/openrecombinhunt/libs/recombinhunt-cov-7.0.0/src/recombinhunt/core/environment.py", line 175, in number_of_sequences_of_lineage
    if lineage_name.contains("NmC"): return self.lc_quality_df.at['num', lineage_name]
AttributeError: 'str' object has no attribute 'contains'
2025-09-06 13:44:36,558 - ERROR -   Error on one sample in lineage A.1: 'str' object has no attribute 'contains'
Traceback (most recent call last):
  File "/home/topcuoglu/openrecombinhunt/src/06_recombinhunt/run_recombinhunt.py", line 211, in run_recombinhunt_for_lineage
    ca.print_case_details(html_report_handle)
  File "/home/topcuoglu/openrecombinhunt/libs/recombinhunt-cov-7.0.0/src/recombinhunt/validation/case_analysis.py", line 252, in print_case_details
    *[self.region_table(r) for r in self.exp.genome_view.regions],
  File "/home/topcuoglu/openrecombinhunt/libs/recombinhunt-cov-7.0.0/src/recombinhunt/validation/case_analysis.py", line 252, in <listcomp>
    *[self.region_table(r) for r in self.exp.genome_view.regions],
  File "/home/topcuoglu/openrecombinhunt/libs/recombinhunt-cov-7.0.0/src/recombinhunt/validation/case_analysis.py", line 157, in region_table
    num_seq = [self.exp.env.number_of_sequences_of_lineage(c) for c in region.candidates]
  File "/home/topcuoglu/openrecombinhunt/libs/recombinhunt-cov-7.0.0/src/recombinhunt/validation/case_analysis.py", line 157, in <listcomp>
    num_seq = [self.exp.env.number_of_sequences_of_lineage(c) for c in region.candidates]
  File "/home/topcuoglu/openrecombinhunt/libs/recombinhunt-cov-7.0.0/src/recombinhunt/core/environment.py", line 175, in number_of_sequences_of_lineage
    if lineage_name.contains("NmC"): return self.lc_quality_df.at['num', lineage_name]
AttributeError: 'str' object has no attribute 'contains'
2025-09-06 13:44:36,647 - ERROR -   Error on one sample in lineage A.1: 'str' object has no attribute 'contains'
Traceback (most recent call last):
  File "/home/topcuoglu/openrecombinhunt/src/06_recombinhunt/run_recombinhunt.py", line 211, in run_recombinhunt_for_lineage
    ca.print_case_details(html_report_handle)
  File "/home/topcuoglu/openrecombinhunt/libs/recombinhunt-cov-7.0.0/src/recombinhunt/validation/case_analysis.py", line 252, in print_case_details
    *[self.region_table(r) for r in self.exp.genome_view.regions],
  File "/home/topcuoglu/openrecombinhunt/libs/recombinhunt-cov-7.0.0/src/recombinhunt/validation/case_analysis.py", line 252, in <listcomp>
    *[self.region_table(r) for r in self.exp.genome_view.regions],
  File "/home/topcuoglu/openrecombinhunt/libs/recombinhunt-cov-7.0.0/src/recombinhunt/validation/case_analysis.py", line 157, in region_table
    num_seq = [self.exp.env.number_of_sequences_of_lineage(c) for c in region.candidates]
  File "/home/topcuoglu/openrecombinhunt/libs/recombinhunt-cov-7.0.0/src/recombinhunt/validation/case_analysis.py", line 157, in <listcomp>
    num_seq = [self.exp.env.number_of_sequences_of_lineage(c) for c in region.candidates]
  File "/home/topcuoglu/openrecombinhunt/libs/recombinhunt-cov-7.0.0/src/recombinhunt/core/environment.py", line 175, in number_of_sequences_of_lineage
    if lineage_name.contains("NmC"): return self.lc_quality_df.at['num', lineage_name]
AttributeError: 'str' object has no attribute 'contains'
2025-09-06 13:44:36,710 - ERROR -   Error on one sample in lineage A.1: 'str' object has no attribute 'contains'
Traceback (most recent call last):
  File "/home/topcuoglu/openrecombinhunt/src/06_recombinhunt/run_recombinhunt.py", line 211, in run_recombinhunt_for_lineage
    ca.print_case_details(html_report_handle)
  File "/home/topcuoglu/openrecombinhunt/libs/recombinhunt-cov-7.0.0/src/recombinhunt/validation/case_analysis.py", line 252, in print_case_details
    *[self.region_table(r) for r in self.exp.genome_view.regions],
  File "/home/topcuoglu/openrecombinhunt/libs/recombinhunt-cov-7.0.0/src/recombinhunt/validation/case_analysis.py", line 252, in <listcomp>
    *[self.region_table(r) for r in self.exp.genome_view.regions],
  File "/home/topcuoglu/openrecombinhunt/libs/recombinhunt-cov-7.0.0/src/recombinhunt/validation/case_analysis.py", line 157, in region_table
    num_seq = [self.exp.env.number_of_sequences_of_lineage(c) for c in region.candidates]
  File "/home/topcuoglu/openrecombinhunt/libs/recombinhunt-cov-7.0.0/src/recombinhunt/validation/case_analysis.py", line 157, in <listcomp>
    num_seq = [self.exp.env.number_of_sequences_of_lineage(c) for c in region.candidates]
  File "/home/topcuoglu/openrecombinhunt/libs/recombinhunt-cov-7.0.0/src/recombinhunt/core/environment.py", line 175, in number_of_sequences_of_lineage
    if lineage_name.contains("NmC"): return self.lc_quality_df.at['num', lineage_name]
AttributeError: 'str' object has no attribute 'contains'
2025-09-06 13:44:36,848 - ERROR -   Error on one sample in lineage A.1: 'str' object has no attribute 'contains'
Traceback (most recent call last):
  File "/home/topcuoglu/openrecombinhunt/src/06_recombinhunt/run_recombinhunt.py", line 211, in run_recombinhunt_for_lineage
    ca.print_case_details(html_report_handle)
  File "/home/topcuoglu/openrecombinhunt/libs/recombinhunt-cov-7.0.0/src/recombinhunt/validation/case_analysis.py", line 252, in print_case_details
    *[self.region_table(r) for r in self.exp.genome_view.regions],
  File "/home/topcuoglu/openrecombinhunt/libs/recombinhunt-cov-7.0.0/src/recombinhunt/validation/case_analysis.py", line 252, in <listcomp>
    *[self.region_table(r) for r in self.exp.genome_view.regions],
  File "/home/topcuoglu/openrecombinhunt/libs/recombinhunt-cov-7.0.0/src/recombinhunt/validation/case_analysis.py", line 157, in region_table
    num_seq = [self.exp.env.number_of_sequences_of_lineage(c) for c in region.candidates]
  File "/home/topcuoglu/openrecombinhunt/libs/recombinhunt-cov-7.0.0/src/recombinhunt/validation/case_analysis.py", line 157, in <listcomp>
    num_seq = [self.exp.env.number_of_sequences_of_lineage(c) for c in region.candidates]
  File "/home/topcuoglu/openrecombinhunt/libs/recombinhunt-cov-7.0.0/src/recombinhunt/core/environment.py", line 175, in number_of_sequences_of_lineage
    if lineage_name.contains("NmC"): return self.lc_quality_df.at['num', lineage_name]
AttributeError: 'str' object has no attribute 'contains'
2025-09-06 13:44:37,250 - ERROR -   Error on one sample in lineage A.1: 'str' object has no attribute 'contains'
Traceback (most recent call last):
  File "/home/topcuoglu/openrecombinhunt/src/06_recombinhunt/run_recombinhunt.py", line 211, in run_recombinhunt_for_lineage
    ca.print_case_details(html_report_handle)
  File "/home/topcuoglu/openrecombinhunt/libs/recombinhunt-cov-7.0.0/src/recombinhunt/validation/case_analysis.py", line 252, in print_case_details
    *[self.region_table(r) for r in self.exp.genome_view.regions],
  File "/home/topcuoglu/openrecombinhunt/libs/recombinhunt-cov-7.0.0/src/recombinhunt/validation/case_analysis.py", line 252, in <listcomp>
    *[self.region_table(r) for r in self.exp.genome_view.regions],
  File "/home/topcuoglu/openrecombinhunt/libs/recombinhunt-cov-7.0.0/src/recombinhunt/validation/case_analysis.py", line 157, in region_table
    num_seq = [self.exp.env.number_of_sequences_of_lineage(c) for c in region.candidates]
  File "/home/topcuoglu/openrecombinhunt/libs/recombinhunt-cov-7.0.0/src/recombinhunt/validation/case_analysis.py", line 157, in <listcomp>
    num_seq = [self.exp.env.number_of_sequences_of_lineage(c) for c in region.candidates]
  File "/home/topcuoglu/openrecombinhunt/libs/recombinhunt-cov-7.0.0/src/recombinhunt/core/environment.py", line 175, in number_of_sequences_of_lineage
    if lineage_name.contains("NmC"): return self.lc_quality_df.at['num', lineage_name]
AttributeError: 'str' object has no attribute 'contains'
2025-09-06 13:44:37,341 - ERROR -   Error on one sample in lineage A.1: 'str' object has no attribute 'contains'
Traceback (most recent call last):
  File "/home/topcuoglu/openrecombinhunt/src/06_recombinhunt/run_recombinhunt.py", line 211, in run_recombinhunt_for_lineage
    ca.print_case_details(html_report_handle)
  File "/home/topcuoglu/openrecombinhunt/libs/recombinhunt-cov-7.0.0/src/recombinhunt/validation/case_analysis.py", line 252, in print_case_details
    *[self.region_table(r) for r in self.exp.genome_view.regions],
  File "/home/topcuoglu/openrecombinhunt/libs/recombinhunt-cov-7.0.0/src/recombinhunt/validation/case_analysis.py", line 252, in <listcomp>
    *[self.region_table(r) for r in self.exp.genome_view.regions],
  File "/home/topcuoglu/openrecombinhunt/libs/recombinhunt-cov-7.0.0/src/recombinhunt/validation/case_analysis.py", line 157, in region_table
    num_seq = [self.exp.env.number_of_sequences_of_lineage(c) for c in region.candidates]
  File "/home/topcuoglu/openrecombinhunt/libs/recombinhunt-cov-7.0.0/src/recombinhunt/validation/case_analysis.py", line 157, in <listcomp>
    num_seq = [self.exp.env.number_of_sequences_of_lineage(c) for c in region.candidates]
  File "/home/topcuoglu/openrecombinhunt/libs/recombinhunt-cov-7.0.0/src/recombinhunt/core/environment.py", line 175, in number_of_sequences_of_lineage
    if lineage_name.contains("NmC"): return self.lc_quality_df.at['num', lineage_name]
AttributeError: 'str' object has no attribute 'contains'
2025-09-06 13:44:37,404 - ERROR -   Error on one sample in lineage A.1: 'str' object has no attribute 'contains'
Traceback (most recent call last):
  File "/home/topcuoglu/openrecombinhunt/src/06_recombinhunt/run_recombinhunt.py", line 211, in run_recombinhunt_for_lineage
    ca.print_case_details(html_report_handle)
  File "/home/topcuoglu/openrecombinhunt/libs/recombinhunt-cov-7.0.0/src/recombinhunt/validation/case_analysis.py", line 252, in print_case_details
    *[self.region_table(r) for r in self.exp.genome_view.regions],
  File "/home/topcuoglu/openrecombinhunt/libs/recombinhunt-cov-7.0.0/src/recombinhunt/validation/case_analysis.py", line 252, in <listcomp>
    *[self.region_table(r) for r in self.exp.genome_view.regions],
  File "/home/topcuoglu/openrecombinhunt/libs/recombinhunt-cov-7.0.0/src/recombinhunt/validation/case_analysis.py", line 157, in region_table
    num_seq = [self.exp.env.number_of_sequences_of_lineage(c) for c in region.candidates]
  File "/home/topcuoglu/openrecombinhunt/libs/recombinhunt-cov-7.0.0/src/recombinhunt/validation/case_analysis.py", line 157, in <listcomp>
    num_seq = [self.exp.env.number_of_sequences_of_lineage(c) for c in region.candidates]
  File "/home/topcuoglu/openrecombinhunt/libs/recombinhunt-cov-7.0.0/src/recombinhunt/core/environment.py", line 175, in number_of_sequences_of_lineage
    if lineage_name.contains("NmC"): return self.lc_quality_df.at['num', lineage_name]
AttributeError: 'str' object has no attribute 'contains'
2025-09-06 13:44:37,470 - ERROR -   Error on one sample in lineage A.1: 'str' object has no attribute 'contains'
Traceback (most recent call last):
  File "/home/topcuoglu/openrecombinhunt/src/06_recombinhunt/run_recombinhunt.py", line 211, in run_recombinhunt_for_lineage
    ca.print_case_details(html_report_handle)
  File "/home/topcuoglu/openrecombinhunt/libs/recombinhunt-cov-7.0.0/src/recombinhunt/validation/case_analysis.py", line 252, in print_case_details
    *[self.region_table(r) for r in self.exp.genome_view.regions],
  File "/home/topcuoglu/openrecombinhunt/libs/recombinhunt-cov-7.0.0/src/recombinhunt/validation/case_analysis.py", line 252, in <listcomp>
    *[self.region_table(r) for r in self.exp.genome_view.regions],
  File "/home/topcuoglu/openrecombinhunt/libs/recombinhunt-cov-7.0.0/src/recombinhunt/validation/case_analysis.py", line 157, in region_table
    num_seq = [self.exp.env.number_of_sequences_of_lineage(c) for c in region.candidates]
  File "/home/topcuoglu/openrecombinhunt/libs/recombinhunt-cov-7.0.0/src/recombinhunt/validation/case_analysis.py", line 157, in <listcomp>
    num_seq = [self.exp.env.number_of_sequences_of_lineage(c) for c in region.candidates]
  File "/home/topcuoglu/openrecombinhunt/libs/recombinhunt-cov-7.0.0/src/recombinhunt/core/environment.py", line 175, in number_of_sequences_of_lineage
    if lineage_name.contains("NmC"): return self.lc_quality_df.at['num', lineage_name]
AttributeError: 'str' object has no attribute 'contains'
2025-09-06 13:44:37,718 - ERROR -   Error on one sample in lineage A.1: 'str' object has no attribute 'contains'
Traceback (most recent call last):
  File "/home/topcuoglu/openrecombinhunt/src/06_recombinhunt/run_recombinhunt.py", line 211, in run_recombinhunt_for_lineage
    ca.print_case_details(html_report_handle)
  File "/home/topcuoglu/openrecombinhunt/libs/recombinhunt-cov-7.0.0/src/recombinhunt/validation/case_analysis.py", line 252, in print_case_details
    *[self.region_table(r) for r in self.exp.genome_view.regions],
  File "/home/topcuoglu/openrecombinhunt/libs/recombinhunt-cov-7.0.0/src/recombinhunt/validation/case_analysis.py", line 252, in <listcomp>
    *[self.region_table(r) for r in self.exp.genome_view.regions],
  File "/home/topcuoglu/openrecombinhunt/libs/recombinhunt-cov-7.0.0/src/recombinhunt/validation/case_analysis.py", line 157, in region_table
    num_seq = [self.exp.env.number_of_sequences_of_lineage(c) for c in region.candidates]
  File "/home/topcuoglu/openrecombinhunt/libs/recombinhunt-cov-7.0.0/src/recombinhunt/validation/case_analysis.py", line 157, in <listcomp>
    num_seq = [self.exp.env.number_of_sequences_of_lineage(c) for c in region.candidates]
  File "/home/topcuoglu/openrecombinhunt/libs/recombinhunt-cov-7.0.0/src/recombinhunt/core/environment.py", line 175, in number_of_sequences_of_lineage
    if lineage_name.contains("NmC"): return self.lc_quality_df.at['num', lineage_name]
AttributeError: 'str' object has no attribute 'contains'
2025-09-06 13:44:37,883 - ERROR -   Error on one sample in lineage A.1: 'str' object has no attribute 'contains'
Traceback (most recent call last):
  File "/home/topcuoglu/openrecombinhunt/src/06_recombinhunt/run_recombinhunt.py", line 211, in run_recombinhunt_for_lineage
    ca.print_case_details(html_report_handle)
  File "/home/topcuoglu/openrecombinhunt/libs/recombinhunt-cov-7.0.0/src/recombinhunt/validation/case_analysis.py", line 252, in print_case_details
    *[self.region_table(r) for r in self.exp.genome_view.regions],
  File "/home/topcuoglu/openrecombinhunt/libs/recombinhunt-cov-7.0.0/src/recombinhunt/validation/case_analysis.py", line 252, in <listcomp>
    *[self.region_table(r) for r in self.exp.genome_view.regions],
  File "/home/topcuoglu/openrecombinhunt/libs/recombinhunt-cov-7.0.0/src/recombinhunt/validation/case_analysis.py", line 157, in region_table
    num_seq = [self.exp.env.number_of_sequences_of_lineage(c) for c in region.candidates]
  File "/home/topcuoglu/openrecombinhunt/libs/recombinhunt-cov-7.0.0/src/recombinhunt/validation/case_analysis.py", line 157, in <listcomp>
    num_seq = [self.exp.env.number_of_sequences_of_lineage(c) for c in region.candidates]
  File "/home/topcuoglu/openrecombinhunt/libs/recombinhunt-cov-7.0.0/src/recombinhunt/core/environment.py", line 175, in number_of_sequences_of_lineage
    if lineage_name.contains("NmC"): return self.lc_quality_df.at['num', lineage_name]
AttributeError: 'str' object has no attribute 'contains'
2025-09-06 13:44:38,312 - ERROR -   Error on one sample in lineage A.1: 'str' object has no attribute 'contains'
Traceback (most recent call last):
  File "/home/topcuoglu/openrecombinhunt/src/06_recombinhunt/run_recombinhunt.py", line 211, in run_recombinhunt_for_lineage
    ca.print_case_details(html_report_handle)
  File "/home/topcuoglu/openrecombinhunt/libs/recombinhunt-cov-7.0.0/src/recombinhunt/validation/case_analysis.py", line 252, in print_case_details
    *[self.region_table(r) for r in self.exp.genome_view.regions],
  File "/home/topcuoglu/openrecombinhunt/libs/recombinhunt-cov-7.0.0/src/recombinhunt/validation/case_analysis.py", line 252, in <listcomp>
    *[self.region_table(r) for r in self.exp.genome_view.regions],
  File "/home/topcuoglu/openrecombinhunt/libs/recombinhunt-cov-7.0.0/src/recombinhunt/validation/case_analysis.py", line 157, in region_table
    num_seq = [self.exp.env.number_of_sequences_of_lineage(c) for c in region.candidates]
  File "/home/topcuoglu/openrecombinhunt/libs/recombinhunt-cov-7.0.0/src/recombinhunt/validation/case_analysis.py", line 157, in <listcomp>
    num_seq = [self.exp.env.number_of_sequences_of_lineage(c) for c in region.candidates]
  File "/home/topcuoglu/openrecombinhunt/libs/recombinhunt-cov-7.0.0/src/recombinhunt/core/environment.py", line 175, in number_of_sequences_of_lineage
    if lineage_name.contains("NmC"): return self.lc_quality_df.at['num', lineage_name]
AttributeError: 'str' object has no attribute 'contains'
2025-09-06 13:44:38,337 - WARNING - Gap made of only target mutations (How can it be? It's an almost impossible condition). Target mutation that minimizes the loss has been assigned to the right region).
2025-09-06 13:44:38,351 - ERROR -   Error on one sample in lineage A.1: 'str' object has no attribute 'contains'
Traceback (most recent call last):
  File "/home/topcuoglu/openrecombinhunt/src/06_recombinhunt/run_recombinhunt.py", line 211, in run_recombinhunt_for_lineage
    ca.print_case_details(html_report_handle)
  File "/home/topcuoglu/openrecombinhunt/libs/recombinhunt-cov-7.0.0/src/recombinhunt/validation/case_analysis.py", line 252, in print_case_details
    *[self.region_table(r) for r in self.exp.genome_view.regions],
  File "/home/topcuoglu/openrecombinhunt/libs/recombinhunt-cov-7.0.0/src/recombinhunt/validation/case_analysis.py", line 252, in <listcomp>
    *[self.region_table(r) for r in self.exp.genome_view.regions],
  File "/home/topcuoglu/openrecombinhunt/libs/recombinhunt-cov-7.0.0/src/recombinhunt/validation/case_analysis.py", line 157, in region_table
    num_seq = [self.exp.env.number_of_sequences_of_lineage(c) for c in region.candidates]
  File "/home/topcuoglu/openrecombinhunt/libs/recombinhunt-cov-7.0.0/src/recombinhunt/validation/case_analysis.py", line 157, in <listcomp>
    num_seq = [self.exp.env.number_of_sequences_of_lineage(c) for c in region.candidates]
  File "/home/topcuoglu/openrecombinhunt/libs/recombinhunt-cov-7.0.0/src/recombinhunt/core/environment.py", line 175, in number_of_sequences_of_lineage
    if lineage_name.contains("NmC"): return self.lc_quality_df.at['num', lineage_name]
AttributeError: 'str' object has no attribute 'contains'
2025-09-06 13:44:38,414 - ERROR -   Error on one sample in lineage A.1: 'str' object has no attribute 'contains'
Traceback (most recent call last):
  File "/home/topcuoglu/openrecombinhunt/src/06_recombinhunt/run_recombinhunt.py", line 211, in run_recombinhunt_for_lineage
    ca.print_case_details(html_report_handle)
  File "/home/topcuoglu/openrecombinhunt/libs/recombinhunt-cov-7.0.0/src/recombinhunt/validation/case_analysis.py", line 252, in print_case_details
    *[self.region_table(r) for r in self.exp.genome_view.regions],
  File "/home/topcuoglu/openrecombinhunt/libs/recombinhunt-cov-7.0.0/src/recombinhunt/validation/case_analysis.py", line 252, in <listcomp>
    *[self.region_table(r) for r in self.exp.genome_view.regions],
  File "/home/topcuoglu/openrecombinhunt/libs/recombinhunt-cov-7.0.0/src/recombinhunt/validation/case_analysis.py", line 157, in region_table
    num_seq = [self.exp.env.number_of_sequences_of_lineage(c) for c in region.candidates]
  File "/home/topcuoglu/openrecombinhunt/libs/recombinhunt-cov-7.0.0/src/recombinhunt/validation/case_analysis.py", line 157, in <listcomp>
    num_seq = [self.exp.env.number_of_sequences_of_lineage(c) for c in region.candidates]
  File "/home/topcuoglu/openrecombinhunt/libs/recombinhunt-cov-7.0.0/src/recombinhunt/core/environment.py", line 175, in number_of_sequences_of_lineage
    if lineage_name.contains("NmC"): return self.lc_quality_df.at['num', lineage_name]
AttributeError: 'str' object has no attribute 'contains'
2025-09-06 13:44:38,454 - ERROR -   Error on one sample in lineage A.1: 'str' object has no attribute 'contains'
Traceback (most recent call last):
  File "/home/topcuoglu/openrecombinhunt/src/06_recombinhunt/run_recombinhunt.py", line 211, in run_recombinhunt_for_lineage
    ca.print_case_details(html_report_handle)
  File "/home/topcuoglu/openrecombinhunt/libs/recombinhunt-cov-7.0.0/src/recombinhunt/validation/case_analysis.py", line 252, in print_case_details
    *[self.region_table(r) for r in self.exp.genome_view.regions],
  File "/home/topcuoglu/openrecombinhunt/libs/recombinhunt-cov-7.0.0/src/recombinhunt/validation/case_analysis.py", line 252, in <listcomp>
    *[self.region_table(r) for r in self.exp.genome_view.regions],
  File "/home/topcuoglu/openrecombinhunt/libs/recombinhunt-cov-7.0.0/src/recombinhunt/validation/case_analysis.py", line 157, in region_table
    num_seq = [self.exp.env.number_of_sequences_of_lineage(c) for c in region.candidates]
  File "/home/topcuoglu/openrecombinhunt/libs/recombinhunt-cov-7.0.0/src/recombinhunt/validation/case_analysis.py", line 157, in <listcomp>
    num_seq = [self.exp.env.number_of_sequences_of_lineage(c) for c in region.candidates]
  File "/home/topcuoglu/openrecombinhunt/libs/recombinhunt-cov-7.0.0/src/recombinhunt/core/environment.py", line 175, in number_of_sequences_of_lineage
    if lineage_name.contains("NmC"): return self.lc_quality_df.at['num', lineage_name]
AttributeError: 'str' object has no attribute 'contains'
2025-09-06 13:44:38,730 - ERROR -   Error on one sample in lineage A.1: 'str' object has no attribute 'contains'
Traceback (most recent call last):
  File "/home/topcuoglu/openrecombinhunt/src/06_recombinhunt/run_recombinhunt.py", line 211, in run_recombinhunt_for_lineage
    ca.print_case_details(html_report_handle)
  File "/home/topcuoglu/openrecombinhunt/libs/recombinhunt-cov-7.0.0/src/recombinhunt/validation/case_analysis.py", line 252, in print_case_details
    *[self.region_table(r) for r in self.exp.genome_view.regions],
  File "/home/topcuoglu/openrecombinhunt/libs/recombinhunt-cov-7.0.0/src/recombinhunt/validation/case_analysis.py", line 252, in <listcomp>
    *[self.region_table(r) for r in self.exp.genome_view.regions],
  File "/home/topcuoglu/openrecombinhunt/libs/recombinhunt-cov-7.0.0/src/recombinhunt/validation/case_analysis.py", line 157, in region_table
    num_seq = [self.exp.env.number_of_sequences_of_lineage(c) for c in region.candidates]
  File "/home/topcuoglu/openrecombinhunt/libs/recombinhunt-cov-7.0.0/src/recombinhunt/validation/case_analysis.py", line 157, in <listcomp>
    num_seq = [self.exp.env.number_of_sequences_of_lineage(c) for c in region.candidates]
  File "/home/topcuoglu/openrecombinhunt/libs/recombinhunt-cov-7.0.0/src/recombinhunt/core/environment.py", line 175, in number_of_sequences_of_lineage
    if lineage_name.contains("NmC"): return self.lc_quality_df.at['num', lineage_name]
AttributeError: 'str' object has no attribute 'contains'
2025-09-06 13:44:39,156 - ERROR -   Error on one sample in lineage A.1: 'str' object has no attribute 'contains'
Traceback (most recent call last):
  File "/home/topcuoglu/openrecombinhunt/src/06_recombinhunt/run_recombinhunt.py", line 211, in run_recombinhunt_for_lineage
    ca.print_case_details(html_report_handle)
  File "/home/topcuoglu/openrecombinhunt/libs/recombinhunt-cov-7.0.0/src/recombinhunt/validation/case_analysis.py", line 252, in print_case_details
    *[self.region_table(r) for r in self.exp.genome_view.regions],
  File "/home/topcuoglu/openrecombinhunt/libs/recombinhunt-cov-7.0.0/src/recombinhunt/validation/case_analysis.py", line 252, in <listcomp>
    *[self.region_table(r) for r in self.exp.genome_view.regions],
  File "/home/topcuoglu/openrecombinhunt/libs/recombinhunt-cov-7.0.0/src/recombinhunt/validation/case_analysis.py", line 157, in region_table
    num_seq = [self.exp.env.number_of_sequences_of_lineage(c) for c in region.candidates]
  File "/home/topcuoglu/openrecombinhunt/libs/recombinhunt-cov-7.0.0/src/recombinhunt/validation/case_analysis.py", line 157, in <listcomp>
    num_seq = [self.exp.env.number_of_sequences_of_lineage(c) for c in region.candidates]
  File "/home/topcuoglu/openrecombinhunt/libs/recombinhunt-cov-7.0.0/src/recombinhunt/core/environment.py", line 175, in number_of_sequences_of_lineage
    if lineage_name.contains("NmC"): return self.lc_quality_df.at['num', lineage_name]
AttributeError: 'str' object has no attribute 'contains'
2025-09-06 13:44:39,370 - ERROR -   Error on one sample in lineage A.1: 'str' object has no attribute 'contains'
Traceback (most recent call last):
  File "/home/topcuoglu/openrecombinhunt/src/06_recombinhunt/run_recombinhunt.py", line 211, in run_recombinhunt_for_lineage
    ca.print_case_details(html_report_handle)
  File "/home/topcuoglu/openrecombinhunt/libs/recombinhunt-cov-7.0.0/src/recombinhunt/validation/case_analysis.py", line 252, in print_case_details
    *[self.region_table(r) for r in self.exp.genome_view.regions],
  File "/home/topcuoglu/openrecombinhunt/libs/recombinhunt-cov-7.0.0/src/recombinhunt/validation/case_analysis.py", line 252, in <listcomp>
    *[self.region_table(r) for r in self.exp.genome_view.regions],
  File "/home/topcuoglu/openrecombinhunt/libs/recombinhunt-cov-7.0.0/src/recombinhunt/validation/case_analysis.py", line 157, in region_table
    num_seq = [self.exp.env.number_of_sequences_of_lineage(c) for c in region.candidates]
  File "/home/topcuoglu/openrecombinhunt/libs/recombinhunt-cov-7.0.0/src/recombinhunt/validation/case_analysis.py", line 157, in <listcomp>
    num_seq = [self.exp.env.number_of_sequences_of_lineage(c) for c in region.candidates]
  File "/home/topcuoglu/openrecombinhunt/libs/recombinhunt-cov-7.0.0/src/recombinhunt/core/environment.py", line 175, in number_of_sequences_of_lineage
    if lineage_name.contains("NmC"): return self.lc_quality_df.at['num', lineage_name]
AttributeError: 'str' object has no attribute 'contains'
2025-09-06 13:44:39,674 - WARNING - Gap made of only target mutations (How can it be? It's an almost impossible condition). Target mutation that minimizes the loss has been assigned to the right region).
2025-09-06 13:44:39,688 - ERROR -   Error on one sample in lineage A.1: 'str' object has no attribute 'contains'
Traceback (most recent call last):
  File "/home/topcuoglu/openrecombinhunt/src/06_recombinhunt/run_recombinhunt.py", line 211, in run_recombinhunt_for_lineage
    ca.print_case_details(html_report_handle)
  File "/home/topcuoglu/openrecombinhunt/libs/recombinhunt-cov-7.0.0/src/recombinhunt/validation/case_analysis.py", line 252, in print_case_details
    *[self.region_table(r) for r in self.exp.genome_view.regions],
  File "/home/topcuoglu/openrecombinhunt/libs/recombinhunt-cov-7.0.0/src/recombinhunt/validation/case_analysis.py", line 252, in <listcomp>
    *[self.region_table(r) for r in self.exp.genome_view.regions],
  File "/home/topcuoglu/openrecombinhunt/libs/recombinhunt-cov-7.0.0/src/recombinhunt/validation/case_analysis.py", line 157, in region_table
    num_seq = [self.exp.env.number_of_sequences_of_lineage(c) for c in region.candidates]
  File "/home/topcuoglu/openrecombinhunt/libs/recombinhunt-cov-7.0.0/src/recombinhunt/validation/case_analysis.py", line 157, in <listcomp>
    num_seq = [self.exp.env.number_of_sequences_of_lineage(c) for c in region.candidates]
  File "/home/topcuoglu/openrecombinhunt/libs/recombinhunt-cov-7.0.0/src/recombinhunt/core/environment.py", line 175, in number_of_sequences_of_lineage
    if lineage_name.contains("NmC"): return self.lc_quality_df.at['num', lineage_name]
AttributeError: 'str' object has no attribute 'contains'
2025-09-06 13:44:39,752 - ERROR -   Error on one sample in lineage A.1: 'str' object has no attribute 'contains'
Traceback (most recent call last):
  File "/home/topcuoglu/openrecombinhunt/src/06_recombinhunt/run_recombinhunt.py", line 211, in run_recombinhunt_for_lineage
    ca.print_case_details(html_report_handle)
  File "/home/topcuoglu/openrecombinhunt/libs/recombinhunt-cov-7.0.0/src/recombinhunt/validation/case_analysis.py", line 252, in print_case_details
    *[self.region_table(r) for r in self.exp.genome_view.regions],
  File "/home/topcuoglu/openrecombinhunt/libs/recombinhunt-cov-7.0.0/src/recombinhunt/validation/case_analysis.py", line 252, in <listcomp>
    *[self.region_table(r) for r in self.exp.genome_view.regions],
  File "/home/topcuoglu/openrecombinhunt/libs/recombinhunt-cov-7.0.0/src/recombinhunt/validation/case_analysis.py", line 157, in region_table
    num_seq = [self.exp.env.number_of_sequences_of_lineage(c) for c in region.candidates]
  File "/home/topcuoglu/openrecombinhunt/libs/recombinhunt-cov-7.0.0/src/recombinhunt/validation/case_analysis.py", line 157, in <listcomp>
    num_seq = [self.exp.env.number_of_sequences_of_lineage(c) for c in region.candidates]
  File "/home/topcuoglu/openrecombinhunt/libs/recombinhunt-cov-7.0.0/src/recombinhunt/core/environment.py", line 175, in number_of_sequences_of_lineage
    if lineage_name.contains("NmC"): return self.lc_quality_df.at['num', lineage_name]
AttributeError: 'str' object has no attribute 'contains'
2025-09-06 13:44:39,989 - WARNING - Gap made of only target mutations (How can it be? It's an almost impossible condition). Target mutation that minimizes the loss has been assigned to the right region).
2025-09-06 13:44:40,003 - ERROR -   Error on one sample in lineage A.1: 'str' object has no attribute 'contains'
Traceback (most recent call last):
  File "/home/topcuoglu/openrecombinhunt/src/06_recombinhunt/run_recombinhunt.py", line 211, in run_recombinhunt_for_lineage
    ca.print_case_details(html_report_handle)
  File "/home/topcuoglu/openrecombinhunt/libs/recombinhunt-cov-7.0.0/src/recombinhunt/validation/case_analysis.py", line 252, in print_case_details
    *[self.region_table(r) for r in self.exp.genome_view.regions],
  File "/home/topcuoglu/openrecombinhunt/libs/recombinhunt-cov-7.0.0/src/recombinhunt/validation/case_analysis.py", line 252, in <listcomp>
    *[self.region_table(r) for r in self.exp.genome_view.regions],
  File "/home/topcuoglu/openrecombinhunt/libs/recombinhunt-cov-7.0.0/src/recombinhunt/validation/case_analysis.py", line 157, in region_table
    num_seq = [self.exp.env.number_of_sequences_of_lineage(c) for c in region.candidates]
  File "/home/topcuoglu/openrecombinhunt/libs/recombinhunt-cov-7.0.0/src/recombinhunt/validation/case_analysis.py", line 157, in <listcomp>
    num_seq = [self.exp.env.number_of_sequences_of_lineage(c) for c in region.candidates]
  File "/home/topcuoglu/openrecombinhunt/libs/recombinhunt-cov-7.0.0/src/recombinhunt/core/environment.py", line 175, in number_of_sequences_of_lineage
    if lineage_name.contains("NmC"): return self.lc_quality_df.at['num', lineage_name]
AttributeError: 'str' object has no attribute 'contains'
2025-09-06 13:44:40,645 - ERROR -   Error on one sample in lineage A.1: 'str' object has no attribute 'contains'
Traceback (most recent call last):
  File "/home/topcuoglu/openrecombinhunt/src/06_recombinhunt/run_recombinhunt.py", line 211, in run_recombinhunt_for_lineage
    ca.print_case_details(html_report_handle)
  File "/home/topcuoglu/openrecombinhunt/libs/recombinhunt-cov-7.0.0/src/recombinhunt/validation/case_analysis.py", line 252, in print_case_details
    *[self.region_table(r) for r in self.exp.genome_view.regions],
  File "/home/topcuoglu/openrecombinhunt/libs/recombinhunt-cov-7.0.0/src/recombinhunt/validation/case_analysis.py", line 252, in <listcomp>
    *[self.region_table(r) for r in self.exp.genome_view.regions],
  File "/home/topcuoglu/openrecombinhunt/libs/recombinhunt-cov-7.0.0/src/recombinhunt/validation/case_analysis.py", line 157, in region_table
    num_seq = [self.exp.env.number_of_sequences_of_lineage(c) for c in region.candidates]
  File "/home/topcuoglu/openrecombinhunt/libs/recombinhunt-cov-7.0.0/src/recombinhunt/validation/case_analysis.py", line 157, in <listcomp>
    num_seq = [self.exp.env.number_of_sequences_of_lineage(c) for c in region.candidates]
  File "/home/topcuoglu/openrecombinhunt/libs/recombinhunt-cov-7.0.0/src/recombinhunt/core/environment.py", line 175, in number_of_sequences_of_lineage
    if lineage_name.contains("NmC"): return self.lc_quality_df.at['num', lineage_name]
AttributeError: 'str' object has no attribute 'contains'
2025-09-06 13:44:40,903 - ERROR -   Error on one sample in lineage A.1: 'str' object has no attribute 'contains'
Traceback (most recent call last):
  File "/home/topcuoglu/openrecombinhunt/src/06_recombinhunt/run_recombinhunt.py", line 211, in run_recombinhunt_for_lineage
    ca.print_case_details(html_report_handle)
  File "/home/topcuoglu/openrecombinhunt/libs/recombinhunt-cov-7.0.0/src/recombinhunt/validation/case_analysis.py", line 252, in print_case_details
    *[self.region_table(r) for r in self.exp.genome_view.regions],
  File "/home/topcuoglu/openrecombinhunt/libs/recombinhunt-cov-7.0.0/src/recombinhunt/validation/case_analysis.py", line 252, in <listcomp>
    *[self.region_table(r) for r in self.exp.genome_view.regions],
  File "/home/topcuoglu/openrecombinhunt/libs/recombinhunt-cov-7.0.0/src/recombinhunt/validation/case_analysis.py", line 157, in region_table
    num_seq = [self.exp.env.number_of_sequences_of_lineage(c) for c in region.candidates]
  File "/home/topcuoglu/openrecombinhunt/libs/recombinhunt-cov-7.0.0/src/recombinhunt/validation/case_analysis.py", line 157, in <listcomp>
    num_seq = [self.exp.env.number_of_sequences_of_lineage(c) for c in region.candidates]
  File "/home/topcuoglu/openrecombinhunt/libs/recombinhunt-cov-7.0.0/src/recombinhunt/core/environment.py", line 175, in number_of_sequences_of_lineage
    if lineage_name.contains("NmC"): return self.lc_quality_df.at['num', lineage_name]
AttributeError: 'str' object has no attribute 'contains'
2025-09-06 13:44:40,942 - ERROR -   Error on one sample in lineage A.1: 'str' object has no attribute 'contains'
Traceback (most recent call last):
  File "/home/topcuoglu/openrecombinhunt/src/06_recombinhunt/run_recombinhunt.py", line 211, in run_recombinhunt_for_lineage
    ca.print_case_details(html_report_handle)
  File "/home/topcuoglu/openrecombinhunt/libs/recombinhunt-cov-7.0.0/src/recombinhunt/validation/case_analysis.py", line 252, in print_case_details
    *[self.region_table(r) for r in self.exp.genome_view.regions],
  File "/home/topcuoglu/openrecombinhunt/libs/recombinhunt-cov-7.0.0/src/recombinhunt/validation/case_analysis.py", line 252, in <listcomp>
    *[self.region_table(r) for r in self.exp.genome_view.regions],
  File "/home/topcuoglu/openrecombinhunt/libs/recombinhunt-cov-7.0.0/src/recombinhunt/validation/case_analysis.py", line 157, in region_table
    num_seq = [self.exp.env.number_of_sequences_of_lineage(c) for c in region.candidates]
  File "/home/topcuoglu/openrecombinhunt/libs/recombinhunt-cov-7.0.0/src/recombinhunt/validation/case_analysis.py", line 157, in <listcomp>
    num_seq = [self.exp.env.number_of_sequences_of_lineage(c) for c in region.candidates]
  File "/home/topcuoglu/openrecombinhunt/libs/recombinhunt-cov-7.0.0/src/recombinhunt/core/environment.py", line 175, in number_of_sequences_of_lineage
    if lineage_name.contains("NmC"): return self.lc_quality_df.at['num', lineage_name]
AttributeError: 'str' object has no attribute 'contains'
2025-09-06 13:44:40,980 - ERROR -   Error on one sample in lineage A.1: 'str' object has no attribute 'contains'
Traceback (most recent call last):
  File "/home/topcuoglu/openrecombinhunt/src/06_recombinhunt/run_recombinhunt.py", line 211, in run_recombinhunt_for_lineage
    ca.print_case_details(html_report_handle)
  File "/home/topcuoglu/openrecombinhunt/libs/recombinhunt-cov-7.0.0/src/recombinhunt/validation/case_analysis.py", line 252, in print_case_details
    *[self.region_table(r) for r in self.exp.genome_view.regions],
  File "/home/topcuoglu/openrecombinhunt/libs/recombinhunt-cov-7.0.0/src/recombinhunt/validation/case_analysis.py", line 252, in <listcomp>
    *[self.region_table(r) for r in self.exp.genome_view.regions],
  File "/home/topcuoglu/openrecombinhunt/libs/recombinhunt-cov-7.0.0/src/recombinhunt/validation/case_analysis.py", line 157, in region_table
    num_seq = [self.exp.env.number_of_sequences_of_lineage(c) for c in region.candidates]
  File "/home/topcuoglu/openrecombinhunt/libs/recombinhunt-cov-7.0.0/src/recombinhunt/validation/case_analysis.py", line 157, in <listcomp>
    num_seq = [self.exp.env.number_of_sequences_of_lineage(c) for c in region.candidates]
  File "/home/topcuoglu/openrecombinhunt/libs/recombinhunt-cov-7.0.0/src/recombinhunt/core/environment.py", line 175, in number_of_sequences_of_lineage
    if lineage_name.contains("NmC"): return self.lc_quality_df.at['num', lineage_name]
AttributeError: 'str' object has no attribute 'contains'
2025-09-06 13:44:41,098 - ERROR -   Error on one sample in lineage A.1: 'str' object has no attribute 'contains'
Traceback (most recent call last):
  File "/home/topcuoglu/openrecombinhunt/src/06_recombinhunt/run_recombinhunt.py", line 211, in run_recombinhunt_for_lineage
    ca.print_case_details(html_report_handle)
  File "/home/topcuoglu/openrecombinhunt/libs/recombinhunt-cov-7.0.0/src/recombinhunt/validation/case_analysis.py", line 252, in print_case_details
    *[self.region_table(r) for r in self.exp.genome_view.regions],
  File "/home/topcuoglu/openrecombinhunt/libs/recombinhunt-cov-7.0.0/src/recombinhunt/validation/case_analysis.py", line 252, in <listcomp>
    *[self.region_table(r) for r in self.exp.genome_view.regions],
  File "/home/topcuoglu/openrecombinhunt/libs/recombinhunt-cov-7.0.0/src/recombinhunt/validation/case_analysis.py", line 157, in region_table
    num_seq = [self.exp.env.number_of_sequences_of_lineage(c) for c in region.candidates]
  File "/home/topcuoglu/openrecombinhunt/libs/recombinhunt-cov-7.0.0/src/recombinhunt/validation/case_analysis.py", line 157, in <listcomp>
    num_seq = [self.exp.env.number_of_sequences_of_lineage(c) for c in region.candidates]
  File "/home/topcuoglu/openrecombinhunt/libs/recombinhunt-cov-7.0.0/src/recombinhunt/core/environment.py", line 175, in number_of_sequences_of_lineage
    if lineage_name.contains("NmC"): return self.lc_quality_df.at['num', lineage_name]
AttributeError: 'str' object has no attribute 'contains'
2025-09-06 13:44:41,246 - ERROR -   Error on one sample in lineage A.1: 'str' object has no attribute 'contains'
Traceback (most recent call last):
  File "/home/topcuoglu/openrecombinhunt/src/06_recombinhunt/run_recombinhunt.py", line 211, in run_recombinhunt_for_lineage
    ca.print_case_details(html_report_handle)
  File "/home/topcuoglu/openrecombinhunt/libs/recombinhunt-cov-7.0.0/src/recombinhunt/validation/case_analysis.py", line 252, in print_case_details
    *[self.region_table(r) for r in self.exp.genome_view.regions],
  File "/home/topcuoglu/openrecombinhunt/libs/recombinhunt-cov-7.0.0/src/recombinhunt/validation/case_analysis.py", line 252, in <listcomp>
    *[self.region_table(r) for r in self.exp.genome_view.regions],
  File "/home/topcuoglu/openrecombinhunt/libs/recombinhunt-cov-7.0.0/src/recombinhunt/validation/case_analysis.py", line 157, in region_table
    num_seq = [self.exp.env.number_of_sequences_of_lineage(c) for c in region.candidates]
  File "/home/topcuoglu/openrecombinhunt/libs/recombinhunt-cov-7.0.0/src/recombinhunt/validation/case_analysis.py", line 157, in <listcomp>
    num_seq = [self.exp.env.number_of_sequences_of_lineage(c) for c in region.candidates]
  File "/home/topcuoglu/openrecombinhunt/libs/recombinhunt-cov-7.0.0/src/recombinhunt/core/environment.py", line 175, in number_of_sequences_of_lineage
    if lineage_name.contains("NmC"): return self.lc_quality_df.at['num', lineage_name]
AttributeError: 'str' object has no attribute 'contains'
2025-09-06 13:44:41,294 - ERROR -   Error on one sample in lineage A.1: 'str' object has no attribute 'contains'
Traceback (most recent call last):
  File "/home/topcuoglu/openrecombinhunt/src/06_recombinhunt/run_recombinhunt.py", line 211, in run_recombinhunt_for_lineage
    ca.print_case_details(html_report_handle)
  File "/home/topcuoglu/openrecombinhunt/libs/recombinhunt-cov-7.0.0/src/recombinhunt/validation/case_analysis.py", line 252, in print_case_details
    *[self.region_table(r) for r in self.exp.genome_view.regions],
  File "/home/topcuoglu/openrecombinhunt/libs/recombinhunt-cov-7.0.0/src/recombinhunt/validation/case_analysis.py", line 252, in <listcomp>
    *[self.region_table(r) for r in self.exp.genome_view.regions],
  File "/home/topcuoglu/openrecombinhunt/libs/recombinhunt-cov-7.0.0/src/recombinhunt/validation/case_analysis.py", line 157, in region_table
    num_seq = [self.exp.env.number_of_sequences_of_lineage(c) for c in region.candidates]
  File "/home/topcuoglu/openrecombinhunt/libs/recombinhunt-cov-7.0.0/src/recombinhunt/validation/case_analysis.py", line 157, in <listcomp>
    num_seq = [self.exp.env.number_of_sequences_of_lineage(c) for c in region.candidates]
  File "/home/topcuoglu/openrecombinhunt/libs/recombinhunt-cov-7.0.0/src/recombinhunt/core/environment.py", line 175, in number_of_sequences_of_lineage
    if lineage_name.contains("NmC"): return self.lc_quality_df.at['num', lineage_name]
AttributeError: 'str' object has no attribute 'contains'
2025-09-06 13:44:41,435 - ERROR -   Error on one sample in lineage A.1: 'str' object has no attribute 'contains'
Traceback (most recent call last):
  File "/home/topcuoglu/openrecombinhunt/src/06_recombinhunt/run_recombinhunt.py", line 211, in run_recombinhunt_for_lineage
    ca.print_case_details(html_report_handle)
  File "/home/topcuoglu/openrecombinhunt/libs/recombinhunt-cov-7.0.0/src/recombinhunt/validation/case_analysis.py", line 252, in print_case_details
    *[self.region_table(r) for r in self.exp.genome_view.regions],
  File "/home/topcuoglu/openrecombinhunt/libs/recombinhunt-cov-7.0.0/src/recombinhunt/validation/case_analysis.py", line 252, in <listcomp>
    *[self.region_table(r) for r in self.exp.genome_view.regions],
  File "/home/topcuoglu/openrecombinhunt/libs/recombinhunt-cov-7.0.0/src/recombinhunt/validation/case_analysis.py", line 157, in region_table
    num_seq = [self.exp.env.number_of_sequences_of_lineage(c) for c in region.candidates]
  File "/home/topcuoglu/openrecombinhunt/libs/recombinhunt-cov-7.0.0/src/recombinhunt/validation/case_analysis.py", line 157, in <listcomp>
    num_seq = [self.exp.env.number_of_sequences_of_lineage(c) for c in region.candidates]
  File "/home/topcuoglu/openrecombinhunt/libs/recombinhunt-cov-7.0.0/src/recombinhunt/core/environment.py", line 175, in number_of_sequences_of_lineage
    if lineage_name.contains("NmC"): return self.lc_quality_df.at['num', lineage_name]
AttributeError: 'str' object has no attribute 'contains'
2025-09-06 13:44:41,866 - ERROR -   Error on one sample in lineage A.1: 'str' object has no attribute 'contains'
Traceback (most recent call last):
  File "/home/topcuoglu/openrecombinhunt/src/06_recombinhunt/run_recombinhunt.py", line 211, in run_recombinhunt_for_lineage
    ca.print_case_details(html_report_handle)
  File "/home/topcuoglu/openrecombinhunt/libs/recombinhunt-cov-7.0.0/src/recombinhunt/validation/case_analysis.py", line 252, in print_case_details
    *[self.region_table(r) for r in self.exp.genome_view.regions],
  File "/home/topcuoglu/openrecombinhunt/libs/recombinhunt-cov-7.0.0/src/recombinhunt/validation/case_analysis.py", line 252, in <listcomp>
    *[self.region_table(r) for r in self.exp.genome_view.regions],
  File "/home/topcuoglu/openrecombinhunt/libs/recombinhunt-cov-7.0.0/src/recombinhunt/validation/case_analysis.py", line 157, in region_table
    num_seq = [self.exp.env.number_of_sequences_of_lineage(c) for c in region.candidates]
  File "/home/topcuoglu/openrecombinhunt/libs/recombinhunt-cov-7.0.0/src/recombinhunt/validation/case_analysis.py", line 157, in <listcomp>
    num_seq = [self.exp.env.number_of_sequences_of_lineage(c) for c in region.candidates]
  File "/home/topcuoglu/openrecombinhunt/libs/recombinhunt-cov-7.0.0/src/recombinhunt/core/environment.py", line 175, in number_of_sequences_of_lineage
    if lineage_name.contains("NmC"): return self.lc_quality_df.at['num', lineage_name]
AttributeError: 'str' object has no attribute 'contains'
2025-09-06 13:44:42,151 - ERROR -   Error on one sample in lineage A.1: 'str' object has no attribute 'contains'
Traceback (most recent call last):
  File "/home/topcuoglu/openrecombinhunt/src/06_recombinhunt/run_recombinhunt.py", line 211, in run_recombinhunt_for_lineage
    ca.print_case_details(html_report_handle)
  File "/home/topcuoglu/openrecombinhunt/libs/recombinhunt-cov-7.0.0/src/recombinhunt/validation/case_analysis.py", line 252, in print_case_details
    *[self.region_table(r) for r in self.exp.genome_view.regions],
  File "/home/topcuoglu/openrecombinhunt/libs/recombinhunt-cov-7.0.0/src/recombinhunt/validation/case_analysis.py", line 252, in <listcomp>
    *[self.region_table(r) for r in self.exp.genome_view.regions],
  File "/home/topcuoglu/openrecombinhunt/libs/recombinhunt-cov-7.0.0/src/recombinhunt/validation/case_analysis.py", line 157, in region_table
    num_seq = [self.exp.env.number_of_sequences_of_lineage(c) for c in region.candidates]
  File "/home/topcuoglu/openrecombinhunt/libs/recombinhunt-cov-7.0.0/src/recombinhunt/validation/case_analysis.py", line 157, in <listcomp>
    num_seq = [self.exp.env.number_of_sequences_of_lineage(c) for c in region.candidates]
  File "/home/topcuoglu/openrecombinhunt/libs/recombinhunt-cov-7.0.0/src/recombinhunt/core/environment.py", line 175, in number_of_sequences_of_lineage
    if lineage_name.contains("NmC"): return self.lc_quality_df.at['num', lineage_name]
AttributeError: 'str' object has no attribute 'contains'
2025-09-06 13:44:42,595 - ERROR -   Error on one sample in lineage A.1: 'str' object has no attribute 'contains'
Traceback (most recent call last):
  File "/home/topcuoglu/openrecombinhunt/src/06_recombinhunt/run_recombinhunt.py", line 211, in run_recombinhunt_for_lineage
    ca.print_case_details(html_report_handle)
  File "/home/topcuoglu/openrecombinhunt/libs/recombinhunt-cov-7.0.0/src/recombinhunt/validation/case_analysis.py", line 252, in print_case_details
    *[self.region_table(r) for r in self.exp.genome_view.regions],
  File "/home/topcuoglu/openrecombinhunt/libs/recombinhunt-cov-7.0.0/src/recombinhunt/validation/case_analysis.py", line 252, in <listcomp>
    *[self.region_table(r) for r in self.exp.genome_view.regions],
  File "/home/topcuoglu/openrecombinhunt/libs/recombinhunt-cov-7.0.0/src/recombinhunt/validation/case_analysis.py", line 157, in region_table
    num_seq = [self.exp.env.number_of_sequences_of_lineage(c) for c in region.candidates]
  File "/home/topcuoglu/openrecombinhunt/libs/recombinhunt-cov-7.0.0/src/recombinhunt/validation/case_analysis.py", line 157, in <listcomp>
    num_seq = [self.exp.env.number_of_sequences_of_lineage(c) for c in region.candidates]
  File "/home/topcuoglu/openrecombinhunt/libs/recombinhunt-cov-7.0.0/src/recombinhunt/core/environment.py", line 175, in number_of_sequences_of_lineage
    if lineage_name.contains("NmC"): return self.lc_quality_df.at['num', lineage_name]
AttributeError: 'str' object has no attribute 'contains'
2025-09-06 13:44:42,800 - ERROR -   Error on one sample in lineage A.1: 'str' object has no attribute 'contains'
Traceback (most recent call last):
  File "/home/topcuoglu/openrecombinhunt/src/06_recombinhunt/run_recombinhunt.py", line 211, in run_recombinhunt_for_lineage
    ca.print_case_details(html_report_handle)
  File "/home/topcuoglu/openrecombinhunt/libs/recombinhunt-cov-7.0.0/src/recombinhunt/validation/case_analysis.py", line 252, in print_case_details
    *[self.region_table(r) for r in self.exp.genome_view.regions],
  File "/home/topcuoglu/openrecombinhunt/libs/recombinhunt-cov-7.0.0/src/recombinhunt/validation/case_analysis.py", line 252, in <listcomp>
    *[self.region_table(r) for r in self.exp.genome_view.regions],
  File "/home/topcuoglu/openrecombinhunt/libs/recombinhunt-cov-7.0.0/src/recombinhunt/validation/case_analysis.py", line 157, in region_table
    num_seq = [self.exp.env.number_of_sequences_of_lineage(c) for c in region.candidates]
  File "/home/topcuoglu/openrecombinhunt/libs/recombinhunt-cov-7.0.0/src/recombinhunt/validation/case_analysis.py", line 157, in <listcomp>
    num_seq = [self.exp.env.number_of_sequences_of_lineage(c) for c in region.candidates]
  File "/home/topcuoglu/openrecombinhunt/libs/recombinhunt-cov-7.0.0/src/recombinhunt/core/environment.py", line 175, in number_of_sequences_of_lineage
    if lineage_name.contains("NmC"): return self.lc_quality_df.at['num', lineage_name]
AttributeError: 'str' object has no attribute 'contains'
2025-09-06 13:44:42,964 - ERROR -   Error on one sample in lineage A.1: 'str' object has no attribute 'contains'
Traceback (most recent call last):
  File "/home/topcuoglu/openrecombinhunt/src/06_recombinhunt/run_recombinhunt.py", line 211, in run_recombinhunt_for_lineage
    ca.print_case_details(html_report_handle)
  File "/home/topcuoglu/openrecombinhunt/libs/recombinhunt-cov-7.0.0/src/recombinhunt/validation/case_analysis.py", line 252, in print_case_details
    *[self.region_table(r) for r in self.exp.genome_view.regions],
  File "/home/topcuoglu/openrecombinhunt/libs/recombinhunt-cov-7.0.0/src/recombinhunt/validation/case_analysis.py", line 252, in <listcomp>
    *[self.region_table(r) for r in self.exp.genome_view.regions],
  File "/home/topcuoglu/openrecombinhunt/libs/recombinhunt-cov-7.0.0/src/recombinhunt/validation/case_analysis.py", line 157, in region_table
    num_seq = [self.exp.env.number_of_sequences_of_lineage(c) for c in region.candidates]
  File "/home/topcuoglu/openrecombinhunt/libs/recombinhunt-cov-7.0.0/src/recombinhunt/validation/case_analysis.py", line 157, in <listcomp>
    num_seq = [self.exp.env.number_of_sequences_of_lineage(c) for c in region.candidates]
  File "/home/topcuoglu/openrecombinhunt/libs/recombinhunt-cov-7.0.0/src/recombinhunt/core/environment.py", line 175, in number_of_sequences_of_lineage
    if lineage_name.contains("NmC"): return self.lc_quality_df.at['num', lineage_name]
AttributeError: 'str' object has no attribute 'contains'
2025-09-06 13:44:43,052 - ERROR -   Error on one sample in lineage A.1: 'str' object has no attribute 'contains'
Traceback (most recent call last):
  File "/home/topcuoglu/openrecombinhunt/src/06_recombinhunt/run_recombinhunt.py", line 211, in run_recombinhunt_for_lineage
    ca.print_case_details(html_report_handle)
  File "/home/topcuoglu/openrecombinhunt/libs/recombinhunt-cov-7.0.0/src/recombinhunt/validation/case_analysis.py", line 252, in print_case_details
    *[self.region_table(r) for r in self.exp.genome_view.regions],
  File "/home/topcuoglu/openrecombinhunt/libs/recombinhunt-cov-7.0.0/src/recombinhunt/validation/case_analysis.py", line 252, in <listcomp>
    *[self.region_table(r) for r in self.exp.genome_view.regions],
  File "/home/topcuoglu/openrecombinhunt/libs/recombinhunt-cov-7.0.0/src/recombinhunt/validation/case_analysis.py", line 157, in region_table
    num_seq = [self.exp.env.number_of_sequences_of_lineage(c) for c in region.candidates]
  File "/home/topcuoglu/openrecombinhunt/libs/recombinhunt-cov-7.0.0/src/recombinhunt/validation/case_analysis.py", line 157, in <listcomp>
    num_seq = [self.exp.env.number_of_sequences_of_lineage(c) for c in region.candidates]
  File "/home/topcuoglu/openrecombinhunt/libs/recombinhunt-cov-7.0.0/src/recombinhunt/core/environment.py", line 175, in number_of_sequences_of_lineage
    if lineage_name.contains("NmC"): return self.lc_quality_df.at['num', lineage_name]
AttributeError: 'str' object has no attribute 'contains'
2025-09-06 13:44:43,320 - ERROR -   Error on one sample in lineage A.1: 'str' object has no attribute 'contains'
Traceback (most recent call last):
  File "/home/topcuoglu/openrecombinhunt/src/06_recombinhunt/run_recombinhunt.py", line 211, in run_recombinhunt_for_lineage
    ca.print_case_details(html_report_handle)
  File "/home/topcuoglu/openrecombinhunt/libs/recombinhunt-cov-7.0.0/src/recombinhunt/validation/case_analysis.py", line 252, in print_case_details
    *[self.region_table(r) for r in self.exp.genome_view.regions],
  File "/home/topcuoglu/openrecombinhunt/libs/recombinhunt-cov-7.0.0/src/recombinhunt/validation/case_analysis.py", line 252, in <listcomp>
    *[self.region_table(r) for r in self.exp.genome_view.regions],
  File "/home/topcuoglu/openrecombinhunt/libs/recombinhunt-cov-7.0.0/src/recombinhunt/validation/case_analysis.py", line 157, in region_table
    num_seq = [self.exp.env.number_of_sequences_of_lineage(c) for c in region.candidates]
  File "/home/topcuoglu/openrecombinhunt/libs/recombinhunt-cov-7.0.0/src/recombinhunt/validation/case_analysis.py", line 157, in <listcomp>
    num_seq = [self.exp.env.number_of_sequences_of_lineage(c) for c in region.candidates]
  File "/home/topcuoglu/openrecombinhunt/libs/recombinhunt-cov-7.0.0/src/recombinhunt/core/environment.py", line 175, in number_of_sequences_of_lineage
    if lineage_name.contains("NmC"): return self.lc_quality_df.at['num', lineage_name]
AttributeError: 'str' object has no attribute 'contains'
2025-09-06 13:44:43,433 - ERROR -   Error on one sample in lineage A.1: 'str' object has no attribute 'contains'
Traceback (most recent call last):
  File "/home/topcuoglu/openrecombinhunt/src/06_recombinhunt/run_recombinhunt.py", line 211, in run_recombinhunt_for_lineage
    ca.print_case_details(html_report_handle)
  File "/home/topcuoglu/openrecombinhunt/libs/recombinhunt-cov-7.0.0/src/recombinhunt/validation/case_analysis.py", line 252, in print_case_details
    *[self.region_table(r) for r in self.exp.genome_view.regions],
  File "/home/topcuoglu/openrecombinhunt/libs/recombinhunt-cov-7.0.0/src/recombinhunt/validation/case_analysis.py", line 252, in <listcomp>
    *[self.region_table(r) for r in self.exp.genome_view.regions],
  File "/home/topcuoglu/openrecombinhunt/libs/recombinhunt-cov-7.0.0/src/recombinhunt/validation/case_analysis.py", line 157, in region_table
    num_seq = [self.exp.env.number_of_sequences_of_lineage(c) for c in region.candidates]
  File "/home/topcuoglu/openrecombinhunt/libs/recombinhunt-cov-7.0.0/src/recombinhunt/validation/case_analysis.py", line 157, in <listcomp>
    num_seq = [self.exp.env.number_of_sequences_of_lineage(c) for c in region.candidates]
  File "/home/topcuoglu/openrecombinhunt/libs/recombinhunt-cov-7.0.0/src/recombinhunt/core/environment.py", line 175, in number_of_sequences_of_lineage
    if lineage_name.contains("NmC"): return self.lc_quality_df.at['num', lineage_name]
AttributeError: 'str' object has no attribute 'contains'
2025-09-06 13:44:43,546 - ERROR -   Error on one sample in lineage A.1: 'str' object has no attribute 'contains'
Traceback (most recent call last):
  File "/home/topcuoglu/openrecombinhunt/src/06_recombinhunt/run_recombinhunt.py", line 211, in run_recombinhunt_for_lineage
    ca.print_case_details(html_report_handle)
  File "/home/topcuoglu/openrecombinhunt/libs/recombinhunt-cov-7.0.0/src/recombinhunt/validation/case_analysis.py", line 252, in print_case_details
    *[self.region_table(r) for r in self.exp.genome_view.regions],
  File "/home/topcuoglu/openrecombinhunt/libs/recombinhunt-cov-7.0.0/src/recombinhunt/validation/case_analysis.py", line 252, in <listcomp>
    *[self.region_table(r) for r in self.exp.genome_view.regions],
  File "/home/topcuoglu/openrecombinhunt/libs/recombinhunt-cov-7.0.0/src/recombinhunt/validation/case_analysis.py", line 157, in region_table
    num_seq = [self.exp.env.number_of_sequences_of_lineage(c) for c in region.candidates]
  File "/home/topcuoglu/openrecombinhunt/libs/recombinhunt-cov-7.0.0/src/recombinhunt/validation/case_analysis.py", line 157, in <listcomp>
    num_seq = [self.exp.env.number_of_sequences_of_lineage(c) for c in region.candidates]
  File "/home/topcuoglu/openrecombinhunt/libs/recombinhunt-cov-7.0.0/src/recombinhunt/core/environment.py", line 175, in number_of_sequences_of_lineage
    if lineage_name.contains("NmC"): return self.lc_quality_df.at['num', lineage_name]
AttributeError: 'str' object has no attribute 'contains'
2025-09-06 13:44:43,699 - ERROR -   Error on one sample in lineage A.1: 'str' object has no attribute 'contains'
Traceback (most recent call last):
  File "/home/topcuoglu/openrecombinhunt/src/06_recombinhunt/run_recombinhunt.py", line 211, in run_recombinhunt_for_lineage
    ca.print_case_details(html_report_handle)
  File "/home/topcuoglu/openrecombinhunt/libs/recombinhunt-cov-7.0.0/src/recombinhunt/validation/case_analysis.py", line 252, in print_case_details
    *[self.region_table(r) for r in self.exp.genome_view.regions],
  File "/home/topcuoglu/openrecombinhunt/libs/recombinhunt-cov-7.0.0/src/recombinhunt/validation/case_analysis.py", line 252, in <listcomp>
    *[self.region_table(r) for r in self.exp.genome_view.regions],
  File "/home/topcuoglu/openrecombinhunt/libs/recombinhunt-cov-7.0.0/src/recombinhunt/validation/case_analysis.py", line 157, in region_table
    num_seq = [self.exp.env.number_of_sequences_of_lineage(c) for c in region.candidates]
  File "/home/topcuoglu/openrecombinhunt/libs/recombinhunt-cov-7.0.0/src/recombinhunt/validation/case_analysis.py", line 157, in <listcomp>
    num_seq = [self.exp.env.number_of_sequences_of_lineage(c) for c in region.candidates]
  File "/home/topcuoglu/openrecombinhunt/libs/recombinhunt-cov-7.0.0/src/recombinhunt/core/environment.py", line 175, in number_of_sequences_of_lineage
    if lineage_name.contains("NmC"): return self.lc_quality_df.at['num', lineage_name]
AttributeError: 'str' object has no attribute 'contains'
2025-09-06 13:44:44,024 - WARNING - Gap made of only target mutations (How can it be? It's an almost impossible condition). Target mutation that minimizes the loss has been assigned to the right region).
2025-09-06 13:44:44,038 - ERROR -   Error on one sample in lineage A.1: 'str' object has no attribute 'contains'
Traceback (most recent call last):
  File "/home/topcuoglu/openrecombinhunt/src/06_recombinhunt/run_recombinhunt.py", line 211, in run_recombinhunt_for_lineage
    ca.print_case_details(html_report_handle)
  File "/home/topcuoglu/openrecombinhunt/libs/recombinhunt-cov-7.0.0/src/recombinhunt/validation/case_analysis.py", line 252, in print_case_details
    *[self.region_table(r) for r in self.exp.genome_view.regions],
  File "/home/topcuoglu/openrecombinhunt/libs/recombinhunt-cov-7.0.0/src/recombinhunt/validation/case_analysis.py", line 252, in <listcomp>
    *[self.region_table(r) for r in self.exp.genome_view.regions],
  File "/home/topcuoglu/openrecombinhunt/libs/recombinhunt-cov-7.0.0/src/recombinhunt/validation/case_analysis.py", line 157, in region_table
    num_seq = [self.exp.env.number_of_sequences_of_lineage(c) for c in region.candidates]
  File "/home/topcuoglu/openrecombinhunt/libs/recombinhunt-cov-7.0.0/src/recombinhunt/validation/case_analysis.py", line 157, in <listcomp>
    num_seq = [self.exp.env.number_of_sequences_of_lineage(c) for c in region.candidates]
  File "/home/topcuoglu/openrecombinhunt/libs/recombinhunt-cov-7.0.0/src/recombinhunt/core/environment.py", line 175, in number_of_sequences_of_lineage
    if lineage_name.contains("NmC"): return self.lc_quality_df.at['num', lineage_name]
AttributeError: 'str' object has no attribute 'contains'
2025-09-06 13:44:44,276 - ERROR -   Error on one sample in lineage A.1: 'str' object has no attribute 'contains'
Traceback (most recent call last):
  File "/home/topcuoglu/openrecombinhunt/src/06_recombinhunt/run_recombinhunt.py", line 211, in run_recombinhunt_for_lineage
    ca.print_case_details(html_report_handle)
  File "/home/topcuoglu/openrecombinhunt/libs/recombinhunt-cov-7.0.0/src/recombinhunt/validation/case_analysis.py", line 252, in print_case_details
    *[self.region_table(r) for r in self.exp.genome_view.regions],
  File "/home/topcuoglu/openrecombinhunt/libs/recombinhunt-cov-7.0.0/src/recombinhunt/validation/case_analysis.py", line 252, in <listcomp>
    *[self.region_table(r) for r in self.exp.genome_view.regions],
  File "/home/topcuoglu/openrecombinhunt/libs/recombinhunt-cov-7.0.0/src/recombinhunt/validation/case_analysis.py", line 157, in region_table
    num_seq = [self.exp.env.number_of_sequences_of_lineage(c) for c in region.candidates]
  File "/home/topcuoglu/openrecombinhunt/libs/recombinhunt-cov-7.0.0/src/recombinhunt/validation/case_analysis.py", line 157, in <listcomp>
    num_seq = [self.exp.env.number_of_sequences_of_lineage(c) for c in region.candidates]
  File "/home/topcuoglu/openrecombinhunt/libs/recombinhunt-cov-7.0.0/src/recombinhunt/core/environment.py", line 175, in number_of_sequences_of_lineage
    if lineage_name.contains("NmC"): return self.lc_quality_df.at['num', lineage_name]
AttributeError: 'str' object has no attribute 'contains'
2025-09-06 13:44:44,339 - ERROR -   Error on one sample in lineage A.1: 'str' object has no attribute 'contains'
Traceback (most recent call last):
  File "/home/topcuoglu/openrecombinhunt/src/06_recombinhunt/run_recombinhunt.py", line 211, in run_recombinhunt_for_lineage
    ca.print_case_details(html_report_handle)
  File "/home/topcuoglu/openrecombinhunt/libs/recombinhunt-cov-7.0.0/src/recombinhunt/validation/case_analysis.py", line 252, in print_case_details
    *[self.region_table(r) for r in self.exp.genome_view.regions],
  File "/home/topcuoglu/openrecombinhunt/libs/recombinhunt-cov-7.0.0/src/recombinhunt/validation/case_analysis.py", line 252, in <listcomp>
    *[self.region_table(r) for r in self.exp.genome_view.regions],
  File "/home/topcuoglu/openrecombinhunt/libs/recombinhunt-cov-7.0.0/src/recombinhunt/validation/case_analysis.py", line 157, in region_table
    num_seq = [self.exp.env.number_of_sequences_of_lineage(c) for c in region.candidates]
  File "/home/topcuoglu/openrecombinhunt/libs/recombinhunt-cov-7.0.0/src/recombinhunt/validation/case_analysis.py", line 157, in <listcomp>
    num_seq = [self.exp.env.number_of_sequences_of_lineage(c) for c in region.candidates]
  File "/home/topcuoglu/openrecombinhunt/libs/recombinhunt-cov-7.0.0/src/recombinhunt/core/environment.py", line 175, in number_of_sequences_of_lineage
    if lineage_name.contains("NmC"): return self.lc_quality_df.at['num', lineage_name]
AttributeError: 'str' object has no attribute 'contains'
2025-09-06 13:44:44,513 - WARNING - Gap made of only target mutations (How can it be? It's an almost impossible condition). Target mutation that minimizes the loss has been assigned to the right region).
2025-09-06 13:44:44,528 - ERROR -   Error on one sample in lineage A.1: 'str' object has no attribute 'contains'
Traceback (most recent call last):
  File "/home/topcuoglu/openrecombinhunt/src/06_recombinhunt/run_recombinhunt.py", line 211, in run_recombinhunt_for_lineage
    ca.print_case_details(html_report_handle)
  File "/home/topcuoglu/openrecombinhunt/libs/recombinhunt-cov-7.0.0/src/recombinhunt/validation/case_analysis.py", line 252, in print_case_details
    *[self.region_table(r) for r in self.exp.genome_view.regions],
  File "/home/topcuoglu/openrecombinhunt/libs/recombinhunt-cov-7.0.0/src/recombinhunt/validation/case_analysis.py", line 252, in <listcomp>
    *[self.region_table(r) for r in self.exp.genome_view.regions],
  File "/home/topcuoglu/openrecombinhunt/libs/recombinhunt-cov-7.0.0/src/recombinhunt/validation/case_analysis.py", line 157, in region_table
    num_seq = [self.exp.env.number_of_sequences_of_lineage(c) for c in region.candidates]
  File "/home/topcuoglu/openrecombinhunt/libs/recombinhunt-cov-7.0.0/src/recombinhunt/validation/case_analysis.py", line 157, in <listcomp>
    num_seq = [self.exp.env.number_of_sequences_of_lineage(c) for c in region.candidates]
  File "/home/topcuoglu/openrecombinhunt/libs/recombinhunt-cov-7.0.0/src/recombinhunt/core/environment.py", line 175, in number_of_sequences_of_lineage
    if lineage_name.contains("NmC"): return self.lc_quality_df.at['num', lineage_name]
AttributeError: 'str' object has no attribute 'contains'
2025-09-06 13:44:44,580 - ERROR -   Error on one sample in lineage A.1: 'str' object has no attribute 'contains'
Traceback (most recent call last):
  File "/home/topcuoglu/openrecombinhunt/src/06_recombinhunt/run_recombinhunt.py", line 211, in run_recombinhunt_for_lineage
    ca.print_case_details(html_report_handle)
  File "/home/topcuoglu/openrecombinhunt/libs/recombinhunt-cov-7.0.0/src/recombinhunt/validation/case_analysis.py", line 252, in print_case_details
    *[self.region_table(r) for r in self.exp.genome_view.regions],
  File "/home/topcuoglu/openrecombinhunt/libs/recombinhunt-cov-7.0.0/src/recombinhunt/validation/case_analysis.py", line 252, in <listcomp>
    *[self.region_table(r) for r in self.exp.genome_view.regions],
  File "/home/topcuoglu/openrecombinhunt/libs/recombinhunt-cov-7.0.0/src/recombinhunt/validation/case_analysis.py", line 157, in region_table
    num_seq = [self.exp.env.number_of_sequences_of_lineage(c) for c in region.candidates]
  File "/home/topcuoglu/openrecombinhunt/libs/recombinhunt-cov-7.0.0/src/recombinhunt/validation/case_analysis.py", line 157, in <listcomp>
    num_seq = [self.exp.env.number_of_sequences_of_lineage(c) for c in region.candidates]
  File "/home/topcuoglu/openrecombinhunt/libs/recombinhunt-cov-7.0.0/src/recombinhunt/core/environment.py", line 175, in number_of_sequences_of_lineage
    if lineage_name.contains("NmC"): return self.lc_quality_df.at['num', lineage_name]
AttributeError: 'str' object has no attribute 'contains'
2025-09-06 13:44:44,956 - ERROR -   Error on one sample in lineage A.1: 'str' object has no attribute 'contains'
Traceback (most recent call last):
  File "/home/topcuoglu/openrecombinhunt/src/06_recombinhunt/run_recombinhunt.py", line 211, in run_recombinhunt_for_lineage
    ca.print_case_details(html_report_handle)
  File "/home/topcuoglu/openrecombinhunt/libs/recombinhunt-cov-7.0.0/src/recombinhunt/validation/case_analysis.py", line 252, in print_case_details
    *[self.region_table(r) for r in self.exp.genome_view.regions],
  File "/home/topcuoglu/openrecombinhunt/libs/recombinhunt-cov-7.0.0/src/recombinhunt/validation/case_analysis.py", line 252, in <listcomp>
    *[self.region_table(r) for r in self.exp.genome_view.regions],
  File "/home/topcuoglu/openrecombinhunt/libs/recombinhunt-cov-7.0.0/src/recombinhunt/validation/case_analysis.py", line 157, in region_table
    num_seq = [self.exp.env.number_of_sequences_of_lineage(c) for c in region.candidates]
  File "/home/topcuoglu/openrecombinhunt/libs/recombinhunt-cov-7.0.0/src/recombinhunt/validation/case_analysis.py", line 157, in <listcomp>
    num_seq = [self.exp.env.number_of_sequences_of_lineage(c) for c in region.candidates]
  File "/home/topcuoglu/openrecombinhunt/libs/recombinhunt-cov-7.0.0/src/recombinhunt/core/environment.py", line 175, in number_of_sequences_of_lineage
    if lineage_name.contains("NmC"): return self.lc_quality_df.at['num', lineage_name]
AttributeError: 'str' object has no attribute 'contains'
2025-09-06 13:44:44,995 - ERROR -   Error on one sample in lineage A.1: 'str' object has no attribute 'contains'
Traceback (most recent call last):
  File "/home/topcuoglu/openrecombinhunt/src/06_recombinhunt/run_recombinhunt.py", line 211, in run_recombinhunt_for_lineage
    ca.print_case_details(html_report_handle)
  File "/home/topcuoglu/openrecombinhunt/libs/recombinhunt-cov-7.0.0/src/recombinhunt/validation/case_analysis.py", line 252, in print_case_details
    *[self.region_table(r) for r in self.exp.genome_view.regions],
  File "/home/topcuoglu/openrecombinhunt/libs/recombinhunt-cov-7.0.0/src/recombinhunt/validation/case_analysis.py", line 252, in <listcomp>
    *[self.region_table(r) for r in self.exp.genome_view.regions],
  File "/home/topcuoglu/openrecombinhunt/libs/recombinhunt-cov-7.0.0/src/recombinhunt/validation/case_analysis.py", line 157, in region_table
    num_seq = [self.exp.env.number_of_sequences_of_lineage(c) for c in region.candidates]
  File "/home/topcuoglu/openrecombinhunt/libs/recombinhunt-cov-7.0.0/src/recombinhunt/validation/case_analysis.py", line 157, in <listcomp>
    num_seq = [self.exp.env.number_of_sequences_of_lineage(c) for c in region.candidates]
  File "/home/topcuoglu/openrecombinhunt/libs/recombinhunt-cov-7.0.0/src/recombinhunt/core/environment.py", line 175, in number_of_sequences_of_lineage
    if lineage_name.contains("NmC"): return self.lc_quality_df.at['num', lineage_name]
AttributeError: 'str' object has no attribute 'contains'
2025-09-06 13:44:45,034 - ERROR -   Error on one sample in lineage A.1: 'str' object has no attribute 'contains'
Traceback (most recent call last):
  File "/home/topcuoglu/openrecombinhunt/src/06_recombinhunt/run_recombinhunt.py", line 211, in run_recombinhunt_for_lineage
    ca.print_case_details(html_report_handle)
  File "/home/topcuoglu/openrecombinhunt/libs/recombinhunt-cov-7.0.0/src/recombinhunt/validation/case_analysis.py", line 252, in print_case_details
    *[self.region_table(r) for r in self.exp.genome_view.regions],
  File "/home/topcuoglu/openrecombinhunt/libs/recombinhunt-cov-7.0.0/src/recombinhunt/validation/case_analysis.py", line 252, in <listcomp>
    *[self.region_table(r) for r in self.exp.genome_view.regions],
  File "/home/topcuoglu/openrecombinhunt/libs/recombinhunt-cov-7.0.0/src/recombinhunt/validation/case_analysis.py", line 157, in region_table
    num_seq = [self.exp.env.number_of_sequences_of_lineage(c) for c in region.candidates]
  File "/home/topcuoglu/openrecombinhunt/libs/recombinhunt-cov-7.0.0/src/recombinhunt/validation/case_analysis.py", line 157, in <listcomp>
    num_seq = [self.exp.env.number_of_sequences_of_lineage(c) for c in region.candidates]
  File "/home/topcuoglu/openrecombinhunt/libs/recombinhunt-cov-7.0.0/src/recombinhunt/core/environment.py", line 175, in number_of_sequences_of_lineage
    if lineage_name.contains("NmC"): return self.lc_quality_df.at['num', lineage_name]
AttributeError: 'str' object has no attribute 'contains'
2025-09-06 13:44:45,073 - ERROR -   Error on one sample in lineage A.1: 'str' object has no attribute 'contains'
Traceback (most recent call last):
  File "/home/topcuoglu/openrecombinhunt/src/06_recombinhunt/run_recombinhunt.py", line 211, in run_recombinhunt_for_lineage
    ca.print_case_details(html_report_handle)
  File "/home/topcuoglu/openrecombinhunt/libs/recombinhunt-cov-7.0.0/src/recombinhunt/validation/case_analysis.py", line 252, in print_case_details
    *[self.region_table(r) for r in self.exp.genome_view.regions],
  File "/home/topcuoglu/openrecombinhunt/libs/recombinhunt-cov-7.0.0/src/recombinhunt/validation/case_analysis.py", line 252, in <listcomp>
    *[self.region_table(r) for r in self.exp.genome_view.regions],
  File "/home/topcuoglu/openrecombinhunt/libs/recombinhunt-cov-7.0.0/src/recombinhunt/validation/case_analysis.py", line 157, in region_table
    num_seq = [self.exp.env.number_of_sequences_of_lineage(c) for c in region.candidates]
  File "/home/topcuoglu/openrecombinhunt/libs/recombinhunt-cov-7.0.0/src/recombinhunt/validation/case_analysis.py", line 157, in <listcomp>
    num_seq = [self.exp.env.number_of_sequences_of_lineage(c) for c in region.candidates]
  File "/home/topcuoglu/openrecombinhunt/libs/recombinhunt-cov-7.0.0/src/recombinhunt/core/environment.py", line 175, in number_of_sequences_of_lineage
    if lineage_name.contains("NmC"): return self.lc_quality_df.at['num', lineage_name]
AttributeError: 'str' object has no attribute 'contains'
2025-09-06 13:44:45,161 - ERROR -   Error on one sample in lineage A.1: 'str' object has no attribute 'contains'
Traceback (most recent call last):
  File "/home/topcuoglu/openrecombinhunt/src/06_recombinhunt/run_recombinhunt.py", line 211, in run_recombinhunt_for_lineage
    ca.print_case_details(html_report_handle)
  File "/home/topcuoglu/openrecombinhunt/libs/recombinhunt-cov-7.0.0/src/recombinhunt/validation/case_analysis.py", line 252, in print_case_details
    *[self.region_table(r) for r in self.exp.genome_view.regions],
  File "/home/topcuoglu/openrecombinhunt/libs/recombinhunt-cov-7.0.0/src/recombinhunt/validation/case_analysis.py", line 252, in <listcomp>
    *[self.region_table(r) for r in self.exp.genome_view.regions],
  File "/home/topcuoglu/openrecombinhunt/libs/recombinhunt-cov-7.0.0/src/recombinhunt/validation/case_analysis.py", line 157, in region_table
    num_seq = [self.exp.env.number_of_sequences_of_lineage(c) for c in region.candidates]
  File "/home/topcuoglu/openrecombinhunt/libs/recombinhunt-cov-7.0.0/src/recombinhunt/validation/case_analysis.py", line 157, in <listcomp>
    num_seq = [self.exp.env.number_of_sequences_of_lineage(c) for c in region.candidates]
  File "/home/topcuoglu/openrecombinhunt/libs/recombinhunt-cov-7.0.0/src/recombinhunt/core/environment.py", line 175, in number_of_sequences_of_lineage
    if lineage_name.contains("NmC"): return self.lc_quality_df.at['num', lineage_name]
AttributeError: 'str' object has no attribute 'contains'
2025-09-06 13:44:45,227 - ERROR -   Error on one sample in lineage A.1: 'str' object has no attribute 'contains'
Traceback (most recent call last):
  File "/home/topcuoglu/openrecombinhunt/src/06_recombinhunt/run_recombinhunt.py", line 211, in run_recombinhunt_for_lineage
    ca.print_case_details(html_report_handle)
  File "/home/topcuoglu/openrecombinhunt/libs/recombinhunt-cov-7.0.0/src/recombinhunt/validation/case_analysis.py", line 252, in print_case_details
    *[self.region_table(r) for r in self.exp.genome_view.regions],
  File "/home/topcuoglu/openrecombinhunt/libs/recombinhunt-cov-7.0.0/src/recombinhunt/validation/case_analysis.py", line 252, in <listcomp>
    *[self.region_table(r) for r in self.exp.genome_view.regions],
  File "/home/topcuoglu/openrecombinhunt/libs/recombinhunt-cov-7.0.0/src/recombinhunt/validation/case_analysis.py", line 157, in region_table
    num_seq = [self.exp.env.number_of_sequences_of_lineage(c) for c in region.candidates]
  File "/home/topcuoglu/openrecombinhunt/libs/recombinhunt-cov-7.0.0/src/recombinhunt/validation/case_analysis.py", line 157, in <listcomp>
    num_seq = [self.exp.env.number_of_sequences_of_lineage(c) for c in region.candidates]
  File "/home/topcuoglu/openrecombinhunt/libs/recombinhunt-cov-7.0.0/src/recombinhunt/core/environment.py", line 175, in number_of_sequences_of_lineage
    if lineage_name.contains("NmC"): return self.lc_quality_df.at['num', lineage_name]
AttributeError: 'str' object has no attribute 'contains'
2025-09-06 13:44:45,536 - ERROR -   Error on one sample in lineage A.1: 'str' object has no attribute 'contains'
Traceback (most recent call last):
  File "/home/topcuoglu/openrecombinhunt/src/06_recombinhunt/run_recombinhunt.py", line 211, in run_recombinhunt_for_lineage
    ca.print_case_details(html_report_handle)
  File "/home/topcuoglu/openrecombinhunt/libs/recombinhunt-cov-7.0.0/src/recombinhunt/validation/case_analysis.py", line 252, in print_case_details
    *[self.region_table(r) for r in self.exp.genome_view.regions],
  File "/home/topcuoglu/openrecombinhunt/libs/recombinhunt-cov-7.0.0/src/recombinhunt/validation/case_analysis.py", line 252, in <listcomp>
    *[self.region_table(r) for r in self.exp.genome_view.regions],
  File "/home/topcuoglu/openrecombinhunt/libs/recombinhunt-cov-7.0.0/src/recombinhunt/validation/case_analysis.py", line 157, in region_table
    num_seq = [self.exp.env.number_of_sequences_of_lineage(c) for c in region.candidates]
  File "/home/topcuoglu/openrecombinhunt/libs/recombinhunt-cov-7.0.0/src/recombinhunt/validation/case_analysis.py", line 157, in <listcomp>
    num_seq = [self.exp.env.number_of_sequences_of_lineage(c) for c in region.candidates]
  File "/home/topcuoglu/openrecombinhunt/libs/recombinhunt-cov-7.0.0/src/recombinhunt/core/environment.py", line 175, in number_of_sequences_of_lineage
    if lineage_name.contains("NmC"): return self.lc_quality_df.at['num', lineage_name]
AttributeError: 'str' object has no attribute 'contains'
2025-09-06 13:44:46,666 - ERROR -   Error on one sample in lineage A.1: 'str' object has no attribute 'contains'
Traceback (most recent call last):
  File "/home/topcuoglu/openrecombinhunt/src/06_recombinhunt/run_recombinhunt.py", line 211, in run_recombinhunt_for_lineage
    ca.print_case_details(html_report_handle)
  File "/home/topcuoglu/openrecombinhunt/libs/recombinhunt-cov-7.0.0/src/recombinhunt/validation/case_analysis.py", line 252, in print_case_details
    *[self.region_table(r) for r in self.exp.genome_view.regions],
  File "/home/topcuoglu/openrecombinhunt/libs/recombinhunt-cov-7.0.0/src/recombinhunt/validation/case_analysis.py", line 252, in <listcomp>
    *[self.region_table(r) for r in self.exp.genome_view.regions],
  File "/home/topcuoglu/openrecombinhunt/libs/recombinhunt-cov-7.0.0/src/recombinhunt/validation/case_analysis.py", line 157, in region_table
    num_seq = [self.exp.env.number_of_sequences_of_lineage(c) for c in region.candidates]
  File "/home/topcuoglu/openrecombinhunt/libs/recombinhunt-cov-7.0.0/src/recombinhunt/validation/case_analysis.py", line 157, in <listcomp>
    num_seq = [self.exp.env.number_of_sequences_of_lineage(c) for c in region.candidates]
  File "/home/topcuoglu/openrecombinhunt/libs/recombinhunt-cov-7.0.0/src/recombinhunt/core/environment.py", line 175, in number_of_sequences_of_lineage
    if lineage_name.contains("NmC"): return self.lc_quality_df.at['num', lineage_name]
AttributeError: 'str' object has no attribute 'contains'
2025-09-06 13:44:46,833 - ERROR -   Error on one sample in lineage A.1: 'str' object has no attribute 'contains'
Traceback (most recent call last):
  File "/home/topcuoglu/openrecombinhunt/src/06_recombinhunt/run_recombinhunt.py", line 211, in run_recombinhunt_for_lineage
    ca.print_case_details(html_report_handle)
  File "/home/topcuoglu/openrecombinhunt/libs/recombinhunt-cov-7.0.0/src/recombinhunt/validation/case_analysis.py", line 252, in print_case_details
    *[self.region_table(r) for r in self.exp.genome_view.regions],
  File "/home/topcuoglu/openrecombinhunt/libs/recombinhunt-cov-7.0.0/src/recombinhunt/validation/case_analysis.py", line 252, in <listcomp>
    *[self.region_table(r) for r in self.exp.genome_view.regions],
  File "/home/topcuoglu/openrecombinhunt/libs/recombinhunt-cov-7.0.0/src/recombinhunt/validation/case_analysis.py", line 157, in region_table
    num_seq = [self.exp.env.number_of_sequences_of_lineage(c) for c in region.candidates]
  File "/home/topcuoglu/openrecombinhunt/libs/recombinhunt-cov-7.0.0/src/recombinhunt/validation/case_analysis.py", line 157, in <listcomp>
    num_seq = [self.exp.env.number_of_sequences_of_lineage(c) for c in region.candidates]
  File "/home/topcuoglu/openrecombinhunt/libs/recombinhunt-cov-7.0.0/src/recombinhunt/core/environment.py", line 175, in number_of_sequences_of_lineage
    if lineage_name.contains("NmC"): return self.lc_quality_df.at['num', lineage_name]
AttributeError: 'str' object has no attribute 'contains'
2025-09-06 13:44:46,884 - ERROR -   Error on one sample in lineage A.1: 'str' object has no attribute 'contains'
Traceback (most recent call last):
  File "/home/topcuoglu/openrecombinhunt/src/06_recombinhunt/run_recombinhunt.py", line 211, in run_recombinhunt_for_lineage
    ca.print_case_details(html_report_handle)
  File "/home/topcuoglu/openrecombinhunt/libs/recombinhunt-cov-7.0.0/src/recombinhunt/validation/case_analysis.py", line 252, in print_case_details
    *[self.region_table(r) for r in self.exp.genome_view.regions],
  File "/home/topcuoglu/openrecombinhunt/libs/recombinhunt-cov-7.0.0/src/recombinhunt/validation/case_analysis.py", line 252, in <listcomp>
    *[self.region_table(r) for r in self.exp.genome_view.regions],
  File "/home/topcuoglu/openrecombinhunt/libs/recombinhunt-cov-7.0.0/src/recombinhunt/validation/case_analysis.py", line 157, in region_table
    num_seq = [self.exp.env.number_of_sequences_of_lineage(c) for c in region.candidates]
  File "/home/topcuoglu/openrecombinhunt/libs/recombinhunt-cov-7.0.0/src/recombinhunt/validation/case_analysis.py", line 157, in <listcomp>
    num_seq = [self.exp.env.number_of_sequences_of_lineage(c) for c in region.candidates]
  File "/home/topcuoglu/openrecombinhunt/libs/recombinhunt-cov-7.0.0/src/recombinhunt/core/environment.py", line 175, in number_of_sequences_of_lineage
    if lineage_name.contains("NmC"): return self.lc_quality_df.at['num', lineage_name]
AttributeError: 'str' object has no attribute 'contains'
2025-09-06 13:44:46,924 - ERROR -   Error on one sample in lineage A.1: 'str' object has no attribute 'contains'
Traceback (most recent call last):
  File "/home/topcuoglu/openrecombinhunt/src/06_recombinhunt/run_recombinhunt.py", line 211, in run_recombinhunt_for_lineage
    ca.print_case_details(html_report_handle)
  File "/home/topcuoglu/openrecombinhunt/libs/recombinhunt-cov-7.0.0/src/recombinhunt/validation/case_analysis.py", line 252, in print_case_details
    *[self.region_table(r) for r in self.exp.genome_view.regions],
  File "/home/topcuoglu/openrecombinhunt/libs/recombinhunt-cov-7.0.0/src/recombinhunt/validation/case_analysis.py", line 252, in <listcomp>
    *[self.region_table(r) for r in self.exp.genome_view.regions],
  File "/home/topcuoglu/openrecombinhunt/libs/recombinhunt-cov-7.0.0/src/recombinhunt/validation/case_analysis.py", line 157, in region_table
    num_seq = [self.exp.env.number_of_sequences_of_lineage(c) for c in region.candidates]
  File "/home/topcuoglu/openrecombinhunt/libs/recombinhunt-cov-7.0.0/src/recombinhunt/validation/case_analysis.py", line 157, in <listcomp>
    num_seq = [self.exp.env.number_of_sequences_of_lineage(c) for c in region.candidates]
  File "/home/topcuoglu/openrecombinhunt/libs/recombinhunt-cov-7.0.0/src/recombinhunt/core/environment.py", line 175, in number_of_sequences_of_lineage
    if lineage_name.contains("NmC"): return self.lc_quality_df.at['num', lineage_name]
AttributeError: 'str' object has no attribute 'contains'
2025-09-06 13:44:46,971 - ERROR -   Error on one sample in lineage A.1: 'str' object has no attribute 'contains'
Traceback (most recent call last):
  File "/home/topcuoglu/openrecombinhunt/src/06_recombinhunt/run_recombinhunt.py", line 211, in run_recombinhunt_for_lineage
    ca.print_case_details(html_report_handle)
  File "/home/topcuoglu/openrecombinhunt/libs/recombinhunt-cov-7.0.0/src/recombinhunt/validation/case_analysis.py", line 252, in print_case_details
    *[self.region_table(r) for r in self.exp.genome_view.regions],
  File "/home/topcuoglu/openrecombinhunt/libs/recombinhunt-cov-7.0.0/src/recombinhunt/validation/case_analysis.py", line 252, in <listcomp>
    *[self.region_table(r) for r in self.exp.genome_view.regions],
  File "/home/topcuoglu/openrecombinhunt/libs/recombinhunt-cov-7.0.0/src/recombinhunt/validation/case_analysis.py", line 157, in region_table
    num_seq = [self.exp.env.number_of_sequences_of_lineage(c) for c in region.candidates]
  File "/home/topcuoglu/openrecombinhunt/libs/recombinhunt-cov-7.0.0/src/recombinhunt/validation/case_analysis.py", line 157, in <listcomp>
    num_seq = [self.exp.env.number_of_sequences_of_lineage(c) for c in region.candidates]
  File "/home/topcuoglu/openrecombinhunt/libs/recombinhunt-cov-7.0.0/src/recombinhunt/core/environment.py", line 175, in number_of_sequences_of_lineage
    if lineage_name.contains("NmC"): return self.lc_quality_df.at['num', lineage_name]
AttributeError: 'str' object has no attribute 'contains'
2025-09-06 13:44:47,020 - ERROR -   Error on one sample in lineage A.1: 'str' object has no attribute 'contains'
Traceback (most recent call last):
  File "/home/topcuoglu/openrecombinhunt/src/06_recombinhunt/run_recombinhunt.py", line 211, in run_recombinhunt_for_lineage
    ca.print_case_details(html_report_handle)
  File "/home/topcuoglu/openrecombinhunt/libs/recombinhunt-cov-7.0.0/src/recombinhunt/validation/case_analysis.py", line 252, in print_case_details
    *[self.region_table(r) for r in self.exp.genome_view.regions],
  File "/home/topcuoglu/openrecombinhunt/libs/recombinhunt-cov-7.0.0/src/recombinhunt/validation/case_analysis.py", line 252, in <listcomp>
    *[self.region_table(r) for r in self.exp.genome_view.regions],
  File "/home/topcuoglu/openrecombinhunt/libs/recombinhunt-cov-7.0.0/src/recombinhunt/validation/case_analysis.py", line 157, in region_table
    num_seq = [self.exp.env.number_of_sequences_of_lineage(c) for c in region.candidates]
  File "/home/topcuoglu/openrecombinhunt/libs/recombinhunt-cov-7.0.0/src/recombinhunt/validation/case_analysis.py", line 157, in <listcomp>
    num_seq = [self.exp.env.number_of_sequences_of_lineage(c) for c in region.candidates]
  File "/home/topcuoglu/openrecombinhunt/libs/recombinhunt-cov-7.0.0/src/recombinhunt/core/environment.py", line 175, in number_of_sequences_of_lineage
    if lineage_name.contains("NmC"): return self.lc_quality_df.at['num', lineage_name]
AttributeError: 'str' object has no attribute 'contains'
2025-09-06 13:44:47,617 - ERROR -   Error on one sample in lineage A.1: 'str' object has no attribute 'contains'
Traceback (most recent call last):
  File "/home/topcuoglu/openrecombinhunt/src/06_recombinhunt/run_recombinhunt.py", line 211, in run_recombinhunt_for_lineage
    ca.print_case_details(html_report_handle)
  File "/home/topcuoglu/openrecombinhunt/libs/recombinhunt-cov-7.0.0/src/recombinhunt/validation/case_analysis.py", line 252, in print_case_details
    *[self.region_table(r) for r in self.exp.genome_view.regions],
  File "/home/topcuoglu/openrecombinhunt/libs/recombinhunt-cov-7.0.0/src/recombinhunt/validation/case_analysis.py", line 252, in <listcomp>
    *[self.region_table(r) for r in self.exp.genome_view.regions],
  File "/home/topcuoglu/openrecombinhunt/libs/recombinhunt-cov-7.0.0/src/recombinhunt/validation/case_analysis.py", line 157, in region_table
    num_seq = [self.exp.env.number_of_sequences_of_lineage(c) for c in region.candidates]
  File "/home/topcuoglu/openrecombinhunt/libs/recombinhunt-cov-7.0.0/src/recombinhunt/validation/case_analysis.py", line 157, in <listcomp>
    num_seq = [self.exp.env.number_of_sequences_of_lineage(c) for c in region.candidates]
  File "/home/topcuoglu/openrecombinhunt/libs/recombinhunt-cov-7.0.0/src/recombinhunt/core/environment.py", line 175, in number_of_sequences_of_lineage
    if lineage_name.contains("NmC"): return self.lc_quality_df.at['num', lineage_name]
AttributeError: 'str' object has no attribute 'contains'
2025-09-06 13:44:47,681 - ERROR -   Error on one sample in lineage A.1: 'str' object has no attribute 'contains'
Traceback (most recent call last):
  File "/home/topcuoglu/openrecombinhunt/src/06_recombinhunt/run_recombinhunt.py", line 211, in run_recombinhunt_for_lineage
    ca.print_case_details(html_report_handle)
  File "/home/topcuoglu/openrecombinhunt/libs/recombinhunt-cov-7.0.0/src/recombinhunt/validation/case_analysis.py", line 252, in print_case_details
    *[self.region_table(r) for r in self.exp.genome_view.regions],
  File "/home/topcuoglu/openrecombinhunt/libs/recombinhunt-cov-7.0.0/src/recombinhunt/validation/case_analysis.py", line 252, in <listcomp>
    *[self.region_table(r) for r in self.exp.genome_view.regions],
  File "/home/topcuoglu/openrecombinhunt/libs/recombinhunt-cov-7.0.0/src/recombinhunt/validation/case_analysis.py", line 157, in region_table
    num_seq = [self.exp.env.number_of_sequences_of_lineage(c) for c in region.candidates]
  File "/home/topcuoglu/openrecombinhunt/libs/recombinhunt-cov-7.0.0/src/recombinhunt/validation/case_analysis.py", line 157, in <listcomp>
    num_seq = [self.exp.env.number_of_sequences_of_lineage(c) for c in region.candidates]
  File "/home/topcuoglu/openrecombinhunt/libs/recombinhunt-cov-7.0.0/src/recombinhunt/core/environment.py", line 175, in number_of_sequences_of_lineage
    if lineage_name.contains("NmC"): return self.lc_quality_df.at['num', lineage_name]
AttributeError: 'str' object has no attribute 'contains'
2025-09-06 13:44:47,722 - ERROR -   Error on one sample in lineage A.1: 'str' object has no attribute 'contains'
Traceback (most recent call last):
  File "/home/topcuoglu/openrecombinhunt/src/06_recombinhunt/run_recombinhunt.py", line 211, in run_recombinhunt_for_lineage
    ca.print_case_details(html_report_handle)
  File "/home/topcuoglu/openrecombinhunt/libs/recombinhunt-cov-7.0.0/src/recombinhunt/validation/case_analysis.py", line 252, in print_case_details
    *[self.region_table(r) for r in self.exp.genome_view.regions],
  File "/home/topcuoglu/openrecombinhunt/libs/recombinhunt-cov-7.0.0/src/recombinhunt/validation/case_analysis.py", line 252, in <listcomp>
    *[self.region_table(r) for r in self.exp.genome_view.regions],
  File "/home/topcuoglu/openrecombinhunt/libs/recombinhunt-cov-7.0.0/src/recombinhunt/validation/case_analysis.py", line 157, in region_table
    num_seq = [self.exp.env.number_of_sequences_of_lineage(c) for c in region.candidates]
  File "/home/topcuoglu/openrecombinhunt/libs/recombinhunt-cov-7.0.0/src/recombinhunt/validation/case_analysis.py", line 157, in <listcomp>
    num_seq = [self.exp.env.number_of_sequences_of_lineage(c) for c in region.candidates]
  File "/home/topcuoglu/openrecombinhunt/libs/recombinhunt-cov-7.0.0/src/recombinhunt/core/environment.py", line 175, in number_of_sequences_of_lineage
    if lineage_name.contains("NmC"): return self.lc_quality_df.at['num', lineage_name]
AttributeError: 'str' object has no attribute 'contains'
2025-09-06 13:44:47,794 - ERROR -   Error on one sample in lineage A.1: 'str' object has no attribute 'contains'
Traceback (most recent call last):
  File "/home/topcuoglu/openrecombinhunt/src/06_recombinhunt/run_recombinhunt.py", line 211, in run_recombinhunt_for_lineage
    ca.print_case_details(html_report_handle)
  File "/home/topcuoglu/openrecombinhunt/libs/recombinhunt-cov-7.0.0/src/recombinhunt/validation/case_analysis.py", line 252, in print_case_details
    *[self.region_table(r) for r in self.exp.genome_view.regions],
  File "/home/topcuoglu/openrecombinhunt/libs/recombinhunt-cov-7.0.0/src/recombinhunt/validation/case_analysis.py", line 252, in <listcomp>
    *[self.region_table(r) for r in self.exp.genome_view.regions],
  File "/home/topcuoglu/openrecombinhunt/libs/recombinhunt-cov-7.0.0/src/recombinhunt/validation/case_analysis.py", line 157, in region_table
    num_seq = [self.exp.env.number_of_sequences_of_lineage(c) for c in region.candidates]
  File "/home/topcuoglu/openrecombinhunt/libs/recombinhunt-cov-7.0.0/src/recombinhunt/validation/case_analysis.py", line 157, in <listcomp>
    num_seq = [self.exp.env.number_of_sequences_of_lineage(c) for c in region.candidates]
  File "/home/topcuoglu/openrecombinhunt/libs/recombinhunt-cov-7.0.0/src/recombinhunt/core/environment.py", line 175, in number_of_sequences_of_lineage
    if lineage_name.contains("NmC"): return self.lc_quality_df.at['num', lineage_name]
AttributeError: 'str' object has no attribute 'contains'
2025-09-06 13:44:47,842 - ERROR -   Error on one sample in lineage A.1: 'str' object has no attribute 'contains'
Traceback (most recent call last):
  File "/home/topcuoglu/openrecombinhunt/src/06_recombinhunt/run_recombinhunt.py", line 211, in run_recombinhunt_for_lineage
    ca.print_case_details(html_report_handle)
  File "/home/topcuoglu/openrecombinhunt/libs/recombinhunt-cov-7.0.0/src/recombinhunt/validation/case_analysis.py", line 252, in print_case_details
    *[self.region_table(r) for r in self.exp.genome_view.regions],
  File "/home/topcuoglu/openrecombinhunt/libs/recombinhunt-cov-7.0.0/src/recombinhunt/validation/case_analysis.py", line 252, in <listcomp>
    *[self.region_table(r) for r in self.exp.genome_view.regions],
  File "/home/topcuoglu/openrecombinhunt/libs/recombinhunt-cov-7.0.0/src/recombinhunt/validation/case_analysis.py", line 157, in region_table
    num_seq = [self.exp.env.number_of_sequences_of_lineage(c) for c in region.candidates]
  File "/home/topcuoglu/openrecombinhunt/libs/recombinhunt-cov-7.0.0/src/recombinhunt/validation/case_analysis.py", line 157, in <listcomp>
    num_seq = [self.exp.env.number_of_sequences_of_lineage(c) for c in region.candidates]
  File "/home/topcuoglu/openrecombinhunt/libs/recombinhunt-cov-7.0.0/src/recombinhunt/core/environment.py", line 175, in number_of_sequences_of_lineage
    if lineage_name.contains("NmC"): return self.lc_quality_df.at['num', lineage_name]
AttributeError: 'str' object has no attribute 'contains'
2025-09-06 13:44:47,924 - ERROR -   Error on one sample in lineage A.1: 'str' object has no attribute 'contains'
Traceback (most recent call last):
  File "/home/topcuoglu/openrecombinhunt/src/06_recombinhunt/run_recombinhunt.py", line 211, in run_recombinhunt_for_lineage
    ca.print_case_details(html_report_handle)
  File "/home/topcuoglu/openrecombinhunt/libs/recombinhunt-cov-7.0.0/src/recombinhunt/validation/case_analysis.py", line 252, in print_case_details
    *[self.region_table(r) for r in self.exp.genome_view.regions],
  File "/home/topcuoglu/openrecombinhunt/libs/recombinhunt-cov-7.0.0/src/recombinhunt/validation/case_analysis.py", line 252, in <listcomp>
    *[self.region_table(r) for r in self.exp.genome_view.regions],
  File "/home/topcuoglu/openrecombinhunt/libs/recombinhunt-cov-7.0.0/src/recombinhunt/validation/case_analysis.py", line 157, in region_table
    num_seq = [self.exp.env.number_of_sequences_of_lineage(c) for c in region.candidates]
  File "/home/topcuoglu/openrecombinhunt/libs/recombinhunt-cov-7.0.0/src/recombinhunt/validation/case_analysis.py", line 157, in <listcomp>
    num_seq = [self.exp.env.number_of_sequences_of_lineage(c) for c in region.candidates]
  File "/home/topcuoglu/openrecombinhunt/libs/recombinhunt-cov-7.0.0/src/recombinhunt/core/environment.py", line 175, in number_of_sequences_of_lineage
    if lineage_name.contains("NmC"): return self.lc_quality_df.at['num', lineage_name]
AttributeError: 'str' object has no attribute 'contains'
2025-09-06 13:44:47,970 - ERROR -   Error on one sample in lineage A.1: 'str' object has no attribute 'contains'
Traceback (most recent call last):
  File "/home/topcuoglu/openrecombinhunt/src/06_recombinhunt/run_recombinhunt.py", line 211, in run_recombinhunt_for_lineage
    ca.print_case_details(html_report_handle)
  File "/home/topcuoglu/openrecombinhunt/libs/recombinhunt-cov-7.0.0/src/recombinhunt/validation/case_analysis.py", line 252, in print_case_details
    *[self.region_table(r) for r in self.exp.genome_view.regions],
  File "/home/topcuoglu/openrecombinhunt/libs/recombinhunt-cov-7.0.0/src/recombinhunt/validation/case_analysis.py", line 252, in <listcomp>
    *[self.region_table(r) for r in self.exp.genome_view.regions],
  File "/home/topcuoglu/openrecombinhunt/libs/recombinhunt-cov-7.0.0/src/recombinhunt/validation/case_analysis.py", line 157, in region_table
    num_seq = [self.exp.env.number_of_sequences_of_lineage(c) for c in region.candidates]
  File "/home/topcuoglu/openrecombinhunt/libs/recombinhunt-cov-7.0.0/src/recombinhunt/validation/case_analysis.py", line 157, in <listcomp>
    num_seq = [self.exp.env.number_of_sequences_of_lineage(c) for c in region.candidates]
  File "/home/topcuoglu/openrecombinhunt/libs/recombinhunt-cov-7.0.0/src/recombinhunt/core/environment.py", line 175, in number_of_sequences_of_lineage
    if lineage_name.contains("NmC"): return self.lc_quality_df.at['num', lineage_name]
AttributeError: 'str' object has no attribute 'contains'
2025-09-06 13:44:48,017 - ERROR -   Error on one sample in lineage A.1: 'str' object has no attribute 'contains'
Traceback (most recent call last):
  File "/home/topcuoglu/openrecombinhunt/src/06_recombinhunt/run_recombinhunt.py", line 211, in run_recombinhunt_for_lineage
    ca.print_case_details(html_report_handle)
  File "/home/topcuoglu/openrecombinhunt/libs/recombinhunt-cov-7.0.0/src/recombinhunt/validation/case_analysis.py", line 252, in print_case_details
    *[self.region_table(r) for r in self.exp.genome_view.regions],
  File "/home/topcuoglu/openrecombinhunt/libs/recombinhunt-cov-7.0.0/src/recombinhunt/validation/case_analysis.py", line 252, in <listcomp>
    *[self.region_table(r) for r in self.exp.genome_view.regions],
  File "/home/topcuoglu/openrecombinhunt/libs/recombinhunt-cov-7.0.0/src/recombinhunt/validation/case_analysis.py", line 157, in region_table
    num_seq = [self.exp.env.number_of_sequences_of_lineage(c) for c in region.candidates]
  File "/home/topcuoglu/openrecombinhunt/libs/recombinhunt-cov-7.0.0/src/recombinhunt/validation/case_analysis.py", line 157, in <listcomp>
    num_seq = [self.exp.env.number_of_sequences_of_lineage(c) for c in region.candidates]
  File "/home/topcuoglu/openrecombinhunt/libs/recombinhunt-cov-7.0.0/src/recombinhunt/core/environment.py", line 175, in number_of_sequences_of_lineage
    if lineage_name.contains("NmC"): return self.lc_quality_df.at['num', lineage_name]
AttributeError: 'str' object has no attribute 'contains'
2025-09-06 13:44:48,112 - ERROR -   Error on one sample in lineage A.1: 'str' object has no attribute 'contains'
Traceback (most recent call last):
  File "/home/topcuoglu/openrecombinhunt/src/06_recombinhunt/run_recombinhunt.py", line 211, in run_recombinhunt_for_lineage
    ca.print_case_details(html_report_handle)
  File "/home/topcuoglu/openrecombinhunt/libs/recombinhunt-cov-7.0.0/src/recombinhunt/validation/case_analysis.py", line 252, in print_case_details
    *[self.region_table(r) for r in self.exp.genome_view.regions],
  File "/home/topcuoglu/openrecombinhunt/libs/recombinhunt-cov-7.0.0/src/recombinhunt/validation/case_analysis.py", line 252, in <listcomp>
    *[self.region_table(r) for r in self.exp.genome_view.regions],
  File "/home/topcuoglu/openrecombinhunt/libs/recombinhunt-cov-7.0.0/src/recombinhunt/validation/case_analysis.py", line 157, in region_table
    num_seq = [self.exp.env.number_of_sequences_of_lineage(c) for c in region.candidates]
  File "/home/topcuoglu/openrecombinhunt/libs/recombinhunt-cov-7.0.0/src/recombinhunt/validation/case_analysis.py", line 157, in <listcomp>
    num_seq = [self.exp.env.number_of_sequences_of_lineage(c) for c in region.candidates]
  File "/home/topcuoglu/openrecombinhunt/libs/recombinhunt-cov-7.0.0/src/recombinhunt/core/environment.py", line 175, in number_of_sequences_of_lineage
    if lineage_name.contains("NmC"): return self.lc_quality_df.at['num', lineage_name]
AttributeError: 'str' object has no attribute 'contains'
2025-09-06 13:44:48,154 - ERROR -   Error on one sample in lineage A.1: 'str' object has no attribute 'contains'
Traceback (most recent call last):
  File "/home/topcuoglu/openrecombinhunt/src/06_recombinhunt/run_recombinhunt.py", line 211, in run_recombinhunt_for_lineage
    ca.print_case_details(html_report_handle)
  File "/home/topcuoglu/openrecombinhunt/libs/recombinhunt-cov-7.0.0/src/recombinhunt/validation/case_analysis.py", line 252, in print_case_details
    *[self.region_table(r) for r in self.exp.genome_view.regions],
  File "/home/topcuoglu/openrecombinhunt/libs/recombinhunt-cov-7.0.0/src/recombinhunt/validation/case_analysis.py", line 252, in <listcomp>
    *[self.region_table(r) for r in self.exp.genome_view.regions],
  File "/home/topcuoglu/openrecombinhunt/libs/recombinhunt-cov-7.0.0/src/recombinhunt/validation/case_analysis.py", line 157, in region_table
    num_seq = [self.exp.env.number_of_sequences_of_lineage(c) for c in region.candidates]
  File "/home/topcuoglu/openrecombinhunt/libs/recombinhunt-cov-7.0.0/src/recombinhunt/validation/case_analysis.py", line 157, in <listcomp>
    num_seq = [self.exp.env.number_of_sequences_of_lineage(c) for c in region.candidates]
  File "/home/topcuoglu/openrecombinhunt/libs/recombinhunt-cov-7.0.0/src/recombinhunt/core/environment.py", line 175, in number_of_sequences_of_lineage
    if lineage_name.contains("NmC"): return self.lc_quality_df.at['num', lineage_name]
AttributeError: 'str' object has no attribute 'contains'
2025-09-06 13:44:48,307 - ERROR -   Error on one sample in lineage A.1: 'str' object has no attribute 'contains'
Traceback (most recent call last):
  File "/home/topcuoglu/openrecombinhunt/src/06_recombinhunt/run_recombinhunt.py", line 211, in run_recombinhunt_for_lineage
    ca.print_case_details(html_report_handle)
  File "/home/topcuoglu/openrecombinhunt/libs/recombinhunt-cov-7.0.0/src/recombinhunt/validation/case_analysis.py", line 252, in print_case_details
    *[self.region_table(r) for r in self.exp.genome_view.regions],
  File "/home/topcuoglu/openrecombinhunt/libs/recombinhunt-cov-7.0.0/src/recombinhunt/validation/case_analysis.py", line 252, in <listcomp>
    *[self.region_table(r) for r in self.exp.genome_view.regions],
  File "/home/topcuoglu/openrecombinhunt/libs/recombinhunt-cov-7.0.0/src/recombinhunt/validation/case_analysis.py", line 157, in region_table
    num_seq = [self.exp.env.number_of_sequences_of_lineage(c) for c in region.candidates]
  File "/home/topcuoglu/openrecombinhunt/libs/recombinhunt-cov-7.0.0/src/recombinhunt/validation/case_analysis.py", line 157, in <listcomp>
    num_seq = [self.exp.env.number_of_sequences_of_lineage(c) for c in region.candidates]
  File "/home/topcuoglu/openrecombinhunt/libs/recombinhunt-cov-7.0.0/src/recombinhunt/core/environment.py", line 175, in number_of_sequences_of_lineage
    if lineage_name.contains("NmC"): return self.lc_quality_df.at['num', lineage_name]
AttributeError: 'str' object has no attribute 'contains'
2025-09-06 13:44:48,463 - ERROR -   Error on one sample in lineage A.1: 'str' object has no attribute 'contains'
Traceback (most recent call last):
  File "/home/topcuoglu/openrecombinhunt/src/06_recombinhunt/run_recombinhunt.py", line 211, in run_recombinhunt_for_lineage
    ca.print_case_details(html_report_handle)
  File "/home/topcuoglu/openrecombinhunt/libs/recombinhunt-cov-7.0.0/src/recombinhunt/validation/case_analysis.py", line 252, in print_case_details
    *[self.region_table(r) for r in self.exp.genome_view.regions],
  File "/home/topcuoglu/openrecombinhunt/libs/recombinhunt-cov-7.0.0/src/recombinhunt/validation/case_analysis.py", line 252, in <listcomp>
    *[self.region_table(r) for r in self.exp.genome_view.regions],
  File "/home/topcuoglu/openrecombinhunt/libs/recombinhunt-cov-7.0.0/src/recombinhunt/validation/case_analysis.py", line 157, in region_table
    num_seq = [self.exp.env.number_of_sequences_of_lineage(c) for c in region.candidates]
  File "/home/topcuoglu/openrecombinhunt/libs/recombinhunt-cov-7.0.0/src/recombinhunt/validation/case_analysis.py", line 157, in <listcomp>
    num_seq = [self.exp.env.number_of_sequences_of_lineage(c) for c in region.candidates]
  File "/home/topcuoglu/openrecombinhunt/libs/recombinhunt-cov-7.0.0/src/recombinhunt/core/environment.py", line 175, in number_of_sequences_of_lineage
    if lineage_name.contains("NmC"): return self.lc_quality_df.at['num', lineage_name]
AttributeError: 'str' object has no attribute 'contains'
2025-09-06 13:44:48,560 - ERROR -   Error on one sample in lineage A.1: 'str' object has no attribute 'contains'
Traceback (most recent call last):
  File "/home/topcuoglu/openrecombinhunt/src/06_recombinhunt/run_recombinhunt.py", line 211, in run_recombinhunt_for_lineage
    ca.print_case_details(html_report_handle)
  File "/home/topcuoglu/openrecombinhunt/libs/recombinhunt-cov-7.0.0/src/recombinhunt/validation/case_analysis.py", line 252, in print_case_details
    *[self.region_table(r) for r in self.exp.genome_view.regions],
  File "/home/topcuoglu/openrecombinhunt/libs/recombinhunt-cov-7.0.0/src/recombinhunt/validation/case_analysis.py", line 252, in <listcomp>
    *[self.region_table(r) for r in self.exp.genome_view.regions],
  File "/home/topcuoglu/openrecombinhunt/libs/recombinhunt-cov-7.0.0/src/recombinhunt/validation/case_analysis.py", line 157, in region_table
    num_seq = [self.exp.env.number_of_sequences_of_lineage(c) for c in region.candidates]
  File "/home/topcuoglu/openrecombinhunt/libs/recombinhunt-cov-7.0.0/src/recombinhunt/validation/case_analysis.py", line 157, in <listcomp>
    num_seq = [self.exp.env.number_of_sequences_of_lineage(c) for c in region.candidates]
  File "/home/topcuoglu/openrecombinhunt/libs/recombinhunt-cov-7.0.0/src/recombinhunt/core/environment.py", line 175, in number_of_sequences_of_lineage
    if lineage_name.contains("NmC"): return self.lc_quality_df.at['num', lineage_name]
AttributeError: 'str' object has no attribute 'contains'
2025-09-06 13:44:48,597 - ERROR -   Error on one sample in lineage A.1: Reindexing only valid with uniquely valued Index objects
Traceback (most recent call last):
  File "/home/topcuoglu/openrecombinhunt/src/06_recombinhunt/run_recombinhunt.py", line 178, in run_recombinhunt_for_lineage
    experiment.set_target(nuc_change_data_list)
  File "/home/topcuoglu/openrecombinhunt/libs/recombinhunt-cov-7.0.0/src/recombinhunt/core/method.py", line 567, in set_target
    self.merged_df = self.env.make_merged_df(seq_df)
  File "/home/topcuoglu/openrecombinhunt/libs/recombinhunt-cov-7.0.0/src/recombinhunt/core/environment.py", line 104, in make_merged_df
    target_and_not_lc_df = pd.concat([
  File "/home/topcuoglu/.local/lib/python3.10/site-packages/pandas/core/reshape/concat.py", line 393, in concat
    return op.get_result()
  File "/home/topcuoglu/.local/lib/python3.10/site-packages/pandas/core/reshape/concat.py", line 676, in get_result
    indexers[ax] = obj_labels.get_indexer(new_labels)
  File "/home/topcuoglu/.local/lib/python3.10/site-packages/pandas/core/indexes/base.py", line 3874, in get_indexer
    raise InvalidIndexError(self._requires_unique_msg)
pandas.errors.InvalidIndexError: Reindexing only valid with uniquely valued Index objects
2025-09-06 13:44:48,644 - ERROR -   Error on one sample in lineage A.1: 'str' object has no attribute 'contains'
Traceback (most recent call last):
  File "/home/topcuoglu/openrecombinhunt/src/06_recombinhunt/run_recombinhunt.py", line 211, in run_recombinhunt_for_lineage
    ca.print_case_details(html_report_handle)
  File "/home/topcuoglu/openrecombinhunt/libs/recombinhunt-cov-7.0.0/src/recombinhunt/validation/case_analysis.py", line 252, in print_case_details
    *[self.region_table(r) for r in self.exp.genome_view.regions],
  File "/home/topcuoglu/openrecombinhunt/libs/recombinhunt-cov-7.0.0/src/recombinhunt/validation/case_analysis.py", line 252, in <listcomp>
    *[self.region_table(r) for r in self.exp.genome_view.regions],
  File "/home/topcuoglu/openrecombinhunt/libs/recombinhunt-cov-7.0.0/src/recombinhunt/validation/case_analysis.py", line 157, in region_table
    num_seq = [self.exp.env.number_of_sequences_of_lineage(c) for c in region.candidates]
  File "/home/topcuoglu/openrecombinhunt/libs/recombinhunt-cov-7.0.0/src/recombinhunt/validation/case_analysis.py", line 157, in <listcomp>
    num_seq = [self.exp.env.number_of_sequences_of_lineage(c) for c in region.candidates]
  File "/home/topcuoglu/openrecombinhunt/libs/recombinhunt-cov-7.0.0/src/recombinhunt/core/environment.py", line 175, in number_of_sequences_of_lineage
    if lineage_name.contains("NmC"): return self.lc_quality_df.at['num', lineage_name]
AttributeError: 'str' object has no attribute 'contains'
2025-09-06 13:44:48,749 - ERROR -   Error on one sample in lineage A.1: 'str' object has no attribute 'contains'
Traceback (most recent call last):
  File "/home/topcuoglu/openrecombinhunt/src/06_recombinhunt/run_recombinhunt.py", line 211, in run_recombinhunt_for_lineage
    ca.print_case_details(html_report_handle)
  File "/home/topcuoglu/openrecombinhunt/libs/recombinhunt-cov-7.0.0/src/recombinhunt/validation/case_analysis.py", line 252, in print_case_details
    *[self.region_table(r) for r in self.exp.genome_view.regions],
  File "/home/topcuoglu/openrecombinhunt/libs/recombinhunt-cov-7.0.0/src/recombinhunt/validation/case_analysis.py", line 252, in <listcomp>
    *[self.region_table(r) for r in self.exp.genome_view.regions],
  File "/home/topcuoglu/openrecombinhunt/libs/recombinhunt-cov-7.0.0/src/recombinhunt/validation/case_analysis.py", line 157, in region_table
    num_seq = [self.exp.env.number_of_sequences_of_lineage(c) for c in region.candidates]
  File "/home/topcuoglu/openrecombinhunt/libs/recombinhunt-cov-7.0.0/src/recombinhunt/validation/case_analysis.py", line 157, in <listcomp>
    num_seq = [self.exp.env.number_of_sequences_of_lineage(c) for c in region.candidates]
  File "/home/topcuoglu/openrecombinhunt/libs/recombinhunt-cov-7.0.0/src/recombinhunt/core/environment.py", line 175, in number_of_sequences_of_lineage
    if lineage_name.contains("NmC"): return self.lc_quality_df.at['num', lineage_name]
AttributeError: 'str' object has no attribute 'contains'
2025-09-06 13:44:48,792 - ERROR -   Error on one sample in lineage A.1: 'str' object has no attribute 'contains'
Traceback (most recent call last):
  File "/home/topcuoglu/openrecombinhunt/src/06_recombinhunt/run_recombinhunt.py", line 211, in run_recombinhunt_for_lineage
    ca.print_case_details(html_report_handle)
  File "/home/topcuoglu/openrecombinhunt/libs/recombinhunt-cov-7.0.0/src/recombinhunt/validation/case_analysis.py", line 252, in print_case_details
    *[self.region_table(r) for r in self.exp.genome_view.regions],
  File "/home/topcuoglu/openrecombinhunt/libs/recombinhunt-cov-7.0.0/src/recombinhunt/validation/case_analysis.py", line 252, in <listcomp>
    *[self.region_table(r) for r in self.exp.genome_view.regions],
  File "/home/topcuoglu/openrecombinhunt/libs/recombinhunt-cov-7.0.0/src/recombinhunt/validation/case_analysis.py", line 157, in region_table
    num_seq = [self.exp.env.number_of_sequences_of_lineage(c) for c in region.candidates]
  File "/home/topcuoglu/openrecombinhunt/libs/recombinhunt-cov-7.0.0/src/recombinhunt/validation/case_analysis.py", line 157, in <listcomp>
    num_seq = [self.exp.env.number_of_sequences_of_lineage(c) for c in region.candidates]
  File "/home/topcuoglu/openrecombinhunt/libs/recombinhunt-cov-7.0.0/src/recombinhunt/core/environment.py", line 175, in number_of_sequences_of_lineage
    if lineage_name.contains("NmC"): return self.lc_quality_df.at['num', lineage_name]
AttributeError: 'str' object has no attribute 'contains'
2025-09-06 13:44:48,895 - ERROR -   Error on one sample in lineage A.1: 'str' object has no attribute 'contains'
Traceback (most recent call last):
  File "/home/topcuoglu/openrecombinhunt/src/06_recombinhunt/run_recombinhunt.py", line 211, in run_recombinhunt_for_lineage
    ca.print_case_details(html_report_handle)
  File "/home/topcuoglu/openrecombinhunt/libs/recombinhunt-cov-7.0.0/src/recombinhunt/validation/case_analysis.py", line 252, in print_case_details
    *[self.region_table(r) for r in self.exp.genome_view.regions],
  File "/home/topcuoglu/openrecombinhunt/libs/recombinhunt-cov-7.0.0/src/recombinhunt/validation/case_analysis.py", line 252, in <listcomp>
    *[self.region_table(r) for r in self.exp.genome_view.regions],
  File "/home/topcuoglu/openrecombinhunt/libs/recombinhunt-cov-7.0.0/src/recombinhunt/validation/case_analysis.py", line 157, in region_table
    num_seq = [self.exp.env.number_of_sequences_of_lineage(c) for c in region.candidates]
  File "/home/topcuoglu/openrecombinhunt/libs/recombinhunt-cov-7.0.0/src/recombinhunt/validation/case_analysis.py", line 157, in <listcomp>
    num_seq = [self.exp.env.number_of_sequences_of_lineage(c) for c in region.candidates]
  File "/home/topcuoglu/openrecombinhunt/libs/recombinhunt-cov-7.0.0/src/recombinhunt/core/environment.py", line 175, in number_of_sequences_of_lineage
    if lineage_name.contains("NmC"): return self.lc_quality_df.at['num', lineage_name]
AttributeError: 'str' object has no attribute 'contains'
2025-09-06 13:44:48,983 - ERROR -   Error on one sample in lineage A.1: Reindexing only valid with uniquely valued Index objects
Traceback (most recent call last):
  File "/home/topcuoglu/openrecombinhunt/src/06_recombinhunt/run_recombinhunt.py", line 178, in run_recombinhunt_for_lineage
    experiment.set_target(nuc_change_data_list)
  File "/home/topcuoglu/openrecombinhunt/libs/recombinhunt-cov-7.0.0/src/recombinhunt/core/method.py", line 567, in set_target
    self.merged_df = self.env.make_merged_df(seq_df)
  File "/home/topcuoglu/openrecombinhunt/libs/recombinhunt-cov-7.0.0/src/recombinhunt/core/environment.py", line 104, in make_merged_df
    target_and_not_lc_df = pd.concat([
  File "/home/topcuoglu/.local/lib/python3.10/site-packages/pandas/core/reshape/concat.py", line 393, in concat
    return op.get_result()
  File "/home/topcuoglu/.local/lib/python3.10/site-packages/pandas/core/reshape/concat.py", line 676, in get_result
    indexers[ax] = obj_labels.get_indexer(new_labels)
  File "/home/topcuoglu/.local/lib/python3.10/site-packages/pandas/core/indexes/base.py", line 3874, in get_indexer
    raise InvalidIndexError(self._requires_unique_msg)
pandas.errors.InvalidIndexError: Reindexing only valid with uniquely valued Index objects
2025-09-06 13:44:48,992 - ERROR -   Error on one sample in lineage A.1: Reindexing only valid with uniquely valued Index objects
Traceback (most recent call last):
  File "/home/topcuoglu/openrecombinhunt/src/06_recombinhunt/run_recombinhunt.py", line 178, in run_recombinhunt_for_lineage
    experiment.set_target(nuc_change_data_list)
  File "/home/topcuoglu/openrecombinhunt/libs/recombinhunt-cov-7.0.0/src/recombinhunt/core/method.py", line 567, in set_target
    self.merged_df = self.env.make_merged_df(seq_df)
  File "/home/topcuoglu/openrecombinhunt/libs/recombinhunt-cov-7.0.0/src/recombinhunt/core/environment.py", line 104, in make_merged_df
    target_and_not_lc_df = pd.concat([
  File "/home/topcuoglu/.local/lib/python3.10/site-packages/pandas/core/reshape/concat.py", line 393, in concat
    return op.get_result()
  File "/home/topcuoglu/.local/lib/python3.10/site-packages/pandas/core/reshape/concat.py", line 676, in get_result
    indexers[ax] = obj_labels.get_indexer(new_labels)
  File "/home/topcuoglu/.local/lib/python3.10/site-packages/pandas/core/indexes/base.py", line 3874, in get_indexer
    raise InvalidIndexError(self._requires_unique_msg)
pandas.errors.InvalidIndexError: Reindexing only valid with uniquely valued Index objects
2025-09-06 13:44:49,116 - ERROR -   Error on one sample in lineage A.1: 'str' object has no attribute 'contains'
Traceback (most recent call last):
  File "/home/topcuoglu/openrecombinhunt/src/06_recombinhunt/run_recombinhunt.py", line 211, in run_recombinhunt_for_lineage
    ca.print_case_details(html_report_handle)
  File "/home/topcuoglu/openrecombinhunt/libs/recombinhunt-cov-7.0.0/src/recombinhunt/validation/case_analysis.py", line 252, in print_case_details
    *[self.region_table(r) for r in self.exp.genome_view.regions],
  File "/home/topcuoglu/openrecombinhunt/libs/recombinhunt-cov-7.0.0/src/recombinhunt/validation/case_analysis.py", line 252, in <listcomp>
    *[self.region_table(r) for r in self.exp.genome_view.regions],
  File "/home/topcuoglu/openrecombinhunt/libs/recombinhunt-cov-7.0.0/src/recombinhunt/validation/case_analysis.py", line 157, in region_table
    num_seq = [self.exp.env.number_of_sequences_of_lineage(c) for c in region.candidates]
  File "/home/topcuoglu/openrecombinhunt/libs/recombinhunt-cov-7.0.0/src/recombinhunt/validation/case_analysis.py", line 157, in <listcomp>
    num_seq = [self.exp.env.number_of_sequences_of_lineage(c) for c in region.candidates]
  File "/home/topcuoglu/openrecombinhunt/libs/recombinhunt-cov-7.0.0/src/recombinhunt/core/environment.py", line 175, in number_of_sequences_of_lineage
    if lineage_name.contains("NmC"): return self.lc_quality_df.at['num', lineage_name]
AttributeError: 'str' object has no attribute 'contains'
2025-09-06 13:44:49,716 - ERROR -   Error on one sample in lineage A.1: 'str' object has no attribute 'contains'
Traceback (most recent call last):
  File "/home/topcuoglu/openrecombinhunt/src/06_recombinhunt/run_recombinhunt.py", line 211, in run_recombinhunt_for_lineage
    ca.print_case_details(html_report_handle)
  File "/home/topcuoglu/openrecombinhunt/libs/recombinhunt-cov-7.0.0/src/recombinhunt/validation/case_analysis.py", line 252, in print_case_details
    *[self.region_table(r) for r in self.exp.genome_view.regions],
  File "/home/topcuoglu/openrecombinhunt/libs/recombinhunt-cov-7.0.0/src/recombinhunt/validation/case_analysis.py", line 252, in <listcomp>
    *[self.region_table(r) for r in self.exp.genome_view.regions],
  File "/home/topcuoglu/openrecombinhunt/libs/recombinhunt-cov-7.0.0/src/recombinhunt/validation/case_analysis.py", line 157, in region_table
    num_seq = [self.exp.env.number_of_sequences_of_lineage(c) for c in region.candidates]
  File "/home/topcuoglu/openrecombinhunt/libs/recombinhunt-cov-7.0.0/src/recombinhunt/validation/case_analysis.py", line 157, in <listcomp>
    num_seq = [self.exp.env.number_of_sequences_of_lineage(c) for c in region.candidates]
  File "/home/topcuoglu/openrecombinhunt/libs/recombinhunt-cov-7.0.0/src/recombinhunt/core/environment.py", line 175, in number_of_sequences_of_lineage
    if lineage_name.contains("NmC"): return self.lc_quality_df.at['num', lineage_name]
AttributeError: 'str' object has no attribute 'contains'
2025-09-06 13:44:49,797 - ERROR -   Error on one sample in lineage A.1: 'str' object has no attribute 'contains'
Traceback (most recent call last):
  File "/home/topcuoglu/openrecombinhunt/src/06_recombinhunt/run_recombinhunt.py", line 211, in run_recombinhunt_for_lineage
    ca.print_case_details(html_report_handle)
  File "/home/topcuoglu/openrecombinhunt/libs/recombinhunt-cov-7.0.0/src/recombinhunt/validation/case_analysis.py", line 252, in print_case_details
    *[self.region_table(r) for r in self.exp.genome_view.regions],
  File "/home/topcuoglu/openrecombinhunt/libs/recombinhunt-cov-7.0.0/src/recombinhunt/validation/case_analysis.py", line 252, in <listcomp>
    *[self.region_table(r) for r in self.exp.genome_view.regions],
  File "/home/topcuoglu/openrecombinhunt/libs/recombinhunt-cov-7.0.0/src/recombinhunt/validation/case_analysis.py", line 157, in region_table
    num_seq = [self.exp.env.number_of_sequences_of_lineage(c) for c in region.candidates]
  File "/home/topcuoglu/openrecombinhunt/libs/recombinhunt-cov-7.0.0/src/recombinhunt/validation/case_analysis.py", line 157, in <listcomp>
    num_seq = [self.exp.env.number_of_sequences_of_lineage(c) for c in region.candidates]
  File "/home/topcuoglu/openrecombinhunt/libs/recombinhunt-cov-7.0.0/src/recombinhunt/core/environment.py", line 175, in number_of_sequences_of_lineage
    if lineage_name.contains("NmC"): return self.lc_quality_df.at['num', lineage_name]
AttributeError: 'str' object has no attribute 'contains'
2025-09-06 13:44:49,882 - ERROR -   Error on one sample in lineage A.1: 'str' object has no attribute 'contains'
Traceback (most recent call last):
  File "/home/topcuoglu/openrecombinhunt/src/06_recombinhunt/run_recombinhunt.py", line 211, in run_recombinhunt_for_lineage
    ca.print_case_details(html_report_handle)
  File "/home/topcuoglu/openrecombinhunt/libs/recombinhunt-cov-7.0.0/src/recombinhunt/validation/case_analysis.py", line 252, in print_case_details
    *[self.region_table(r) for r in self.exp.genome_view.regions],
  File "/home/topcuoglu/openrecombinhunt/libs/recombinhunt-cov-7.0.0/src/recombinhunt/validation/case_analysis.py", line 252, in <listcomp>
    *[self.region_table(r) for r in self.exp.genome_view.regions],
  File "/home/topcuoglu/openrecombinhunt/libs/recombinhunt-cov-7.0.0/src/recombinhunt/validation/case_analysis.py", line 157, in region_table
    num_seq = [self.exp.env.number_of_sequences_of_lineage(c) for c in region.candidates]
  File "/home/topcuoglu/openrecombinhunt/libs/recombinhunt-cov-7.0.0/src/recombinhunt/validation/case_analysis.py", line 157, in <listcomp>
    num_seq = [self.exp.env.number_of_sequences_of_lineage(c) for c in region.candidates]
  File "/home/topcuoglu/openrecombinhunt/libs/recombinhunt-cov-7.0.0/src/recombinhunt/core/environment.py", line 175, in number_of_sequences_of_lineage
    if lineage_name.contains("NmC"): return self.lc_quality_df.at['num', lineage_name]
AttributeError: 'str' object has no attribute 'contains'
2025-09-06 13:44:49,984 - ERROR -   Error on one sample in lineage A.1: 'str' object has no attribute 'contains'
Traceback (most recent call last):
  File "/home/topcuoglu/openrecombinhunt/src/06_recombinhunt/run_recombinhunt.py", line 211, in run_recombinhunt_for_lineage
    ca.print_case_details(html_report_handle)
  File "/home/topcuoglu/openrecombinhunt/libs/recombinhunt-cov-7.0.0/src/recombinhunt/validation/case_analysis.py", line 252, in print_case_details
    *[self.region_table(r) for r in self.exp.genome_view.regions],
  File "/home/topcuoglu/openrecombinhunt/libs/recombinhunt-cov-7.0.0/src/recombinhunt/validation/case_analysis.py", line 252, in <listcomp>
    *[self.region_table(r) for r in self.exp.genome_view.regions],
  File "/home/topcuoglu/openrecombinhunt/libs/recombinhunt-cov-7.0.0/src/recombinhunt/validation/case_analysis.py", line 157, in region_table
    num_seq = [self.exp.env.number_of_sequences_of_lineage(c) for c in region.candidates]
  File "/home/topcuoglu/openrecombinhunt/libs/recombinhunt-cov-7.0.0/src/recombinhunt/validation/case_analysis.py", line 157, in <listcomp>
    num_seq = [self.exp.env.number_of_sequences_of_lineage(c) for c in region.candidates]
  File "/home/topcuoglu/openrecombinhunt/libs/recombinhunt-cov-7.0.0/src/recombinhunt/core/environment.py", line 175, in number_of_sequences_of_lineage
    if lineage_name.contains("NmC"): return self.lc_quality_df.at['num', lineage_name]
AttributeError: 'str' object has no attribute 'contains'
2025-09-06 13:44:50,197 - ERROR -   Error on one sample in lineage A.1: 'str' object has no attribute 'contains'
Traceback (most recent call last):
  File "/home/topcuoglu/openrecombinhunt/src/06_recombinhunt/run_recombinhunt.py", line 211, in run_recombinhunt_for_lineage
    ca.print_case_details(html_report_handle)
  File "/home/topcuoglu/openrecombinhunt/libs/recombinhunt-cov-7.0.0/src/recombinhunt/validation/case_analysis.py", line 252, in print_case_details
    *[self.region_table(r) for r in self.exp.genome_view.regions],
  File "/home/topcuoglu/openrecombinhunt/libs/recombinhunt-cov-7.0.0/src/recombinhunt/validation/case_analysis.py", line 252, in <listcomp>
    *[self.region_table(r) for r in self.exp.genome_view.regions],
  File "/home/topcuoglu/openrecombinhunt/libs/recombinhunt-cov-7.0.0/src/recombinhunt/validation/case_analysis.py", line 157, in region_table
    num_seq = [self.exp.env.number_of_sequences_of_lineage(c) for c in region.candidates]
  File "/home/topcuoglu/openrecombinhunt/libs/recombinhunt-cov-7.0.0/src/recombinhunt/validation/case_analysis.py", line 157, in <listcomp>
    num_seq = [self.exp.env.number_of_sequences_of_lineage(c) for c in region.candidates]
  File "/home/topcuoglu/openrecombinhunt/libs/recombinhunt-cov-7.0.0/src/recombinhunt/core/environment.py", line 175, in number_of_sequences_of_lineage
    if lineage_name.contains("NmC"): return self.lc_quality_df.at['num', lineage_name]
AttributeError: 'str' object has no attribute 'contains'
2025-09-06 13:44:50,286 - ERROR -   Error on one sample in lineage A.1: 'str' object has no attribute 'contains'
Traceback (most recent call last):
  File "/home/topcuoglu/openrecombinhunt/src/06_recombinhunt/run_recombinhunt.py", line 211, in run_recombinhunt_for_lineage
    ca.print_case_details(html_report_handle)
  File "/home/topcuoglu/openrecombinhunt/libs/recombinhunt-cov-7.0.0/src/recombinhunt/validation/case_analysis.py", line 252, in print_case_details
    *[self.region_table(r) for r in self.exp.genome_view.regions],
  File "/home/topcuoglu/openrecombinhunt/libs/recombinhunt-cov-7.0.0/src/recombinhunt/validation/case_analysis.py", line 252, in <listcomp>
    *[self.region_table(r) for r in self.exp.genome_view.regions],
  File "/home/topcuoglu/openrecombinhunt/libs/recombinhunt-cov-7.0.0/src/recombinhunt/validation/case_analysis.py", line 157, in region_table
    num_seq = [self.exp.env.number_of_sequences_of_lineage(c) for c in region.candidates]
  File "/home/topcuoglu/openrecombinhunt/libs/recombinhunt-cov-7.0.0/src/recombinhunt/validation/case_analysis.py", line 157, in <listcomp>
    num_seq = [self.exp.env.number_of_sequences_of_lineage(c) for c in region.candidates]
  File "/home/topcuoglu/openrecombinhunt/libs/recombinhunt-cov-7.0.0/src/recombinhunt/core/environment.py", line 175, in number_of_sequences_of_lineage
    if lineage_name.contains("NmC"): return self.lc_quality_df.at['num', lineage_name]
AttributeError: 'str' object has no attribute 'contains'
2025-09-06 13:44:50,418 - ERROR -   Error on one sample in lineage A.1: 'str' object has no attribute 'contains'
Traceback (most recent call last):
  File "/home/topcuoglu/openrecombinhunt/src/06_recombinhunt/run_recombinhunt.py", line 211, in run_recombinhunt_for_lineage
    ca.print_case_details(html_report_handle)
  File "/home/topcuoglu/openrecombinhunt/libs/recombinhunt-cov-7.0.0/src/recombinhunt/validation/case_analysis.py", line 252, in print_case_details
    *[self.region_table(r) for r in self.exp.genome_view.regions],
  File "/home/topcuoglu/openrecombinhunt/libs/recombinhunt-cov-7.0.0/src/recombinhunt/validation/case_analysis.py", line 252, in <listcomp>
    *[self.region_table(r) for r in self.exp.genome_view.regions],
  File "/home/topcuoglu/openrecombinhunt/libs/recombinhunt-cov-7.0.0/src/recombinhunt/validation/case_analysis.py", line 157, in region_table
    num_seq = [self.exp.env.number_of_sequences_of_lineage(c) for c in region.candidates]
  File "/home/topcuoglu/openrecombinhunt/libs/recombinhunt-cov-7.0.0/src/recombinhunt/validation/case_analysis.py", line 157, in <listcomp>
    num_seq = [self.exp.env.number_of_sequences_of_lineage(c) for c in region.candidates]
  File "/home/topcuoglu/openrecombinhunt/libs/recombinhunt-cov-7.0.0/src/recombinhunt/core/environment.py", line 175, in number_of_sequences_of_lineage
    if lineage_name.contains("NmC"): return self.lc_quality_df.at['num', lineage_name]
AttributeError: 'str' object has no attribute 'contains'
2025-09-06 13:44:50,501 - ERROR -   Error on one sample in lineage A.1: 'str' object has no attribute 'contains'
Traceback (most recent call last):
  File "/home/topcuoglu/openrecombinhunt/src/06_recombinhunt/run_recombinhunt.py", line 211, in run_recombinhunt_for_lineage
    ca.print_case_details(html_report_handle)
  File "/home/topcuoglu/openrecombinhunt/libs/recombinhunt-cov-7.0.0/src/recombinhunt/validation/case_analysis.py", line 252, in print_case_details
    *[self.region_table(r) for r in self.exp.genome_view.regions],
  File "/home/topcuoglu/openrecombinhunt/libs/recombinhunt-cov-7.0.0/src/recombinhunt/validation/case_analysis.py", line 252, in <listcomp>
    *[self.region_table(r) for r in self.exp.genome_view.regions],
  File "/home/topcuoglu/openrecombinhunt/libs/recombinhunt-cov-7.0.0/src/recombinhunt/validation/case_analysis.py", line 157, in region_table
    num_seq = [self.exp.env.number_of_sequences_of_lineage(c) for c in region.candidates]
  File "/home/topcuoglu/openrecombinhunt/libs/recombinhunt-cov-7.0.0/src/recombinhunt/validation/case_analysis.py", line 157, in <listcomp>
    num_seq = [self.exp.env.number_of_sequences_of_lineage(c) for c in region.candidates]
  File "/home/topcuoglu/openrecombinhunt/libs/recombinhunt-cov-7.0.0/src/recombinhunt/core/environment.py", line 175, in number_of_sequences_of_lineage
    if lineage_name.contains("NmC"): return self.lc_quality_df.at['num', lineage_name]
AttributeError: 'str' object has no attribute 'contains'
2025-09-06 13:44:50,674 - ERROR -   Error on one sample in lineage A.1: 'str' object has no attribute 'contains'
Traceback (most recent call last):
  File "/home/topcuoglu/openrecombinhunt/src/06_recombinhunt/run_recombinhunt.py", line 211, in run_recombinhunt_for_lineage
    ca.print_case_details(html_report_handle)
  File "/home/topcuoglu/openrecombinhunt/libs/recombinhunt-cov-7.0.0/src/recombinhunt/validation/case_analysis.py", line 252, in print_case_details
    *[self.region_table(r) for r in self.exp.genome_view.regions],
  File "/home/topcuoglu/openrecombinhunt/libs/recombinhunt-cov-7.0.0/src/recombinhunt/validation/case_analysis.py", line 252, in <listcomp>
    *[self.region_table(r) for r in self.exp.genome_view.regions],
  File "/home/topcuoglu/openrecombinhunt/libs/recombinhunt-cov-7.0.0/src/recombinhunt/validation/case_analysis.py", line 157, in region_table
    num_seq = [self.exp.env.number_of_sequences_of_lineage(c) for c in region.candidates]
  File "/home/topcuoglu/openrecombinhunt/libs/recombinhunt-cov-7.0.0/src/recombinhunt/validation/case_analysis.py", line 157, in <listcomp>
    num_seq = [self.exp.env.number_of_sequences_of_lineage(c) for c in region.candidates]
  File "/home/topcuoglu/openrecombinhunt/libs/recombinhunt-cov-7.0.0/src/recombinhunt/core/environment.py", line 175, in number_of_sequences_of_lineage
    if lineage_name.contains("NmC"): return self.lc_quality_df.at['num', lineage_name]
AttributeError: 'str' object has no attribute 'contains'
2025-09-06 13:44:50,947 - ERROR -   Error on one sample in lineage A.1: 'str' object has no attribute 'contains'
Traceback (most recent call last):
  File "/home/topcuoglu/openrecombinhunt/src/06_recombinhunt/run_recombinhunt.py", line 211, in run_recombinhunt_for_lineage
    ca.print_case_details(html_report_handle)
  File "/home/topcuoglu/openrecombinhunt/libs/recombinhunt-cov-7.0.0/src/recombinhunt/validation/case_analysis.py", line 252, in print_case_details
    *[self.region_table(r) for r in self.exp.genome_view.regions],
  File "/home/topcuoglu/openrecombinhunt/libs/recombinhunt-cov-7.0.0/src/recombinhunt/validation/case_analysis.py", line 252, in <listcomp>
    *[self.region_table(r) for r in self.exp.genome_view.regions],
  File "/home/topcuoglu/openrecombinhunt/libs/recombinhunt-cov-7.0.0/src/recombinhunt/validation/case_analysis.py", line 157, in region_table
    num_seq = [self.exp.env.number_of_sequences_of_lineage(c) for c in region.candidates]
  File "/home/topcuoglu/openrecombinhunt/libs/recombinhunt-cov-7.0.0/src/recombinhunt/validation/case_analysis.py", line 157, in <listcomp>
    num_seq = [self.exp.env.number_of_sequences_of_lineage(c) for c in region.candidates]
  File "/home/topcuoglu/openrecombinhunt/libs/recombinhunt-cov-7.0.0/src/recombinhunt/core/environment.py", line 175, in number_of_sequences_of_lineage
    if lineage_name.contains("NmC"): return self.lc_quality_df.at['num', lineage_name]
AttributeError: 'str' object has no attribute 'contains'
2025-09-06 13:44:51,021 - ERROR -   Error on one sample in lineage A.1: 'str' object has no attribute 'contains'
Traceback (most recent call last):
  File "/home/topcuoglu/openrecombinhunt/src/06_recombinhunt/run_recombinhunt.py", line 211, in run_recombinhunt_for_lineage
    ca.print_case_details(html_report_handle)
  File "/home/topcuoglu/openrecombinhunt/libs/recombinhunt-cov-7.0.0/src/recombinhunt/validation/case_analysis.py", line 252, in print_case_details
    *[self.region_table(r) for r in self.exp.genome_view.regions],
  File "/home/topcuoglu/openrecombinhunt/libs/recombinhunt-cov-7.0.0/src/recombinhunt/validation/case_analysis.py", line 252, in <listcomp>
    *[self.region_table(r) for r in self.exp.genome_view.regions],
  File "/home/topcuoglu/openrecombinhunt/libs/recombinhunt-cov-7.0.0/src/recombinhunt/validation/case_analysis.py", line 157, in region_table
    num_seq = [self.exp.env.number_of_sequences_of_lineage(c) for c in region.candidates]
  File "/home/topcuoglu/openrecombinhunt/libs/recombinhunt-cov-7.0.0/src/recombinhunt/validation/case_analysis.py", line 157, in <listcomp>
    num_seq = [self.exp.env.number_of_sequences_of_lineage(c) for c in region.candidates]
  File "/home/topcuoglu/openrecombinhunt/libs/recombinhunt-cov-7.0.0/src/recombinhunt/core/environment.py", line 175, in number_of_sequences_of_lineage
    if lineage_name.contains("NmC"): return self.lc_quality_df.at['num', lineage_name]
AttributeError: 'str' object has no attribute 'contains'
2025-09-06 13:44:51,077 - ERROR -   Error on one sample in lineage A.1: 'str' object has no attribute 'contains'
Traceback (most recent call last):
  File "/home/topcuoglu/openrecombinhunt/src/06_recombinhunt/run_recombinhunt.py", line 211, in run_recombinhunt_for_lineage
    ca.print_case_details(html_report_handle)
  File "/home/topcuoglu/openrecombinhunt/libs/recombinhunt-cov-7.0.0/src/recombinhunt/validation/case_analysis.py", line 252, in print_case_details
    *[self.region_table(r) for r in self.exp.genome_view.regions],
  File "/home/topcuoglu/openrecombinhunt/libs/recombinhunt-cov-7.0.0/src/recombinhunt/validation/case_analysis.py", line 252, in <listcomp>
    *[self.region_table(r) for r in self.exp.genome_view.regions],
  File "/home/topcuoglu/openrecombinhunt/libs/recombinhunt-cov-7.0.0/src/recombinhunt/validation/case_analysis.py", line 157, in region_table
    num_seq = [self.exp.env.number_of_sequences_of_lineage(c) for c in region.candidates]
  File "/home/topcuoglu/openrecombinhunt/libs/recombinhunt-cov-7.0.0/src/recombinhunt/validation/case_analysis.py", line 157, in <listcomp>
    num_seq = [self.exp.env.number_of_sequences_of_lineage(c) for c in region.candidates]
  File "/home/topcuoglu/openrecombinhunt/libs/recombinhunt-cov-7.0.0/src/recombinhunt/core/environment.py", line 175, in number_of_sequences_of_lineage
    if lineage_name.contains("NmC"): return self.lc_quality_df.at['num', lineage_name]
AttributeError: 'str' object has no attribute 'contains'
2025-09-06 13:44:51,126 - ERROR -   Error on one sample in lineage A.1: 'str' object has no attribute 'contains'
Traceback (most recent call last):
  File "/home/topcuoglu/openrecombinhunt/src/06_recombinhunt/run_recombinhunt.py", line 211, in run_recombinhunt_for_lineage
    ca.print_case_details(html_report_handle)
  File "/home/topcuoglu/openrecombinhunt/libs/recombinhunt-cov-7.0.0/src/recombinhunt/validation/case_analysis.py", line 252, in print_case_details
    *[self.region_table(r) for r in self.exp.genome_view.regions],
  File "/home/topcuoglu/openrecombinhunt/libs/recombinhunt-cov-7.0.0/src/recombinhunt/validation/case_analysis.py", line 252, in <listcomp>
    *[self.region_table(r) for r in self.exp.genome_view.regions],
  File "/home/topcuoglu/openrecombinhunt/libs/recombinhunt-cov-7.0.0/src/recombinhunt/validation/case_analysis.py", line 157, in region_table
    num_seq = [self.exp.env.number_of_sequences_of_lineage(c) for c in region.candidates]
  File "/home/topcuoglu/openrecombinhunt/libs/recombinhunt-cov-7.0.0/src/recombinhunt/validation/case_analysis.py", line 157, in <listcomp>
    num_seq = [self.exp.env.number_of_sequences_of_lineage(c) for c in region.candidates]
  File "/home/topcuoglu/openrecombinhunt/libs/recombinhunt-cov-7.0.0/src/recombinhunt/core/environment.py", line 175, in number_of_sequences_of_lineage
    if lineage_name.contains("NmC"): return self.lc_quality_df.at['num', lineage_name]
AttributeError: 'str' object has no attribute 'contains'
2025-09-06 13:44:51,208 - ERROR -   Error on one sample in lineage A.1: 'str' object has no attribute 'contains'
Traceback (most recent call last):
  File "/home/topcuoglu/openrecombinhunt/src/06_recombinhunt/run_recombinhunt.py", line 211, in run_recombinhunt_for_lineage
    ca.print_case_details(html_report_handle)
  File "/home/topcuoglu/openrecombinhunt/libs/recombinhunt-cov-7.0.0/src/recombinhunt/validation/case_analysis.py", line 252, in print_case_details
    *[self.region_table(r) for r in self.exp.genome_view.regions],
  File "/home/topcuoglu/openrecombinhunt/libs/recombinhunt-cov-7.0.0/src/recombinhunt/validation/case_analysis.py", line 252, in <listcomp>
    *[self.region_table(r) for r in self.exp.genome_view.regions],
  File "/home/topcuoglu/openrecombinhunt/libs/recombinhunt-cov-7.0.0/src/recombinhunt/validation/case_analysis.py", line 157, in region_table
    num_seq = [self.exp.env.number_of_sequences_of_lineage(c) for c in region.candidates]
  File "/home/topcuoglu/openrecombinhunt/libs/recombinhunt-cov-7.0.0/src/recombinhunt/validation/case_analysis.py", line 157, in <listcomp>
    num_seq = [self.exp.env.number_of_sequences_of_lineage(c) for c in region.candidates]
  File "/home/topcuoglu/openrecombinhunt/libs/recombinhunt-cov-7.0.0/src/recombinhunt/core/environment.py", line 175, in number_of_sequences_of_lineage
    if lineage_name.contains("NmC"): return self.lc_quality_df.at['num', lineage_name]
AttributeError: 'str' object has no attribute 'contains'
2025-09-06 13:44:51,297 - ERROR -   Error on one sample in lineage A.1: 'str' object has no attribute 'contains'
Traceback (most recent call last):
  File "/home/topcuoglu/openrecombinhunt/src/06_recombinhunt/run_recombinhunt.py", line 211, in run_recombinhunt_for_lineage
    ca.print_case_details(html_report_handle)
  File "/home/topcuoglu/openrecombinhunt/libs/recombinhunt-cov-7.0.0/src/recombinhunt/validation/case_analysis.py", line 252, in print_case_details
    *[self.region_table(r) for r in self.exp.genome_view.regions],
  File "/home/topcuoglu/openrecombinhunt/libs/recombinhunt-cov-7.0.0/src/recombinhunt/validation/case_analysis.py", line 252, in <listcomp>
    *[self.region_table(r) for r in self.exp.genome_view.regions],
  File "/home/topcuoglu/openrecombinhunt/libs/recombinhunt-cov-7.0.0/src/recombinhunt/validation/case_analysis.py", line 157, in region_table
    num_seq = [self.exp.env.number_of_sequences_of_lineage(c) for c in region.candidates]
  File "/home/topcuoglu/openrecombinhunt/libs/recombinhunt-cov-7.0.0/src/recombinhunt/validation/case_analysis.py", line 157, in <listcomp>
    num_seq = [self.exp.env.number_of_sequences_of_lineage(c) for c in region.candidates]
  File "/home/topcuoglu/openrecombinhunt/libs/recombinhunt-cov-7.0.0/src/recombinhunt/core/environment.py", line 175, in number_of_sequences_of_lineage
    if lineage_name.contains("NmC"): return self.lc_quality_df.at['num', lineage_name]
AttributeError: 'str' object has no attribute 'contains'
2025-09-06 13:44:51,391 - ERROR -   Error on one sample in lineage A.1: 'str' object has no attribute 'contains'
Traceback (most recent call last):
  File "/home/topcuoglu/openrecombinhunt/src/06_recombinhunt/run_recombinhunt.py", line 211, in run_recombinhunt_for_lineage
    ca.print_case_details(html_report_handle)
  File "/home/topcuoglu/openrecombinhunt/libs/recombinhunt-cov-7.0.0/src/recombinhunt/validation/case_analysis.py", line 252, in print_case_details
    *[self.region_table(r) for r in self.exp.genome_view.regions],
  File "/home/topcuoglu/openrecombinhunt/libs/recombinhunt-cov-7.0.0/src/recombinhunt/validation/case_analysis.py", line 252, in <listcomp>
    *[self.region_table(r) for r in self.exp.genome_view.regions],
  File "/home/topcuoglu/openrecombinhunt/libs/recombinhunt-cov-7.0.0/src/recombinhunt/validation/case_analysis.py", line 157, in region_table
    num_seq = [self.exp.env.number_of_sequences_of_lineage(c) for c in region.candidates]
  File "/home/topcuoglu/openrecombinhunt/libs/recombinhunt-cov-7.0.0/src/recombinhunt/validation/case_analysis.py", line 157, in <listcomp>
    num_seq = [self.exp.env.number_of_sequences_of_lineage(c) for c in region.candidates]
  File "/home/topcuoglu/openrecombinhunt/libs/recombinhunt-cov-7.0.0/src/recombinhunt/core/environment.py", line 175, in number_of_sequences_of_lineage
    if lineage_name.contains("NmC"): return self.lc_quality_df.at['num', lineage_name]
AttributeError: 'str' object has no attribute 'contains'
2025-09-06 13:44:51,442 - ERROR -   Error on one sample in lineage A.1: 'str' object has no attribute 'contains'
Traceback (most recent call last):
  File "/home/topcuoglu/openrecombinhunt/src/06_recombinhunt/run_recombinhunt.py", line 211, in run_recombinhunt_for_lineage
    ca.print_case_details(html_report_handle)
  File "/home/topcuoglu/openrecombinhunt/libs/recombinhunt-cov-7.0.0/src/recombinhunt/validation/case_analysis.py", line 252, in print_case_details
    *[self.region_table(r) for r in self.exp.genome_view.regions],
  File "/home/topcuoglu/openrecombinhunt/libs/recombinhunt-cov-7.0.0/src/recombinhunt/validation/case_analysis.py", line 252, in <listcomp>
    *[self.region_table(r) for r in self.exp.genome_view.regions],
  File "/home/topcuoglu/openrecombinhunt/libs/recombinhunt-cov-7.0.0/src/recombinhunt/validation/case_analysis.py", line 157, in region_table
    num_seq = [self.exp.env.number_of_sequences_of_lineage(c) for c in region.candidates]
  File "/home/topcuoglu/openrecombinhunt/libs/recombinhunt-cov-7.0.0/src/recombinhunt/validation/case_analysis.py", line 157, in <listcomp>
    num_seq = [self.exp.env.number_of_sequences_of_lineage(c) for c in region.candidates]
  File "/home/topcuoglu/openrecombinhunt/libs/recombinhunt-cov-7.0.0/src/recombinhunt/core/environment.py", line 175, in number_of_sequences_of_lineage
    if lineage_name.contains("NmC"): return self.lc_quality_df.at['num', lineage_name]
AttributeError: 'str' object has no attribute 'contains'
2025-09-06 13:44:51,942 - ERROR -   Error on one sample in lineage A.1: 'str' object has no attribute 'contains'
Traceback (most recent call last):
  File "/home/topcuoglu/openrecombinhunt/src/06_recombinhunt/run_recombinhunt.py", line 211, in run_recombinhunt_for_lineage
    ca.print_case_details(html_report_handle)
  File "/home/topcuoglu/openrecombinhunt/libs/recombinhunt-cov-7.0.0/src/recombinhunt/validation/case_analysis.py", line 252, in print_case_details
    *[self.region_table(r) for r in self.exp.genome_view.regions],
  File "/home/topcuoglu/openrecombinhunt/libs/recombinhunt-cov-7.0.0/src/recombinhunt/validation/case_analysis.py", line 252, in <listcomp>
    *[self.region_table(r) for r in self.exp.genome_view.regions],
  File "/home/topcuoglu/openrecombinhunt/libs/recombinhunt-cov-7.0.0/src/recombinhunt/validation/case_analysis.py", line 157, in region_table
    num_seq = [self.exp.env.number_of_sequences_of_lineage(c) for c in region.candidates]
  File "/home/topcuoglu/openrecombinhunt/libs/recombinhunt-cov-7.0.0/src/recombinhunt/validation/case_analysis.py", line 157, in <listcomp>
    num_seq = [self.exp.env.number_of_sequences_of_lineage(c) for c in region.candidates]
  File "/home/topcuoglu/openrecombinhunt/libs/recombinhunt-cov-7.0.0/src/recombinhunt/core/environment.py", line 175, in number_of_sequences_of_lineage
    if lineage_name.contains("NmC"): return self.lc_quality_df.at['num', lineage_name]
AttributeError: 'str' object has no attribute 'contains'
2025-09-06 13:44:52,111 - ERROR -   Error on one sample in lineage A.1: 'str' object has no attribute 'contains'
Traceback (most recent call last):
  File "/home/topcuoglu/openrecombinhunt/src/06_recombinhunt/run_recombinhunt.py", line 211, in run_recombinhunt_for_lineage
    ca.print_case_details(html_report_handle)
  File "/home/topcuoglu/openrecombinhunt/libs/recombinhunt-cov-7.0.0/src/recombinhunt/validation/case_analysis.py", line 252, in print_case_details
    *[self.region_table(r) for r in self.exp.genome_view.regions],
  File "/home/topcuoglu/openrecombinhunt/libs/recombinhunt-cov-7.0.0/src/recombinhunt/validation/case_analysis.py", line 252, in <listcomp>
    *[self.region_table(r) for r in self.exp.genome_view.regions],
  File "/home/topcuoglu/openrecombinhunt/libs/recombinhunt-cov-7.0.0/src/recombinhunt/validation/case_analysis.py", line 157, in region_table
    num_seq = [self.exp.env.number_of_sequences_of_lineage(c) for c in region.candidates]
  File "/home/topcuoglu/openrecombinhunt/libs/recombinhunt-cov-7.0.0/src/recombinhunt/validation/case_analysis.py", line 157, in <listcomp>
    num_seq = [self.exp.env.number_of_sequences_of_lineage(c) for c in region.candidates]
  File "/home/topcuoglu/openrecombinhunt/libs/recombinhunt-cov-7.0.0/src/recombinhunt/core/environment.py", line 175, in number_of_sequences_of_lineage
    if lineage_name.contains("NmC"): return self.lc_quality_df.at['num', lineage_name]
AttributeError: 'str' object has no attribute 'contains'
2025-09-06 13:44:52,150 - ERROR -   Error on one sample in lineage A.1: 'str' object has no attribute 'contains'
Traceback (most recent call last):
  File "/home/topcuoglu/openrecombinhunt/src/06_recombinhunt/run_recombinhunt.py", line 211, in run_recombinhunt_for_lineage
    ca.print_case_details(html_report_handle)
  File "/home/topcuoglu/openrecombinhunt/libs/recombinhunt-cov-7.0.0/src/recombinhunt/validation/case_analysis.py", line 252, in print_case_details
    *[self.region_table(r) for r in self.exp.genome_view.regions],
  File "/home/topcuoglu/openrecombinhunt/libs/recombinhunt-cov-7.0.0/src/recombinhunt/validation/case_analysis.py", line 252, in <listcomp>
    *[self.region_table(r) for r in self.exp.genome_view.regions],
  File "/home/topcuoglu/openrecombinhunt/libs/recombinhunt-cov-7.0.0/src/recombinhunt/validation/case_analysis.py", line 157, in region_table
    num_seq = [self.exp.env.number_of_sequences_of_lineage(c) for c in region.candidates]
  File "/home/topcuoglu/openrecombinhunt/libs/recombinhunt-cov-7.0.0/src/recombinhunt/validation/case_analysis.py", line 157, in <listcomp>
    num_seq = [self.exp.env.number_of_sequences_of_lineage(c) for c in region.candidates]
  File "/home/topcuoglu/openrecombinhunt/libs/recombinhunt-cov-7.0.0/src/recombinhunt/core/environment.py", line 175, in number_of_sequences_of_lineage
    if lineage_name.contains("NmC"): return self.lc_quality_df.at['num', lineage_name]
AttributeError: 'str' object has no attribute 'contains'
2025-09-06 13:44:52,214 - ERROR -   Error on one sample in lineage A.1: 'str' object has no attribute 'contains'
Traceback (most recent call last):
  File "/home/topcuoglu/openrecombinhunt/src/06_recombinhunt/run_recombinhunt.py", line 211, in run_recombinhunt_for_lineage
    ca.print_case_details(html_report_handle)
  File "/home/topcuoglu/openrecombinhunt/libs/recombinhunt-cov-7.0.0/src/recombinhunt/validation/case_analysis.py", line 252, in print_case_details
    *[self.region_table(r) for r in self.exp.genome_view.regions],
  File "/home/topcuoglu/openrecombinhunt/libs/recombinhunt-cov-7.0.0/src/recombinhunt/validation/case_analysis.py", line 252, in <listcomp>
    *[self.region_table(r) for r in self.exp.genome_view.regions],
  File "/home/topcuoglu/openrecombinhunt/libs/recombinhunt-cov-7.0.0/src/recombinhunt/validation/case_analysis.py", line 157, in region_table
    num_seq = [self.exp.env.number_of_sequences_of_lineage(c) for c in region.candidates]
  File "/home/topcuoglu/openrecombinhunt/libs/recombinhunt-cov-7.0.0/src/recombinhunt/validation/case_analysis.py", line 157, in <listcomp>
    num_seq = [self.exp.env.number_of_sequences_of_lineage(c) for c in region.candidates]
  File "/home/topcuoglu/openrecombinhunt/libs/recombinhunt-cov-7.0.0/src/recombinhunt/core/environment.py", line 175, in number_of_sequences_of_lineage
    if lineage_name.contains("NmC"): return self.lc_quality_df.at['num', lineage_name]
AttributeError: 'str' object has no attribute 'contains'
2025-09-06 13:44:52,320 - ERROR -   Error on one sample in lineage A.1: 'str' object has no attribute 'contains'
Traceback (most recent call last):
  File "/home/topcuoglu/openrecombinhunt/src/06_recombinhunt/run_recombinhunt.py", line 211, in run_recombinhunt_for_lineage
    ca.print_case_details(html_report_handle)
  File "/home/topcuoglu/openrecombinhunt/libs/recombinhunt-cov-7.0.0/src/recombinhunt/validation/case_analysis.py", line 252, in print_case_details
    *[self.region_table(r) for r in self.exp.genome_view.regions],
  File "/home/topcuoglu/openrecombinhunt/libs/recombinhunt-cov-7.0.0/src/recombinhunt/validation/case_analysis.py", line 252, in <listcomp>
    *[self.region_table(r) for r in self.exp.genome_view.regions],
  File "/home/topcuoglu/openrecombinhunt/libs/recombinhunt-cov-7.0.0/src/recombinhunt/validation/case_analysis.py", line 157, in region_table
    num_seq = [self.exp.env.number_of_sequences_of_lineage(c) for c in region.candidates]
  File "/home/topcuoglu/openrecombinhunt/libs/recombinhunt-cov-7.0.0/src/recombinhunt/validation/case_analysis.py", line 157, in <listcomp>
    num_seq = [self.exp.env.number_of_sequences_of_lineage(c) for c in region.candidates]
  File "/home/topcuoglu/openrecombinhunt/libs/recombinhunt-cov-7.0.0/src/recombinhunt/core/environment.py", line 175, in number_of_sequences_of_lineage
    if lineage_name.contains("NmC"): return self.lc_quality_df.at['num', lineage_name]
AttributeError: 'str' object has no attribute 'contains'
2025-09-06 13:44:52,656 - ERROR -   Error on one sample in lineage A.1: 'str' object has no attribute 'contains'
Traceback (most recent call last):
  File "/home/topcuoglu/openrecombinhunt/src/06_recombinhunt/run_recombinhunt.py", line 211, in run_recombinhunt_for_lineage
    ca.print_case_details(html_report_handle)
  File "/home/topcuoglu/openrecombinhunt/libs/recombinhunt-cov-7.0.0/src/recombinhunt/validation/case_analysis.py", line 252, in print_case_details
    *[self.region_table(r) for r in self.exp.genome_view.regions],
  File "/home/topcuoglu/openrecombinhunt/libs/recombinhunt-cov-7.0.0/src/recombinhunt/validation/case_analysis.py", line 252, in <listcomp>
    *[self.region_table(r) for r in self.exp.genome_view.regions],
  File "/home/topcuoglu/openrecombinhunt/libs/recombinhunt-cov-7.0.0/src/recombinhunt/validation/case_analysis.py", line 157, in region_table
    num_seq = [self.exp.env.number_of_sequences_of_lineage(c) for c in region.candidates]
  File "/home/topcuoglu/openrecombinhunt/libs/recombinhunt-cov-7.0.0/src/recombinhunt/validation/case_analysis.py", line 157, in <listcomp>
    num_seq = [self.exp.env.number_of_sequences_of_lineage(c) for c in region.candidates]
  File "/home/topcuoglu/openrecombinhunt/libs/recombinhunt-cov-7.0.0/src/recombinhunt/core/environment.py", line 175, in number_of_sequences_of_lineage
    if lineage_name.contains("NmC"): return self.lc_quality_df.at['num', lineage_name]
AttributeError: 'str' object has no attribute 'contains'
2025-09-06 13:44:52,693 - ERROR -   Error on one sample in lineage A.1: 'str' object has no attribute 'contains'
Traceback (most recent call last):
  File "/home/topcuoglu/openrecombinhunt/src/06_recombinhunt/run_recombinhunt.py", line 211, in run_recombinhunt_for_lineage
    ca.print_case_details(html_report_handle)
  File "/home/topcuoglu/openrecombinhunt/libs/recombinhunt-cov-7.0.0/src/recombinhunt/validation/case_analysis.py", line 252, in print_case_details
    *[self.region_table(r) for r in self.exp.genome_view.regions],
  File "/home/topcuoglu/openrecombinhunt/libs/recombinhunt-cov-7.0.0/src/recombinhunt/validation/case_analysis.py", line 252, in <listcomp>
    *[self.region_table(r) for r in self.exp.genome_view.regions],
  File "/home/topcuoglu/openrecombinhunt/libs/recombinhunt-cov-7.0.0/src/recombinhunt/validation/case_analysis.py", line 157, in region_table
    num_seq = [self.exp.env.number_of_sequences_of_lineage(c) for c in region.candidates]
  File "/home/topcuoglu/openrecombinhunt/libs/recombinhunt-cov-7.0.0/src/recombinhunt/validation/case_analysis.py", line 157, in <listcomp>
    num_seq = [self.exp.env.number_of_sequences_of_lineage(c) for c in region.candidates]
  File "/home/topcuoglu/openrecombinhunt/libs/recombinhunt-cov-7.0.0/src/recombinhunt/core/environment.py", line 175, in number_of_sequences_of_lineage
    if lineage_name.contains("NmC"): return self.lc_quality_df.at['num', lineage_name]
AttributeError: 'str' object has no attribute 'contains'
2025-09-06 13:44:52,758 - ERROR -   Error on one sample in lineage A.1: 'str' object has no attribute 'contains'
Traceback (most recent call last):
  File "/home/topcuoglu/openrecombinhunt/src/06_recombinhunt/run_recombinhunt.py", line 211, in run_recombinhunt_for_lineage
    ca.print_case_details(html_report_handle)
  File "/home/topcuoglu/openrecombinhunt/libs/recombinhunt-cov-7.0.0/src/recombinhunt/validation/case_analysis.py", line 252, in print_case_details
    *[self.region_table(r) for r in self.exp.genome_view.regions],
  File "/home/topcuoglu/openrecombinhunt/libs/recombinhunt-cov-7.0.0/src/recombinhunt/validation/case_analysis.py", line 252, in <listcomp>
    *[self.region_table(r) for r in self.exp.genome_view.regions],
  File "/home/topcuoglu/openrecombinhunt/libs/recombinhunt-cov-7.0.0/src/recombinhunt/validation/case_analysis.py", line 157, in region_table
    num_seq = [self.exp.env.number_of_sequences_of_lineage(c) for c in region.candidates]
  File "/home/topcuoglu/openrecombinhunt/libs/recombinhunt-cov-7.0.0/src/recombinhunt/validation/case_analysis.py", line 157, in <listcomp>
    num_seq = [self.exp.env.number_of_sequences_of_lineage(c) for c in region.candidates]
  File "/home/topcuoglu/openrecombinhunt/libs/recombinhunt-cov-7.0.0/src/recombinhunt/core/environment.py", line 175, in number_of_sequences_of_lineage
    if lineage_name.contains("NmC"): return self.lc_quality_df.at['num', lineage_name]
AttributeError: 'str' object has no attribute 'contains'
2025-09-06 13:44:52,823 - ERROR -   Error on one sample in lineage A.1: 'str' object has no attribute 'contains'
Traceback (most recent call last):
  File "/home/topcuoglu/openrecombinhunt/src/06_recombinhunt/run_recombinhunt.py", line 211, in run_recombinhunt_for_lineage
    ca.print_case_details(html_report_handle)
  File "/home/topcuoglu/openrecombinhunt/libs/recombinhunt-cov-7.0.0/src/recombinhunt/validation/case_analysis.py", line 252, in print_case_details
    *[self.region_table(r) for r in self.exp.genome_view.regions],
  File "/home/topcuoglu/openrecombinhunt/libs/recombinhunt-cov-7.0.0/src/recombinhunt/validation/case_analysis.py", line 252, in <listcomp>
    *[self.region_table(r) for r in self.exp.genome_view.regions],
  File "/home/topcuoglu/openrecombinhunt/libs/recombinhunt-cov-7.0.0/src/recombinhunt/validation/case_analysis.py", line 157, in region_table
    num_seq = [self.exp.env.number_of_sequences_of_lineage(c) for c in region.candidates]
  File "/home/topcuoglu/openrecombinhunt/libs/recombinhunt-cov-7.0.0/src/recombinhunt/validation/case_analysis.py", line 157, in <listcomp>
    num_seq = [self.exp.env.number_of_sequences_of_lineage(c) for c in region.candidates]
  File "/home/topcuoglu/openrecombinhunt/libs/recombinhunt-cov-7.0.0/src/recombinhunt/core/environment.py", line 175, in number_of_sequences_of_lineage
    if lineage_name.contains("NmC"): return self.lc_quality_df.at['num', lineage_name]
AttributeError: 'str' object has no attribute 'contains'
2025-09-06 13:44:52,871 - ERROR -   Error on one sample in lineage A.1: 'str' object has no attribute 'contains'
Traceback (most recent call last):
  File "/home/topcuoglu/openrecombinhunt/src/06_recombinhunt/run_recombinhunt.py", line 211, in run_recombinhunt_for_lineage
    ca.print_case_details(html_report_handle)
  File "/home/topcuoglu/openrecombinhunt/libs/recombinhunt-cov-7.0.0/src/recombinhunt/validation/case_analysis.py", line 252, in print_case_details
    *[self.region_table(r) for r in self.exp.genome_view.regions],
  File "/home/topcuoglu/openrecombinhunt/libs/recombinhunt-cov-7.0.0/src/recombinhunt/validation/case_analysis.py", line 252, in <listcomp>
    *[self.region_table(r) for r in self.exp.genome_view.regions],
  File "/home/topcuoglu/openrecombinhunt/libs/recombinhunt-cov-7.0.0/src/recombinhunt/validation/case_analysis.py", line 157, in region_table
    num_seq = [self.exp.env.number_of_sequences_of_lineage(c) for c in region.candidates]
  File "/home/topcuoglu/openrecombinhunt/libs/recombinhunt-cov-7.0.0/src/recombinhunt/validation/case_analysis.py", line 157, in <listcomp>
    num_seq = [self.exp.env.number_of_sequences_of_lineage(c) for c in region.candidates]
  File "/home/topcuoglu/openrecombinhunt/libs/recombinhunt-cov-7.0.0/src/recombinhunt/core/environment.py", line 175, in number_of_sequences_of_lineage
    if lineage_name.contains("NmC"): return self.lc_quality_df.at['num', lineage_name]
AttributeError: 'str' object has no attribute 'contains'
2025-09-06 13:44:52,917 - ERROR -   Error on one sample in lineage A.1: 'str' object has no attribute 'contains'
Traceback (most recent call last):
  File "/home/topcuoglu/openrecombinhunt/src/06_recombinhunt/run_recombinhunt.py", line 211, in run_recombinhunt_for_lineage
    ca.print_case_details(html_report_handle)
  File "/home/topcuoglu/openrecombinhunt/libs/recombinhunt-cov-7.0.0/src/recombinhunt/validation/case_analysis.py", line 252, in print_case_details
    *[self.region_table(r) for r in self.exp.genome_view.regions],
  File "/home/topcuoglu/openrecombinhunt/libs/recombinhunt-cov-7.0.0/src/recombinhunt/validation/case_analysis.py", line 252, in <listcomp>
    *[self.region_table(r) for r in self.exp.genome_view.regions],
  File "/home/topcuoglu/openrecombinhunt/libs/recombinhunt-cov-7.0.0/src/recombinhunt/validation/case_analysis.py", line 157, in region_table
    num_seq = [self.exp.env.number_of_sequences_of_lineage(c) for c in region.candidates]
  File "/home/topcuoglu/openrecombinhunt/libs/recombinhunt-cov-7.0.0/src/recombinhunt/validation/case_analysis.py", line 157, in <listcomp>
    num_seq = [self.exp.env.number_of_sequences_of_lineage(c) for c in region.candidates]
  File "/home/topcuoglu/openrecombinhunt/libs/recombinhunt-cov-7.0.0/src/recombinhunt/core/environment.py", line 175, in number_of_sequences_of_lineage
    if lineage_name.contains("NmC"): return self.lc_quality_df.at['num', lineage_name]
AttributeError: 'str' object has no attribute 'contains'
2025-09-06 13:44:52,984 - ERROR -   Error on one sample in lineage A.1: 'str' object has no attribute 'contains'
Traceback (most recent call last):
  File "/home/topcuoglu/openrecombinhunt/src/06_recombinhunt/run_recombinhunt.py", line 211, in run_recombinhunt_for_lineage
    ca.print_case_details(html_report_handle)
  File "/home/topcuoglu/openrecombinhunt/libs/recombinhunt-cov-7.0.0/src/recombinhunt/validation/case_analysis.py", line 252, in print_case_details
    *[self.region_table(r) for r in self.exp.genome_view.regions],
  File "/home/topcuoglu/openrecombinhunt/libs/recombinhunt-cov-7.0.0/src/recombinhunt/validation/case_analysis.py", line 252, in <listcomp>
    *[self.region_table(r) for r in self.exp.genome_view.regions],
  File "/home/topcuoglu/openrecombinhunt/libs/recombinhunt-cov-7.0.0/src/recombinhunt/validation/case_analysis.py", line 157, in region_table
    num_seq = [self.exp.env.number_of_sequences_of_lineage(c) for c in region.candidates]
  File "/home/topcuoglu/openrecombinhunt/libs/recombinhunt-cov-7.0.0/src/recombinhunt/validation/case_analysis.py", line 157, in <listcomp>
    num_seq = [self.exp.env.number_of_sequences_of_lineage(c) for c in region.candidates]
  File "/home/topcuoglu/openrecombinhunt/libs/recombinhunt-cov-7.0.0/src/recombinhunt/core/environment.py", line 175, in number_of_sequences_of_lineage
    if lineage_name.contains("NmC"): return self.lc_quality_df.at['num', lineage_name]
AttributeError: 'str' object has no attribute 'contains'
2025-09-06 13:44:53,049 - ERROR -   Error on one sample in lineage A.1: 'str' object has no attribute 'contains'
Traceback (most recent call last):
  File "/home/topcuoglu/openrecombinhunt/src/06_recombinhunt/run_recombinhunt.py", line 211, in run_recombinhunt_for_lineage
    ca.print_case_details(html_report_handle)
  File "/home/topcuoglu/openrecombinhunt/libs/recombinhunt-cov-7.0.0/src/recombinhunt/validation/case_analysis.py", line 252, in print_case_details
    *[self.region_table(r) for r in self.exp.genome_view.regions],
  File "/home/topcuoglu/openrecombinhunt/libs/recombinhunt-cov-7.0.0/src/recombinhunt/validation/case_analysis.py", line 252, in <listcomp>
    *[self.region_table(r) for r in self.exp.genome_view.regions],
  File "/home/topcuoglu/openrecombinhunt/libs/recombinhunt-cov-7.0.0/src/recombinhunt/validation/case_analysis.py", line 157, in region_table
    num_seq = [self.exp.env.number_of_sequences_of_lineage(c) for c in region.candidates]
  File "/home/topcuoglu/openrecombinhunt/libs/recombinhunt-cov-7.0.0/src/recombinhunt/validation/case_analysis.py", line 157, in <listcomp>
    num_seq = [self.exp.env.number_of_sequences_of_lineage(c) for c in region.candidates]
  File "/home/topcuoglu/openrecombinhunt/libs/recombinhunt-cov-7.0.0/src/recombinhunt/core/environment.py", line 175, in number_of_sequences_of_lineage
    if lineage_name.contains("NmC"): return self.lc_quality_df.at['num', lineage_name]
AttributeError: 'str' object has no attribute 'contains'
2025-09-06 13:44:53,128 - ERROR -   Error on one sample in lineage A.1: 'str' object has no attribute 'contains'
Traceback (most recent call last):
  File "/home/topcuoglu/openrecombinhunt/src/06_recombinhunt/run_recombinhunt.py", line 211, in run_recombinhunt_for_lineage
    ca.print_case_details(html_report_handle)
  File "/home/topcuoglu/openrecombinhunt/libs/recombinhunt-cov-7.0.0/src/recombinhunt/validation/case_analysis.py", line 252, in print_case_details
    *[self.region_table(r) for r in self.exp.genome_view.regions],
  File "/home/topcuoglu/openrecombinhunt/libs/recombinhunt-cov-7.0.0/src/recombinhunt/validation/case_analysis.py", line 252, in <listcomp>
    *[self.region_table(r) for r in self.exp.genome_view.regions],
  File "/home/topcuoglu/openrecombinhunt/libs/recombinhunt-cov-7.0.0/src/recombinhunt/validation/case_analysis.py", line 157, in region_table
    num_seq = [self.exp.env.number_of_sequences_of_lineage(c) for c in region.candidates]
  File "/home/topcuoglu/openrecombinhunt/libs/recombinhunt-cov-7.0.0/src/recombinhunt/validation/case_analysis.py", line 157, in <listcomp>
    num_seq = [self.exp.env.number_of_sequences_of_lineage(c) for c in region.candidates]
  File "/home/topcuoglu/openrecombinhunt/libs/recombinhunt-cov-7.0.0/src/recombinhunt/core/environment.py", line 175, in number_of_sequences_of_lineage
    if lineage_name.contains("NmC"): return self.lc_quality_df.at['num', lineage_name]
AttributeError: 'str' object has no attribute 'contains'
2025-09-06 13:44:53,171 - ERROR -   Error on one sample in lineage A.1: 'str' object has no attribute 'contains'
Traceback (most recent call last):
  File "/home/topcuoglu/openrecombinhunt/src/06_recombinhunt/run_recombinhunt.py", line 211, in run_recombinhunt_for_lineage
    ca.print_case_details(html_report_handle)
  File "/home/topcuoglu/openrecombinhunt/libs/recombinhunt-cov-7.0.0/src/recombinhunt/validation/case_analysis.py", line 252, in print_case_details
    *[self.region_table(r) for r in self.exp.genome_view.regions],
  File "/home/topcuoglu/openrecombinhunt/libs/recombinhunt-cov-7.0.0/src/recombinhunt/validation/case_analysis.py", line 252, in <listcomp>
    *[self.region_table(r) for r in self.exp.genome_view.regions],
  File "/home/topcuoglu/openrecombinhunt/libs/recombinhunt-cov-7.0.0/src/recombinhunt/validation/case_analysis.py", line 157, in region_table
    num_seq = [self.exp.env.number_of_sequences_of_lineage(c) for c in region.candidates]
  File "/home/topcuoglu/openrecombinhunt/libs/recombinhunt-cov-7.0.0/src/recombinhunt/validation/case_analysis.py", line 157, in <listcomp>
    num_seq = [self.exp.env.number_of_sequences_of_lineage(c) for c in region.candidates]
  File "/home/topcuoglu/openrecombinhunt/libs/recombinhunt-cov-7.0.0/src/recombinhunt/core/environment.py", line 175, in number_of_sequences_of_lineage
    if lineage_name.contains("NmC"): return self.lc_quality_df.at['num', lineage_name]
AttributeError: 'str' object has no attribute 'contains'
2025-09-06 13:44:53,209 - ERROR -   Error on one sample in lineage A.1: 'str' object has no attribute 'contains'
Traceback (most recent call last):
  File "/home/topcuoglu/openrecombinhunt/src/06_recombinhunt/run_recombinhunt.py", line 211, in run_recombinhunt_for_lineage
    ca.print_case_details(html_report_handle)
  File "/home/topcuoglu/openrecombinhunt/libs/recombinhunt-cov-7.0.0/src/recombinhunt/validation/case_analysis.py", line 252, in print_case_details
    *[self.region_table(r) for r in self.exp.genome_view.regions],
  File "/home/topcuoglu/openrecombinhunt/libs/recombinhunt-cov-7.0.0/src/recombinhunt/validation/case_analysis.py", line 252, in <listcomp>
    *[self.region_table(r) for r in self.exp.genome_view.regions],
  File "/home/topcuoglu/openrecombinhunt/libs/recombinhunt-cov-7.0.0/src/recombinhunt/validation/case_analysis.py", line 157, in region_table
    num_seq = [self.exp.env.number_of_sequences_of_lineage(c) for c in region.candidates]
  File "/home/topcuoglu/openrecombinhunt/libs/recombinhunt-cov-7.0.0/src/recombinhunt/validation/case_analysis.py", line 157, in <listcomp>
    num_seq = [self.exp.env.number_of_sequences_of_lineage(c) for c in region.candidates]
  File "/home/topcuoglu/openrecombinhunt/libs/recombinhunt-cov-7.0.0/src/recombinhunt/core/environment.py", line 175, in number_of_sequences_of_lineage
    if lineage_name.contains("NmC"): return self.lc_quality_df.at['num', lineage_name]
AttributeError: 'str' object has no attribute 'contains'
2025-09-06 13:44:53,217 - WARNING - No recombinant summaries were generated. Check if any recombinants were detected.
2025-09-06 13:44:53,217 - WARNING - No extensive summary table was generated. Check if any cases were analyzed.
2025-09-06 13:44:53,217 - INFO - Text report saved to: results/recombinhunt_output/yellow-fever/dist3size10/experiment-output.all.txt
2025-09-06 13:44:53,218 - INFO - HTML report saved to: results/recombinhunt_output/yellow-fever/dist3size10/experiment-detail.all.html
2025-09-06 13:44:53,219 - INFO - RecombinHunt experiment step finished successfully with given config and run mode.
