2025-08-30 16:37:39,163 - INFO - Logging initialized. Log file at: logs/20250830_163739_sars-cov-2_pipeline_run.log
2025-08-30 16:37:39,163 - INFO - ================== STARTING PIPELINE FOR: SARS-COV-2 ==================
2025-08-30 16:37:39,163 - INFO - --- Executing: /home/topcuoglu/miniconda3/envs/orh/bin/python src/01_data_acquisition/fetch_data.py --virus sars-cov-2 --config config/config.yaml ---
2025-08-30 16:39:17,800 - INFO - Stdout from step:
INFO: Logging initialized. Log file at: logs/20250830_163739_sars-cov-2_01_fetch_data.log
INFO: Ensuring raw data directory exists: data/raw/sars-cov-2
INFO: Starting Nextstrain data acquisition via URL...
INFO: Step 1: Downloading metadata...
INFO: Downloading from https://data.nextstrain.org/files/ncov/open/metadata.tsv.zst
INFO: Decompressing data/raw/sars-cov-2/temp_raw_metadata.tsv.zst...
INFO: Successfully created data/raw/sars-cov-2/raw_metadata.tsv
INFO: Data fetching process for 'sars-cov-2' complete.

2025-08-30 16:39:17,800 - INFO - --- Step Succeeded: /home/topcuoglu/miniconda3/envs/orh/bin/python src/01_data_acquisition/fetch_data.py --virus sars-cov-2 --config config/config.yaml ---
2025-08-30 16:39:17,800 - INFO - --- Executing: /home/topcuoglu/miniconda3/envs/orh/bin/python src/02_preprocessing/nextstrain/prep_metadata_nextstrain.py --virus sars-cov-2 --config config/config.yaml ---
2025-08-30 16:48:25,190 - INFO - Stdout from step:
INFO: Logging initialized. Log file at: logs/20250830_163918_sars-cov-2_02.1_prep_metadata_nextstrain.log
INFO: Loading raw metadata from data/raw/sars-cov-2/raw_metadata.tsv...
INFO: Starting preprocessing of Nextstrain metadata with 9369573 rows.
INFO: Step 1: Applying quality filters from config...
INFO:   Filter 'missing_data < 589': Removed 1939592 rows.
INFO:   Filter 'coverage >= 0.99': Removed 1917184 rows.
INFO:   Filter 'virus == ncov': Removed 0 rows.
INFO:   Filter 'virus notna None': Removed 0 rows.
INFO:   Filter 'length notna None': Removed 0 rows.
INFO:   Filter 'date_submitted notna None': Removed 0 rows.
INFO:   Filter 'QC_overall_status notna None': Removed 0 rows.
INFO:   Filter 'QC_overall_status != bad': Removed 144294 rows.
INFO:   Filter 'QC_missing_data == good': Removed 0 rows.
INFO:   Filter 'QC_frame_shifts == good': Removed 72162 rows.
INFO:   Filter 'QC_stop_codons == good': Removed 8750 rows.
INFO:   Filter 'QC_mixed_sites == good': Removed 258015 rows.
INFO: Step 3: Processing lineage column...
INFO: Using source column 'pango_lineage' for lineage information.
INFO:   Identified and removed 0 non-classified rows (missing 'pango_lineage').
INFO: Step 4: Performing final formatting...
INFO: Formatting date columns...
INFO:   - Analyzing and formatting 'Collection date'
INFO:     Removed 423 rows with incomplete 'XXXX' dates.
INFO:     Date format statistics for 'Collection date':
INFO:       YYYY-MM-DD format: 4999796
INFO:       YYYY-MM format   : 17741
INFO:       YYYY format      : 10981
INFO:       Other/unparseable: 624
INFO:       Missing (NA)     : 11
INFO:   - Analyzing and formatting 'Submission date'
INFO:     Date format statistics for 'Submission date':
INFO:       YYYY-MM-DD format: 5029153
INFO:       YYYY-MM format   : 0
INFO:       YYYY format      : 0
INFO:       Other/unparseable: 0
INFO:       Missing (NA)     : 0
INFO: Formatting 'Location' column by combining 'region' and 'country'...
INFO: Preprocessing complete. Final dataset has 5029153 rows.
INFO: Saving processed metadata (5029153 rows) to data/processed/sars-cov-2/metadata.tsv...
INFO: Saving 4340420 quality-filtered sequence IDs to data/processed/sars-cov-2/filtered_sequence_ids.txt...
INFO: Saving 0 non-classified sequence IDs to data/processed/sars-cov-2/non_classified_sequence_ids.txt...
INFO: Script finished successfully.

2025-08-30 16:48:25,190 - INFO - --- Step Succeeded: /home/topcuoglu/miniconda3/envs/orh/bin/python src/02_preprocessing/nextstrain/prep_metadata_nextstrain.py --virus sars-cov-2 --config config/config.yaml ---
2025-08-30 16:48:25,191 - INFO - --- Executing: /home/topcuoglu/miniconda3/envs/orh/bin/python src/04_postprocessing/format_covid_variations.py --virus sars-cov-2 --config config/config.yaml ---
2025-08-30 17:02:41,157 - INFO - Stdout from step:
INFO: Logging initialized. Log file at: logs/20250830_164825_sars-cov-2_04_format_covid_variations.log
INFO: Loading processed metadata from: data/processed/sars-cov-2/metadata.tsv
INFO: Starting transformation of mutation columns...
INFO: Processing 'substitutions'...
INFO: Processing 'deletions'...
INFO: Processing 'insertions'...
INFO: Combining transformed columns into 'mutations' column...
INFO: Mutation processing complete.
INFO: Validating intermediate column formats...
INFO: All format assertions passed successfully!
INFO: Dropping intermediate and original mutation columns...
INFO: Renaming 'Pango lineage' column to 'pangoLin' for consistency...
INFO: Renaming 'Virus name' column to 'genomeID' for consistency...
INFO: Saving reformatted data with 5029153 rows to: results/nextstrain_output/sars-cov-2/nextstrain_reformatted.tsv
INFO: Script finished successfully.

2025-08-30 17:02:41,158 - INFO - --- Step Succeeded: /home/topcuoglu/miniconda3/envs/orh/bin/python src/04_postprocessing/format_covid_variations.py --virus sars-cov-2 --config config/config.yaml ---
2025-08-30 17:02:41,158 - INFO - --- Executing: /home/topcuoglu/miniconda3/envs/orh/bin/python src/05_prepare_recombinhunt/create_environment.py --virus sars-cov-2 --config config/config.yaml ---
2025-08-30 17:26:10,850 - INFO - Stdout from step:
INFO: Logging initialized. Log file at: logs/20250830_170241_sars-cov-2_05.1_create_environment.log
INFO: Virus is 'sars-cov-2'. Using Nextstrain reformatted as input.
INFO: Environment files will be saved to: environments/sars-cov-2/dist0size0
INFO: Loading data from: results/nextstrain_output/sars-cov-2/nextstrain_reformatted.tsv
INFO: Initial row count: 5,029,153
INFO: Dropped 270 rows with missing or empty 'mutations' column.
INFO: Row count after cleaning: 5,028,883
INFO: Calculating change probabilities...
INFO:   Total sequences for calculation: 5,028,883
INFO:   Found 82,093 unique mutations across all sequences.
INFO:   Finished calculating change probabilities. Shape of result: (82093, 2)
INFO: Calculating genome and variation counts per lineage...
INFO:   Found 4,457 unique lineages in the dataset.
INFO:   Finished calculating genome and variation counts.
INFO: 
Calculating 'lc_df.parquet'...
INFO: 
--- Running common logic: calculating lineage mutation frequencies ---
INFO: Selected 3358 lineages with at least 10 genomes.
INFO: Removed 0 mutations that were not characteristic of any lineage.
INFO: lc_df calculation complete.
INFO: 
Calculating 'change2lineage_probability.parquet'...
INFO: 
--- Running common logic: calculating lineage mutation frequencies ---
INFO: Selected 3358 lineages with at least 10 genomes.
INFO: change2lineage_probability calculation complete.
INFO: 
Calculating 'lc_quality_df.parquet'...
INFO: lc_quality_df calculation complete.
INFO: Saving environment files...
INFO: Virus is 'sars-cov-2'. Saving two versions of lineage characterisations.
INFO: Calculating genome and variation counts per lineage...
INFO:   Found 4,325 unique lineages in the dataset.
INFO:   Finished calculating genome and variation counts.
INFO: 
Calculating 'change2lineage_probability.parquet'...
INFO: 
--- Running common logic: calculating lineage mutation frequencies ---
INFO: Selected 3257 lineages with at least 10 genomes.
INFO: change2lineage_probability calculation complete.
INFO: 
Calculating 'lc_df.parquet'...
INFO: 
--- Running common logic: calculating lineage mutation frequencies ---
INFO: Selected 3257 lineages with at least 10 genomes.
INFO: Removed 0 mutations that were not characteristic of any lineage.
INFO: lc_df calculation complete.
INFO: Environment creation complete.

2025-08-30 17:26:10,850 - INFO - --- Step Succeeded: /home/topcuoglu/miniconda3/envs/orh/bin/python src/05_prepare_recombinhunt/create_environment.py --virus sars-cov-2 --config config/config.yaml ---
2025-08-30 17:26:10,851 - INFO - --- Executing: /home/topcuoglu/miniconda3/envs/orh/bin/python src/05_prepare_recombinhunt/create_samples.py --virus sars-cov-2 --config config/config.yaml ---
2025-08-30 17:26:53,199 - INFO - Stdout from step:
INFO: Logging initialized. Log file at: logs/20250830_172611_sars-cov-2_05.2_create_samples.log
INFO: --- Starting Step 5.2: Create Samples for 'sars-cov-2' ---
INFO: Virus is 'sars-cov-2'. Using Nextstrain reformatted output as input.
INFO: Sample files will be saved to: samples/sars-cov-2/dist0size0
INFO: Loading data from: results/nextstrain_output/sars-cov-2/nextstrain_reformatted.tsv
INFO: Cleaning data by dropping rows with missing pangoLin or mutations...
WARNING: Found 270 sequences with missing 'mutations'. They will be dropped.
WARNING:   Dropped IDs (missing mutations): ['BGD/NIB-BCSIR_02/2020', 'BRA/Ncov_/2023', 'CHN/HZ-162/2020', 'CHN/HZ-178/2020', 'CHN/HZ-185/2020', 'CHN/HZ-477/2020', 'CHN/HZ-48/2020', 'CHN/HZ-481/2020', 'CHN/HZ-49/2020', 'CHN/HZ-551/2020', 'CHN/HZ-576/2020', 'CHN/HZ-60/2020', 'CHN/HZ-62/2020', 'CHN/HZ-638/2020', 'CHN/HZ-79/2020', 'CHN/HZ-90/2020', 'CHN/HZ-91/2020', 'CHN/IME-HZ01/2020', 'CHN/SH-P01-2-Shanghai/2020', 'CHN/SH-P258-2-Wuhan/2020', 'CHN/SH-P53-2-Wuhan/2020', 'CHN/Wuhan_IME-WH02/2019', 'CHN/Wuhan_IME-WH04/2019', 'CHN/Wuhan_IME-WH05/2019', 'EGY/Egypt-Army-Thirdwave350/2021', 'EGY/Egypt-Army-Thirdwave351/2021', 'EGY/Egypt-Army-Thirdwave352/2021', 'EGY/Egypt-Army-Thirdwave353/2021', 'EGY/Third-Wave-EGY-ARMY47/2021', 'EGY/Third-Wave-EGY-ARMY48/2021', 'EGY/Third-Wave-EGY-ARMY49/2021', 'France/10001DM/2020', 'France/10004CF/2020', 'France/10020MM/2020', 'France/10021SB/2020', 'France/10053BP/2020', 'France/10060KV/2020', 'France/10064DR/2020', 'France/10072CG/2020', 'France/10074LD/2020', 'GMB/272/2021', 'Hangzhou/HZ-1/2020', 'Homosampiens/CHN/20200110298/2020', 'HongKong/57_0702/2020', 'HongKong/HKPU-00022/2020', 'HongKong/HKPU-00039/2020', 'IND/MP-GMC_B-IND-G19/2023', 'IND/hCoV-19_India_MP-AIIMSB-BCS3_NP_2024/2024', 'IND/hCoV-19_India_MP-AIIMSB-BCS4_SA_2024/2023', 'IND/hCoV-19_India_MP-AIIMSB-BCS4_ST_2024/2024', 'IND/hCoV-19_India_MP-AIIMSB-BCS6_SW_2023/2024', 'ISR/hCov-19-Israel-CVL-n2820/2020', 'Iceland/1234/2020', 'Iceland/263/2020', 'Iceland/274/2020', 'Iceland/288/2020', 'Iceland/447/2020', 'Iceland/516/2020', 'Iceland/909/2020', 'KAZ/KZ_Almaty/2020', 'OL549280', 'OM065385', 'OM065386', 'OM065388', 'OM108445', 'OU084341', 'OU093609', 'OY064540', 'OY066151', 'OY070411', 'OY076315', 'OY092342', 'OY093454', 'OY094667', 'OY096952', 'OY127390', 'OY174093', 'OY198974', 'OY199163', 'OY199677', 'OY199681', 'OY202251', 'OY202256', 'OY202261', 'OY203269', 'OY361781', 'OY393141', 'OY942843', 'OY959478', 'OY961005', 'OY966318', 'OY967520', 'PAK/JRCGR_SCV-54_IBGE-06/2020', 'PAK/WA-UW-1729/2020', 'PAK/hCov-19_Pakistan_S-10_PNC-1/2021', 'THA/SI200040-NT/2020', 'THA/SI200433-NT/2020', 'TWN/CGMH-CGU-01/2020', 'USA/54727432/2020', 'USA/64075/2020', 'USA/A2141/2020', 'USA/A2386/2020', 'USA/B0758/2020', 'USA/CA-CDC-ASC210452251/2021', 'USA/CA-CHLA-PLM08055689/2020', 'USA/CA-CHLA-PLM11119504/2020', 'USA/CA-CHLA-PLM24281864/2020', 'USA/CA-CHLA-PLM66141851/2020', 'USA/CA-CHLA-PLM67304813/2020', 'USA/CA-CHLA-PLM73818046/2020', 'USA/CA-CZB-1207/2020', 'USA/CA-CZB-1209/2020', 'USA/CA-CZB-1583/2020', 'USA/CA-CZB-1755/2020', 'USA/CA-CZB-1763/2020', 'USA/CA-CZB-3639/2020', 'USA/CA-CZB0706/2020', 'USA/CA-QDX-138/2020', 'USA/CA-QDX-1927/2020', 'USA/CA-QDX-2143/2020', 'USA/CA-QDX-2226/2020', 'USA/CA-QDX-2325/2020', 'USA/CA-QDX-2341/2020', 'USA/CA-QDX-2410/2020', 'USA/CA-QDX-2609/2020', 'USA/CA-QDX-2654/2020', 'USA/CA-QDX-545/2020', 'USA/D7035/2020', 'USA/E1802/2020', 'USA/IL-CDC-03066051-001/2020', 'USA/IL-CDC-03066054-001/2020', 'USA/IL-CDC-ASC210714968/2021', 'USA/MA-CDC-ASC210659724/2021', 'USA/MA-CDC-ASC210659890/2021', 'USA/MI-CDC-ASC210480409/2021', 'USA/MI-CDC-ASC210522712/2021', 'USA/MI-CDC-ASC210659926/2021', 'USA/MI-MDHHS-SC20296/2020', 'USA/MI-MDHHS-SC20310/2020', 'USA/MI-MDHHS-SC26826/2020', 'USA/MN-CDC-IBX053828150261/2021', 'USA/MN-CDC-IBX594102927782/2021', 'USA/NE-CDC-ASC210526736/2021', 'USA/NJ-QDX-39/2020', 'USA/NM-LANL-2020016089/2020', 'USA/NMINBRE-ILLUMINA-WGS-212410/2020', 'USA/NMINBRE-ILLUMINA-WGS-215737/2020', 'USA/NMINBRE-ILLUMINA-WGS-215738/2020', 'USA/NMINBRE-ILLUMINA-WGS-215739/2020', 'USA/NMINBRE-ILLUMINA-WGS-215740/2020', 'USA/NMINBRE-ILLUMINA-WGS-215741/2020', 'USA/NMINBRE-ILLUMINA-WGS-215742/2020', 'USA/NMINBRE-ILLUMINA-WGS-215743/2020', 'USA/NMINBRE-ILLUMINA-WGS-215746/2020', 'USA/NMINBRE-ILLUMINA-WGS-215747/2020', 'USA/NMINBRE-ILLUMINA-WGS-215749/2020', 'USA/NMINBRE-ILLUMINA-WGS-215750/2020', 'USA/NMINBRE-ILLUMINA-WGS-215751/2020', 'USA/NMINBRE-ILLUMINA-WGS-215752/2020', 'USA/NMINBRE-ILLUMINA-WGS-215753/2020', 'USA/NMINBRE-ILLUMINA-WGS-215754/2020', 'USA/NMINBRE-ILLUMINA-WGS-215757/2020', 'USA/NMINBRE-ILLUMINA-WGS-215758/2020', 'USA/NMINBRE-ILLUMINA-WGS-215761/2020', 'USA/NMINBRE-ILLUMINA-WGS-215762/2020', 'USA/NMINBRE-ILLUMINA-WGS-215763/2020', 'USA/NMINBRE-ILLUMINA-WGS-215764/2020', 'USA/NMINBRE-ILLUMINA-WGS-215766/2020', 'USA/NMINBRE-ILLUMINA-WGS-215767/2020', 'USA/NMINBRE-ILLUMINA-WGS-215768/2020', 'USA/NMINBRE-ILLUMINA-WGS-215770/2020', 'USA/NMINBRE-ILLUMINA-WGS-215771/2020', 'USA/NMINBRE-ILLUMINA-WGS-215772/2020', 'USA/NMINBRE-ILLUMINA-WGS-215773/2020', 'USA/NMINBRE-ILLUMINA-WGS-215774/2020', 'USA/NMINBRE-ILLUMINA-WGS-215775/2020', 'USA/NMINBRE-ILLUMINA-WGS-215776/2020', 'USA/NMINBRE-ILLUMINA-WGS-215778/2020', 'USA/NMINBRE-ILLUMINA-WGS-215779/2020', 'USA/NMINBRE-ILLUMINA-WGS-215780/2020', 'USA/NMINBRE-ILLUMINA-WGS-215781/2020', 'USA/NMINBRE-ILLUMINA-WGS-215782/2020', 'USA/NMINBRE-ILLUMINA-WGS-215783/2020', 'USA/NMINBRE-ILLUMINA-WGS-215784/2020', 'USA/NMINBRE-ILLUMINA-WGS-215786/2020', 'USA/NMINBRE-ILLUMINA-WGS-215788/2020', 'USA/NMINBRE-ILLUMINA-WGS-215791/2020', 'USA/NMINBRE-ILLUMINA-WGS-215794/2020', 'USA/NMINBRE-ILLUMINA-WGS-215795/2020', 'USA/NMINBRE-ILLUMINA-WGS-215796/2020', 'USA/NMINBRE-ILLUMINA-WGS-215797/2020', 'USA/NMINBRE-ILLUMINA-WGS-215798/2020', 'USA/NMINBRE-ILLUMINA-WGS-215799/2020', 'USA/NMINBRE-ILLUMINA-WGS-215800/2020', 'USA/NMINBRE-ILLUMINA-WGS-215801/2020', 'USA/NMINBRE-ILLUMINA-WGS-215802/2020', 'USA/NMINBRE-ILLUMINA-WGS-215803/2020', 'USA/NMINBRE-ILLUMINA-WGS-215804/2020', 'USA/NMINBRE-ILLUMINA-WGS-215805/2020', 'USA/NMINBRE-ILLUMINA-WGS-215807/2020', 'USA/NMINBRE-ILLUMINA-WGS-215808/2020', 'USA/NMINBRE-ILLUMINA-WGS-215809/2020', 'USA/NMINBRE-ILLUMINA-WGS-215812/2020', 'USA/NMINBRE-ILLUMINA-WGS-215813/2020', 'USA/NMINBRE-ILLUMINA-WGS-215814/2020', 'USA/NMINBRE-ILLUMINA-WGS-215815/2020', 'USA/NMINBRE-ILLUMINA-WGS-215816/2020', 'USA/NMINBRE-ILLUMINA-WGS-215817/2020', 'USA/NMINBRE-ILLUMINA-WGS-215818/2020', 'USA/NMINBRE-ILLUMINA-WGS-215819/2020', 'USA/NMINBRE-ILLUMINA-WGS-215820/2020', 'USA/NMINBRE-ILLUMINA-WGS-215821/2020', 'USA/NMINBRE-ILLUMINA-WGS-215822/2020', 'USA/NMINBRE-ILLUMINA-WGS-215823/2020', 'USA/NMINBRE-ILLUMINA-WGS-215825/2020', 'USA/NMINBRE-ILLUMINA-WGS-215829/2020', 'USA/NMINBRE-ILLUMINA-WGS-215832/2020', 'USA/NMINBRE-ILLUMINA-WGS-215835/2020', 'USA/NMINBRE-ILLUMINA-WGS-215837/2020', 'USA/NMINBRE-ILLUMINA-WGS-215850/2020', 'USA/NMINBRE-ILLUMINA-WGS-215851/2020', 'USA/NMINBRE-ILLUMINA-WGS-215860/2020', 'USA/NMINBRE-ILLUMINA-WGS-215861/2020', 'USA/NMINBRE-ILLUMINA-WGS-215862/2020', 'USA/NMINBRE-ILLUMINA-WGS-215865/2020', 'USA/NMINBRE-ILLUMINA-WGS-215866/2020', 'USA/NMINBRE-ILLUMINA-WGS-236204/2020', 'USA/NMINBRE-ILLUMINA-WGS-250930/2021', 'USA/NY-CDC-ASC210521770/2021', 'USA/SD-INBRE-0221/2022', 'USA/SD-INBRE-0227/2022', 'USA/SD-INBRE-0332/2022', 'USA/SD-INBRE-0347/2022', 'USA/SD-INBRE-0350/2022', 'USA/SD-INBRE-0375/2022', 'USA/SD-INBRE-0376/2022', 'USA/SD-INBRE-0377/2022', 'USA/SD-INBRE-0385/2022', 'USA/SD-INBRE-0390/2022', 'USA/SD-INBRE-0505/2021', 'USA/SD-INBRE-0507/2021', 'USA/TN-CDC-ASC210390427/2021', 'USA/TN-CDC-ASC210390471/2021', 'USA/TN-VUMC-000018/2020', 'USA/TN-VUMC-000046/2020', 'USA/TN-VUMC-000071/2020', 'USA/TX-CDC-ASC210273759/2021', 'USA/TX-CDC-ASC210390426/2021', 'USA/TX-CDC-ASC210442638/2021', 'USA/UT-QDX-1954/2020', 'USA/UT-QDX-2262/2020', 'USA/UT-QDX-2295/2020', 'USA/UT-UPHL-220119039913/2021', 'USA/UT-UPHL-220121702391/2022', 'USA/WI-CDC-3608213-001/2020', 'USA/WI-UW-270/2020', 'Wuhan-Hu-1/2019', 'Wuhan/IPBCAMS-WH-04/2019', 'Wuhan/WH03/2020', 'Wuhan/WHU01/2020', 'Wuhan/WHU02/2020', 'Wuhan/WIV04/2019', 'Wuhan/WIV06/2019', 'humans/USA/NM-LANL-2020016073/2020', 'humans/USA/NM-LANL-2020016074/2020', 'humans/USA/NM-LANL-2020016075/2020', 'humans/USA/NM-LANL-2020016077/2020', 'humans/USA/NM-LANL-2020016415/2020', 'humans/USA/NM-LANL-2020016419/2020', 'humans/USA/NM-LANL-2020016449/2020']
INFO: Initially, there were 5029153 rows.
INFO: Data cleaning complete. 5028883 rows remaining for sample creation.
INFO: Applying special filter for SARS-CoV-2: Keeping only recombinant lineages.
INFO: 16277 rows remaining after keeping only recombinant lineages.
INFO: Grouping by lineage and creating sample files...
INFO:   Saved: samples/sars-cov-2/dist0size0/samples_XA.csv (35 rows)
INFO:   Saved: samples/sars-cov-2/dist0size0/samples_XAA.csv (57 rows)
INFO:   Saved: samples/sars-cov-2/dist0size0/samples_XAB.csv (70 rows)
INFO:   Saved: samples/sars-cov-2/dist0size0/samples_XAC.csv (37 rows)
INFO:   Saved: samples/sars-cov-2/dist0size0/samples_XAD.csv (28 rows)
INFO:   Saved: samples/sars-cov-2/dist0size0/samples_XAE.csv (18 rows)
INFO:   Saved: samples/sars-cov-2/dist0size0/samples_XAF.csv (30 rows)
INFO:   Saved: samples/sars-cov-2/dist0size0/samples_XAG.csv (26 rows)
INFO:   Saved: samples/sars-cov-2/dist0size0/samples_XAH.csv (5 rows)
INFO:   Saved: samples/sars-cov-2/dist0size0/samples_XAJ.csv (46 rows)
INFO:   Saved: samples/sars-cov-2/dist0size0/samples_XAK.csv (58 rows)
INFO:   Saved: samples/sars-cov-2/dist0size0/samples_XAL.csv (60 rows)
INFO:   Saved: samples/sars-cov-2/dist0size0/samples_XAM.csv (73 rows)
INFO:   Saved: samples/sars-cov-2/dist0size0/samples_XAN.csv (51 rows)
INFO:   Saved: samples/sars-cov-2/dist0size0/samples_XAP.csv (41 rows)
INFO:   Saved: samples/sars-cov-2/dist0size0/samples_XAS.csv (195 rows)
INFO:   Saved: samples/sars-cov-2/dist0size0/samples_XAT.csv (2 rows)
INFO:   Saved: samples/sars-cov-2/dist0size0/samples_XAU.csv (12 rows)
INFO:   Saved: samples/sars-cov-2/dist0size0/samples_XAV.csv (25 rows)
INFO:   Saved: samples/sars-cov-2/dist0size0/samples_XAY.csv (1 rows)
INFO:   Saved: samples/sars-cov-2/dist0size0/samples_XAZ.csv (477 rows)
INFO:   Saved: samples/sars-cov-2/dist0size0/samples_XB.csv (770 rows)
INFO:   Saved: samples/sars-cov-2/dist0size0/samples_XBB.csv (318 rows)
INFO:   Saved: samples/sars-cov-2/dist0size0/samples_XBD.csv (81 rows)
INFO:   Saved: samples/sars-cov-2/dist0size0/samples_XBE.csv (163 rows)
INFO:   Saved: samples/sars-cov-2/dist0size0/samples_XBF.csv (606 rows)
INFO:   Saved: samples/sars-cov-2/dist0size0/samples_XBG.csv (66 rows)
INFO:   Saved: samples/sars-cov-2/dist0size0/samples_XBH.csv (11 rows)
INFO:   Saved: samples/sars-cov-2/dist0size0/samples_XBJ.csv (8 rows)
INFO:   Saved: samples/sars-cov-2/dist0size0/samples_XBK.csv (137 rows)
INFO:   Saved: samples/sars-cov-2/dist0size0/samples_XBL.csv (26 rows)
INFO:   Saved: samples/sars-cov-2/dist0size0/samples_XBM.csv (65 rows)
INFO:   Saved: samples/sars-cov-2/dist0size0/samples_XBN.csv (19 rows)
INFO:   Saved: samples/sars-cov-2/dist0size0/samples_XBP.csv (29 rows)
INFO:   Saved: samples/sars-cov-2/dist0size0/samples_XBQ.csv (36 rows)
INFO:   Saved: samples/sars-cov-2/dist0size0/samples_XBR.csv (11 rows)
INFO:   Saved: samples/sars-cov-2/dist0size0/samples_XBS.csv (18 rows)
INFO:   Saved: samples/sars-cov-2/dist0size0/samples_XBT.csv (52 rows)
INFO:   Saved: samples/sars-cov-2/dist0size0/samples_XBU.csv (8 rows)
INFO:   Saved: samples/sars-cov-2/dist0size0/samples_XBV.csv (7 rows)
INFO:   Saved: samples/sars-cov-2/dist0size0/samples_XBW.csv (23 rows)
INFO:   Saved: samples/sars-cov-2/dist0size0/samples_XBZ.csv (150 rows)
INFO:   Saved: samples/sars-cov-2/dist0size0/samples_XCA.csv (31 rows)
INFO:   Saved: samples/sars-cov-2/dist0size0/samples_XCC.csv (12 rows)
INFO:   Saved: samples/sars-cov-2/dist0size0/samples_XCE.csv (4 rows)
INFO:   Saved: samples/sars-cov-2/dist0size0/samples_XCF.csv (52 rows)
INFO:   Saved: samples/sars-cov-2/dist0size0/samples_XCG.csv (18 rows)
INFO:   Saved: samples/sars-cov-2/dist0size0/samples_XCH.csv (159 rows)
INFO:   Saved: samples/sars-cov-2/dist0size0/samples_XCJ.csv (1 rows)
INFO:   Saved: samples/sars-cov-2/dist0size0/samples_XCK.csv (13 rows)
INFO:   Saved: samples/sars-cov-2/dist0size0/samples_XCL.csv (71 rows)
INFO:   Saved: samples/sars-cov-2/dist0size0/samples_XCM.csv (33 rows)
INFO:   Saved: samples/sars-cov-2/dist0size0/samples_XCP.csv (77 rows)
INFO:   Saved: samples/sars-cov-2/dist0size0/samples_XCQ.csv (10 rows)
INFO:   Saved: samples/sars-cov-2/dist0size0/samples_XCR.csv (170 rows)
INFO:   Saved: samples/sars-cov-2/dist0size0/samples_XCS.csv (1 rows)
INFO:   Saved: samples/sars-cov-2/dist0size0/samples_XCT.csv (31 rows)
INFO:   Saved: samples/sars-cov-2/dist0size0/samples_XCU.csv (2 rows)
INFO:   Saved: samples/sars-cov-2/dist0size0/samples_XCV.csv (58 rows)
INFO:   Saved: samples/sars-cov-2/dist0size0/samples_XCW.csv (51 rows)
INFO:   Saved: samples/sars-cov-2/dist0size0/samples_XCY.csv (5 rows)
INFO:   Saved: samples/sars-cov-2/dist0size0/samples_XCZ.csv (17 rows)
INFO:   Saved: samples/sars-cov-2/dist0size0/samples_XD.csv (11 rows)
INFO:   Saved: samples/sars-cov-2/dist0size0/samples_XDA.csv (330 rows)
INFO:   Saved: samples/sars-cov-2/dist0size0/samples_XDB.csv (23 rows)
INFO:   Saved: samples/sars-cov-2/dist0size0/samples_XDC.csv (3 rows)
INFO:   Saved: samples/sars-cov-2/dist0size0/samples_XDD.csv (214 rows)
INFO:   Saved: samples/sars-cov-2/dist0size0/samples_XDE.csv (10 rows)
INFO:   Saved: samples/sars-cov-2/dist0size0/samples_XDF.csv (3 rows)
INFO:   Saved: samples/sars-cov-2/dist0size0/samples_XDG.csv (10 rows)
INFO:   Saved: samples/sars-cov-2/dist0size0/samples_XDH.csv (2 rows)
INFO:   Saved: samples/sars-cov-2/dist0size0/samples_XDJ.csv (1 rows)
INFO:   Saved: samples/sars-cov-2/dist0size0/samples_XDK.csv (150 rows)
INFO:   Saved: samples/sars-cov-2/dist0size0/samples_XDL.csv (37 rows)
INFO:   Saved: samples/sars-cov-2/dist0size0/samples_XDM.csv (19 rows)
INFO:   Saved: samples/sars-cov-2/dist0size0/samples_XDN.csv (137 rows)
INFO:   Saved: samples/sars-cov-2/dist0size0/samples_XDP.csv (220 rows)
INFO:   Saved: samples/sars-cov-2/dist0size0/samples_XDQ.csv (10 rows)
INFO:   Saved: samples/sars-cov-2/dist0size0/samples_XDR.csv (23 rows)
INFO:   Saved: samples/sars-cov-2/dist0size0/samples_XDS.csv (35 rows)
INFO:   Saved: samples/sars-cov-2/dist0size0/samples_XDT.csv (18 rows)
INFO:   Saved: samples/sars-cov-2/dist0size0/samples_XDV.csv (7 rows)
INFO:   Saved: samples/sars-cov-2/dist0size0/samples_XDY.csv (220 rows)
INFO:   Saved: samples/sars-cov-2/dist0size0/samples_XE.csv (1654 rows)
INFO:   Saved: samples/sars-cov-2/dist0size0/samples_XEB.csv (12 rows)
INFO:   Saved: samples/sars-cov-2/dist0size0/samples_XEC.csv (5350 rows)
INFO:   Saved: samples/sars-cov-2/dist0size0/samples_XED.csv (23 rows)
INFO:   Saved: samples/sars-cov-2/dist0size0/samples_XEE.csv (28 rows)
INFO:   Saved: samples/sars-cov-2/dist0size0/samples_XEF.csv (48 rows)
INFO:   Saved: samples/sars-cov-2/dist0size0/samples_XEG.csv (4 rows)
INFO:   Saved: samples/sars-cov-2/dist0size0/samples_XEH.csv (40 rows)
INFO:   Saved: samples/sars-cov-2/dist0size0/samples_XEJ.csv (6 rows)
INFO:   Saved: samples/sars-cov-2/dist0size0/samples_XEK.csv (289 rows)
INFO:   Saved: samples/sars-cov-2/dist0size0/samples_XEL.csv (33 rows)
INFO:   Saved: samples/sars-cov-2/dist0size0/samples_XEM.csv (4 rows)
INFO:   Saved: samples/sars-cov-2/dist0size0/samples_XEN.csv (28 rows)
INFO:   Saved: samples/sars-cov-2/dist0size0/samples_XEP.csv (17 rows)
INFO:   Saved: samples/sars-cov-2/dist0size0/samples_XEQ.csv (269 rows)
INFO:   Saved: samples/sars-cov-2/dist0size0/samples_XER.csv (2 rows)
INFO:   Saved: samples/sars-cov-2/dist0size0/samples_XES.csv (59 rows)
INFO:   Saved: samples/sars-cov-2/dist0size0/samples_XET.csv (4 rows)
INFO:   Saved: samples/sars-cov-2/dist0size0/samples_XEU.csv (19 rows)
INFO:   Saved: samples/sars-cov-2/dist0size0/samples_XEV.csv (57 rows)
INFO:   Saved: samples/sars-cov-2/dist0size0/samples_XEW.csv (19 rows)
INFO:   Saved: samples/sars-cov-2/dist0size0/samples_XEY.csv (2 rows)
INFO:   Saved: samples/sars-cov-2/dist0size0/samples_XF.csv (20 rows)
INFO:   Saved: samples/sars-cov-2/dist0size0/samples_XFA.csv (2 rows)
INFO:   Saved: samples/sars-cov-2/dist0size0/samples_XFB.csv (9 rows)
INFO:   Saved: samples/sars-cov-2/dist0size0/samples_XFC.csv (72 rows)
INFO:   Saved: samples/sars-cov-2/dist0size0/samples_XFG.csv (530 rows)
INFO:   Saved: samples/sars-cov-2/dist0size0/samples_XFH.csv (4 rows)
INFO:   Saved: samples/sars-cov-2/dist0size0/samples_XFJ.csv (24 rows)
INFO:   Saved: samples/sars-cov-2/dist0size0/samples_XFK.csv (1 rows)
INFO:   Saved: samples/sars-cov-2/dist0size0/samples_XFL.csv (3 rows)
INFO:   Saved: samples/sars-cov-2/dist0size0/samples_XFM.csv (4 rows)
INFO:   Saved: samples/sars-cov-2/dist0size0/samples_XFN.csv (27 rows)
INFO:   Saved: samples/sars-cov-2/dist0size0/samples_XFP.csv (9 rows)
INFO:   Saved: samples/sars-cov-2/dist0size0/samples_XG.csv (319 rows)
INFO:   Saved: samples/sars-cov-2/dist0size0/samples_XH.csv (103 rows)
INFO:   Saved: samples/sars-cov-2/dist0size0/samples_XJ.csv (3 rows)
INFO:   Saved: samples/sars-cov-2/dist0size0/samples_XL.csv (75 rows)
INFO:   Saved: samples/sars-cov-2/dist0size0/samples_XM.csv (188 rows)
INFO:   Saved: samples/sars-cov-2/dist0size0/samples_XN.csv (190 rows)
INFO:   Saved: samples/sars-cov-2/dist0size0/samples_XP.csv (52 rows)
INFO:   Saved: samples/sars-cov-2/dist0size0/samples_XQ.csv (83 rows)
INFO:   Saved: samples/sars-cov-2/dist0size0/samples_XR.csv (84 rows)
INFO:   Saved: samples/sars-cov-2/dist0size0/samples_XS.csv (23 rows)
INFO:   Saved: samples/sars-cov-2/dist0size0/samples_XU.csv (2 rows)
INFO:   Saved: samples/sars-cov-2/dist0size0/samples_XV.csv (24 rows)
INFO:   Saved: samples/sars-cov-2/dist0size0/samples_XW.csv (75 rows)
INFO:   Saved: samples/sars-cov-2/dist0size0/samples_XY.csv (63 rows)
INFO:   Saved: samples/sars-cov-2/dist0size0/samples_XZ.csv (71 rows)
INFO: Saving lineage count summary to: samples/sars-cov-2/dist0size0/samples_total.json
INFO: Sample creation step finished successfully.

2025-08-30 17:26:53,200 - INFO - --- Step Succeeded: /home/topcuoglu/miniconda3/envs/orh/bin/python src/05_prepare_recombinhunt/create_samples.py --virus sars-cov-2 --config config/config.yaml ---
2025-08-30 17:26:53,200 - INFO - --- Executing: /home/topcuoglu/miniconda3/envs/orh/bin/python src/06_recombinhunt/run_recombinhunt.py --virus sars-cov-2 --config config/config.yaml ---
2025-08-30 22:25:45,099 - INFO - Stdout from step:
INFO: Logging initialized. Log file at: logs/20250830_172654_sars-cov-2_06_run_recombinhunt.log
INFO: --- Starting Step 6: Run RecombinHunt for 'sars-cov-2' ---
INFO: Loading RecombinHunt environment from: environments/sars-cov-2/dist0size0
Starting formal checks of the environment...
INFO: Loading lineage totals from 'samples/sars-cov-2/dist0size0/samples_total.json'
INFO: Found 132 sample files in 'samples/sars-cov-2/dist0size0'.
INFO:   Lineage 'XCJ', Mode 'random': Requested 100, available 1. Processing all available.
INFO:   Lineage 'XG', Mode 'random': Sampled 100 of 319 available.
INFO:   Lineage 'XM', Mode 'random': Sampled 100 of 188 available.
INFO:   Lineage 'XAT', Mode 'random': Requested 100, available 2. Processing all available.
INFO:   Lineage 'XDV', Mode 'random': Requested 100, available 7. Processing all available.
INFO:   Lineage 'XCV', Mode 'random': Requested 100, available 58. Processing all available.
INFO:   Lineage 'XCL', Mode 'random': Requested 100, available 71. Processing all available.
INFO:   Lineage 'XD', Mode 'random': Requested 100, available 11. Processing all available.
INFO:   Lineage 'XS', Mode 'random': Requested 100, available 23. Processing all available.
INFO:   Lineage 'XAM', Mode 'random': Requested 100, available 73. Processing all available.
INFO:   Lineage 'XFP', Mode 'random': Requested 100, available 9. Processing all available.
INFO:   Lineage 'XAF', Mode 'random': Requested 100, available 30. Processing all available.
INFO:   Lineage 'XEJ', Mode 'random': Requested 100, available 6. Processing all available.
INFO:   Lineage 'XF', Mode 'random': Requested 100, available 20. Processing all available.
INFO:   Lineage 'XAC', Mode 'random': Requested 100, available 37. Processing all available.
INFO:   Lineage 'XDK', Mode 'random': Sampled 100 of 150 available.
INFO:   Lineage 'XDH', Mode 'random': Requested 100, available 2. Processing all available.
INFO:   Lineage 'XAP', Mode 'random': Requested 100, available 41. Processing all available.
INFO:   Lineage 'XEE', Mode 'random': Requested 100, available 28. Processing all available.
INFO:   Lineage 'XAL', Mode 'random': Requested 100, available 60. Processing all available.
INFO:   Lineage 'XAG', Mode 'random': Requested 100, available 26. Processing all available.
INFO:   Lineage 'XCQ', Mode 'random': Requested 100, available 10. Processing all available.
INFO:   Lineage 'XL', Mode 'random': Requested 100, available 75. Processing all available.
INFO:   Lineage 'XBG', Mode 'random': Requested 100, available 66. Processing all available.
INFO:   Lineage 'XDY', Mode 'random': Sampled 100 of 220 available.
ERROR:   Error on one sample in lineage XDY: 
Traceback (most recent call last):
  File "/home/topcuoglu/openrecombinhunt/src/06_recombinhunt/run_recombinhunt.py", line 159, in run_recombinhunt_for_lineage
    assert set(nuc_change_data_list).issubset(set(experiment_environment.c2lp_df.index))
AssertionError
INFO:   Lineage 'XBT', Mode 'random': Requested 100, available 52. Processing all available.
ERROR:   Error on one sample in lineage XBT: 
Traceback (most recent call last):
  File "/home/topcuoglu/openrecombinhunt/src/06_recombinhunt/run_recombinhunt.py", line 159, in run_recombinhunt_for_lineage
    assert set(nuc_change_data_list).issubset(set(experiment_environment.c2lp_df.index))
AssertionError
INFO:   Lineage 'XFK', Mode 'random': Requested 100, available 1. Processing all available.
INFO:   Lineage 'XAZ', Mode 'random': Sampled 100 of 477 available.
ERROR:   Error on one sample in lineage XAZ: 
Traceback (most recent call last):
  File "/home/topcuoglu/openrecombinhunt/src/06_recombinhunt/run_recombinhunt.py", line 159, in run_recombinhunt_for_lineage
    assert set(nuc_change_data_list).issubset(set(experiment_environment.c2lp_df.index))
AssertionError
INFO:   Lineage 'XCU', Mode 'random': Requested 100, available 2. Processing all available.
INFO:   Lineage 'XBH', Mode 'random': Requested 100, available 11. Processing all available.
INFO:   Lineage 'XAJ', Mode 'random': Requested 100, available 46. Processing all available.
INFO:   Lineage 'XBF', Mode 'random': Sampled 100 of 606 available.
ERROR:   Error on one sample in lineage XBF: 
Traceback (most recent call last):
  File "/home/topcuoglu/openrecombinhunt/src/06_recombinhunt/run_recombinhunt.py", line 159, in run_recombinhunt_for_lineage
    assert set(nuc_change_data_list).issubset(set(experiment_environment.c2lp_df.index))
AssertionError
INFO:   Lineage 'XCA', Mode 'random': Requested 100, available 31. Processing all available.
INFO:   Lineage 'XBE', Mode 'random': Sampled 100 of 163 available.
INFO:   Lineage 'XCS', Mode 'random': Requested 100, available 1. Processing all available.
INFO:   Lineage 'XAA', Mode 'random': Requested 100, available 57. Processing all available.
INFO:   Lineage 'XEB', Mode 'random': Requested 100, available 12. Processing all available.
INFO:   Lineage 'XV', Mode 'random': Requested 100, available 24. Processing all available.
INFO:   Lineage 'XCZ', Mode 'random': Requested 100, available 17. Processing all available.
INFO:   Lineage 'XBL', Mode 'random': Requested 100, available 26. Processing all available.
INFO:   Lineage 'XDF', Mode 'random': Requested 100, available 3. Processing all available.
INFO:   Lineage 'XER', Mode 'random': Requested 100, available 2. Processing all available.
INFO:   Lineage 'XDQ', Mode 'random': Requested 100, available 10. Processing all available.
ERROR:   Error on one sample in lineage XDQ: 
Traceback (most recent call last):
  File "/home/topcuoglu/openrecombinhunt/src/06_recombinhunt/run_recombinhunt.py", line 159, in run_recombinhunt_for_lineage
    assert set(nuc_change_data_list).issubset(set(experiment_environment.c2lp_df.index))
AssertionError
INFO:   Lineage 'XAS', Mode 'random': Sampled 100 of 195 available.
INFO:   Lineage 'XCF', Mode 'random': Requested 100, available 52. Processing all available.
INFO:   Lineage 'XFJ', Mode 'random': Requested 100, available 24. Processing all available.
INFO:   Lineage 'XDN', Mode 'random': Sampled 100 of 137 available.
ERROR:   Error on one sample in lineage XDN: 
Traceback (most recent call last):
  File "/home/topcuoglu/openrecombinhunt/src/06_recombinhunt/run_recombinhunt.py", line 159, in run_recombinhunt_for_lineage
    assert set(nuc_change_data_list).issubset(set(experiment_environment.c2lp_df.index))
AssertionError
INFO:   Lineage 'XAK', Mode 'random': Requested 100, available 58. Processing all available.
INFO:   Lineage 'XW', Mode 'random': Requested 100, available 75. Processing all available.
INFO:   Lineage 'XBN', Mode 'random': Requested 100, available 19. Processing all available.
INFO:   Lineage 'XP', Mode 'random': Requested 100, available 52. Processing all available.
INFO:   Lineage 'XES', Mode 'random': Requested 100, available 59. Processing all available.
INFO:   Lineage 'XCP', Mode 'random': Requested 100, available 77. Processing all available.
ERROR:   Error on one sample in lineage XCP: 
Traceback (most recent call last):
  File "/home/topcuoglu/openrecombinhunt/src/06_recombinhunt/run_recombinhunt.py", line 159, in run_recombinhunt_for_lineage
    assert set(nuc_change_data_list).issubset(set(experiment_environment.c2lp_df.index))
AssertionError
INFO:   Lineage 'XAU', Mode 'random': Requested 100, available 12. Processing all available.
INFO:   Lineage 'XEQ', Mode 'random': Sampled 100 of 269 available.
ERROR:   Error on one sample in lineage XEQ: 
Traceback (most recent call last):
  File "/home/topcuoglu/openrecombinhunt/src/06_recombinhunt/run_recombinhunt.py", line 159, in run_recombinhunt_for_lineage
    assert set(nuc_change_data_list).issubset(set(experiment_environment.c2lp_df.index))
AssertionError
INFO:   Lineage 'XBV', Mode 'random': Requested 100, available 7. Processing all available.
INFO:   Lineage 'XCM', Mode 'random': Requested 100, available 33. Processing all available.
INFO:   Lineage 'XFG', Mode 'random': Sampled 100 of 530 available.
INFO:   Lineage 'XEG', Mode 'random': Requested 100, available 4. Processing all available.
INFO:   Lineage 'XEL', Mode 'random': Requested 100, available 33. Processing all available.
INFO:   Lineage 'XBD', Mode 'random': Requested 100, available 81. Processing all available.
INFO:   Lineage 'XFH', Mode 'random': Requested 100, available 4. Processing all available.
INFO:   Lineage 'XEK', Mode 'random': Sampled 100 of 289 available.
INFO:   Lineage 'XCK', Mode 'random': Requested 100, available 13. Processing all available.
INFO:   Lineage 'XQ', Mode 'random': Requested 100, available 83. Processing all available.
INFO:   Lineage 'XDL', Mode 'random': Requested 100, available 37. Processing all available.
INFO:   Lineage 'XAB', Mode 'random': Requested 100, available 70. Processing all available.
INFO:   Lineage 'XH', Mode 'random': Sampled 100 of 103 available.
INFO:   Lineage 'XBM', Mode 'random': Requested 100, available 65. Processing all available.
ERROR:   Error on one sample in lineage XBM: 
Traceback (most recent call last):
  File "/home/topcuoglu/openrecombinhunt/src/06_recombinhunt/run_recombinhunt.py", line 159, in run_recombinhunt_for_lineage
    assert set(nuc_change_data_list).issubset(set(experiment_environment.c2lp_df.index))
AssertionError
INFO:   Lineage 'XFL', Mode 'random': Requested 100, available 3. Processing all available.
ERROR:   Error on one sample in lineage XFL: 
Traceback (most recent call last):
  File "/home/topcuoglu/openrecombinhunt/src/06_recombinhunt/run_recombinhunt.py", line 159, in run_recombinhunt_for_lineage
    assert set(nuc_change_data_list).issubset(set(experiment_environment.c2lp_df.index))
AssertionError
ERROR:   Error on one sample in lineage XFL: 
Traceback (most recent call last):
  File "/home/topcuoglu/openrecombinhunt/src/06_recombinhunt/run_recombinhunt.py", line 159, in run_recombinhunt_for_lineage
    assert set(nuc_change_data_list).issubset(set(experiment_environment.c2lp_df.index))
AssertionError
ERROR:   Error on one sample in lineage XFL: 
Traceback (most recent call last):
  File "/home/topcuoglu/openrecombinhunt/src/06_recombinhunt/run_recombinhunt.py", line 159, in run_recombinhunt_for_lineage
    assert set(nuc_change_data_list).issubset(set(experiment_environment.c2lp_df.index))
AssertionError
INFO:   Lineage 'XFB', Mode 'random': Requested 100, available 9. Processing all available.
INFO:   Lineage 'XEC', Mode 'random': Sampled 100 of 5350 available.
ERROR:   Error on one sample in lineage XEC: 
Traceback (most recent call last):
  File "/home/topcuoglu/openrecombinhunt/src/06_recombinhunt/run_recombinhunt.py", line 159, in run_recombinhunt_for_lineage
    assert set(nuc_change_data_list).issubset(set(experiment_environment.c2lp_df.index))
AssertionError
INFO:   Lineage 'XA', Mode 'random': Requested 100, available 35. Processing all available.
INFO:   Lineage 'XCT', Mode 'random': Requested 100, available 31. Processing all available.
INFO:   Lineage 'XU', Mode 'random': Requested 100, available 2. Processing all available.
INFO:   Lineage 'XBU', Mode 'random': Requested 100, available 8. Processing all available.
ERROR:   Error on one sample in lineage XBU: 
Traceback (most recent call last):
  File "/home/topcuoglu/openrecombinhunt/src/06_recombinhunt/run_recombinhunt.py", line 159, in run_recombinhunt_for_lineage
    assert set(nuc_change_data_list).issubset(set(experiment_environment.c2lp_df.index))
AssertionError
INFO:   Lineage 'XBZ', Mode 'random': Sampled 100 of 150 available.
INFO:   Lineage 'XFC', Mode 'random': Requested 100, available 72. Processing all available.
INFO:   Lineage 'XCC', Mode 'random': Requested 100, available 12. Processing all available.
INFO:   Lineage 'XDG', Mode 'random': Requested 100, available 10. Processing all available.
INFO:   Lineage 'XFM', Mode 'random': Requested 100, available 4. Processing all available.
INFO:   Lineage 'XCE', Mode 'random': Requested 100, available 4. Processing all available.
INFO:   Lineage 'XDC', Mode 'random': Requested 100, available 3. Processing all available.
INFO:   Lineage 'XCY', Mode 'random': Requested 100, available 5. Processing all available.
INFO:   Lineage 'XR', Mode 'random': Requested 100, available 84. Processing all available.
INFO:   Lineage 'XAH', Mode 'random': Requested 100, available 5. Processing all available.
INFO:   Lineage 'XCW', Mode 'random': Requested 100, available 51. Processing all available.
INFO:   Lineage 'XN', Mode 'random': Sampled 100 of 190 available.
INFO:   Lineage 'XE', Mode 'random': Sampled 100 of 1654 available.
ERROR:   Error on one sample in lineage XE: 
Traceback (most recent call last):
  File "/home/topcuoglu/openrecombinhunt/src/06_recombinhunt/run_recombinhunt.py", line 159, in run_recombinhunt_for_lineage
    assert set(nuc_change_data_list).issubset(set(experiment_environment.c2lp_df.index))
AssertionError
INFO:   Lineage 'XFA', Mode 'random': Requested 100, available 2. Processing all available.
INFO:   Lineage 'XZ', Mode 'random': Requested 100, available 71. Processing all available.
INFO:   Lineage 'XBK', Mode 'random': Sampled 100 of 137 available.
ERROR:   Error on one sample in lineage XBK: 
Traceback (most recent call last):
  File "/home/topcuoglu/openrecombinhunt/src/06_recombinhunt/run_recombinhunt.py", line 159, in run_recombinhunt_for_lineage
    assert set(nuc_change_data_list).issubset(set(experiment_environment.c2lp_df.index))
AssertionError
ERROR:   Error on one sample in lineage XBK: 
Traceback (most recent call last):
  File "/home/topcuoglu/openrecombinhunt/src/06_recombinhunt/run_recombinhunt.py", line 159, in run_recombinhunt_for_lineage
    assert set(nuc_change_data_list).issubset(set(experiment_environment.c2lp_df.index))
AssertionError
ERROR:   Error on one sample in lineage XBK: 
Traceback (most recent call last):
  File "/home/topcuoglu/openrecombinhunt/src/06_recombinhunt/run_recombinhunt.py", line 159, in run_recombinhunt_for_lineage
    assert set(nuc_change_data_list).issubset(set(experiment_environment.c2lp_df.index))
AssertionError
INFO:   Lineage 'XDE', Mode 'random': Requested 100, available 10. Processing all available.
INFO:   Lineage 'XEN', Mode 'random': Requested 100, available 28. Processing all available.
ERROR:   Error on one sample in lineage XEN: 
Traceback (most recent call last):
  File "/home/topcuoglu/openrecombinhunt/src/06_recombinhunt/run_recombinhunt.py", line 159, in run_recombinhunt_for_lineage
    assert set(nuc_change_data_list).issubset(set(experiment_environment.c2lp_df.index))
AssertionError
INFO:   Lineage 'XDS', Mode 'random': Requested 100, available 35. Processing all available.
INFO:   Lineage 'XDA', Mode 'random': Sampled 100 of 330 available.
INFO:   Lineage 'XEV', Mode 'random': Requested 100, available 57. Processing all available.
ERROR:   Error on one sample in lineage XEV: 
Traceback (most recent call last):
  File "/home/topcuoglu/openrecombinhunt/src/06_recombinhunt/run_recombinhunt.py", line 159, in run_recombinhunt_for_lineage
    assert set(nuc_change_data_list).issubset(set(experiment_environment.c2lp_df.index))
AssertionError
ERROR:   Error on one sample in lineage XEV: 
Traceback (most recent call last):
  File "/home/topcuoglu/openrecombinhunt/src/06_recombinhunt/run_recombinhunt.py", line 159, in run_recombinhunt_for_lineage
    assert set(nuc_change_data_list).issubset(set(experiment_environment.c2lp_df.index))
AssertionError
ERROR:   Error on one sample in lineage XEV: 
Traceback (most recent call last):
  File "/home/topcuoglu/openrecombinhunt/src/06_recombinhunt/run_recombinhunt.py", line 159, in run_recombinhunt_for_lineage
    assert set(nuc_change_data_list).issubset(set(experiment_environment.c2lp_df.index))
AssertionError
INFO:   Lineage 'XBR', Mode 'random': Requested 100, available 11. Processing all available.
INFO:   Lineage 'XY', Mode 'random': Requested 100, available 63. Processing all available.
INFO:   Lineage 'XAD', Mode 'random': Requested 100, available 28. Processing all available.
INFO:   Lineage 'XEU', Mode 'random': Requested 100, available 19. Processing all available.
INFO:   Lineage 'XEW', Mode 'random': Requested 100, available 19. Processing all available.
INFO:   Lineage 'XBQ', Mode 'random': Requested 100, available 36. Processing all available.
ERROR:   Error on one sample in lineage XBQ: 
Traceback (most recent call last):
  File "/home/topcuoglu/openrecombinhunt/src/06_recombinhunt/run_recombinhunt.py", line 159, in run_recombinhunt_for_lineage
    assert set(nuc_change_data_list).issubset(set(experiment_environment.c2lp_df.index))
AssertionError
INFO:   Lineage 'XAY', Mode 'random': Requested 100, available 1. Processing all available.
INFO:   Lineage 'XAV', Mode 'random': Requested 100, available 25. Processing all available.
INFO:   Lineage 'XEH', Mode 'random': Requested 100, available 40. Processing all available.
INFO:   Lineage 'XAN', Mode 'random': Requested 100, available 51. Processing all available.
ERROR:   Error on one sample in lineage XAN: 
Traceback (most recent call last):
  File "/home/topcuoglu/openrecombinhunt/src/06_recombinhunt/run_recombinhunt.py", line 159, in run_recombinhunt_for_lineage
    assert set(nuc_change_data_list).issubset(set(experiment_environment.c2lp_df.index))
AssertionError
ERROR:   Error on one sample in lineage XAN: 
Traceback (most recent call last):
  File "/home/topcuoglu/openrecombinhunt/src/06_recombinhunt/run_recombinhunt.py", line 159, in run_recombinhunt_for_lineage
    assert set(nuc_change_data_list).issubset(set(experiment_environment.c2lp_df.index))
AssertionError
INFO:   Lineage 'XBB', Mode 'random': Sampled 100 of 318 available.
ERROR:   Error on one sample in lineage XBB: 
Traceback (most recent call last):
  File "/home/topcuoglu/openrecombinhunt/src/06_recombinhunt/run_recombinhunt.py", line 159, in run_recombinhunt_for_lineage
    assert set(nuc_change_data_list).issubset(set(experiment_environment.c2lp_df.index))
AssertionError
ERROR:   Error on one sample in lineage XBB: 
Traceback (most recent call last):
  File "/home/topcuoglu/openrecombinhunt/src/06_recombinhunt/run_recombinhunt.py", line 159, in run_recombinhunt_for_lineage
    assert set(nuc_change_data_list).issubset(set(experiment_environment.c2lp_df.index))
AssertionError
INFO:   Lineage 'XET', Mode 'random': Requested 100, available 4. Processing all available.
INFO:   Lineage 'XBJ', Mode 'random': Requested 100, available 8. Processing all available.
INFO:   Lineage 'XEY', Mode 'random': Requested 100, available 2. Processing all available.
INFO:   Lineage 'XEM', Mode 'random': Requested 100, available 4. Processing all available.
INFO:   Lineage 'XDD', Mode 'random': Sampled 100 of 214 available.
ERROR:   Error on one sample in lineage XDD: 
Traceback (most recent call last):
  File "/home/topcuoglu/openrecombinhunt/src/06_recombinhunt/run_recombinhunt.py", line 159, in run_recombinhunt_for_lineage
    assert set(nuc_change_data_list).issubset(set(experiment_environment.c2lp_df.index))
AssertionError
INFO:   Lineage 'XEP', Mode 'random': Requested 100, available 17. Processing all available.
INFO:   Lineage 'XBS', Mode 'random': Requested 100, available 18. Processing all available.
INFO:   Lineage 'XBW', Mode 'random': Requested 100, available 23. Processing all available.
INFO:   Lineage 'XJ', Mode 'random': Requested 100, available 3. Processing all available.
INFO:   Lineage 'XCH', Mode 'random': Sampled 100 of 159 available.
INFO:   Lineage 'XDB', Mode 'random': Requested 100, available 23. Processing all available.
ERROR:   Error on one sample in lineage XDB: 
Traceback (most recent call last):
  File "/home/topcuoglu/openrecombinhunt/src/06_recombinhunt/run_recombinhunt.py", line 159, in run_recombinhunt_for_lineage
    assert set(nuc_change_data_list).issubset(set(experiment_environment.c2lp_df.index))
AssertionError
INFO:   Lineage 'XED', Mode 'random': Requested 100, available 23. Processing all available.
INFO:   Lineage 'XDT', Mode 'random': Requested 100, available 18. Processing all available.
ERROR:   Error on one sample in lineage XDT: 
Traceback (most recent call last):
  File "/home/topcuoglu/openrecombinhunt/src/06_recombinhunt/run_recombinhunt.py", line 159, in run_recombinhunt_for_lineage
    assert set(nuc_change_data_list).issubset(set(experiment_environment.c2lp_df.index))
AssertionError
INFO:   Lineage 'XFN', Mode 'random': Requested 100, available 27. Processing all available.
INFO:   Lineage 'XDR', Mode 'random': Requested 100, available 23. Processing all available.
ERROR:   Error on one sample in lineage XDR: 
Traceback (most recent call last):
  File "/home/topcuoglu/openrecombinhunt/src/06_recombinhunt/run_recombinhunt.py", line 159, in run_recombinhunt_for_lineage
    assert set(nuc_change_data_list).issubset(set(experiment_environment.c2lp_df.index))
AssertionError
INFO:   Lineage 'XBP', Mode 'random': Requested 100, available 29. Processing all available.
INFO:   Lineage 'XEF', Mode 'random': Requested 100, available 48. Processing all available.
INFO:   Lineage 'XAE', Mode 'random': Requested 100, available 18. Processing all available.
INFO:   Lineage 'XDJ', Mode 'random': Requested 100, available 1. Processing all available.
INFO:   Lineage 'XCR', Mode 'random': Sampled 100 of 170 available.
ERROR:   Error on one sample in lineage XCR: 
Traceback (most recent call last):
  File "/home/topcuoglu/openrecombinhunt/src/06_recombinhunt/run_recombinhunt.py", line 159, in run_recombinhunt_for_lineage
    assert set(nuc_change_data_list).issubset(set(experiment_environment.c2lp_df.index))
AssertionError
ERROR:   Error on one sample in lineage XCR: 
Traceback (most recent call last):
  File "/home/topcuoglu/openrecombinhunt/src/06_recombinhunt/run_recombinhunt.py", line 159, in run_recombinhunt_for_lineage
    assert set(nuc_change_data_list).issubset(set(experiment_environment.c2lp_df.index))
AssertionError
ERROR:   Error on one sample in lineage XCR: 
Traceback (most recent call last):
  File "/home/topcuoglu/openrecombinhunt/src/06_recombinhunt/run_recombinhunt.py", line 159, in run_recombinhunt_for_lineage
    assert set(nuc_change_data_list).issubset(set(experiment_environment.c2lp_df.index))
AssertionError
ERROR:   Error on one sample in lineage XCR: 
Traceback (most recent call last):
  File "/home/topcuoglu/openrecombinhunt/src/06_recombinhunt/run_recombinhunt.py", line 159, in run_recombinhunt_for_lineage
    assert set(nuc_change_data_list).issubset(set(experiment_environment.c2lp_df.index))
AssertionError
ERROR:   Error on one sample in lineage XCR: 
Traceback (most recent call last):
  File "/home/topcuoglu/openrecombinhunt/src/06_recombinhunt/run_recombinhunt.py", line 159, in run_recombinhunt_for_lineage
    assert set(nuc_change_data_list).issubset(set(experiment_environment.c2lp_df.index))
AssertionError
INFO:   Lineage 'XCG', Mode 'random': Requested 100, available 18. Processing all available.
INFO:   Lineage 'XDM', Mode 'random': Requested 100, available 19. Processing all available.
INFO:   Lineage 'XDP', Mode 'random': Sampled 100 of 220 available.
ERROR:   Error on one sample in lineage XDP: 
Traceback (most recent call last):
  File "/home/topcuoglu/openrecombinhunt/src/06_recombinhunt/run_recombinhunt.py", line 159, in run_recombinhunt_for_lineage
    assert set(nuc_change_data_list).issubset(set(experiment_environment.c2lp_df.index))
AssertionError
INFO:   Lineage 'XB', Mode 'random': Sampled 100 of 770 available.
ERROR:   Error on one sample in lineage XB: 
Traceback (most recent call last):
  File "/home/topcuoglu/openrecombinhunt/src/06_recombinhunt/run_recombinhunt.py", line 159, in run_recombinhunt_for_lineage
    assert set(nuc_change_data_list).issubset(set(experiment_environment.c2lp_df.index))
AssertionError
ERROR:   Error on one sample in lineage XB: 
Traceback (most recent call last):
  File "/home/topcuoglu/openrecombinhunt/src/06_recombinhunt/run_recombinhunt.py", line 159, in run_recombinhunt_for_lineage
    assert set(nuc_change_data_list).issubset(set(experiment_environment.c2lp_df.index))
AssertionError
INFO: Recombinant summary saved to: results/recombinhunt_output/sars-cov-2/dist0size0/recombinant_summary.tsv
INFO: Saved extensive summary table to: results/recombinhunt_output/sars-cov-2/dist0size0/recombinant_summary_extensive.tsv
INFO: Text report saved to: results/recombinhunt_output/sars-cov-2/dist0size0/experiment-output.random-100.txt
INFO: HTML report saved to: results/recombinhunt_output/sars-cov-2/dist0size0/experiment-detail.random-100.html
INFO: RecombinHunt experiment step finished successfully.

2025-08-30 22:25:45,100 - WARNING - Stderr from step:
/home/topcuoglu/openrecombinhunt/libs/recombinhunt-cov-7.0.0/src/recombinhunt/core/environment.py:237: UserWarning: RecombinHunt 5.+ expects a candidates_hierarchy.json in the environment dir but the file is missing. Backward compatibility is possible by calling Environment.embed_candidates_hierarchy() with a CandidatesHierarchy object. Resorting to default CandidatesHierarchy.
  warnings.warn("RecombinHunt 5.+ expects a candidates_hierarchy.json in the environment dir but the file is missing. Backward compatibility is possible by"

Running Experiments:   0%|          | 0/132 [00:00<?, ?it/s]
Running Experiments:   1%|          | 1/132 [00:04<08:46,  4.02s/it]
Running Experiments:   2%|         | 2/132 [05:15<6:40:27, 184.83s/it]
Running Experiments:   2%|         | 3/132 [10:24<8:39:20, 241.56s/it]
Running Experiments:   3%|         | 4/132 [10:31<5:18:05, 149.11s/it]
Running Experiments:   4%|         | 5/132 [10:52<3:37:28, 102.74s/it]
Running Experiments:   5%|         | 6/132 [14:08<4:42:20, 134.45s/it]
Running Experiments:   5%|         | 7/132 [18:34<6:09:50, 177.52s/it]
Running Experiments:   6%|         | 8/132 [19:16<4:37:31, 134.28s/it]
Running Experiments:   7%|         | 9/132 [20:27<3:54:42, 114.49s/it]
Running Experiments:   8%|         | 10/132 [24:13<5:02:57, 149.00s/it]
Running Experiments:   8%|         | 11/132 [24:46<3:48:38, 113.38s/it]
Running Experiments:   9%|         | 12/132 [26:21<3:36:03, 108.03s/it]
Running Experiments:  10%|         | 13/132 [26:40<2:40:46, 81.06s/it] 
Running Experiments:  11%|         | 14/132 [27:42<2:27:45, 75.13s/it]
Running Experiments:  11%|        | 15/132 [29:59<3:02:57, 93.83s/it]
Running Experiments:  12%|        | 16/132 [35:18<5:12:20, 161.56s/it]
Running Experiments:  13%|        | 17/132 [35:24<3:40:12, 114.89s/it]
Running Experiments:  14%|        | 18/132 [37:59<4:00:54, 126.80s/it]
Running Experiments:  14%|        | 19/132 [39:25<3:35:54, 114.64s/it]
Running Experiments:  15%|        | 20/132 [42:31<4:13:52, 136.00s/it]
Running Experiments:  16%|        | 21/132 [43:51<3:40:40, 119.29s/it]
Running Experiments:  17%|        | 22/132 [44:24<2:51:12, 93.38s/it] 
Running Experiments:  17%|        | 23/132 [48:16<4:05:15, 135.01s/it]
Running Experiments:  18%|        | 24/132 [52:38<5:11:19, 172.96s/it]
Running Experiments:  19%|        | 25/132 [57:42<6:18:34, 212.28s/it]
Running Experiments:  20%|        | 26/132 [1:00:56<6:05:18, 206.78s/it]
Running Experiments:  20%|        | 27/132 [1:00:58<4:14:43, 145.56s/it]
Running Experiments:  21%|        | 28/132 [1:06:40<5:53:59, 204.22s/it]
Running Experiments:  22%|       | 29/132 [1:06:47<4:09:29, 145.34s/it]
Running Experiments:  23%|       | 30/132 [1:07:28<3:13:52, 114.04s/it]
Running Experiments:  23%|       | 31/132 [1:09:46<3:23:38, 120.97s/it]
Running Experiments:  24%|       | 32/132 [1:16:58<5:57:19, 214.40s/it]
Running Experiments:  25%|       | 33/132 [1:18:37<4:56:35, 179.76s/it]
Running Experiments:  26%|       | 34/132 [1:24:45<6:25:45, 236.18s/it]
Running Experiments:  27%|       | 35/132 [1:24:48<4:28:47, 166.27s/it]
Running Experiments:  27%|       | 36/132 [1:27:43<4:30:18, 168.95s/it]
Running Experiments:  28%|       | 37/132 [1:28:23<3:26:05, 130.16s/it]
Running Experiments:  29%|       | 38/132 [1:29:38<2:57:54, 113.56s/it]
Running Experiments:  30%|       | 39/132 [1:30:43<2:33:36, 99.10s/it] 
Running Experiments:  30%|       | 40/132 [1:32:05<2:24:03, 93.96s/it]
Running Experiments:  31%|       | 41/132 [1:32:14<1:44:00, 68.57s/it]
Running Experiments:  32%|      | 42/132 [1:32:21<1:14:54, 49.93s/it]
Running Experiments:  33%|      | 43/132 [1:32:46<1:03:11, 42.60s/it]
Running Experiments:  33%|      | 44/132 [1:38:49<3:23:15, 138.58s/it]
Running Experiments:  34%|      | 45/132 [1:41:44<3:36:56, 149.62s/it]
Running Experiments:  35%|      | 46/132 [1:43:04<3:04:30, 128.72s/it]
Running Experiments:  36%|      | 47/132 [1:48:17<4:20:49, 184.11s/it]
Running Experiments:  36%|      | 48/132 [1:52:00<4:33:44, 195.53s/it]
Running Experiments:  37%|      | 49/132 [1:55:52<4:45:39, 206.50s/it]
Running Experiments:  38%|      | 50/132 [1:56:51<3:41:53, 162.36s/it]
Running Experiments:  39%|      | 51/132 [1:59:10<3:29:40, 155.31s/it]
Running Experiments:  39%|      | 52/132 [2:02:46<3:51:18, 173.48s/it]
Running Experiments:  40%|      | 53/132 [2:07:40<4:36:06, 209.71s/it]
Running Experiments:  41%|      | 54/132 [2:08:17<3:25:17, 157.92s/it]
Running Experiments:  42%|     | 55/132 [2:13:39<4:25:49, 207.14s/it]
Running Experiments:  42%|     | 56/132 [2:14:06<3:13:50, 153.03s/it]
Running Experiments:  43%|     | 57/132 [2:15:49<2:52:40, 138.13s/it]
Running Experiments:  44%|     | 58/132 [2:21:11<3:58:22, 193.27s/it]
Running Experiments:  45%|     | 59/132 [2:21:27<2:50:18, 139.98s/it]
Running Experiments:  45%|     | 60/132 [2:23:20<2:38:29, 132.08s/it]
Running Experiments:  46%|     | 61/132 [2:28:20<3:35:52, 182.43s/it]
Running Experiments:  47%|     | 62/132 [2:28:33<2:33:26, 131.53s/it]
Running Experiments:  48%|     | 63/132 [2:33:55<3:36:54, 188.61s/it]
Running Experiments:  48%|     | 64/132 [2:34:38<2:44:14, 144.91s/it]
Running Experiments:  49%|     | 65/132 [2:38:57<3:20:02, 179.14s/it]
Running Experiments:  50%|     | 66/132 [2:40:55<2:56:55, 160.85s/it]
Running Experiments:  51%|     | 67/132 [2:44:33<3:12:44, 177.91s/it]
Running Experiments:  52%|    | 68/132 [2:49:42<3:51:56, 217.44s/it]
Running Experiments:  52%|    | 69/132 [2:53:42<3:55:22, 224.17s/it]
Running Experiments:  54%|    | 71/132 [2:54:12<2:09:34, 127.44s/it]
Running Experiments:  55%|    | 72/132 [2:59:22<2:52:45, 172.76s/it]
Running Experiments:  55%|    | 73/132 [3:01:09<2:32:54, 155.50s/it]
Running Experiments:  56%|    | 74/132 [3:02:41<2:13:48, 138.41s/it]
Running Experiments:  57%|    | 75/132 [3:02:47<1:36:21, 101.43s/it]
Running Experiments:  58%|    | 76/132 [3:03:14<1:14:35, 79.92s/it] 
Running Experiments:  58%|    | 77/132 [3:08:32<2:16:34, 149.00s/it]
Running Experiments:  59%|    | 78/132 [3:12:38<2:39:36, 177.34s/it]
Running Experiments:  60%|    | 79/132 [3:13:15<2:00:05, 135.96s/it]
Running Experiments:  61%|    | 80/132 [3:13:48<1:31:34, 105.66s/it]
Running Experiments:  61%|   | 81/132 [3:14:00<1:06:01, 77.67s/it] 
Running Experiments:  62%|   | 82/132 [3:14:12<48:29, 58.19s/it]  
Running Experiments:  63%|   | 83/132 [3:14:22<35:34, 43.57s/it]
Running Experiments:  64%|   | 84/132 [3:14:40<28:53, 36.11s/it]
Running Experiments:  64%|   | 85/132 [3:18:58<1:20:21, 102.59s/it]
Running Experiments:  65%|   | 86/132 [3:19:17<59:24, 77.48s/it]   
Running Experiments:  66%|   | 87/132 [3:21:58<1:16:56, 102.58s/it]
Running Experiments:  67%|   | 88/132 [3:26:28<1:51:58, 152.69s/it]
Running Experiments:  67%|   | 89/132 [3:31:35<2:22:30, 198.85s/it]
Running Experiments:  68%|   | 90/132 [3:31:43<1:39:06, 141.57s/it]
Running Experiments:  69%|   | 91/132 [3:36:11<2:02:37, 179.46s/it]
Running Experiments:  70%|   | 92/132 [3:41:16<2:24:48, 217.21s/it]
Running Experiments:  70%|   | 93/132 [3:41:47<1:44:57, 161.48s/it]
Running Experiments:  71%|   | 94/132 [3:43:13<1:27:53, 138.78s/it]
Running Experiments:  72%|  | 95/132 [3:45:04<1:20:21, 130.31s/it]
Running Experiments:  73%|  | 96/132 [3:50:22<1:52:04, 186.78s/it]
Running Experiments:  73%|  | 97/132 [3:53:38<1:50:28, 189.39s/it]
Running Experiments:  74%|  | 98/132 [3:54:20<1:22:18, 145.25s/it]
Running Experiments:  75%|  | 99/132 [3:57:36<1:28:18, 160.56s/it]
Running Experiments:  76%|  | 100/132 [3:59:18<1:16:13, 142.91s/it]
Running Experiments:  77%|  | 101/132 [4:00:28<1:02:30, 120.98s/it]
Running Experiments:  77%|  | 102/132 [4:02:09<57:31, 115.04s/it]  
Running Experiments:  78%|  | 103/132 [4:04:06<55:55, 115.72s/it]
Running Experiments:  79%|  | 104/132 [4:04:09<38:13, 81.93s/it] 
Running Experiments:  80%|  | 105/132 [4:05:28<36:24, 80.89s/it]
Running Experiments:  80%|  | 106/132 [4:07:18<38:55, 89.83s/it]
Running Experiments:  81%|  | 107/132 [4:09:56<45:55, 110.22s/it]
Running Experiments:  82%| | 108/132 [4:15:01<1:07:23, 168.46s/it]
Running Experiments:  83%| | 109/132 [4:15:11<46:27, 121.18s/it]  
Running Experiments:  83%| | 110/132 [4:15:35<33:42, 91.94s/it] 
Running Experiments:  84%| | 111/132 [4:15:42<23:17, 66.56s/it]
Running Experiments:  85%| | 112/132 [4:15:54<16:43, 50.15s/it]
Running Experiments:  86%| | 113/132 [4:21:11<41:11, 130.06s/it]
Running Experiments:  86%| | 114/132 [4:22:00<31:44, 105.81s/it]
Running Experiments:  87%| | 115/132 [4:22:59<26:01, 91.88s/it] 
Running Experiments:  88%| | 116/132 [4:24:24<23:52, 89.54s/it]
Running Experiments:  89%| | 117/132 [4:24:33<16:21, 65.44s/it]
Running Experiments:  89%| | 118/132 [4:30:15<34:37, 148.36s/it]
Running Experiments:  90%| | 119/132 [4:31:26<27:06, 125.15s/it]
Running Experiments:  91%| | 120/132 [4:32:37<21:48, 109.01s/it]
Running Experiments:  92%|| 121/132 [4:33:32<17:00, 92.78s/it] 
Running Experiments:  92%|| 122/132 [4:34:59<15:09, 90.97s/it]
Running Experiments:  93%|| 123/132 [4:36:08<12:40, 84.52s/it]
Running Experiments:  94%|| 124/132 [4:37:51<12:00, 90.02s/it]
Running Experiments:  95%|| 125/132 [4:40:25<12:43, 109.13s/it]
Running Experiments:  95%|| 126/132 [4:41:21<09:19, 93.22s/it] 
Running Experiments:  96%|| 127/132 [4:41:25<05:32, 66.41s/it]
Running Experiments:  97%|| 128/132 [4:46:24<09:05, 136.43s/it]
Running Experiments:  98%|| 129/132 [4:47:22<05:38, 112.86s/it]
Running Experiments:  98%|| 130/132 [4:48:27<03:16, 98.41s/it] 
Running Experiments:  99%|| 131/132 [4:53:33<02:40, 160.58s/it]
Running Experiments: 100%|| 132/132 [4:58:34<00:00, 202.72s/it]
Running Experiments: 100%|| 132/132 [4:58:34<00:00, 135.71s/it]

2025-08-30 22:25:45,101 - INFO - --- Step Succeeded: /home/topcuoglu/miniconda3/envs/orh/bin/python src/06_recombinhunt/run_recombinhunt.py --virus sars-cov-2 --config config/config.yaml ---
2025-08-30 22:25:45,101 - INFO - ================== PIPELINE FOR SARS-COV-2 FINISHED ==================


