2025-07-29 11:34:51,171 - INFO - Logging initialized. Log file at: logs/20250729_113451_yellow-fever_06_run_recombinhunt.log
2025-07-29 11:34:51,171 - INFO - --- Starting Step 6: Run RecombinHunt for 'yellow-fever' ---
2025-07-29 11:34:51,171 - INFO - Loading RecombinHunt environment from: environments/yellow-fever/dist3size10
2025-07-29 11:34:52,357 - INFO - Loading lineage totals from 'samples/yellow-fever/dist3size10/samples_total.json'
2025-07-29 11:34:52,366 - INFO - Found 3 sample files in 'samples/yellow-fever/dist3size10'.
2025-07-29 11:34:52,489 - INFO -   Lineage 'A.1.NmC2', Mode 'all': Processing all 193 samples.
2025-07-29 11:34:57,515 - INFO -   Lineage 'A.1.NmC1', Mode 'all': Processing all 380 samples.
2025-07-29 11:34:59,038 - ERROR -   Error on one sample in lineage A.1.NmC1: 'CaseAnalysis' object has no attribute 'save_case_report'
Traceback (most recent call last):
  File "/home/topcuoglu/openrecombinhunt/src/06_recombinhunt/run_recombinhunt.py", line 196, in run_recombinhunt_for_lineage
    ca.save_case_report(case_report_folder)
AttributeError: 'CaseAnalysis' object has no attribute 'save_case_report'
2025-07-29 11:35:02,635 - ERROR -   Error on one sample in lineage A.1.NmC1: 'CaseAnalysis' object has no attribute 'save_case_report'
Traceback (most recent call last):
  File "/home/topcuoglu/openrecombinhunt/src/06_recombinhunt/run_recombinhunt.py", line 196, in run_recombinhunt_for_lineage
    ca.save_case_report(case_report_folder)
AttributeError: 'CaseAnalysis' object has no attribute 'save_case_report'
2025-07-29 11:35:03,222 - ERROR -   Error on one sample in lineage A.1.NmC1: 'CaseAnalysis' object has no attribute 'save_case_report'
Traceback (most recent call last):
  File "/home/topcuoglu/openrecombinhunt/src/06_recombinhunt/run_recombinhunt.py", line 196, in run_recombinhunt_for_lineage
    ca.save_case_report(case_report_folder)
AttributeError: 'CaseAnalysis' object has no attribute 'save_case_report'
2025-07-29 11:35:05,344 - ERROR -   Error on one sample in lineage A.1.NmC1: 'CaseAnalysis' object has no attribute 'save_case_report'
Traceback (most recent call last):
  File "/home/topcuoglu/openrecombinhunt/src/06_recombinhunt/run_recombinhunt.py", line 196, in run_recombinhunt_for_lineage
    ca.save_case_report(case_report_folder)
AttributeError: 'CaseAnalysis' object has no attribute 'save_case_report'
2025-07-29 11:35:05,784 - ERROR -   Error on one sample in lineage A.1.NmC1: 'CaseAnalysis' object has no attribute 'save_case_report'
Traceback (most recent call last):
  File "/home/topcuoglu/openrecombinhunt/src/06_recombinhunt/run_recombinhunt.py", line 196, in run_recombinhunt_for_lineage
    ca.save_case_report(case_report_folder)
AttributeError: 'CaseAnalysis' object has no attribute 'save_case_report'
2025-07-29 11:35:06,358 - ERROR -   Error on one sample in lineage A.1.NmC1: 'CaseAnalysis' object has no attribute 'save_case_report'
Traceback (most recent call last):
  File "/home/topcuoglu/openrecombinhunt/src/06_recombinhunt/run_recombinhunt.py", line 196, in run_recombinhunt_for_lineage
    ca.save_case_report(case_report_folder)
AttributeError: 'CaseAnalysis' object has no attribute 'save_case_report'
2025-07-29 11:35:06,441 - ERROR -   Error on one sample in lineage A.1.NmC1: 'CaseAnalysis' object has no attribute 'save_case_report'
Traceback (most recent call last):
  File "/home/topcuoglu/openrecombinhunt/src/06_recombinhunt/run_recombinhunt.py", line 196, in run_recombinhunt_for_lineage
    ca.save_case_report(case_report_folder)
AttributeError: 'CaseAnalysis' object has no attribute 'save_case_report'
2025-07-29 11:35:06,552 - ERROR -   Error on one sample in lineage A.1.NmC1: 'CaseAnalysis' object has no attribute 'save_case_report'
Traceback (most recent call last):
  File "/home/topcuoglu/openrecombinhunt/src/06_recombinhunt/run_recombinhunt.py", line 196, in run_recombinhunt_for_lineage
    ca.save_case_report(case_report_folder)
AttributeError: 'CaseAnalysis' object has no attribute 'save_case_report'
2025-07-29 11:35:06,721 - ERROR -   Error on one sample in lineage A.1.NmC1: 'CaseAnalysis' object has no attribute 'save_case_report'
Traceback (most recent call last):
  File "/home/topcuoglu/openrecombinhunt/src/06_recombinhunt/run_recombinhunt.py", line 196, in run_recombinhunt_for_lineage
    ca.save_case_report(case_report_folder)
AttributeError: 'CaseAnalysis' object has no attribute 'save_case_report'
2025-07-29 11:35:06,977 - ERROR -   Error on one sample in lineage A.1.NmC1: 'CaseAnalysis' object has no attribute 'save_case_report'
Traceback (most recent call last):
  File "/home/topcuoglu/openrecombinhunt/src/06_recombinhunt/run_recombinhunt.py", line 196, in run_recombinhunt_for_lineage
    ca.save_case_report(case_report_folder)
AttributeError: 'CaseAnalysis' object has no attribute 'save_case_report'
2025-07-29 11:35:07,057 - ERROR -   Error on one sample in lineage A.1.NmC1: 'CaseAnalysis' object has no attribute 'save_case_report'
Traceback (most recent call last):
  File "/home/topcuoglu/openrecombinhunt/src/06_recombinhunt/run_recombinhunt.py", line 196, in run_recombinhunt_for_lineage
    ca.save_case_report(case_report_folder)
AttributeError: 'CaseAnalysis' object has no attribute 'save_case_report'
2025-07-29 11:35:07,187 - ERROR -   Error on one sample in lineage A.1.NmC1: 'CaseAnalysis' object has no attribute 'save_case_report'
Traceback (most recent call last):
  File "/home/topcuoglu/openrecombinhunt/src/06_recombinhunt/run_recombinhunt.py", line 196, in run_recombinhunt_for_lineage
    ca.save_case_report(case_report_folder)
AttributeError: 'CaseAnalysis' object has no attribute 'save_case_report'
2025-07-29 11:35:07,321 - ERROR -   Error on one sample in lineage A.1.NmC1: 'CaseAnalysis' object has no attribute 'save_case_report'
Traceback (most recent call last):
  File "/home/topcuoglu/openrecombinhunt/src/06_recombinhunt/run_recombinhunt.py", line 196, in run_recombinhunt_for_lineage
    ca.save_case_report(case_report_folder)
AttributeError: 'CaseAnalysis' object has no attribute 'save_case_report'
2025-07-29 11:35:07,911 - ERROR -   Error on one sample in lineage A.1.NmC1: 'CaseAnalysis' object has no attribute 'save_case_report'
Traceback (most recent call last):
  File "/home/topcuoglu/openrecombinhunt/src/06_recombinhunt/run_recombinhunt.py", line 196, in run_recombinhunt_for_lineage
    ca.save_case_report(case_report_folder)
AttributeError: 'CaseAnalysis' object has no attribute 'save_case_report'
2025-07-29 11:35:08,607 - ERROR -   Error on one sample in lineage A.1.NmC1: 'CaseAnalysis' object has no attribute 'save_case_report'
Traceback (most recent call last):
  File "/home/topcuoglu/openrecombinhunt/src/06_recombinhunt/run_recombinhunt.py", line 196, in run_recombinhunt_for_lineage
    ca.save_case_report(case_report_folder)
AttributeError: 'CaseAnalysis' object has no attribute 'save_case_report'
2025-07-29 11:35:09,008 - ERROR -   Error on one sample in lineage A.1.NmC1: 'CaseAnalysis' object has no attribute 'save_case_report'
Traceback (most recent call last):
  File "/home/topcuoglu/openrecombinhunt/src/06_recombinhunt/run_recombinhunt.py", line 196, in run_recombinhunt_for_lineage
    ca.save_case_report(case_report_folder)
AttributeError: 'CaseAnalysis' object has no attribute 'save_case_report'
2025-07-29 11:35:09,141 - ERROR -   Error on one sample in lineage A.1.NmC1: 'CaseAnalysis' object has no attribute 'save_case_report'
Traceback (most recent call last):
  File "/home/topcuoglu/openrecombinhunt/src/06_recombinhunt/run_recombinhunt.py", line 196, in run_recombinhunt_for_lineage
    ca.save_case_report(case_report_folder)
AttributeError: 'CaseAnalysis' object has no attribute 'save_case_report'
2025-07-29 11:35:09,223 - ERROR -   Error on one sample in lineage A.1.NmC1: 'CaseAnalysis' object has no attribute 'save_case_report'
Traceback (most recent call last):
  File "/home/topcuoglu/openrecombinhunt/src/06_recombinhunt/run_recombinhunt.py", line 196, in run_recombinhunt_for_lineage
    ca.save_case_report(case_report_folder)
AttributeError: 'CaseAnalysis' object has no attribute 'save_case_report'
2025-07-29 11:35:09,292 - ERROR -   Error on one sample in lineage A.1.NmC1: 'CaseAnalysis' object has no attribute 'save_case_report'
Traceback (most recent call last):
  File "/home/topcuoglu/openrecombinhunt/src/06_recombinhunt/run_recombinhunt.py", line 196, in run_recombinhunt_for_lineage
    ca.save_case_report(case_report_folder)
AttributeError: 'CaseAnalysis' object has no attribute 'save_case_report'
2025-07-29 11:35:09,435 - ERROR -   Error on one sample in lineage A.1.NmC1: 'CaseAnalysis' object has no attribute 'save_case_report'
Traceback (most recent call last):
  File "/home/topcuoglu/openrecombinhunt/src/06_recombinhunt/run_recombinhunt.py", line 196, in run_recombinhunt_for_lineage
    ca.save_case_report(case_report_folder)
AttributeError: 'CaseAnalysis' object has no attribute 'save_case_report'
2025-07-29 11:35:09,642 - INFO -   Lineage 'A.1', Mode 'all': Processing all 836 samples.
2025-07-29 11:35:10,625 - ERROR -   Error on one sample in lineage A.1: 'CaseAnalysis' object has no attribute 'save_case_report'
Traceback (most recent call last):
  File "/home/topcuoglu/openrecombinhunt/src/06_recombinhunt/run_recombinhunt.py", line 196, in run_recombinhunt_for_lineage
    ca.save_case_report(case_report_folder)
AttributeError: 'CaseAnalysis' object has no attribute 'save_case_report'
2025-07-29 11:35:10,821 - ERROR -   Error on one sample in lineage A.1: 'CaseAnalysis' object has no attribute 'save_case_report'
Traceback (most recent call last):
  File "/home/topcuoglu/openrecombinhunt/src/06_recombinhunt/run_recombinhunt.py", line 196, in run_recombinhunt_for_lineage
    ca.save_case_report(case_report_folder)
AttributeError: 'CaseAnalysis' object has no attribute 'save_case_report'
2025-07-29 11:35:11,118 - ERROR -   Error on one sample in lineage A.1: 'CaseAnalysis' object has no attribute 'save_case_report'
Traceback (most recent call last):
  File "/home/topcuoglu/openrecombinhunt/src/06_recombinhunt/run_recombinhunt.py", line 196, in run_recombinhunt_for_lineage
    ca.save_case_report(case_report_folder)
AttributeError: 'CaseAnalysis' object has no attribute 'save_case_report'
2025-07-29 11:35:11,798 - ERROR -   Error on one sample in lineage A.1: 'CaseAnalysis' object has no attribute 'save_case_report'
Traceback (most recent call last):
  File "/home/topcuoglu/openrecombinhunt/src/06_recombinhunt/run_recombinhunt.py", line 196, in run_recombinhunt_for_lineage
    ca.save_case_report(case_report_folder)
AttributeError: 'CaseAnalysis' object has no attribute 'save_case_report'
2025-07-29 11:35:11,950 - ERROR -   Error on one sample in lineage A.1: 'CaseAnalysis' object has no attribute 'save_case_report'
Traceback (most recent call last):
  File "/home/topcuoglu/openrecombinhunt/src/06_recombinhunt/run_recombinhunt.py", line 196, in run_recombinhunt_for_lineage
    ca.save_case_report(case_report_folder)
AttributeError: 'CaseAnalysis' object has no attribute 'save_case_report'
2025-07-29 11:35:12,792 - ERROR -   Error on one sample in lineage A.1: 'CaseAnalysis' object has no attribute 'save_case_report'
Traceback (most recent call last):
  File "/home/topcuoglu/openrecombinhunt/src/06_recombinhunt/run_recombinhunt.py", line 196, in run_recombinhunt_for_lineage
    ca.save_case_report(case_report_folder)
AttributeError: 'CaseAnalysis' object has no attribute 'save_case_report'
2025-07-29 11:35:12,884 - ERROR -   Error on one sample in lineage A.1: 'CaseAnalysis' object has no attribute 'save_case_report'
Traceback (most recent call last):
  File "/home/topcuoglu/openrecombinhunt/src/06_recombinhunt/run_recombinhunt.py", line 196, in run_recombinhunt_for_lineage
    ca.save_case_report(case_report_folder)
AttributeError: 'CaseAnalysis' object has no attribute 'save_case_report'
2025-07-29 11:35:13,168 - ERROR -   Error on one sample in lineage A.1: 'CaseAnalysis' object has no attribute 'save_case_report'
Traceback (most recent call last):
  File "/home/topcuoglu/openrecombinhunt/src/06_recombinhunt/run_recombinhunt.py", line 196, in run_recombinhunt_for_lineage
    ca.save_case_report(case_report_folder)
AttributeError: 'CaseAnalysis' object has no attribute 'save_case_report'
2025-07-29 11:35:14,407 - ERROR -   Error on one sample in lineage A.1: 'CaseAnalysis' object has no attribute 'save_case_report'
Traceback (most recent call last):
  File "/home/topcuoglu/openrecombinhunt/src/06_recombinhunt/run_recombinhunt.py", line 196, in run_recombinhunt_for_lineage
    ca.save_case_report(case_report_folder)
AttributeError: 'CaseAnalysis' object has no attribute 'save_case_report'
2025-07-29 11:35:14,547 - ERROR -   Error on one sample in lineage A.1: 'CaseAnalysis' object has no attribute 'save_case_report'
Traceback (most recent call last):
  File "/home/topcuoglu/openrecombinhunt/src/06_recombinhunt/run_recombinhunt.py", line 196, in run_recombinhunt_for_lineage
    ca.save_case_report(case_report_folder)
AttributeError: 'CaseAnalysis' object has no attribute 'save_case_report'
2025-07-29 11:35:14,712 - ERROR -   Error on one sample in lineage A.1: 'CaseAnalysis' object has no attribute 'save_case_report'
Traceback (most recent call last):
  File "/home/topcuoglu/openrecombinhunt/src/06_recombinhunt/run_recombinhunt.py", line 196, in run_recombinhunt_for_lineage
    ca.save_case_report(case_report_folder)
AttributeError: 'CaseAnalysis' object has no attribute 'save_case_report'
2025-07-29 11:35:14,891 - ERROR -   Error on one sample in lineage A.1: 'CaseAnalysis' object has no attribute 'save_case_report'
Traceback (most recent call last):
  File "/home/topcuoglu/openrecombinhunt/src/06_recombinhunt/run_recombinhunt.py", line 196, in run_recombinhunt_for_lineage
    ca.save_case_report(case_report_folder)
AttributeError: 'CaseAnalysis' object has no attribute 'save_case_report'
2025-07-29 11:35:15,184 - ERROR -   Error on one sample in lineage A.1: 'CaseAnalysis' object has no attribute 'save_case_report'
Traceback (most recent call last):
  File "/home/topcuoglu/openrecombinhunt/src/06_recombinhunt/run_recombinhunt.py", line 196, in run_recombinhunt_for_lineage
    ca.save_case_report(case_report_folder)
AttributeError: 'CaseAnalysis' object has no attribute 'save_case_report'
2025-07-29 11:35:15,655 - ERROR -   Error on one sample in lineage A.1: 'CaseAnalysis' object has no attribute 'save_case_report'
Traceback (most recent call last):
  File "/home/topcuoglu/openrecombinhunt/src/06_recombinhunt/run_recombinhunt.py", line 196, in run_recombinhunt_for_lineage
    ca.save_case_report(case_report_folder)
AttributeError: 'CaseAnalysis' object has no attribute 'save_case_report'
2025-07-29 11:35:16,460 - ERROR -   Error on one sample in lineage A.1: 'CaseAnalysis' object has no attribute 'save_case_report'
Traceback (most recent call last):
  File "/home/topcuoglu/openrecombinhunt/src/06_recombinhunt/run_recombinhunt.py", line 196, in run_recombinhunt_for_lineage
    ca.save_case_report(case_report_folder)
AttributeError: 'CaseAnalysis' object has no attribute 'save_case_report'
2025-07-29 11:35:16,528 - ERROR -   Error on one sample in lineage A.1: 'CaseAnalysis' object has no attribute 'save_case_report'
Traceback (most recent call last):
  File "/home/topcuoglu/openrecombinhunt/src/06_recombinhunt/run_recombinhunt.py", line 196, in run_recombinhunt_for_lineage
    ca.save_case_report(case_report_folder)
AttributeError: 'CaseAnalysis' object has no attribute 'save_case_report'
2025-07-29 11:35:16,926 - ERROR -   Error on one sample in lineage A.1: 'CaseAnalysis' object has no attribute 'save_case_report'
Traceback (most recent call last):
  File "/home/topcuoglu/openrecombinhunt/src/06_recombinhunt/run_recombinhunt.py", line 196, in run_recombinhunt_for_lineage
    ca.save_case_report(case_report_folder)
AttributeError: 'CaseAnalysis' object has no attribute 'save_case_report'
2025-07-29 11:35:17,018 - ERROR -   Error on one sample in lineage A.1: 'CaseAnalysis' object has no attribute 'save_case_report'
Traceback (most recent call last):
  File "/home/topcuoglu/openrecombinhunt/src/06_recombinhunt/run_recombinhunt.py", line 196, in run_recombinhunt_for_lineage
    ca.save_case_report(case_report_folder)
AttributeError: 'CaseAnalysis' object has no attribute 'save_case_report'
2025-07-29 11:35:17,103 - ERROR -   Error on one sample in lineage A.1: 'CaseAnalysis' object has no attribute 'save_case_report'
Traceback (most recent call last):
  File "/home/topcuoglu/openrecombinhunt/src/06_recombinhunt/run_recombinhunt.py", line 196, in run_recombinhunt_for_lineage
    ca.save_case_report(case_report_folder)
AttributeError: 'CaseAnalysis' object has no attribute 'save_case_report'
2025-07-29 11:35:18,072 - ERROR -   Error on one sample in lineage A.1: 'CaseAnalysis' object has no attribute 'save_case_report'
Traceback (most recent call last):
  File "/home/topcuoglu/openrecombinhunt/src/06_recombinhunt/run_recombinhunt.py", line 196, in run_recombinhunt_for_lineage
    ca.save_case_report(case_report_folder)
AttributeError: 'CaseAnalysis' object has no attribute 'save_case_report'
2025-07-29 11:35:18,194 - ERROR -   Error on one sample in lineage A.1: 'CaseAnalysis' object has no attribute 'save_case_report'
Traceback (most recent call last):
  File "/home/topcuoglu/openrecombinhunt/src/06_recombinhunt/run_recombinhunt.py", line 196, in run_recombinhunt_for_lineage
    ca.save_case_report(case_report_folder)
AttributeError: 'CaseAnalysis' object has no attribute 'save_case_report'
2025-07-29 11:35:18,313 - ERROR -   Error on one sample in lineage A.1: 'CaseAnalysis' object has no attribute 'save_case_report'
Traceback (most recent call last):
  File "/home/topcuoglu/openrecombinhunt/src/06_recombinhunt/run_recombinhunt.py", line 196, in run_recombinhunt_for_lineage
    ca.save_case_report(case_report_folder)
AttributeError: 'CaseAnalysis' object has no attribute 'save_case_report'
2025-07-29 11:35:18,417 - ERROR -   Error on one sample in lineage A.1: 'CaseAnalysis' object has no attribute 'save_case_report'
Traceback (most recent call last):
  File "/home/topcuoglu/openrecombinhunt/src/06_recombinhunt/run_recombinhunt.py", line 196, in run_recombinhunt_for_lineage
    ca.save_case_report(case_report_folder)
AttributeError: 'CaseAnalysis' object has no attribute 'save_case_report'
2025-07-29 11:35:18,586 - ERROR -   Error on one sample in lineage A.1: 'CaseAnalysis' object has no attribute 'save_case_report'
Traceback (most recent call last):
  File "/home/topcuoglu/openrecombinhunt/src/06_recombinhunt/run_recombinhunt.py", line 196, in run_recombinhunt_for_lineage
    ca.save_case_report(case_report_folder)
AttributeError: 'CaseAnalysis' object has no attribute 'save_case_report'
2025-07-29 11:35:19,008 - ERROR -   Error on one sample in lineage A.1: 'CaseAnalysis' object has no attribute 'save_case_report'
Traceback (most recent call last):
  File "/home/topcuoglu/openrecombinhunt/src/06_recombinhunt/run_recombinhunt.py", line 196, in run_recombinhunt_for_lineage
    ca.save_case_report(case_report_folder)
AttributeError: 'CaseAnalysis' object has no attribute 'save_case_report'
2025-07-29 11:35:19,127 - ERROR -   Error on one sample in lineage A.1: 'CaseAnalysis' object has no attribute 'save_case_report'
Traceback (most recent call last):
  File "/home/topcuoglu/openrecombinhunt/src/06_recombinhunt/run_recombinhunt.py", line 196, in run_recombinhunt_for_lineage
    ca.save_case_report(case_report_folder)
AttributeError: 'CaseAnalysis' object has no attribute 'save_case_report'
2025-07-29 11:35:19,221 - ERROR -   Error on one sample in lineage A.1: 'CaseAnalysis' object has no attribute 'save_case_report'
Traceback (most recent call last):
  File "/home/topcuoglu/openrecombinhunt/src/06_recombinhunt/run_recombinhunt.py", line 196, in run_recombinhunt_for_lineage
    ca.save_case_report(case_report_folder)
AttributeError: 'CaseAnalysis' object has no attribute 'save_case_report'
2025-07-29 11:35:19,291 - ERROR -   Error on one sample in lineage A.1: 'CaseAnalysis' object has no attribute 'save_case_report'
Traceback (most recent call last):
  File "/home/topcuoglu/openrecombinhunt/src/06_recombinhunt/run_recombinhunt.py", line 196, in run_recombinhunt_for_lineage
    ca.save_case_report(case_report_folder)
AttributeError: 'CaseAnalysis' object has no attribute 'save_case_report'
2025-07-29 11:35:19,562 - ERROR -   Error on one sample in lineage A.1: 'CaseAnalysis' object has no attribute 'save_case_report'
Traceback (most recent call last):
  File "/home/topcuoglu/openrecombinhunt/src/06_recombinhunt/run_recombinhunt.py", line 196, in run_recombinhunt_for_lineage
    ca.save_case_report(case_report_folder)
AttributeError: 'CaseAnalysis' object has no attribute 'save_case_report'
2025-07-29 11:35:19,802 - ERROR -   Error on one sample in lineage A.1: 'CaseAnalysis' object has no attribute 'save_case_report'
Traceback (most recent call last):
  File "/home/topcuoglu/openrecombinhunt/src/06_recombinhunt/run_recombinhunt.py", line 196, in run_recombinhunt_for_lineage
    ca.save_case_report(case_report_folder)
AttributeError: 'CaseAnalysis' object has no attribute 'save_case_report'
2025-07-29 11:35:20,245 - ERROR -   Error on one sample in lineage A.1: 'CaseAnalysis' object has no attribute 'save_case_report'
Traceback (most recent call last):
  File "/home/topcuoglu/openrecombinhunt/src/06_recombinhunt/run_recombinhunt.py", line 196, in run_recombinhunt_for_lineage
    ca.save_case_report(case_report_folder)
AttributeError: 'CaseAnalysis' object has no attribute 'save_case_report'
2025-07-29 11:35:20,270 - WARNING - Gap made of only target mutations (How can it be? It's an almost impossible condition). Target mutation that minimizes the loss has been assigned to the right region).
2025-07-29 11:35:20,314 - ERROR -   Error on one sample in lineage A.1: 'CaseAnalysis' object has no attribute 'save_case_report'
Traceback (most recent call last):
  File "/home/topcuoglu/openrecombinhunt/src/06_recombinhunt/run_recombinhunt.py", line 196, in run_recombinhunt_for_lineage
    ca.save_case_report(case_report_folder)
AttributeError: 'CaseAnalysis' object has no attribute 'save_case_report'
2025-07-29 11:35:20,407 - ERROR -   Error on one sample in lineage A.1: 'CaseAnalysis' object has no attribute 'save_case_report'
Traceback (most recent call last):
  File "/home/topcuoglu/openrecombinhunt/src/06_recombinhunt/run_recombinhunt.py", line 196, in run_recombinhunt_for_lineage
    ca.save_case_report(case_report_folder)
AttributeError: 'CaseAnalysis' object has no attribute 'save_case_report'
2025-07-29 11:35:20,475 - ERROR -   Error on one sample in lineage A.1: 'CaseAnalysis' object has no attribute 'save_case_report'
Traceback (most recent call last):
  File "/home/topcuoglu/openrecombinhunt/src/06_recombinhunt/run_recombinhunt.py", line 196, in run_recombinhunt_for_lineage
    ca.save_case_report(case_report_folder)
AttributeError: 'CaseAnalysis' object has no attribute 'save_case_report'
2025-07-29 11:35:20,783 - ERROR -   Error on one sample in lineage A.1: 'CaseAnalysis' object has no attribute 'save_case_report'
Traceback (most recent call last):
  File "/home/topcuoglu/openrecombinhunt/src/06_recombinhunt/run_recombinhunt.py", line 196, in run_recombinhunt_for_lineage
    ca.save_case_report(case_report_folder)
AttributeError: 'CaseAnalysis' object has no attribute 'save_case_report'
2025-07-29 11:35:21,240 - ERROR -   Error on one sample in lineage A.1: 'CaseAnalysis' object has no attribute 'save_case_report'
Traceback (most recent call last):
  File "/home/topcuoglu/openrecombinhunt/src/06_recombinhunt/run_recombinhunt.py", line 196, in run_recombinhunt_for_lineage
    ca.save_case_report(case_report_folder)
AttributeError: 'CaseAnalysis' object has no attribute 'save_case_report'
2025-07-29 11:35:21,508 - ERROR -   Error on one sample in lineage A.1: 'CaseAnalysis' object has no attribute 'save_case_report'
Traceback (most recent call last):
  File "/home/topcuoglu/openrecombinhunt/src/06_recombinhunt/run_recombinhunt.py", line 196, in run_recombinhunt_for_lineage
    ca.save_case_report(case_report_folder)
AttributeError: 'CaseAnalysis' object has no attribute 'save_case_report'
2025-07-29 11:35:21,829 - WARNING - Gap made of only target mutations (How can it be? It's an almost impossible condition). Target mutation that minimizes the loss has been assigned to the right region).
2025-07-29 11:35:21,873 - ERROR -   Error on one sample in lineage A.1: 'CaseAnalysis' object has no attribute 'save_case_report'
Traceback (most recent call last):
  File "/home/topcuoglu/openrecombinhunt/src/06_recombinhunt/run_recombinhunt.py", line 196, in run_recombinhunt_for_lineage
    ca.save_case_report(case_report_folder)
AttributeError: 'CaseAnalysis' object has no attribute 'save_case_report'
2025-07-29 11:35:21,967 - ERROR -   Error on one sample in lineage A.1: 'CaseAnalysis' object has no attribute 'save_case_report'
Traceback (most recent call last):
  File "/home/topcuoglu/openrecombinhunt/src/06_recombinhunt/run_recombinhunt.py", line 196, in run_recombinhunt_for_lineage
    ca.save_case_report(case_report_folder)
AttributeError: 'CaseAnalysis' object has no attribute 'save_case_report'
2025-07-29 11:35:22,190 - WARNING - Gap made of only target mutations (How can it be? It's an almost impossible condition). Target mutation that minimizes the loss has been assigned to the right region).
2025-07-29 11:35:22,234 - ERROR -   Error on one sample in lineage A.1: 'CaseAnalysis' object has no attribute 'save_case_report'
Traceback (most recent call last):
  File "/home/topcuoglu/openrecombinhunt/src/06_recombinhunt/run_recombinhunt.py", line 196, in run_recombinhunt_for_lineage
    ca.save_case_report(case_report_folder)
AttributeError: 'CaseAnalysis' object has no attribute 'save_case_report'
2025-07-29 11:35:22,679 - ERROR -   Error on one sample in lineage A.1: 'CaseAnalysis' object has no attribute 'save_case_report'
Traceback (most recent call last):
  File "/home/topcuoglu/openrecombinhunt/src/06_recombinhunt/run_recombinhunt.py", line 196, in run_recombinhunt_for_lineage
    ca.save_case_report(case_report_folder)
AttributeError: 'CaseAnalysis' object has no attribute 'save_case_report'
2025-07-29 11:35:22,876 - ERROR -   Error on one sample in lineage A.1: 'CaseAnalysis' object has no attribute 'save_case_report'
Traceback (most recent call last):
  File "/home/topcuoglu/openrecombinhunt/src/06_recombinhunt/run_recombinhunt.py", line 196, in run_recombinhunt_for_lineage
    ca.save_case_report(case_report_folder)
AttributeError: 'CaseAnalysis' object has no attribute 'save_case_report'
2025-07-29 11:35:23,154 - ERROR -   Error on one sample in lineage A.1: 'CaseAnalysis' object has no attribute 'save_case_report'
Traceback (most recent call last):
  File "/home/topcuoglu/openrecombinhunt/src/06_recombinhunt/run_recombinhunt.py", line 196, in run_recombinhunt_for_lineage
    ca.save_case_report(case_report_folder)
AttributeError: 'CaseAnalysis' object has no attribute 'save_case_report'
2025-07-29 11:35:23,223 - ERROR -   Error on one sample in lineage A.1: 'CaseAnalysis' object has no attribute 'save_case_report'
Traceback (most recent call last):
  File "/home/topcuoglu/openrecombinhunt/src/06_recombinhunt/run_recombinhunt.py", line 196, in run_recombinhunt_for_lineage
    ca.save_case_report(case_report_folder)
AttributeError: 'CaseAnalysis' object has no attribute 'save_case_report'
2025-07-29 11:35:23,323 - ERROR -   Error on one sample in lineage A.1: 'CaseAnalysis' object has no attribute 'save_case_report'
Traceback (most recent call last):
  File "/home/topcuoglu/openrecombinhunt/src/06_recombinhunt/run_recombinhunt.py", line 196, in run_recombinhunt_for_lineage
    ca.save_case_report(case_report_folder)
AttributeError: 'CaseAnalysis' object has no attribute 'save_case_report'
2025-07-29 11:35:23,472 - ERROR -   Error on one sample in lineage A.1: 'CaseAnalysis' object has no attribute 'save_case_report'
Traceback (most recent call last):
  File "/home/topcuoglu/openrecombinhunt/src/06_recombinhunt/run_recombinhunt.py", line 196, in run_recombinhunt_for_lineage
    ca.save_case_report(case_report_folder)
AttributeError: 'CaseAnalysis' object has no attribute 'save_case_report'
2025-07-29 11:35:23,686 - ERROR -   Error on one sample in lineage A.1: 'CaseAnalysis' object has no attribute 'save_case_report'
Traceback (most recent call last):
  File "/home/topcuoglu/openrecombinhunt/src/06_recombinhunt/run_recombinhunt.py", line 196, in run_recombinhunt_for_lineage
    ca.save_case_report(case_report_folder)
AttributeError: 'CaseAnalysis' object has no attribute 'save_case_report'
2025-07-29 11:35:23,855 - ERROR -   Error on one sample in lineage A.1: 'CaseAnalysis' object has no attribute 'save_case_report'
Traceback (most recent call last):
  File "/home/topcuoglu/openrecombinhunt/src/06_recombinhunt/run_recombinhunt.py", line 196, in run_recombinhunt_for_lineage
    ca.save_case_report(case_report_folder)
AttributeError: 'CaseAnalysis' object has no attribute 'save_case_report'
2025-07-29 11:35:24,271 - ERROR -   Error on one sample in lineage A.1: 'CaseAnalysis' object has no attribute 'save_case_report'
Traceback (most recent call last):
  File "/home/topcuoglu/openrecombinhunt/src/06_recombinhunt/run_recombinhunt.py", line 196, in run_recombinhunt_for_lineage
    ca.save_case_report(case_report_folder)
AttributeError: 'CaseAnalysis' object has no attribute 'save_case_report'
2025-07-29 11:35:24,586 - ERROR -   Error on one sample in lineage A.1: 'CaseAnalysis' object has no attribute 'save_case_report'
Traceback (most recent call last):
  File "/home/topcuoglu/openrecombinhunt/src/06_recombinhunt/run_recombinhunt.py", line 196, in run_recombinhunt_for_lineage
    ca.save_case_report(case_report_folder)
AttributeError: 'CaseAnalysis' object has no attribute 'save_case_report'
2025-07-29 11:35:25,037 - ERROR -   Error on one sample in lineage A.1: 'CaseAnalysis' object has no attribute 'save_case_report'
Traceback (most recent call last):
  File "/home/topcuoglu/openrecombinhunt/src/06_recombinhunt/run_recombinhunt.py", line 196, in run_recombinhunt_for_lineage
    ca.save_case_report(case_report_folder)
AttributeError: 'CaseAnalysis' object has no attribute 'save_case_report'
2025-07-29 11:35:25,254 - ERROR -   Error on one sample in lineage A.1: 'CaseAnalysis' object has no attribute 'save_case_report'
Traceback (most recent call last):
  File "/home/topcuoglu/openrecombinhunt/src/06_recombinhunt/run_recombinhunt.py", line 196, in run_recombinhunt_for_lineage
    ca.save_case_report(case_report_folder)
AttributeError: 'CaseAnalysis' object has no attribute 'save_case_report'
2025-07-29 11:35:25,448 - ERROR -   Error on one sample in lineage A.1: 'CaseAnalysis' object has no attribute 'save_case_report'
Traceback (most recent call last):
  File "/home/topcuoglu/openrecombinhunt/src/06_recombinhunt/run_recombinhunt.py", line 196, in run_recombinhunt_for_lineage
    ca.save_case_report(case_report_folder)
AttributeError: 'CaseAnalysis' object has no attribute 'save_case_report'
2025-07-29 11:35:25,567 - ERROR -   Error on one sample in lineage A.1: 'CaseAnalysis' object has no attribute 'save_case_report'
Traceback (most recent call last):
  File "/home/topcuoglu/openrecombinhunt/src/06_recombinhunt/run_recombinhunt.py", line 196, in run_recombinhunt_for_lineage
    ca.save_case_report(case_report_folder)
AttributeError: 'CaseAnalysis' object has no attribute 'save_case_report'
2025-07-29 11:35:25,835 - ERROR -   Error on one sample in lineage A.1: 'CaseAnalysis' object has no attribute 'save_case_report'
Traceback (most recent call last):
  File "/home/topcuoglu/openrecombinhunt/src/06_recombinhunt/run_recombinhunt.py", line 196, in run_recombinhunt_for_lineage
    ca.save_case_report(case_report_folder)
AttributeError: 'CaseAnalysis' object has no attribute 'save_case_report'
2025-07-29 11:35:25,978 - ERROR -   Error on one sample in lineage A.1: 'CaseAnalysis' object has no attribute 'save_case_report'
Traceback (most recent call last):
  File "/home/topcuoglu/openrecombinhunt/src/06_recombinhunt/run_recombinhunt.py", line 196, in run_recombinhunt_for_lineage
    ca.save_case_report(case_report_folder)
AttributeError: 'CaseAnalysis' object has no attribute 'save_case_report'
2025-07-29 11:35:26,121 - ERROR -   Error on one sample in lineage A.1: 'CaseAnalysis' object has no attribute 'save_case_report'
Traceback (most recent call last):
  File "/home/topcuoglu/openrecombinhunt/src/06_recombinhunt/run_recombinhunt.py", line 196, in run_recombinhunt_for_lineage
    ca.save_case_report(case_report_folder)
AttributeError: 'CaseAnalysis' object has no attribute 'save_case_report'
2025-07-29 11:35:26,287 - ERROR -   Error on one sample in lineage A.1: 'CaseAnalysis' object has no attribute 'save_case_report'
Traceback (most recent call last):
  File "/home/topcuoglu/openrecombinhunt/src/06_recombinhunt/run_recombinhunt.py", line 196, in run_recombinhunt_for_lineage
    ca.save_case_report(case_report_folder)
AttributeError: 'CaseAnalysis' object has no attribute 'save_case_report'
2025-07-29 11:35:26,654 - WARNING - Gap made of only target mutations (How can it be? It's an almost impossible condition). Target mutation that minimizes the loss has been assigned to the right region).
2025-07-29 11:35:26,700 - ERROR -   Error on one sample in lineage A.1: 'CaseAnalysis' object has no attribute 'save_case_report'
Traceback (most recent call last):
  File "/home/topcuoglu/openrecombinhunt/src/06_recombinhunt/run_recombinhunt.py", line 196, in run_recombinhunt_for_lineage
    ca.save_case_report(case_report_folder)
AttributeError: 'CaseAnalysis' object has no attribute 'save_case_report'
2025-07-29 11:35:26,968 - ERROR -   Error on one sample in lineage A.1: 'CaseAnalysis' object has no attribute 'save_case_report'
Traceback (most recent call last):
  File "/home/topcuoglu/openrecombinhunt/src/06_recombinhunt/run_recombinhunt.py", line 196, in run_recombinhunt_for_lineage
    ca.save_case_report(case_report_folder)
AttributeError: 'CaseAnalysis' object has no attribute 'save_case_report'
2025-07-29 11:35:27,062 - ERROR -   Error on one sample in lineage A.1: 'CaseAnalysis' object has no attribute 'save_case_report'
Traceback (most recent call last):
  File "/home/topcuoglu/openrecombinhunt/src/06_recombinhunt/run_recombinhunt.py", line 196, in run_recombinhunt_for_lineage
    ca.save_case_report(case_report_folder)
AttributeError: 'CaseAnalysis' object has no attribute 'save_case_report'
2025-07-29 11:35:27,236 - WARNING - Gap made of only target mutations (How can it be? It's an almost impossible condition). Target mutation that minimizes the loss has been assigned to the right region).
2025-07-29 11:35:27,280 - ERROR -   Error on one sample in lineage A.1: 'CaseAnalysis' object has no attribute 'save_case_report'
Traceback (most recent call last):
  File "/home/topcuoglu/openrecombinhunt/src/06_recombinhunt/run_recombinhunt.py", line 196, in run_recombinhunt_for_lineage
    ca.save_case_report(case_report_folder)
AttributeError: 'CaseAnalysis' object has no attribute 'save_case_report'
2025-07-29 11:35:27,349 - ERROR -   Error on one sample in lineage A.1: 'CaseAnalysis' object has no attribute 'save_case_report'
Traceback (most recent call last):
  File "/home/topcuoglu/openrecombinhunt/src/06_recombinhunt/run_recombinhunt.py", line 196, in run_recombinhunt_for_lineage
    ca.save_case_report(case_report_folder)
AttributeError: 'CaseAnalysis' object has no attribute 'save_case_report'
2025-07-29 11:35:27,756 - ERROR -   Error on one sample in lineage A.1: 'CaseAnalysis' object has no attribute 'save_case_report'
Traceback (most recent call last):
  File "/home/topcuoglu/openrecombinhunt/src/06_recombinhunt/run_recombinhunt.py", line 196, in run_recombinhunt_for_lineage
    ca.save_case_report(case_report_folder)
AttributeError: 'CaseAnalysis' object has no attribute 'save_case_report'
2025-07-29 11:35:27,825 - ERROR -   Error on one sample in lineage A.1: 'CaseAnalysis' object has no attribute 'save_case_report'
Traceback (most recent call last):
  File "/home/topcuoglu/openrecombinhunt/src/06_recombinhunt/run_recombinhunt.py", line 196, in run_recombinhunt_for_lineage
    ca.save_case_report(case_report_folder)
AttributeError: 'CaseAnalysis' object has no attribute 'save_case_report'
2025-07-29 11:35:27,894 - ERROR -   Error on one sample in lineage A.1: 'CaseAnalysis' object has no attribute 'save_case_report'
Traceback (most recent call last):
  File "/home/topcuoglu/openrecombinhunt/src/06_recombinhunt/run_recombinhunt.py", line 196, in run_recombinhunt_for_lineage
    ca.save_case_report(case_report_folder)
AttributeError: 'CaseAnalysis' object has no attribute 'save_case_report'
2025-07-29 11:35:27,962 - ERROR -   Error on one sample in lineage A.1: 'CaseAnalysis' object has no attribute 'save_case_report'
Traceback (most recent call last):
  File "/home/topcuoglu/openrecombinhunt/src/06_recombinhunt/run_recombinhunt.py", line 196, in run_recombinhunt_for_lineage
    ca.save_case_report(case_report_folder)
AttributeError: 'CaseAnalysis' object has no attribute 'save_case_report'
2025-07-29 11:35:28,080 - ERROR -   Error on one sample in lineage A.1: 'CaseAnalysis' object has no attribute 'save_case_report'
Traceback (most recent call last):
  File "/home/topcuoglu/openrecombinhunt/src/06_recombinhunt/run_recombinhunt.py", line 196, in run_recombinhunt_for_lineage
    ca.save_case_report(case_report_folder)
AttributeError: 'CaseAnalysis' object has no attribute 'save_case_report'
2025-07-29 11:35:28,174 - ERROR -   Error on one sample in lineage A.1: 'CaseAnalysis' object has no attribute 'save_case_report'
Traceback (most recent call last):
  File "/home/topcuoglu/openrecombinhunt/src/06_recombinhunt/run_recombinhunt.py", line 196, in run_recombinhunt_for_lineage
    ca.save_case_report(case_report_folder)
AttributeError: 'CaseAnalysis' object has no attribute 'save_case_report'
2025-07-29 11:35:28,390 - ERROR -   Error on one sample in lineage A.1: 'CaseAnalysis' object has no attribute 'save_case_report'
Traceback (most recent call last):
  File "/home/topcuoglu/openrecombinhunt/src/06_recombinhunt/run_recombinhunt.py", line 196, in run_recombinhunt_for_lineage
    ca.save_case_report(case_report_folder)
AttributeError: 'CaseAnalysis' object has no attribute 'save_case_report'
2025-07-29 11:35:28,515 - ERROR -   Error on one sample in lineage A.1: 'CaseAnalysis' object has no attribute 'save_case_report'
Traceback (most recent call last):
  File "/home/topcuoglu/openrecombinhunt/src/06_recombinhunt/run_recombinhunt.py", line 196, in run_recombinhunt_for_lineage
    ca.save_case_report(case_report_folder)
AttributeError: 'CaseAnalysis' object has no attribute 'save_case_report'
2025-07-29 11:35:28,908 - ERROR -   Error on one sample in lineage A.1: No candidates found searching in both directions.
Traceback (most recent call last):
  File "/home/topcuoglu/openrecombinhunt/src/06_recombinhunt/run_recombinhunt.py", line 163, in run_recombinhunt_for_lineage
    result = experiment.run()
  File "/home/topcuoglu/openrecombinhunt/libs/recombinhunt-cov-7.0.0/src/recombinhunt/core/method.py", line 663, in run
    L1_reg: Region = search_L(self.merged_df, self.p_merged_df, self.change_probabilities, min_target_len=self.MIN_CANDIDATE_REGION_LENGTH, cache=self.cache)
  File "/home/topcuoglu/openrecombinhunt/libs/recombinhunt-cov-7.0.0/src/recombinhunt/core/method.py", line 1035, in search_L
    raise NoCandidatesFound("No candidates found searching in both directions.")
recombinhunt.core.method.NoCandidatesFound: No candidates found searching in both directions.
2025-07-29 11:35:29,567 - ERROR -   Error on one sample in lineage A.1: 'CaseAnalysis' object has no attribute 'save_case_report'
Traceback (most recent call last):
  File "/home/topcuoglu/openrecombinhunt/src/06_recombinhunt/run_recombinhunt.py", line 196, in run_recombinhunt_for_lineage
    ca.save_case_report(case_report_folder)
AttributeError: 'CaseAnalysis' object has no attribute 'save_case_report'
2025-07-29 11:35:29,690 - ERROR -   Error on one sample in lineage A.1: 'CaseAnalysis' object has no attribute 'save_case_report'
Traceback (most recent call last):
  File "/home/topcuoglu/openrecombinhunt/src/06_recombinhunt/run_recombinhunt.py", line 196, in run_recombinhunt_for_lineage
    ca.save_case_report(case_report_folder)
AttributeError: 'CaseAnalysis' object has no attribute 'save_case_report'
2025-07-29 11:35:29,895 - ERROR -   Error on one sample in lineage A.1: 'CaseAnalysis' object has no attribute 'save_case_report'
Traceback (most recent call last):
  File "/home/topcuoglu/openrecombinhunt/src/06_recombinhunt/run_recombinhunt.py", line 196, in run_recombinhunt_for_lineage
    ca.save_case_report(case_report_folder)
AttributeError: 'CaseAnalysis' object has no attribute 'save_case_report'
2025-07-29 11:35:29,984 - ERROR -   Error on one sample in lineage A.1: 'CaseAnalysis' object has no attribute 'save_case_report'
Traceback (most recent call last):
  File "/home/topcuoglu/openrecombinhunt/src/06_recombinhunt/run_recombinhunt.py", line 196, in run_recombinhunt_for_lineage
    ca.save_case_report(case_report_folder)
AttributeError: 'CaseAnalysis' object has no attribute 'save_case_report'
2025-07-29 11:35:30,054 - ERROR -   Error on one sample in lineage A.1: 'CaseAnalysis' object has no attribute 'save_case_report'
Traceback (most recent call last):
  File "/home/topcuoglu/openrecombinhunt/src/06_recombinhunt/run_recombinhunt.py", line 196, in run_recombinhunt_for_lineage
    ca.save_case_report(case_report_folder)
AttributeError: 'CaseAnalysis' object has no attribute 'save_case_report'
2025-07-29 11:35:30,138 - ERROR -   Error on one sample in lineage A.1: 'CaseAnalysis' object has no attribute 'save_case_report'
Traceback (most recent call last):
  File "/home/topcuoglu/openrecombinhunt/src/06_recombinhunt/run_recombinhunt.py", line 196, in run_recombinhunt_for_lineage
    ca.save_case_report(case_report_folder)
AttributeError: 'CaseAnalysis' object has no attribute 'save_case_report'
2025-07-29 11:35:30,223 - ERROR -   Error on one sample in lineage A.1: 'CaseAnalysis' object has no attribute 'save_case_report'
Traceback (most recent call last):
  File "/home/topcuoglu/openrecombinhunt/src/06_recombinhunt/run_recombinhunt.py", line 196, in run_recombinhunt_for_lineage
    ca.save_case_report(case_report_folder)
AttributeError: 'CaseAnalysis' object has no attribute 'save_case_report'
2025-07-29 11:35:30,876 - ERROR -   Error on one sample in lineage A.1: 'CaseAnalysis' object has no attribute 'save_case_report'
Traceback (most recent call last):
  File "/home/topcuoglu/openrecombinhunt/src/06_recombinhunt/run_recombinhunt.py", line 196, in run_recombinhunt_for_lineage
    ca.save_case_report(case_report_folder)
AttributeError: 'CaseAnalysis' object has no attribute 'save_case_report'
2025-07-29 11:35:30,969 - ERROR -   Error on one sample in lineage A.1: 'CaseAnalysis' object has no attribute 'save_case_report'
Traceback (most recent call last):
  File "/home/topcuoglu/openrecombinhunt/src/06_recombinhunt/run_recombinhunt.py", line 196, in run_recombinhunt_for_lineage
    ca.save_case_report(case_report_folder)
AttributeError: 'CaseAnalysis' object has no attribute 'save_case_report'
2025-07-29 11:35:31,041 - ERROR -   Error on one sample in lineage A.1: 'CaseAnalysis' object has no attribute 'save_case_report'
Traceback (most recent call last):
  File "/home/topcuoglu/openrecombinhunt/src/06_recombinhunt/run_recombinhunt.py", line 196, in run_recombinhunt_for_lineage
    ca.save_case_report(case_report_folder)
AttributeError: 'CaseAnalysis' object has no attribute 'save_case_report'
2025-07-29 11:35:31,152 - ERROR -   Error on one sample in lineage A.1: 'CaseAnalysis' object has no attribute 'save_case_report'
Traceback (most recent call last):
  File "/home/topcuoglu/openrecombinhunt/src/06_recombinhunt/run_recombinhunt.py", line 196, in run_recombinhunt_for_lineage
    ca.save_case_report(case_report_folder)
AttributeError: 'CaseAnalysis' object has no attribute 'save_case_report'
2025-07-29 11:35:31,299 - ERROR -   Error on one sample in lineage A.1: 'CaseAnalysis' object has no attribute 'save_case_report'
Traceback (most recent call last):
  File "/home/topcuoglu/openrecombinhunt/src/06_recombinhunt/run_recombinhunt.py", line 196, in run_recombinhunt_for_lineage
    ca.save_case_report(case_report_folder)
AttributeError: 'CaseAnalysis' object has no attribute 'save_case_report'
2025-07-29 11:35:31,382 - ERROR -   Error on one sample in lineage A.1: 'CaseAnalysis' object has no attribute 'save_case_report'
Traceback (most recent call last):
  File "/home/topcuoglu/openrecombinhunt/src/06_recombinhunt/run_recombinhunt.py", line 196, in run_recombinhunt_for_lineage
    ca.save_case_report(case_report_folder)
AttributeError: 'CaseAnalysis' object has no attribute 'save_case_report'
2025-07-29 11:35:31,468 - ERROR -   Error on one sample in lineage A.1: 'CaseAnalysis' object has no attribute 'save_case_report'
Traceback (most recent call last):
  File "/home/topcuoglu/openrecombinhunt/src/06_recombinhunt/run_recombinhunt.py", line 196, in run_recombinhunt_for_lineage
    ca.save_case_report(case_report_folder)
AttributeError: 'CaseAnalysis' object has no attribute 'save_case_report'
2025-07-29 11:35:31,599 - ERROR -   Error on one sample in lineage A.1: 'CaseAnalysis' object has no attribute 'save_case_report'
Traceback (most recent call last):
  File "/home/topcuoglu/openrecombinhunt/src/06_recombinhunt/run_recombinhunt.py", line 196, in run_recombinhunt_for_lineage
    ca.save_case_report(case_report_folder)
AttributeError: 'CaseAnalysis' object has no attribute 'save_case_report'
2025-07-29 11:35:31,671 - ERROR -   Error on one sample in lineage A.1: 'CaseAnalysis' object has no attribute 'save_case_report'
Traceback (most recent call last):
  File "/home/topcuoglu/openrecombinhunt/src/06_recombinhunt/run_recombinhunt.py", line 196, in run_recombinhunt_for_lineage
    ca.save_case_report(case_report_folder)
AttributeError: 'CaseAnalysis' object has no attribute 'save_case_report'
2025-07-29 11:35:31,809 - ERROR -   Error on one sample in lineage A.1: 'CaseAnalysis' object has no attribute 'save_case_report'
Traceback (most recent call last):
  File "/home/topcuoglu/openrecombinhunt/src/06_recombinhunt/run_recombinhunt.py", line 196, in run_recombinhunt_for_lineage
    ca.save_case_report(case_report_folder)
AttributeError: 'CaseAnalysis' object has no attribute 'save_case_report'
2025-07-29 11:35:32,040 - ERROR -   Error on one sample in lineage A.1: 'CaseAnalysis' object has no attribute 'save_case_report'
Traceback (most recent call last):
  File "/home/topcuoglu/openrecombinhunt/src/06_recombinhunt/run_recombinhunt.py", line 196, in run_recombinhunt_for_lineage
    ca.save_case_report(case_report_folder)
AttributeError: 'CaseAnalysis' object has no attribute 'save_case_report'
2025-07-29 11:35:32,052 - ERROR -   Error on one sample in lineage A.1: Reindexing only valid with uniquely valued Index objects
Traceback (most recent call last):
  File "/home/topcuoglu/openrecombinhunt/src/06_recombinhunt/run_recombinhunt.py", line 162, in run_recombinhunt_for_lineage
    experiment.set_target(nuc_change_data_list)
  File "/home/topcuoglu/openrecombinhunt/libs/recombinhunt-cov-7.0.0/src/recombinhunt/core/method.py", line 567, in set_target
    self.merged_df = self.env.make_merged_df(seq_df)
  File "/home/topcuoglu/openrecombinhunt/libs/recombinhunt-cov-7.0.0/src/recombinhunt/core/environment.py", line 104, in make_merged_df
    target_and_not_lc_df = pd.concat([
  File "/home/topcuoglu/.local/lib/python3.10/site-packages/pandas/core/reshape/concat.py", line 393, in concat
    return op.get_result()
  File "/home/topcuoglu/.local/lib/python3.10/site-packages/pandas/core/reshape/concat.py", line 676, in get_result
    indexers[ax] = obj_labels.get_indexer(new_labels)
  File "/home/topcuoglu/.local/lib/python3.10/site-packages/pandas/core/indexes/base.py", line 3874, in get_indexer
    raise InvalidIndexError(self._requires_unique_msg)
pandas.errors.InvalidIndexError: Reindexing only valid with uniquely valued Index objects
2025-07-29 11:35:32,273 - ERROR -   Error on one sample in lineage A.1: 'CaseAnalysis' object has no attribute 'save_case_report'
Traceback (most recent call last):
  File "/home/topcuoglu/openrecombinhunt/src/06_recombinhunt/run_recombinhunt.py", line 196, in run_recombinhunt_for_lineage
    ca.save_case_report(case_report_folder)
AttributeError: 'CaseAnalysis' object has no attribute 'save_case_report'
2025-07-29 11:35:32,886 - ERROR -   Error on one sample in lineage A.1: 'CaseAnalysis' object has no attribute 'save_case_report'
Traceback (most recent call last):
  File "/home/topcuoglu/openrecombinhunt/src/06_recombinhunt/run_recombinhunt.py", line 196, in run_recombinhunt_for_lineage
    ca.save_case_report(case_report_folder)
AttributeError: 'CaseAnalysis' object has no attribute 'save_case_report'
2025-07-29 11:35:32,998 - ERROR -   Error on one sample in lineage A.1: 'CaseAnalysis' object has no attribute 'save_case_report'
Traceback (most recent call last):
  File "/home/topcuoglu/openrecombinhunt/src/06_recombinhunt/run_recombinhunt.py", line 196, in run_recombinhunt_for_lineage
    ca.save_case_report(case_report_folder)
AttributeError: 'CaseAnalysis' object has no attribute 'save_case_report'
2025-07-29 11:35:33,115 - ERROR -   Error on one sample in lineage A.1: 'CaseAnalysis' object has no attribute 'save_case_report'
Traceback (most recent call last):
  File "/home/topcuoglu/openrecombinhunt/src/06_recombinhunt/run_recombinhunt.py", line 196, in run_recombinhunt_for_lineage
    ca.save_case_report(case_report_folder)
AttributeError: 'CaseAnalysis' object has no attribute 'save_case_report'
2025-07-29 11:35:33,250 - ERROR -   Error on one sample in lineage A.1: 'CaseAnalysis' object has no attribute 'save_case_report'
Traceback (most recent call last):
  File "/home/topcuoglu/openrecombinhunt/src/06_recombinhunt/run_recombinhunt.py", line 196, in run_recombinhunt_for_lineage
    ca.save_case_report(case_report_folder)
AttributeError: 'CaseAnalysis' object has no attribute 'save_case_report'
2025-07-29 11:35:33,492 - ERROR -   Error on one sample in lineage A.1: 'CaseAnalysis' object has no attribute 'save_case_report'
Traceback (most recent call last):
  File "/home/topcuoglu/openrecombinhunt/src/06_recombinhunt/run_recombinhunt.py", line 196, in run_recombinhunt_for_lineage
    ca.save_case_report(case_report_folder)
AttributeError: 'CaseAnalysis' object has no attribute 'save_case_report'
2025-07-29 11:35:33,604 - ERROR -   Error on one sample in lineage A.1: 'CaseAnalysis' object has no attribute 'save_case_report'
Traceback (most recent call last):
  File "/home/topcuoglu/openrecombinhunt/src/06_recombinhunt/run_recombinhunt.py", line 196, in run_recombinhunt_for_lineage
    ca.save_case_report(case_report_folder)
AttributeError: 'CaseAnalysis' object has no attribute 'save_case_report'
2025-07-29 11:35:33,759 - ERROR -   Error on one sample in lineage A.1: 'CaseAnalysis' object has no attribute 'save_case_report'
Traceback (most recent call last):
  File "/home/topcuoglu/openrecombinhunt/src/06_recombinhunt/run_recombinhunt.py", line 196, in run_recombinhunt_for_lineage
    ca.save_case_report(case_report_folder)
AttributeError: 'CaseAnalysis' object has no attribute 'save_case_report'
2025-07-29 11:35:33,874 - ERROR -   Error on one sample in lineage A.1: 'CaseAnalysis' object has no attribute 'save_case_report'
Traceback (most recent call last):
  File "/home/topcuoglu/openrecombinhunt/src/06_recombinhunt/run_recombinhunt.py", line 196, in run_recombinhunt_for_lineage
    ca.save_case_report(case_report_folder)
AttributeError: 'CaseAnalysis' object has no attribute 'save_case_report'
2025-07-29 11:35:34,075 - ERROR -   Error on one sample in lineage A.1: 'CaseAnalysis' object has no attribute 'save_case_report'
Traceback (most recent call last):
  File "/home/topcuoglu/openrecombinhunt/src/06_recombinhunt/run_recombinhunt.py", line 196, in run_recombinhunt_for_lineage
    ca.save_case_report(case_report_folder)
AttributeError: 'CaseAnalysis' object has no attribute 'save_case_report'
2025-07-29 11:35:34,385 - ERROR -   Error on one sample in lineage A.1: 'CaseAnalysis' object has no attribute 'save_case_report'
Traceback (most recent call last):
  File "/home/topcuoglu/openrecombinhunt/src/06_recombinhunt/run_recombinhunt.py", line 196, in run_recombinhunt_for_lineage
    ca.save_case_report(case_report_folder)
AttributeError: 'CaseAnalysis' object has no attribute 'save_case_report'
2025-07-29 11:35:34,465 - ERROR -   Error on one sample in lineage A.1: 'CaseAnalysis' object has no attribute 'save_case_report'
Traceback (most recent call last):
  File "/home/topcuoglu/openrecombinhunt/src/06_recombinhunt/run_recombinhunt.py", line 196, in run_recombinhunt_for_lineage
    ca.save_case_report(case_report_folder)
AttributeError: 'CaseAnalysis' object has no attribute 'save_case_report'
2025-07-29 11:35:34,555 - ERROR -   Error on one sample in lineage A.1: 'CaseAnalysis' object has no attribute 'save_case_report'
Traceback (most recent call last):
  File "/home/topcuoglu/openrecombinhunt/src/06_recombinhunt/run_recombinhunt.py", line 196, in run_recombinhunt_for_lineage
    ca.save_case_report(case_report_folder)
AttributeError: 'CaseAnalysis' object has no attribute 'save_case_report'
2025-07-29 11:35:34,632 - ERROR -   Error on one sample in lineage A.1: 'CaseAnalysis' object has no attribute 'save_case_report'
Traceback (most recent call last):
  File "/home/topcuoglu/openrecombinhunt/src/06_recombinhunt/run_recombinhunt.py", line 196, in run_recombinhunt_for_lineage
    ca.save_case_report(case_report_folder)
AttributeError: 'CaseAnalysis' object has no attribute 'save_case_report'
2025-07-29 11:35:34,774 - ERROR -   Error on one sample in lineage A.1: 'CaseAnalysis' object has no attribute 'save_case_report'
Traceback (most recent call last):
  File "/home/topcuoglu/openrecombinhunt/src/06_recombinhunt/run_recombinhunt.py", line 196, in run_recombinhunt_for_lineage
    ca.save_case_report(case_report_folder)
AttributeError: 'CaseAnalysis' object has no attribute 'save_case_report'
2025-07-29 11:35:34,908 - ERROR -   Error on one sample in lineage A.1: 'CaseAnalysis' object has no attribute 'save_case_report'
Traceback (most recent call last):
  File "/home/topcuoglu/openrecombinhunt/src/06_recombinhunt/run_recombinhunt.py", line 196, in run_recombinhunt_for_lineage
    ca.save_case_report(case_report_folder)
AttributeError: 'CaseAnalysis' object has no attribute 'save_case_report'
2025-07-29 11:35:34,981 - ERROR -   Error on one sample in lineage A.1: 'CaseAnalysis' object has no attribute 'save_case_report'
Traceback (most recent call last):
  File "/home/topcuoglu/openrecombinhunt/src/06_recombinhunt/run_recombinhunt.py", line 196, in run_recombinhunt_for_lineage
    ca.save_case_report(case_report_folder)
AttributeError: 'CaseAnalysis' object has no attribute 'save_case_report'
2025-07-29 11:35:35,068 - ERROR -   Error on one sample in lineage A.1: 'CaseAnalysis' object has no attribute 'save_case_report'
Traceback (most recent call last):
  File "/home/topcuoglu/openrecombinhunt/src/06_recombinhunt/run_recombinhunt.py", line 196, in run_recombinhunt_for_lineage
    ca.save_case_report(case_report_folder)
AttributeError: 'CaseAnalysis' object has no attribute 'save_case_report'
2025-07-29 11:35:35,151 - ERROR -   Error on one sample in lineage A.1: 'CaseAnalysis' object has no attribute 'save_case_report'
Traceback (most recent call last):
  File "/home/topcuoglu/openrecombinhunt/src/06_recombinhunt/run_recombinhunt.py", line 196, in run_recombinhunt_for_lineage
    ca.save_case_report(case_report_folder)
AttributeError: 'CaseAnalysis' object has no attribute 'save_case_report'
2025-07-29 11:35:35,655 - ERROR -   Error on one sample in lineage A.1: 'CaseAnalysis' object has no attribute 'save_case_report'
Traceback (most recent call last):
  File "/home/topcuoglu/openrecombinhunt/src/06_recombinhunt/run_recombinhunt.py", line 196, in run_recombinhunt_for_lineage
    ca.save_case_report(case_report_folder)
AttributeError: 'CaseAnalysis' object has no attribute 'save_case_report'
2025-07-29 11:35:35,850 - ERROR -   Error on one sample in lineage A.1: 'CaseAnalysis' object has no attribute 'save_case_report'
Traceback (most recent call last):
  File "/home/topcuoglu/openrecombinhunt/src/06_recombinhunt/run_recombinhunt.py", line 196, in run_recombinhunt_for_lineage
    ca.save_case_report(case_report_folder)
AttributeError: 'CaseAnalysis' object has no attribute 'save_case_report'
2025-07-29 11:35:35,916 - ERROR -   Error on one sample in lineage A.1: 'CaseAnalysis' object has no attribute 'save_case_report'
Traceback (most recent call last):
  File "/home/topcuoglu/openrecombinhunt/src/06_recombinhunt/run_recombinhunt.py", line 196, in run_recombinhunt_for_lineage
    ca.save_case_report(case_report_folder)
AttributeError: 'CaseAnalysis' object has no attribute 'save_case_report'
2025-07-29 11:35:35,983 - ERROR -   Error on one sample in lineage A.1: 'CaseAnalysis' object has no attribute 'save_case_report'
Traceback (most recent call last):
  File "/home/topcuoglu/openrecombinhunt/src/06_recombinhunt/run_recombinhunt.py", line 196, in run_recombinhunt_for_lineage
    ca.save_case_report(case_report_folder)
AttributeError: 'CaseAnalysis' object has no attribute 'save_case_report'
2025-07-29 11:35:36,070 - ERROR -   Error on one sample in lineage A.1: 'CaseAnalysis' object has no attribute 'save_case_report'
Traceback (most recent call last):
  File "/home/topcuoglu/openrecombinhunt/src/06_recombinhunt/run_recombinhunt.py", line 196, in run_recombinhunt_for_lineage
    ca.save_case_report(case_report_folder)
AttributeError: 'CaseAnalysis' object has no attribute 'save_case_report'
2025-07-29 11:35:36,206 - ERROR -   Error on one sample in lineage A.1: 'CaseAnalysis' object has no attribute 'save_case_report'
Traceback (most recent call last):
  File "/home/topcuoglu/openrecombinhunt/src/06_recombinhunt/run_recombinhunt.py", line 196, in run_recombinhunt_for_lineage
    ca.save_case_report(case_report_folder)
AttributeError: 'CaseAnalysis' object has no attribute 'save_case_report'
2025-07-29 11:35:36,486 - ERROR -   Error on one sample in lineage A.1: 'CaseAnalysis' object has no attribute 'save_case_report'
Traceback (most recent call last):
  File "/home/topcuoglu/openrecombinhunt/src/06_recombinhunt/run_recombinhunt.py", line 196, in run_recombinhunt_for_lineage
    ca.save_case_report(case_report_folder)
AttributeError: 'CaseAnalysis' object has no attribute 'save_case_report'
2025-07-29 11:35:36,651 - ERROR -   Error on one sample in lineage A.1: 'CaseAnalysis' object has no attribute 'save_case_report'
Traceback (most recent call last):
  File "/home/topcuoglu/openrecombinhunt/src/06_recombinhunt/run_recombinhunt.py", line 196, in run_recombinhunt_for_lineage
    ca.save_case_report(case_report_folder)
AttributeError: 'CaseAnalysis' object has no attribute 'save_case_report'
2025-07-29 11:35:36,716 - ERROR -   Error on one sample in lineage A.1: 'CaseAnalysis' object has no attribute 'save_case_report'
Traceback (most recent call last):
  File "/home/topcuoglu/openrecombinhunt/src/06_recombinhunt/run_recombinhunt.py", line 196, in run_recombinhunt_for_lineage
    ca.save_case_report(case_report_folder)
AttributeError: 'CaseAnalysis' object has no attribute 'save_case_report'
2025-07-29 11:35:36,813 - ERROR -   Error on one sample in lineage A.1: 'CaseAnalysis' object has no attribute 'save_case_report'
Traceback (most recent call last):
  File "/home/topcuoglu/openrecombinhunt/src/06_recombinhunt/run_recombinhunt.py", line 196, in run_recombinhunt_for_lineage
    ca.save_case_report(case_report_folder)
AttributeError: 'CaseAnalysis' object has no attribute 'save_case_report'
2025-07-29 11:35:36,909 - ERROR -   Error on one sample in lineage A.1: 'CaseAnalysis' object has no attribute 'save_case_report'
Traceback (most recent call last):
  File "/home/topcuoglu/openrecombinhunt/src/06_recombinhunt/run_recombinhunt.py", line 196, in run_recombinhunt_for_lineage
    ca.save_case_report(case_report_folder)
AttributeError: 'CaseAnalysis' object has no attribute 'save_case_report'
2025-07-29 11:35:36,991 - ERROR -   Error on one sample in lineage A.1: 'CaseAnalysis' object has no attribute 'save_case_report'
Traceback (most recent call last):
  File "/home/topcuoglu/openrecombinhunt/src/06_recombinhunt/run_recombinhunt.py", line 196, in run_recombinhunt_for_lineage
    ca.save_case_report(case_report_folder)
AttributeError: 'CaseAnalysis' object has no attribute 'save_case_report'
2025-07-29 11:35:37,075 - ERROR -   Error on one sample in lineage A.1: 'CaseAnalysis' object has no attribute 'save_case_report'
Traceback (most recent call last):
  File "/home/topcuoglu/openrecombinhunt/src/06_recombinhunt/run_recombinhunt.py", line 196, in run_recombinhunt_for_lineage
    ca.save_case_report(case_report_folder)
AttributeError: 'CaseAnalysis' object has no attribute 'save_case_report'
2025-07-29 11:35:37,144 - ERROR -   Error on one sample in lineage A.1: 'CaseAnalysis' object has no attribute 'save_case_report'
Traceback (most recent call last):
  File "/home/topcuoglu/openrecombinhunt/src/06_recombinhunt/run_recombinhunt.py", line 196, in run_recombinhunt_for_lineage
    ca.save_case_report(case_report_folder)
AttributeError: 'CaseAnalysis' object has no attribute 'save_case_report'
2025-07-29 11:35:37,248 - ERROR -   Error on one sample in lineage A.1: 'CaseAnalysis' object has no attribute 'save_case_report'
Traceback (most recent call last):
  File "/home/topcuoglu/openrecombinhunt/src/06_recombinhunt/run_recombinhunt.py", line 196, in run_recombinhunt_for_lineage
    ca.save_case_report(case_report_folder)
AttributeError: 'CaseAnalysis' object has no attribute 'save_case_report'
2025-07-29 11:35:37,370 - ERROR -   Error on one sample in lineage A.1: 'CaseAnalysis' object has no attribute 'save_case_report'
Traceback (most recent call last):
  File "/home/topcuoglu/openrecombinhunt/src/06_recombinhunt/run_recombinhunt.py", line 196, in run_recombinhunt_for_lineage
    ca.save_case_report(case_report_folder)
AttributeError: 'CaseAnalysis' object has no attribute 'save_case_report'
2025-07-29 11:35:37,438 - ERROR -   Error on one sample in lineage A.1: 'CaseAnalysis' object has no attribute 'save_case_report'
Traceback (most recent call last):
  File "/home/topcuoglu/openrecombinhunt/src/06_recombinhunt/run_recombinhunt.py", line 196, in run_recombinhunt_for_lineage
    ca.save_case_report(case_report_folder)
AttributeError: 'CaseAnalysis' object has no attribute 'save_case_report'
2025-07-29 11:35:37,505 - ERROR -   Error on one sample in lineage A.1: 'CaseAnalysis' object has no attribute 'save_case_report'
Traceback (most recent call last):
  File "/home/topcuoglu/openrecombinhunt/src/06_recombinhunt/run_recombinhunt.py", line 196, in run_recombinhunt_for_lineage
    ca.save_case_report(case_report_folder)
AttributeError: 'CaseAnalysis' object has no attribute 'save_case_report'
2025-07-29 11:35:37,527 - INFO - Text report saved to: results/recombinhunt_output/yellow-fever/dist3size10/experiment-output.all.txt
2025-07-29 11:35:37,527 - INFO - HTML report saved to: results/recombinhunt_output/yellow-fever/dist3size10/experiment-detail.all.html
2025-07-29 11:35:37,528 - INFO - RecombinHunt experiment step finished successfully.
