2025-09-06 15:43:46,114 - INFO - Logging initialized. Log file at: logs/20250906_154346_zika_06_run_recombinhunt.log
2025-09-06 15:43:46,114 - INFO - --- Starting Step 6: Run RecombinHunt for 'zika' ---
2025-09-06 15:43:46,114 - INFO - Loading RecombinHunt environment from: environments/zika/dist3size10
2025-09-06 15:43:46,159 - INFO - Loading lineage totals from 'samples/zika/dist3size10/samples_total.json'
2025-09-06 15:43:46,160 - INFO - Found 5 sample files in 'samples/zika/dist3size10'.
2025-09-06 15:43:46,177 - INFO -   Lineage 'A.1.NmC3', Mode 'all': Processing all 111 samples.
2025-09-06 15:43:46,191 - ERROR -   Error on one sample in lineage A.1.NmC3: No candidates found searching in both directions.
Traceback (most recent call last):
  File "/home/topcuoglu/openrecombinhunt/src/06_recombinhunt/run_recombinhunt.py", line 179, in run_recombinhunt_for_lineage
    result = experiment.run()
  File "/home/topcuoglu/openrecombinhunt/libs/recombinhunt-cov-7.0.0/src/recombinhunt/core/method.py", line 663, in run
    L1_reg: Region = search_L(self.merged_df, self.p_merged_df, self.change_probabilities, min_target_len=self.MIN_CANDIDATE_REGION_LENGTH, cache=self.cache)
  File "/home/topcuoglu/openrecombinhunt/libs/recombinhunt-cov-7.0.0/src/recombinhunt/core/method.py", line 1035, in search_L
    raise NoCandidatesFound("No candidates found searching in both directions.")
recombinhunt.core.method.NoCandidatesFound: No candidates found searching in both directions.
2025-09-06 15:43:46,192 - ERROR -   Error on one sample in lineage A.1.NmC3: 
Traceback (most recent call last):
  File "/home/topcuoglu/openrecombinhunt/src/06_recombinhunt/run_recombinhunt.py", line 175, in run_recombinhunt_for_lineage
    assert set(nuc_change_data_list).issubset(set(experiment_environment.c2lp_df.index))
AssertionError
2025-09-06 15:43:46,193 - ERROR -   Error on one sample in lineage A.1.NmC3: 
Traceback (most recent call last):
  File "/home/topcuoglu/openrecombinhunt/src/06_recombinhunt/run_recombinhunt.py", line 175, in run_recombinhunt_for_lineage
    assert set(nuc_change_data_list).issubset(set(experiment_environment.c2lp_df.index))
AssertionError
2025-09-06 15:43:46,194 - ERROR -   Error on one sample in lineage A.1.NmC3: 
Traceback (most recent call last):
  File "/home/topcuoglu/openrecombinhunt/src/06_recombinhunt/run_recombinhunt.py", line 175, in run_recombinhunt_for_lineage
    assert set(nuc_change_data_list).issubset(set(experiment_environment.c2lp_df.index))
AssertionError
2025-09-06 15:43:46,195 - ERROR -   Error on one sample in lineage A.1.NmC3: 
Traceback (most recent call last):
  File "/home/topcuoglu/openrecombinhunt/src/06_recombinhunt/run_recombinhunt.py", line 175, in run_recombinhunt_for_lineage
    assert set(nuc_change_data_list).issubset(set(experiment_environment.c2lp_df.index))
AssertionError
2025-09-06 15:43:46,196 - ERROR -   Error on one sample in lineage A.1.NmC3: 
Traceback (most recent call last):
  File "/home/topcuoglu/openrecombinhunt/src/06_recombinhunt/run_recombinhunt.py", line 175, in run_recombinhunt_for_lineage
    assert set(nuc_change_data_list).issubset(set(experiment_environment.c2lp_df.index))
AssertionError
2025-09-06 15:43:46,208 - ERROR -   Error on one sample in lineage A.1.NmC3: No candidates found searching in both directions.
Traceback (most recent call last):
  File "/home/topcuoglu/openrecombinhunt/src/06_recombinhunt/run_recombinhunt.py", line 179, in run_recombinhunt_for_lineage
    result = experiment.run()
  File "/home/topcuoglu/openrecombinhunt/libs/recombinhunt-cov-7.0.0/src/recombinhunt/core/method.py", line 663, in run
    L1_reg: Region = search_L(self.merged_df, self.p_merged_df, self.change_probabilities, min_target_len=self.MIN_CANDIDATE_REGION_LENGTH, cache=self.cache)
  File "/home/topcuoglu/openrecombinhunt/libs/recombinhunt-cov-7.0.0/src/recombinhunt/core/method.py", line 1035, in search_L
    raise NoCandidatesFound("No candidates found searching in both directions.")
recombinhunt.core.method.NoCandidatesFound: No candidates found searching in both directions.
2025-09-06 15:43:46,221 - ERROR -   Error on one sample in lineage A.1.NmC3: No candidates found searching in both directions.
Traceback (most recent call last):
  File "/home/topcuoglu/openrecombinhunt/src/06_recombinhunt/run_recombinhunt.py", line 179, in run_recombinhunt_for_lineage
    result = experiment.run()
  File "/home/topcuoglu/openrecombinhunt/libs/recombinhunt-cov-7.0.0/src/recombinhunt/core/method.py", line 663, in run
    L1_reg: Region = search_L(self.merged_df, self.p_merged_df, self.change_probabilities, min_target_len=self.MIN_CANDIDATE_REGION_LENGTH, cache=self.cache)
  File "/home/topcuoglu/openrecombinhunt/libs/recombinhunt-cov-7.0.0/src/recombinhunt/core/method.py", line 1035, in search_L
    raise NoCandidatesFound("No candidates found searching in both directions.")
recombinhunt.core.method.NoCandidatesFound: No candidates found searching in both directions.
2025-09-06 15:43:46,222 - ERROR -   Error on one sample in lineage A.1.NmC3: 
Traceback (most recent call last):
  File "/home/topcuoglu/openrecombinhunt/src/06_recombinhunt/run_recombinhunt.py", line 175, in run_recombinhunt_for_lineage
    assert set(nuc_change_data_list).issubset(set(experiment_environment.c2lp_df.index))
AssertionError
2025-09-06 15:43:46,223 - ERROR -   Error on one sample in lineage A.1.NmC3: 
Traceback (most recent call last):
  File "/home/topcuoglu/openrecombinhunt/src/06_recombinhunt/run_recombinhunt.py", line 175, in run_recombinhunt_for_lineage
    assert set(nuc_change_data_list).issubset(set(experiment_environment.c2lp_df.index))
AssertionError
2025-09-06 15:43:46,224 - ERROR -   Error on one sample in lineage A.1.NmC3: 
Traceback (most recent call last):
  File "/home/topcuoglu/openrecombinhunt/src/06_recombinhunt/run_recombinhunt.py", line 175, in run_recombinhunt_for_lineage
    assert set(nuc_change_data_list).issubset(set(experiment_environment.c2lp_df.index))
AssertionError
2025-09-06 15:43:46,225 - ERROR -   Error on one sample in lineage A.1.NmC3: 
Traceback (most recent call last):
  File "/home/topcuoglu/openrecombinhunt/src/06_recombinhunt/run_recombinhunt.py", line 175, in run_recombinhunt_for_lineage
    assert set(nuc_change_data_list).issubset(set(experiment_environment.c2lp_df.index))
AssertionError
2025-09-06 15:43:46,225 - ERROR -   Error on one sample in lineage A.1.NmC3: 
Traceback (most recent call last):
  File "/home/topcuoglu/openrecombinhunt/src/06_recombinhunt/run_recombinhunt.py", line 175, in run_recombinhunt_for_lineage
    assert set(nuc_change_data_list).issubset(set(experiment_environment.c2lp_df.index))
AssertionError
2025-09-06 15:43:46,226 - ERROR -   Error on one sample in lineage A.1.NmC3: 
Traceback (most recent call last):
  File "/home/topcuoglu/openrecombinhunt/src/06_recombinhunt/run_recombinhunt.py", line 175, in run_recombinhunt_for_lineage
    assert set(nuc_change_data_list).issubset(set(experiment_environment.c2lp_df.index))
AssertionError
2025-09-06 15:43:46,246 - ERROR -   Error on one sample in lineage A.1.NmC3: 
Traceback (most recent call last):
  File "/home/topcuoglu/openrecombinhunt/src/06_recombinhunt/run_recombinhunt.py", line 175, in run_recombinhunt_for_lineage
    assert set(nuc_change_data_list).issubset(set(experiment_environment.c2lp_df.index))
AssertionError
2025-09-06 15:43:46,247 - ERROR -   Error on one sample in lineage A.1.NmC3: 
Traceback (most recent call last):
  File "/home/topcuoglu/openrecombinhunt/src/06_recombinhunt/run_recombinhunt.py", line 175, in run_recombinhunt_for_lineage
    assert set(nuc_change_data_list).issubset(set(experiment_environment.c2lp_df.index))
AssertionError
2025-09-06 15:43:46,248 - ERROR -   Error on one sample in lineage A.1.NmC3: 
Traceback (most recent call last):
  File "/home/topcuoglu/openrecombinhunt/src/06_recombinhunt/run_recombinhunt.py", line 175, in run_recombinhunt_for_lineage
    assert set(nuc_change_data_list).issubset(set(experiment_environment.c2lp_df.index))
AssertionError
2025-09-06 15:43:46,249 - ERROR -   Error on one sample in lineage A.1.NmC3: 
Traceback (most recent call last):
  File "/home/topcuoglu/openrecombinhunt/src/06_recombinhunt/run_recombinhunt.py", line 175, in run_recombinhunt_for_lineage
    assert set(nuc_change_data_list).issubset(set(experiment_environment.c2lp_df.index))
AssertionError
2025-09-06 15:43:46,250 - ERROR -   Error on one sample in lineage A.1.NmC3: 
Traceback (most recent call last):
  File "/home/topcuoglu/openrecombinhunt/src/06_recombinhunt/run_recombinhunt.py", line 175, in run_recombinhunt_for_lineage
    assert set(nuc_change_data_list).issubset(set(experiment_environment.c2lp_df.index))
AssertionError
2025-09-06 15:43:46,251 - ERROR -   Error on one sample in lineage A.1.NmC3: 
Traceback (most recent call last):
  File "/home/topcuoglu/openrecombinhunt/src/06_recombinhunt/run_recombinhunt.py", line 175, in run_recombinhunt_for_lineage
    assert set(nuc_change_data_list).issubset(set(experiment_environment.c2lp_df.index))
AssertionError
2025-09-06 15:43:46,264 - ERROR -   Error on one sample in lineage A.1.NmC3: No candidates found searching in both directions.
Traceback (most recent call last):
  File "/home/topcuoglu/openrecombinhunt/src/06_recombinhunt/run_recombinhunt.py", line 179, in run_recombinhunt_for_lineage
    result = experiment.run()
  File "/home/topcuoglu/openrecombinhunt/libs/recombinhunt-cov-7.0.0/src/recombinhunt/core/method.py", line 663, in run
    L1_reg: Region = search_L(self.merged_df, self.p_merged_df, self.change_probabilities, min_target_len=self.MIN_CANDIDATE_REGION_LENGTH, cache=self.cache)
  File "/home/topcuoglu/openrecombinhunt/libs/recombinhunt-cov-7.0.0/src/recombinhunt/core/method.py", line 1035, in search_L
    raise NoCandidatesFound("No candidates found searching in both directions.")
recombinhunt.core.method.NoCandidatesFound: No candidates found searching in both directions.
2025-09-06 15:43:46,276 - ERROR -   Error on one sample in lineage A.1.NmC3: No candidates found searching in both directions.
Traceback (most recent call last):
  File "/home/topcuoglu/openrecombinhunt/src/06_recombinhunt/run_recombinhunt.py", line 179, in run_recombinhunt_for_lineage
    result = experiment.run()
  File "/home/topcuoglu/openrecombinhunt/libs/recombinhunt-cov-7.0.0/src/recombinhunt/core/method.py", line 663, in run
    L1_reg: Region = search_L(self.merged_df, self.p_merged_df, self.change_probabilities, min_target_len=self.MIN_CANDIDATE_REGION_LENGTH, cache=self.cache)
  File "/home/topcuoglu/openrecombinhunt/libs/recombinhunt-cov-7.0.0/src/recombinhunt/core/method.py", line 1035, in search_L
    raise NoCandidatesFound("No candidates found searching in both directions.")
recombinhunt.core.method.NoCandidatesFound: No candidates found searching in both directions.
2025-09-06 15:43:46,289 - ERROR -   Error on one sample in lineage A.1.NmC3: No candidates found searching in both directions.
Traceback (most recent call last):
  File "/home/topcuoglu/openrecombinhunt/src/06_recombinhunt/run_recombinhunt.py", line 179, in run_recombinhunt_for_lineage
    result = experiment.run()
  File "/home/topcuoglu/openrecombinhunt/libs/recombinhunt-cov-7.0.0/src/recombinhunt/core/method.py", line 663, in run
    L1_reg: Region = search_L(self.merged_df, self.p_merged_df, self.change_probabilities, min_target_len=self.MIN_CANDIDATE_REGION_LENGTH, cache=self.cache)
  File "/home/topcuoglu/openrecombinhunt/libs/recombinhunt-cov-7.0.0/src/recombinhunt/core/method.py", line 1035, in search_L
    raise NoCandidatesFound("No candidates found searching in both directions.")
recombinhunt.core.method.NoCandidatesFound: No candidates found searching in both directions.
2025-09-06 15:43:46,290 - ERROR -   Error on one sample in lineage A.1.NmC3: 
Traceback (most recent call last):
  File "/home/topcuoglu/openrecombinhunt/src/06_recombinhunt/run_recombinhunt.py", line 175, in run_recombinhunt_for_lineage
    assert set(nuc_change_data_list).issubset(set(experiment_environment.c2lp_df.index))
AssertionError
2025-09-06 15:43:46,291 - ERROR -   Error on one sample in lineage A.1.NmC3: 
Traceback (most recent call last):
  File "/home/topcuoglu/openrecombinhunt/src/06_recombinhunt/run_recombinhunt.py", line 175, in run_recombinhunt_for_lineage
    assert set(nuc_change_data_list).issubset(set(experiment_environment.c2lp_df.index))
AssertionError
2025-09-06 15:43:46,292 - ERROR -   Error on one sample in lineage A.1.NmC3: 
Traceback (most recent call last):
  File "/home/topcuoglu/openrecombinhunt/src/06_recombinhunt/run_recombinhunt.py", line 175, in run_recombinhunt_for_lineage
    assert set(nuc_change_data_list).issubset(set(experiment_environment.c2lp_df.index))
AssertionError
2025-09-06 15:43:46,293 - ERROR -   Error on one sample in lineage A.1.NmC3: 
Traceback (most recent call last):
  File "/home/topcuoglu/openrecombinhunt/src/06_recombinhunt/run_recombinhunt.py", line 175, in run_recombinhunt_for_lineage
    assert set(nuc_change_data_list).issubset(set(experiment_environment.c2lp_df.index))
AssertionError
2025-09-06 15:43:46,294 - ERROR -   Error on one sample in lineage A.1.NmC3: 
Traceback (most recent call last):
  File "/home/topcuoglu/openrecombinhunt/src/06_recombinhunt/run_recombinhunt.py", line 175, in run_recombinhunt_for_lineage
    assert set(nuc_change_data_list).issubset(set(experiment_environment.c2lp_df.index))
AssertionError
2025-09-06 15:43:46,294 - ERROR -   Error on one sample in lineage A.1.NmC3: 
Traceback (most recent call last):
  File "/home/topcuoglu/openrecombinhunt/src/06_recombinhunt/run_recombinhunt.py", line 175, in run_recombinhunt_for_lineage
    assert set(nuc_change_data_list).issubset(set(experiment_environment.c2lp_df.index))
AssertionError
2025-09-06 15:43:46,295 - ERROR -   Error on one sample in lineage A.1.NmC3: 
Traceback (most recent call last):
  File "/home/topcuoglu/openrecombinhunt/src/06_recombinhunt/run_recombinhunt.py", line 175, in run_recombinhunt_for_lineage
    assert set(nuc_change_data_list).issubset(set(experiment_environment.c2lp_df.index))
AssertionError
2025-09-06 15:43:46,296 - ERROR -   Error on one sample in lineage A.1.NmC3: 
Traceback (most recent call last):
  File "/home/topcuoglu/openrecombinhunt/src/06_recombinhunt/run_recombinhunt.py", line 175, in run_recombinhunt_for_lineage
    assert set(nuc_change_data_list).issubset(set(experiment_environment.c2lp_df.index))
AssertionError
2025-09-06 15:43:46,297 - ERROR -   Error on one sample in lineage A.1.NmC3: 
Traceback (most recent call last):
  File "/home/topcuoglu/openrecombinhunt/src/06_recombinhunt/run_recombinhunt.py", line 175, in run_recombinhunt_for_lineage
    assert set(nuc_change_data_list).issubset(set(experiment_environment.c2lp_df.index))
AssertionError
2025-09-06 15:43:46,298 - ERROR -   Error on one sample in lineage A.1.NmC3: 
Traceback (most recent call last):
  File "/home/topcuoglu/openrecombinhunt/src/06_recombinhunt/run_recombinhunt.py", line 175, in run_recombinhunt_for_lineage
    assert set(nuc_change_data_list).issubset(set(experiment_environment.c2lp_df.index))
AssertionError
2025-09-06 15:43:46,318 - ERROR -   Error on one sample in lineage A.1.NmC3: 
Traceback (most recent call last):
  File "/home/topcuoglu/openrecombinhunt/src/06_recombinhunt/run_recombinhunt.py", line 175, in run_recombinhunt_for_lineage
    assert set(nuc_change_data_list).issubset(set(experiment_environment.c2lp_df.index))
AssertionError
2025-09-06 15:43:46,331 - ERROR -   Error on one sample in lineage A.1.NmC3: No candidates found searching in both directions.
Traceback (most recent call last):
  File "/home/topcuoglu/openrecombinhunt/src/06_recombinhunt/run_recombinhunt.py", line 179, in run_recombinhunt_for_lineage
    result = experiment.run()
  File "/home/topcuoglu/openrecombinhunt/libs/recombinhunt-cov-7.0.0/src/recombinhunt/core/method.py", line 663, in run
    L1_reg: Region = search_L(self.merged_df, self.p_merged_df, self.change_probabilities, min_target_len=self.MIN_CANDIDATE_REGION_LENGTH, cache=self.cache)
  File "/home/topcuoglu/openrecombinhunt/libs/recombinhunt-cov-7.0.0/src/recombinhunt/core/method.py", line 1035, in search_L
    raise NoCandidatesFound("No candidates found searching in both directions.")
recombinhunt.core.method.NoCandidatesFound: No candidates found searching in both directions.
2025-09-06 15:43:46,343 - ERROR -   Error on one sample in lineage A.1.NmC3: No candidates found searching in both directions.
Traceback (most recent call last):
  File "/home/topcuoglu/openrecombinhunt/src/06_recombinhunt/run_recombinhunt.py", line 179, in run_recombinhunt_for_lineage
    result = experiment.run()
  File "/home/topcuoglu/openrecombinhunt/libs/recombinhunt-cov-7.0.0/src/recombinhunt/core/method.py", line 663, in run
    L1_reg: Region = search_L(self.merged_df, self.p_merged_df, self.change_probabilities, min_target_len=self.MIN_CANDIDATE_REGION_LENGTH, cache=self.cache)
  File "/home/topcuoglu/openrecombinhunt/libs/recombinhunt-cov-7.0.0/src/recombinhunt/core/method.py", line 1035, in search_L
    raise NoCandidatesFound("No candidates found searching in both directions.")
recombinhunt.core.method.NoCandidatesFound: No candidates found searching in both directions.
2025-09-06 15:43:46,344 - ERROR -   Error on one sample in lineage A.1.NmC3: 
Traceback (most recent call last):
  File "/home/topcuoglu/openrecombinhunt/src/06_recombinhunt/run_recombinhunt.py", line 175, in run_recombinhunt_for_lineage
    assert set(nuc_change_data_list).issubset(set(experiment_environment.c2lp_df.index))
AssertionError
2025-09-06 15:43:46,357 - ERROR -   Error on one sample in lineage A.1.NmC3: No candidates found searching in both directions.
Traceback (most recent call last):
  File "/home/topcuoglu/openrecombinhunt/src/06_recombinhunt/run_recombinhunt.py", line 179, in run_recombinhunt_for_lineage
    result = experiment.run()
  File "/home/topcuoglu/openrecombinhunt/libs/recombinhunt-cov-7.0.0/src/recombinhunt/core/method.py", line 663, in run
    L1_reg: Region = search_L(self.merged_df, self.p_merged_df, self.change_probabilities, min_target_len=self.MIN_CANDIDATE_REGION_LENGTH, cache=self.cache)
  File "/home/topcuoglu/openrecombinhunt/libs/recombinhunt-cov-7.0.0/src/recombinhunt/core/method.py", line 1035, in search_L
    raise NoCandidatesFound("No candidates found searching in both directions.")
recombinhunt.core.method.NoCandidatesFound: No candidates found searching in both directions.
2025-09-06 15:43:46,358 - ERROR -   Error on one sample in lineage A.1.NmC3: 
Traceback (most recent call last):
  File "/home/topcuoglu/openrecombinhunt/src/06_recombinhunt/run_recombinhunt.py", line 175, in run_recombinhunt_for_lineage
    assert set(nuc_change_data_list).issubset(set(experiment_environment.c2lp_df.index))
AssertionError
2025-09-06 15:43:46,358 - ERROR -   Error on one sample in lineage A.1.NmC3: 
Traceback (most recent call last):
  File "/home/topcuoglu/openrecombinhunt/src/06_recombinhunt/run_recombinhunt.py", line 175, in run_recombinhunt_for_lineage
    assert set(nuc_change_data_list).issubset(set(experiment_environment.c2lp_df.index))
AssertionError
2025-09-06 15:43:46,359 - ERROR -   Error on one sample in lineage A.1.NmC3: 
Traceback (most recent call last):
  File "/home/topcuoglu/openrecombinhunt/src/06_recombinhunt/run_recombinhunt.py", line 175, in run_recombinhunt_for_lineage
    assert set(nuc_change_data_list).issubset(set(experiment_environment.c2lp_df.index))
AssertionError
2025-09-06 15:43:46,372 - ERROR -   Error on one sample in lineage A.1.NmC3: No candidates found searching in both directions.
Traceback (most recent call last):
  File "/home/topcuoglu/openrecombinhunt/src/06_recombinhunt/run_recombinhunt.py", line 179, in run_recombinhunt_for_lineage
    result = experiment.run()
  File "/home/topcuoglu/openrecombinhunt/libs/recombinhunt-cov-7.0.0/src/recombinhunt/core/method.py", line 663, in run
    L1_reg: Region = search_L(self.merged_df, self.p_merged_df, self.change_probabilities, min_target_len=self.MIN_CANDIDATE_REGION_LENGTH, cache=self.cache)
  File "/home/topcuoglu/openrecombinhunt/libs/recombinhunt-cov-7.0.0/src/recombinhunt/core/method.py", line 1035, in search_L
    raise NoCandidatesFound("No candidates found searching in both directions.")
recombinhunt.core.method.NoCandidatesFound: No candidates found searching in both directions.
2025-09-06 15:43:46,373 - ERROR -   Error on one sample in lineage A.1.NmC3: 
Traceback (most recent call last):
  File "/home/topcuoglu/openrecombinhunt/src/06_recombinhunt/run_recombinhunt.py", line 175, in run_recombinhunt_for_lineage
    assert set(nuc_change_data_list).issubset(set(experiment_environment.c2lp_df.index))
AssertionError
2025-09-06 15:43:46,374 - ERROR -   Error on one sample in lineage A.1.NmC3: 
Traceback (most recent call last):
  File "/home/topcuoglu/openrecombinhunt/src/06_recombinhunt/run_recombinhunt.py", line 175, in run_recombinhunt_for_lineage
    assert set(nuc_change_data_list).issubset(set(experiment_environment.c2lp_df.index))
AssertionError
2025-09-06 15:43:46,375 - ERROR -   Error on one sample in lineage A.1.NmC3: 
Traceback (most recent call last):
  File "/home/topcuoglu/openrecombinhunt/src/06_recombinhunt/run_recombinhunt.py", line 175, in run_recombinhunt_for_lineage
    assert set(nuc_change_data_list).issubset(set(experiment_environment.c2lp_df.index))
AssertionError
2025-09-06 15:43:46,376 - ERROR -   Error on one sample in lineage A.1.NmC3: 
Traceback (most recent call last):
  File "/home/topcuoglu/openrecombinhunt/src/06_recombinhunt/run_recombinhunt.py", line 175, in run_recombinhunt_for_lineage
    assert set(nuc_change_data_list).issubset(set(experiment_environment.c2lp_df.index))
AssertionError
2025-09-06 15:43:46,377 - ERROR -   Error on one sample in lineage A.1.NmC3: 
Traceback (most recent call last):
  File "/home/topcuoglu/openrecombinhunt/src/06_recombinhunt/run_recombinhunt.py", line 175, in run_recombinhunt_for_lineage
    assert set(nuc_change_data_list).issubset(set(experiment_environment.c2lp_df.index))
AssertionError
2025-09-06 15:43:46,378 - ERROR -   Error on one sample in lineage A.1.NmC3: 
Traceback (most recent call last):
  File "/home/topcuoglu/openrecombinhunt/src/06_recombinhunt/run_recombinhunt.py", line 175, in run_recombinhunt_for_lineage
    assert set(nuc_change_data_list).issubset(set(experiment_environment.c2lp_df.index))
AssertionError
2025-09-06 15:43:46,378 - ERROR -   Error on one sample in lineage A.1.NmC3: 
Traceback (most recent call last):
  File "/home/topcuoglu/openrecombinhunt/src/06_recombinhunt/run_recombinhunt.py", line 175, in run_recombinhunt_for_lineage
    assert set(nuc_change_data_list).issubset(set(experiment_environment.c2lp_df.index))
AssertionError
2025-09-06 15:43:46,379 - ERROR -   Error on one sample in lineage A.1.NmC3: 
Traceback (most recent call last):
  File "/home/topcuoglu/openrecombinhunt/src/06_recombinhunt/run_recombinhunt.py", line 175, in run_recombinhunt_for_lineage
    assert set(nuc_change_data_list).issubset(set(experiment_environment.c2lp_df.index))
AssertionError
2025-09-06 15:43:46,380 - ERROR -   Error on one sample in lineage A.1.NmC3: 
Traceback (most recent call last):
  File "/home/topcuoglu/openrecombinhunt/src/06_recombinhunt/run_recombinhunt.py", line 175, in run_recombinhunt_for_lineage
    assert set(nuc_change_data_list).issubset(set(experiment_environment.c2lp_df.index))
AssertionError
2025-09-06 15:43:46,381 - ERROR -   Error on one sample in lineage A.1.NmC3: 
Traceback (most recent call last):
  File "/home/topcuoglu/openrecombinhunt/src/06_recombinhunt/run_recombinhunt.py", line 175, in run_recombinhunt_for_lineage
    assert set(nuc_change_data_list).issubset(set(experiment_environment.c2lp_df.index))
AssertionError
2025-09-06 15:43:46,382 - ERROR -   Error on one sample in lineage A.1.NmC3: 
Traceback (most recent call last):
  File "/home/topcuoglu/openrecombinhunt/src/06_recombinhunt/run_recombinhunt.py", line 175, in run_recombinhunt_for_lineage
    assert set(nuc_change_data_list).issubset(set(experiment_environment.c2lp_df.index))
AssertionError
2025-09-06 15:43:46,383 - ERROR -   Error on one sample in lineage A.1.NmC3: 
Traceback (most recent call last):
  File "/home/topcuoglu/openrecombinhunt/src/06_recombinhunt/run_recombinhunt.py", line 175, in run_recombinhunt_for_lineage
    assert set(nuc_change_data_list).issubset(set(experiment_environment.c2lp_df.index))
AssertionError
2025-09-06 15:43:46,384 - ERROR -   Error on one sample in lineage A.1.NmC3: 
Traceback (most recent call last):
  File "/home/topcuoglu/openrecombinhunt/src/06_recombinhunt/run_recombinhunt.py", line 175, in run_recombinhunt_for_lineage
    assert set(nuc_change_data_list).issubset(set(experiment_environment.c2lp_df.index))
AssertionError
2025-09-06 15:43:46,385 - ERROR -   Error on one sample in lineage A.1.NmC3: 
Traceback (most recent call last):
  File "/home/topcuoglu/openrecombinhunt/src/06_recombinhunt/run_recombinhunt.py", line 175, in run_recombinhunt_for_lineage
    assert set(nuc_change_data_list).issubset(set(experiment_environment.c2lp_df.index))
AssertionError
2025-09-06 15:43:46,386 - ERROR -   Error on one sample in lineage A.1.NmC3: 
Traceback (most recent call last):
  File "/home/topcuoglu/openrecombinhunt/src/06_recombinhunt/run_recombinhunt.py", line 175, in run_recombinhunt_for_lineage
    assert set(nuc_change_data_list).issubset(set(experiment_environment.c2lp_df.index))
AssertionError
2025-09-06 15:43:46,386 - ERROR -   Error on one sample in lineage A.1.NmC3: 
Traceback (most recent call last):
  File "/home/topcuoglu/openrecombinhunt/src/06_recombinhunt/run_recombinhunt.py", line 175, in run_recombinhunt_for_lineage
    assert set(nuc_change_data_list).issubset(set(experiment_environment.c2lp_df.index))
AssertionError
2025-09-06 15:43:46,387 - ERROR -   Error on one sample in lineage A.1.NmC3: 
Traceback (most recent call last):
  File "/home/topcuoglu/openrecombinhunt/src/06_recombinhunt/run_recombinhunt.py", line 175, in run_recombinhunt_for_lineage
    assert set(nuc_change_data_list).issubset(set(experiment_environment.c2lp_df.index))
AssertionError
2025-09-06 15:43:46,388 - ERROR -   Error on one sample in lineage A.1.NmC3: 
Traceback (most recent call last):
  File "/home/topcuoglu/openrecombinhunt/src/06_recombinhunt/run_recombinhunt.py", line 175, in run_recombinhunt_for_lineage
    assert set(nuc_change_data_list).issubset(set(experiment_environment.c2lp_df.index))
AssertionError
2025-09-06 15:43:46,389 - ERROR -   Error on one sample in lineage A.1.NmC3: 
Traceback (most recent call last):
  File "/home/topcuoglu/openrecombinhunt/src/06_recombinhunt/run_recombinhunt.py", line 175, in run_recombinhunt_for_lineage
    assert set(nuc_change_data_list).issubset(set(experiment_environment.c2lp_df.index))
AssertionError
2025-09-06 15:43:46,390 - ERROR -   Error on one sample in lineage A.1.NmC3: 
Traceback (most recent call last):
  File "/home/topcuoglu/openrecombinhunt/src/06_recombinhunt/run_recombinhunt.py", line 175, in run_recombinhunt_for_lineage
    assert set(nuc_change_data_list).issubset(set(experiment_environment.c2lp_df.index))
AssertionError
2025-09-06 15:43:46,391 - ERROR -   Error on one sample in lineage A.1.NmC3: 
Traceback (most recent call last):
  File "/home/topcuoglu/openrecombinhunt/src/06_recombinhunt/run_recombinhunt.py", line 175, in run_recombinhunt_for_lineage
    assert set(nuc_change_data_list).issubset(set(experiment_environment.c2lp_df.index))
AssertionError
2025-09-06 15:43:46,392 - ERROR -   Error on one sample in lineage A.1.NmC3: 
Traceback (most recent call last):
  File "/home/topcuoglu/openrecombinhunt/src/06_recombinhunt/run_recombinhunt.py", line 175, in run_recombinhunt_for_lineage
    assert set(nuc_change_data_list).issubset(set(experiment_environment.c2lp_df.index))
AssertionError
2025-09-06 15:43:46,393 - ERROR -   Error on one sample in lineage A.1.NmC3: 
Traceback (most recent call last):
  File "/home/topcuoglu/openrecombinhunt/src/06_recombinhunt/run_recombinhunt.py", line 175, in run_recombinhunt_for_lineage
    assert set(nuc_change_data_list).issubset(set(experiment_environment.c2lp_df.index))
AssertionError
2025-09-06 15:43:46,393 - ERROR -   Error on one sample in lineage A.1.NmC3: 
Traceback (most recent call last):
  File "/home/topcuoglu/openrecombinhunt/src/06_recombinhunt/run_recombinhunt.py", line 175, in run_recombinhunt_for_lineage
    assert set(nuc_change_data_list).issubset(set(experiment_environment.c2lp_df.index))
AssertionError
2025-09-06 15:43:46,394 - ERROR -   Error on one sample in lineage A.1.NmC3: 
Traceback (most recent call last):
  File "/home/topcuoglu/openrecombinhunt/src/06_recombinhunt/run_recombinhunt.py", line 175, in run_recombinhunt_for_lineage
    assert set(nuc_change_data_list).issubset(set(experiment_environment.c2lp_df.index))
AssertionError
2025-09-06 15:43:46,395 - ERROR -   Error on one sample in lineage A.1.NmC3: 
Traceback (most recent call last):
  File "/home/topcuoglu/openrecombinhunt/src/06_recombinhunt/run_recombinhunt.py", line 175, in run_recombinhunt_for_lineage
    assert set(nuc_change_data_list).issubset(set(experiment_environment.c2lp_df.index))
AssertionError
2025-09-06 15:43:46,396 - ERROR -   Error on one sample in lineage A.1.NmC3: 
Traceback (most recent call last):
  File "/home/topcuoglu/openrecombinhunt/src/06_recombinhunt/run_recombinhunt.py", line 175, in run_recombinhunt_for_lineage
    assert set(nuc_change_data_list).issubset(set(experiment_environment.c2lp_df.index))
AssertionError
2025-09-06 15:43:46,397 - ERROR -   Error on one sample in lineage A.1.NmC3: 
Traceback (most recent call last):
  File "/home/topcuoglu/openrecombinhunt/src/06_recombinhunt/run_recombinhunt.py", line 175, in run_recombinhunt_for_lineage
    assert set(nuc_change_data_list).issubset(set(experiment_environment.c2lp_df.index))
AssertionError
2025-09-06 15:43:46,398 - ERROR -   Error on one sample in lineage A.1.NmC3: 
Traceback (most recent call last):
  File "/home/topcuoglu/openrecombinhunt/src/06_recombinhunt/run_recombinhunt.py", line 175, in run_recombinhunt_for_lineage
    assert set(nuc_change_data_list).issubset(set(experiment_environment.c2lp_df.index))
AssertionError
2025-09-06 15:43:46,399 - ERROR -   Error on one sample in lineage A.1.NmC3: 
Traceback (most recent call last):
  File "/home/topcuoglu/openrecombinhunt/src/06_recombinhunt/run_recombinhunt.py", line 175, in run_recombinhunt_for_lineage
    assert set(nuc_change_data_list).issubset(set(experiment_environment.c2lp_df.index))
AssertionError
2025-09-06 15:43:46,400 - ERROR -   Error on one sample in lineage A.1.NmC3: 
Traceback (most recent call last):
  File "/home/topcuoglu/openrecombinhunt/src/06_recombinhunt/run_recombinhunt.py", line 175, in run_recombinhunt_for_lineage
    assert set(nuc_change_data_list).issubset(set(experiment_environment.c2lp_df.index))
AssertionError
2025-09-06 15:43:46,400 - ERROR -   Error on one sample in lineage A.1.NmC3: 
Traceback (most recent call last):
  File "/home/topcuoglu/openrecombinhunt/src/06_recombinhunt/run_recombinhunt.py", line 175, in run_recombinhunt_for_lineage
    assert set(nuc_change_data_list).issubset(set(experiment_environment.c2lp_df.index))
AssertionError
2025-09-06 15:43:46,401 - ERROR -   Error on one sample in lineage A.1.NmC3: 
Traceback (most recent call last):
  File "/home/topcuoglu/openrecombinhunt/src/06_recombinhunt/run_recombinhunt.py", line 175, in run_recombinhunt_for_lineage
    assert set(nuc_change_data_list).issubset(set(experiment_environment.c2lp_df.index))
AssertionError
2025-09-06 15:43:46,402 - ERROR -   Error on one sample in lineage A.1.NmC3: 
Traceback (most recent call last):
  File "/home/topcuoglu/openrecombinhunt/src/06_recombinhunt/run_recombinhunt.py", line 175, in run_recombinhunt_for_lineage
    assert set(nuc_change_data_list).issubset(set(experiment_environment.c2lp_df.index))
AssertionError
2025-09-06 15:43:46,403 - ERROR -   Error on one sample in lineage A.1.NmC3: 
Traceback (most recent call last):
  File "/home/topcuoglu/openrecombinhunt/src/06_recombinhunt/run_recombinhunt.py", line 175, in run_recombinhunt_for_lineage
    assert set(nuc_change_data_list).issubset(set(experiment_environment.c2lp_df.index))
AssertionError
2025-09-06 15:43:46,404 - ERROR -   Error on one sample in lineage A.1.NmC3: 
Traceback (most recent call last):
  File "/home/topcuoglu/openrecombinhunt/src/06_recombinhunt/run_recombinhunt.py", line 175, in run_recombinhunt_for_lineage
    assert set(nuc_change_data_list).issubset(set(experiment_environment.c2lp_df.index))
AssertionError
2025-09-06 15:43:46,405 - ERROR -   Error on one sample in lineage A.1.NmC3: 
Traceback (most recent call last):
  File "/home/topcuoglu/openrecombinhunt/src/06_recombinhunt/run_recombinhunt.py", line 175, in run_recombinhunt_for_lineage
    assert set(nuc_change_data_list).issubset(set(experiment_environment.c2lp_df.index))
AssertionError
2025-09-06 15:43:46,406 - ERROR -   Error on one sample in lineage A.1.NmC3: 
Traceback (most recent call last):
  File "/home/topcuoglu/openrecombinhunt/src/06_recombinhunt/run_recombinhunt.py", line 175, in run_recombinhunt_for_lineage
    assert set(nuc_change_data_list).issubset(set(experiment_environment.c2lp_df.index))
AssertionError
2025-09-06 15:43:46,407 - ERROR -   Error on one sample in lineage A.1.NmC3: 
Traceback (most recent call last):
  File "/home/topcuoglu/openrecombinhunt/src/06_recombinhunt/run_recombinhunt.py", line 175, in run_recombinhunt_for_lineage
    assert set(nuc_change_data_list).issubset(set(experiment_environment.c2lp_df.index))
AssertionError
2025-09-06 15:43:46,408 - ERROR -   Error on one sample in lineage A.1.NmC3: 
Traceback (most recent call last):
  File "/home/topcuoglu/openrecombinhunt/src/06_recombinhunt/run_recombinhunt.py", line 175, in run_recombinhunt_for_lineage
    assert set(nuc_change_data_list).issubset(set(experiment_environment.c2lp_df.index))
AssertionError
2025-09-06 15:43:46,408 - ERROR -   Error on one sample in lineage A.1.NmC3: 
Traceback (most recent call last):
  File "/home/topcuoglu/openrecombinhunt/src/06_recombinhunt/run_recombinhunt.py", line 175, in run_recombinhunt_for_lineage
    assert set(nuc_change_data_list).issubset(set(experiment_environment.c2lp_df.index))
AssertionError
2025-09-06 15:43:46,409 - ERROR -   Error on one sample in lineage A.1.NmC3: 
Traceback (most recent call last):
  File "/home/topcuoglu/openrecombinhunt/src/06_recombinhunt/run_recombinhunt.py", line 175, in run_recombinhunt_for_lineage
    assert set(nuc_change_data_list).issubset(set(experiment_environment.c2lp_df.index))
AssertionError
2025-09-06 15:43:46,410 - ERROR -   Error on one sample in lineage A.1.NmC3: 
Traceback (most recent call last):
  File "/home/topcuoglu/openrecombinhunt/src/06_recombinhunt/run_recombinhunt.py", line 175, in run_recombinhunt_for_lineage
    assert set(nuc_change_data_list).issubset(set(experiment_environment.c2lp_df.index))
AssertionError
2025-09-06 15:43:46,411 - ERROR -   Error on one sample in lineage A.1.NmC3: 
Traceback (most recent call last):
  File "/home/topcuoglu/openrecombinhunt/src/06_recombinhunt/run_recombinhunt.py", line 175, in run_recombinhunt_for_lineage
    assert set(nuc_change_data_list).issubset(set(experiment_environment.c2lp_df.index))
AssertionError
2025-09-06 15:43:46,412 - ERROR -   Error on one sample in lineage A.1.NmC3: 
Traceback (most recent call last):
  File "/home/topcuoglu/openrecombinhunt/src/06_recombinhunt/run_recombinhunt.py", line 175, in run_recombinhunt_for_lineage
    assert set(nuc_change_data_list).issubset(set(experiment_environment.c2lp_df.index))
AssertionError
2025-09-06 15:43:46,413 - ERROR -   Error on one sample in lineage A.1.NmC3: 
Traceback (most recent call last):
  File "/home/topcuoglu/openrecombinhunt/src/06_recombinhunt/run_recombinhunt.py", line 175, in run_recombinhunt_for_lineage
    assert set(nuc_change_data_list).issubset(set(experiment_environment.c2lp_df.index))
AssertionError
2025-09-06 15:43:46,414 - ERROR -   Error on one sample in lineage A.1.NmC3: 
Traceback (most recent call last):
  File "/home/topcuoglu/openrecombinhunt/src/06_recombinhunt/run_recombinhunt.py", line 175, in run_recombinhunt_for_lineage
    assert set(nuc_change_data_list).issubset(set(experiment_environment.c2lp_df.index))
AssertionError
2025-09-06 15:43:46,415 - ERROR -   Error on one sample in lineage A.1.NmC3: 
Traceback (most recent call last):
  File "/home/topcuoglu/openrecombinhunt/src/06_recombinhunt/run_recombinhunt.py", line 175, in run_recombinhunt_for_lineage
    assert set(nuc_change_data_list).issubset(set(experiment_environment.c2lp_df.index))
AssertionError
2025-09-06 15:43:46,415 - ERROR -   Error on one sample in lineage A.1.NmC3: 
Traceback (most recent call last):
  File "/home/topcuoglu/openrecombinhunt/src/06_recombinhunt/run_recombinhunt.py", line 175, in run_recombinhunt_for_lineage
    assert set(nuc_change_data_list).issubset(set(experiment_environment.c2lp_df.index))
AssertionError
2025-09-06 15:43:46,416 - ERROR -   Error on one sample in lineage A.1.NmC3: 
Traceback (most recent call last):
  File "/home/topcuoglu/openrecombinhunt/src/06_recombinhunt/run_recombinhunt.py", line 175, in run_recombinhunt_for_lineage
    assert set(nuc_change_data_list).issubset(set(experiment_environment.c2lp_df.index))
AssertionError
2025-09-06 15:43:46,417 - ERROR -   Error on one sample in lineage A.1.NmC3: 
Traceback (most recent call last):
  File "/home/topcuoglu/openrecombinhunt/src/06_recombinhunt/run_recombinhunt.py", line 175, in run_recombinhunt_for_lineage
    assert set(nuc_change_data_list).issubset(set(experiment_environment.c2lp_df.index))
AssertionError
2025-09-06 15:43:46,418 - ERROR -   Error on one sample in lineage A.1.NmC3: 
Traceback (most recent call last):
  File "/home/topcuoglu/openrecombinhunt/src/06_recombinhunt/run_recombinhunt.py", line 175, in run_recombinhunt_for_lineage
    assert set(nuc_change_data_list).issubset(set(experiment_environment.c2lp_df.index))
AssertionError
2025-09-06 15:43:46,419 - ERROR -   Error on one sample in lineage A.1.NmC3: 
Traceback (most recent call last):
  File "/home/topcuoglu/openrecombinhunt/src/06_recombinhunt/run_recombinhunt.py", line 175, in run_recombinhunt_for_lineage
    assert set(nuc_change_data_list).issubset(set(experiment_environment.c2lp_df.index))
AssertionError
2025-09-06 15:43:46,420 - ERROR -   Error on one sample in lineage A.1.NmC3: 
Traceback (most recent call last):
  File "/home/topcuoglu/openrecombinhunt/src/06_recombinhunt/run_recombinhunt.py", line 175, in run_recombinhunt_for_lineage
    assert set(nuc_change_data_list).issubset(set(experiment_environment.c2lp_df.index))
AssertionError
2025-09-06 15:43:46,421 - ERROR -   Error on one sample in lineage A.1.NmC3: 
Traceback (most recent call last):
  File "/home/topcuoglu/openrecombinhunt/src/06_recombinhunt/run_recombinhunt.py", line 175, in run_recombinhunt_for_lineage
    assert set(nuc_change_data_list).issubset(set(experiment_environment.c2lp_df.index))
AssertionError
2025-09-06 15:43:46,422 - ERROR -   Error on one sample in lineage A.1.NmC3: 
Traceback (most recent call last):
  File "/home/topcuoglu/openrecombinhunt/src/06_recombinhunt/run_recombinhunt.py", line 175, in run_recombinhunt_for_lineage
    assert set(nuc_change_data_list).issubset(set(experiment_environment.c2lp_df.index))
AssertionError
2025-09-06 15:43:46,422 - ERROR -   Error on one sample in lineage A.1.NmC3: 
Traceback (most recent call last):
  File "/home/topcuoglu/openrecombinhunt/src/06_recombinhunt/run_recombinhunt.py", line 175, in run_recombinhunt_for_lineage
    assert set(nuc_change_data_list).issubset(set(experiment_environment.c2lp_df.index))
AssertionError
2025-09-06 15:43:46,423 - ERROR -   Error on one sample in lineage A.1.NmC3: 
Traceback (most recent call last):
  File "/home/topcuoglu/openrecombinhunt/src/06_recombinhunt/run_recombinhunt.py", line 175, in run_recombinhunt_for_lineage
    assert set(nuc_change_data_list).issubset(set(experiment_environment.c2lp_df.index))
AssertionError
2025-09-06 15:43:46,481 - ERROR -   Error on one sample in lineage A.1.NmC3: 
Traceback (most recent call last):
  File "/home/topcuoglu/openrecombinhunt/src/06_recombinhunt/run_recombinhunt.py", line 175, in run_recombinhunt_for_lineage
    assert set(nuc_change_data_list).issubset(set(experiment_environment.c2lp_df.index))
AssertionError
2025-09-06 15:43:46,538 - ERROR -   Error on one sample in lineage A.1.NmC3: 
Traceback (most recent call last):
  File "/home/topcuoglu/openrecombinhunt/src/06_recombinhunt/run_recombinhunt.py", line 175, in run_recombinhunt_for_lineage
    assert set(nuc_change_data_list).issubset(set(experiment_environment.c2lp_df.index))
AssertionError
2025-09-06 15:43:46,565 - INFO -   Lineage 'A.1.NmC2', Mode 'all': Processing all 83 samples.
2025-09-06 15:43:48,099 - INFO -   Lineage 'A.1.NmC1', Mode 'all': Processing all 181 samples.
2025-09-06 15:43:51,754 - INFO -   Lineage 'A.1', Mode 'all': Processing all 995 samples.
2025-09-06 15:43:52,501 - ERROR -   Error on one sample in lineage A.1: No candidates found searching in both directions.
Traceback (most recent call last):
  File "/home/topcuoglu/openrecombinhunt/src/06_recombinhunt/run_recombinhunt.py", line 179, in run_recombinhunt_for_lineage
    result = experiment.run()
  File "/home/topcuoglu/openrecombinhunt/libs/recombinhunt-cov-7.0.0/src/recombinhunt/core/method.py", line 663, in run
    L1_reg: Region = search_L(self.merged_df, self.p_merged_df, self.change_probabilities, min_target_len=self.MIN_CANDIDATE_REGION_LENGTH, cache=self.cache)
  File "/home/topcuoglu/openrecombinhunt/libs/recombinhunt-cov-7.0.0/src/recombinhunt/core/method.py", line 1035, in search_L
    raise NoCandidatesFound("No candidates found searching in both directions.")
recombinhunt.core.method.NoCandidatesFound: No candidates found searching in both directions.
2025-09-06 15:43:52,516 - ERROR -   Error on one sample in lineage A.1: No candidates found searching in both directions.
Traceback (most recent call last):
  File "/home/topcuoglu/openrecombinhunt/src/06_recombinhunt/run_recombinhunt.py", line 179, in run_recombinhunt_for_lineage
    result = experiment.run()
  File "/home/topcuoglu/openrecombinhunt/libs/recombinhunt-cov-7.0.0/src/recombinhunt/core/method.py", line 663, in run
    L1_reg: Region = search_L(self.merged_df, self.p_merged_df, self.change_probabilities, min_target_len=self.MIN_CANDIDATE_REGION_LENGTH, cache=self.cache)
  File "/home/topcuoglu/openrecombinhunt/libs/recombinhunt-cov-7.0.0/src/recombinhunt/core/method.py", line 1035, in search_L
    raise NoCandidatesFound("No candidates found searching in both directions.")
recombinhunt.core.method.NoCandidatesFound: No candidates found searching in both directions.
2025-09-06 15:43:52,529 - ERROR -   Error on one sample in lineage A.1: No candidates found searching in both directions.
Traceback (most recent call last):
  File "/home/topcuoglu/openrecombinhunt/src/06_recombinhunt/run_recombinhunt.py", line 179, in run_recombinhunt_for_lineage
    result = experiment.run()
  File "/home/topcuoglu/openrecombinhunt/libs/recombinhunt-cov-7.0.0/src/recombinhunt/core/method.py", line 663, in run
    L1_reg: Region = search_L(self.merged_df, self.p_merged_df, self.change_probabilities, min_target_len=self.MIN_CANDIDATE_REGION_LENGTH, cache=self.cache)
  File "/home/topcuoglu/openrecombinhunt/libs/recombinhunt-cov-7.0.0/src/recombinhunt/core/method.py", line 1035, in search_L
    raise NoCandidatesFound("No candidates found searching in both directions.")
recombinhunt.core.method.NoCandidatesFound: No candidates found searching in both directions.
2025-09-06 15:43:52,543 - ERROR -   Error on one sample in lineage A.1: No candidates found searching in both directions.
Traceback (most recent call last):
  File "/home/topcuoglu/openrecombinhunt/src/06_recombinhunt/run_recombinhunt.py", line 179, in run_recombinhunt_for_lineage
    result = experiment.run()
  File "/home/topcuoglu/openrecombinhunt/libs/recombinhunt-cov-7.0.0/src/recombinhunt/core/method.py", line 663, in run
    L1_reg: Region = search_L(self.merged_df, self.p_merged_df, self.change_probabilities, min_target_len=self.MIN_CANDIDATE_REGION_LENGTH, cache=self.cache)
  File "/home/topcuoglu/openrecombinhunt/libs/recombinhunt-cov-7.0.0/src/recombinhunt/core/method.py", line 1035, in search_L
    raise NoCandidatesFound("No candidates found searching in both directions.")
recombinhunt.core.method.NoCandidatesFound: No candidates found searching in both directions.
2025-09-06 15:43:52,575 - ERROR -   Error on one sample in lineage A.1: No candidates found searching in both directions.
Traceback (most recent call last):
  File "/home/topcuoglu/openrecombinhunt/src/06_recombinhunt/run_recombinhunt.py", line 179, in run_recombinhunt_for_lineage
    result = experiment.run()
  File "/home/topcuoglu/openrecombinhunt/libs/recombinhunt-cov-7.0.0/src/recombinhunt/core/method.py", line 663, in run
    L1_reg: Region = search_L(self.merged_df, self.p_merged_df, self.change_probabilities, min_target_len=self.MIN_CANDIDATE_REGION_LENGTH, cache=self.cache)
  File "/home/topcuoglu/openrecombinhunt/libs/recombinhunt-cov-7.0.0/src/recombinhunt/core/method.py", line 1035, in search_L
    raise NoCandidatesFound("No candidates found searching in both directions.")
recombinhunt.core.method.NoCandidatesFound: No candidates found searching in both directions.
2025-09-06 15:43:52,608 - ERROR -   Error on one sample in lineage A.1: No candidates found searching in both directions.
Traceback (most recent call last):
  File "/home/topcuoglu/openrecombinhunt/src/06_recombinhunt/run_recombinhunt.py", line 179, in run_recombinhunt_for_lineage
    result = experiment.run()
  File "/home/topcuoglu/openrecombinhunt/libs/recombinhunt-cov-7.0.0/src/recombinhunt/core/method.py", line 663, in run
    L1_reg: Region = search_L(self.merged_df, self.p_merged_df, self.change_probabilities, min_target_len=self.MIN_CANDIDATE_REGION_LENGTH, cache=self.cache)
  File "/home/topcuoglu/openrecombinhunt/libs/recombinhunt-cov-7.0.0/src/recombinhunt/core/method.py", line 1035, in search_L
    raise NoCandidatesFound("No candidates found searching in both directions.")
recombinhunt.core.method.NoCandidatesFound: No candidates found searching in both directions.
2025-09-06 15:43:52,640 - ERROR -   Error on one sample in lineage A.1: No candidates found searching in both directions.
Traceback (most recent call last):
  File "/home/topcuoglu/openrecombinhunt/src/06_recombinhunt/run_recombinhunt.py", line 179, in run_recombinhunt_for_lineage
    result = experiment.run()
  File "/home/topcuoglu/openrecombinhunt/libs/recombinhunt-cov-7.0.0/src/recombinhunt/core/method.py", line 663, in run
    L1_reg: Region = search_L(self.merged_df, self.p_merged_df, self.change_probabilities, min_target_len=self.MIN_CANDIDATE_REGION_LENGTH, cache=self.cache)
  File "/home/topcuoglu/openrecombinhunt/libs/recombinhunt-cov-7.0.0/src/recombinhunt/core/method.py", line 1035, in search_L
    raise NoCandidatesFound("No candidates found searching in both directions.")
recombinhunt.core.method.NoCandidatesFound: No candidates found searching in both directions.
2025-09-06 15:43:52,725 - ERROR -   Error on one sample in lineage A.1: No candidates found searching in both directions.
Traceback (most recent call last):
  File "/home/topcuoglu/openrecombinhunt/src/06_recombinhunt/run_recombinhunt.py", line 179, in run_recombinhunt_for_lineage
    result = experiment.run()
  File "/home/topcuoglu/openrecombinhunt/libs/recombinhunt-cov-7.0.0/src/recombinhunt/core/method.py", line 663, in run
    L1_reg: Region = search_L(self.merged_df, self.p_merged_df, self.change_probabilities, min_target_len=self.MIN_CANDIDATE_REGION_LENGTH, cache=self.cache)
  File "/home/topcuoglu/openrecombinhunt/libs/recombinhunt-cov-7.0.0/src/recombinhunt/core/method.py", line 1035, in search_L
    raise NoCandidatesFound("No candidates found searching in both directions.")
recombinhunt.core.method.NoCandidatesFound: No candidates found searching in both directions.
2025-09-06 15:43:53,126 - WARNING - Gap made of only target mutations (How can it be? It's an almost impossible condition). Target mutation that minimizes the loss has been assigned to the right region).
2025-09-06 15:43:53,150 - WARNING - Gap made of only target mutations (How can it be? It's an almost impossible condition). Target mutation that minimizes the loss has been assigned to the right region).
2025-09-06 15:43:54,594 - WARNING - Gap made of only target mutations (How can it be? It's an almost impossible condition). Target mutation that minimizes the loss has been assigned to the right region).
2025-09-06 15:43:54,685 - WARNING - Gap made of only target mutations (How can it be? It's an almost impossible condition). Target mutation that minimizes the loss has been assigned to the right region).
2025-09-06 15:43:54,744 - WARNING - Gap made of only target mutations (How can it be? It's an almost impossible condition). Target mutation that minimizes the loss has been assigned to the right region).
2025-09-06 15:43:54,768 - WARNING - Gap made of only target mutations (How can it be? It's an almost impossible condition). Target mutation that minimizes the loss has been assigned to the right region).
2025-09-06 15:43:54,792 - WARNING - Gap made of only target mutations (How can it be? It's an almost impossible condition). Target mutation that minimizes the loss has been assigned to the right region).
2025-09-06 15:43:54,936 - WARNING - Gap made of only target mutations (How can it be? It's an almost impossible condition). Target mutation that minimizes the loss has been assigned to the right region).
2025-09-06 15:43:58,472 - ERROR -   Error on one sample in lineage A.1: No candidates found searching in both directions.
Traceback (most recent call last):
  File "/home/topcuoglu/openrecombinhunt/src/06_recombinhunt/run_recombinhunt.py", line 179, in run_recombinhunt_for_lineage
    result = experiment.run()
  File "/home/topcuoglu/openrecombinhunt/libs/recombinhunt-cov-7.0.0/src/recombinhunt/core/method.py", line 663, in run
    L1_reg: Region = search_L(self.merged_df, self.p_merged_df, self.change_probabilities, min_target_len=self.MIN_CANDIDATE_REGION_LENGTH, cache=self.cache)
  File "/home/topcuoglu/openrecombinhunt/libs/recombinhunt-cov-7.0.0/src/recombinhunt/core/method.py", line 1035, in search_L
    raise NoCandidatesFound("No candidates found searching in both directions.")
recombinhunt.core.method.NoCandidatesFound: No candidates found searching in both directions.
2025-09-06 15:43:58,592 - ERROR -   Error on one sample in lineage A.1: No candidates found searching in both directions.
Traceback (most recent call last):
  File "/home/topcuoglu/openrecombinhunt/src/06_recombinhunt/run_recombinhunt.py", line 179, in run_recombinhunt_for_lineage
    result = experiment.run()
  File "/home/topcuoglu/openrecombinhunt/libs/recombinhunt-cov-7.0.0/src/recombinhunt/core/method.py", line 663, in run
    L1_reg: Region = search_L(self.merged_df, self.p_merged_df, self.change_probabilities, min_target_len=self.MIN_CANDIDATE_REGION_LENGTH, cache=self.cache)
  File "/home/topcuoglu/openrecombinhunt/libs/recombinhunt-cov-7.0.0/src/recombinhunt/core/method.py", line 1035, in search_L
    raise NoCandidatesFound("No candidates found searching in both directions.")
recombinhunt.core.method.NoCandidatesFound: No candidates found searching in both directions.
2025-09-06 15:44:00,158 - WARNING - Gap made of only target mutations (How can it be? It's an almost impossible condition). Target mutation that minimizes the loss has been assigned to the right region).
2025-09-06 15:44:01,185 - WARNING - Gap made of only target mutations (How can it be? It's an almost impossible condition). Target mutation that minimizes the loss has been assigned to the right region).
2025-09-06 15:44:02,287 - WARNING - Gap made of only target mutations (How can it be? It's an almost impossible condition). Target mutation that minimizes the loss has been assigned to the right region).
2025-09-06 15:44:03,322 - WARNING - Gap made of only target mutations (How can it be? It's an almost impossible condition). Target mutation that minimizes the loss has been assigned to the right region).
2025-09-06 15:44:03,626 - WARNING - Gap made of only target mutations (How can it be? It's an almost impossible condition). Target mutation that minimizes the loss has been assigned to the right region).
2025-09-06 15:44:03,794 - WARNING - Gap made of only target mutations (How can it be? It's an almost impossible condition). Target mutation that minimizes the loss has been assigned to the right region).
2025-09-06 15:44:03,954 - WARNING - Gap made of only target mutations (How can it be? It's an almost impossible condition). Target mutation that minimizes the loss has been assigned to the right region).
2025-09-06 15:44:04,068 - WARNING - Gap made of only target mutations (How can it be? It's an almost impossible condition). Target mutation that minimizes the loss has been assigned to the right region).
2025-09-06 15:44:04,196 - WARNING - Gap made of only target mutations (How can it be? It's an almost impossible condition). Target mutation that minimizes the loss has been assigned to the right region).
2025-09-06 15:44:04,408 - WARNING - Gap made of only target mutations (How can it be? It's an almost impossible condition). Target mutation that minimizes the loss has been assigned to the right region).
2025-09-06 15:44:04,522 - WARNING - Gap made of only target mutations (How can it be? It's an almost impossible condition). Target mutation that minimizes the loss has been assigned to the right region).
2025-09-06 15:44:04,686 - WARNING - Gap made of only target mutations (How can it be? It's an almost impossible condition). Target mutation that minimizes the loss has been assigned to the right region).
2025-09-06 15:44:04,722 - WARNING - Gap made of only target mutations (How can it be? It's an almost impossible condition). Target mutation that minimizes the loss has been assigned to the right region).
2025-09-06 15:44:05,068 - WARNING - Gap made of only target mutations (How can it be? It's an almost impossible condition). Target mutation that minimizes the loss has been assigned to the right region).
2025-09-06 15:44:05,398 - WARNING - Gap made of only target mutations (How can it be? It's an almost impossible condition). Target mutation that minimizes the loss has been assigned to the right region).
2025-09-06 15:44:06,076 - WARNING - Gap made of only target mutations (How can it be? It's an almost impossible condition). Target mutation that minimizes the loss has been assigned to the right region).
2025-09-06 15:44:06,261 - WARNING - Gap made of only target mutations (How can it be? It's an almost impossible condition). Target mutation that minimizes the loss has been assigned to the right region).
2025-09-06 15:44:06,643 - WARNING - Gap made of only target mutations (How can it be? It's an almost impossible condition). Target mutation that minimizes the loss has been assigned to the right region).
2025-09-06 15:44:06,679 - WARNING - Gap made of only target mutations (How can it be? It's an almost impossible condition). Target mutation that minimizes the loss has been assigned to the right region).
2025-09-06 15:44:06,836 - WARNING - Gap made of only target mutations (How can it be? It's an almost impossible condition). Target mutation that minimizes the loss has been assigned to the right region).
2025-09-06 15:44:07,893 - WARNING - Gap made of only target mutations (How can it be? It's an almost impossible condition). Target mutation that minimizes the loss has been assigned to the right region).
2025-09-06 15:44:08,034 - WARNING - Gap made of only target mutations (How can it be? It's an almost impossible condition). Target mutation that minimizes the loss has been assigned to the right region).
2025-09-06 15:44:09,184 - WARNING - Gap made of only target mutations (How can it be? It's an almost impossible condition). Target mutation that minimizes the loss has been assigned to the right region).
2025-09-06 15:44:09,504 - WARNING - Gap made of only target mutations (How can it be? It's an almost impossible condition). Target mutation that minimizes the loss has been assigned to the right region).
2025-09-06 15:44:09,608 - WARNING - Gap made of only target mutations (How can it be? It's an almost impossible condition). Target mutation that minimizes the loss has been assigned to the right region).
2025-09-06 15:44:10,282 - WARNING - Gap made of only target mutations (How can it be? It's an almost impossible condition). Target mutation that minimizes the loss has been assigned to the right region).
2025-09-06 15:44:10,674 - ERROR -   Error on one sample in lineage A.1: No candidates found searching in both directions.
Traceback (most recent call last):
  File "/home/topcuoglu/openrecombinhunt/src/06_recombinhunt/run_recombinhunt.py", line 179, in run_recombinhunt_for_lineage
    result = experiment.run()
  File "/home/topcuoglu/openrecombinhunt/libs/recombinhunt-cov-7.0.0/src/recombinhunt/core/method.py", line 663, in run
    L1_reg: Region = search_L(self.merged_df, self.p_merged_df, self.change_probabilities, min_target_len=self.MIN_CANDIDATE_REGION_LENGTH, cache=self.cache)
  File "/home/topcuoglu/openrecombinhunt/libs/recombinhunt-cov-7.0.0/src/recombinhunt/core/method.py", line 1035, in search_L
    raise NoCandidatesFound("No candidates found searching in both directions.")
recombinhunt.core.method.NoCandidatesFound: No candidates found searching in both directions.
2025-09-06 15:44:11,107 - WARNING - Gap made of only target mutations (How can it be? It's an almost impossible condition). Target mutation that minimizes the loss has been assigned to the right region).
2025-09-06 15:44:11,219 - WARNING - Gap made of only target mutations (How can it be? It's an almost impossible condition). Target mutation that minimizes the loss has been assigned to the right region).
2025-09-06 15:44:11,291 - WARNING - Gap made of only target mutations (How can it be? It's an almost impossible condition). Target mutation that minimizes the loss has been assigned to the right region).
2025-09-06 15:44:11,673 - WARNING - Gap made of only target mutations (How can it be? It's an almost impossible condition). Target mutation that minimizes the loss has been assigned to the right region).
2025-09-06 15:44:11,696 - WARNING - Gap made of only target mutations (How can it be? It's an almost impossible condition). Target mutation that minimizes the loss has been assigned to the right region).
2025-09-06 15:44:12,630 - WARNING - Gap made of only target mutations (How can it be? It's an almost impossible condition). Target mutation that minimizes the loss has been assigned to the right region).
2025-09-06 15:44:12,695 - WARNING - Gap made of only target mutations (How can it be? It's an almost impossible condition). Target mutation that minimizes the loss has been assigned to the right region).
2025-09-06 15:44:12,789 - WARNING - Gap made of only target mutations (How can it be? It's an almost impossible condition). Target mutation that minimizes the loss has been assigned to the right region).
2025-09-06 15:44:13,063 - WARNING - Gap made of only target mutations (How can it be? It's an almost impossible condition). Target mutation that minimizes the loss has been assigned to the right region).
2025-09-06 15:44:13,318 - WARNING - Gap made of only target mutations (How can it be? It's an almost impossible condition). Target mutation that minimizes the loss has been assigned to the right region).
2025-09-06 15:44:13,354 - WARNING - Gap made of only target mutations (How can it be? It's an almost impossible condition). Target mutation that minimizes the loss has been assigned to the right region).
2025-09-06 15:44:13,378 - WARNING - Gap made of only target mutations (How can it be? It's an almost impossible condition). Target mutation that minimizes the loss has been assigned to the right region).
2025-09-06 15:44:13,513 - WARNING - Gap made of only target mutations (How can it be? It's an almost impossible condition). Target mutation that minimizes the loss has been assigned to the right region).
2025-09-06 15:44:13,536 - WARNING - Gap made of only target mutations (How can it be? It's an almost impossible condition). Target mutation that minimizes the loss has been assigned to the right region).
2025-09-06 15:44:16,935 - WARNING - Gap made of only target mutations (How can it be? It's an almost impossible condition). Target mutation that minimizes the loss has been assigned to the right region).
2025-09-06 15:44:17,075 - WARNING - Gap made of only target mutations (How can it be? It's an almost impossible condition). Target mutation that minimizes the loss has been assigned to the right region).
2025-09-06 15:44:17,207 - WARNING - Gap made of only target mutations (How can it be? It's an almost impossible condition). Target mutation that minimizes the loss has been assigned to the right region).
2025-09-06 15:44:17,302 - WARNING - Gap made of only target mutations (How can it be? It's an almost impossible condition). Target mutation that minimizes the loss has been assigned to the right region).
2025-09-06 15:44:17,877 - WARNING - Gap made of only target mutations (How can it be? It's an almost impossible condition). Target mutation that minimizes the loss has been assigned to the right region).
2025-09-06 15:44:17,909 - WARNING - Gap made of only target mutations (How can it be? It's an almost impossible condition). Target mutation that minimizes the loss has been assigned to the right region).
2025-09-06 15:44:17,940 - WARNING - Gap made of only target mutations (How can it be? It's an almost impossible condition). Target mutation that minimizes the loss has been assigned to the right region).
2025-09-06 15:44:17,971 - WARNING - Gap made of only target mutations (How can it be? It's an almost impossible condition). Target mutation that minimizes the loss has been assigned to the right region).
2025-09-06 15:44:18,003 - WARNING - Gap made of only target mutations (How can it be? It's an almost impossible condition). Target mutation that minimizes the loss has been assigned to the right region).
2025-09-06 15:44:18,034 - WARNING - Gap made of only target mutations (How can it be? It's an almost impossible condition). Target mutation that minimizes the loss has been assigned to the right region).
2025-09-06 15:44:18,143 - WARNING - Gap made of only target mutations (How can it be? It's an almost impossible condition). Target mutation that minimizes the loss has been assigned to the right region).
2025-09-06 15:44:19,852 - INFO -   Lineage 'A.1.NmC4', Mode 'all': Processing all 80 samples.
2025-09-06 15:44:21,303 - INFO - Recombinant summary saved to: results/recombinhunt_output/zika/dist3size10/recombinant_summary.tsv
2025-09-06 15:44:21,323 - INFO - Saved extensive summary table to: results/recombinhunt_output/zika/dist3size10/recombinant_summary_extensive.tsv
2025-09-06 15:44:21,323 - INFO - Text report saved to: results/recombinhunt_output/zika/dist3size10/experiment-output.all.txt
2025-09-06 15:44:21,323 - INFO - HTML report saved to: results/recombinhunt_output/zika/dist3size10/experiment-detail.all.html
2025-09-06 15:44:21,325 - INFO - RecombinHunt experiment step finished successfully with given config and run mode.
