2025-07-18 10:26:38,741 - INFO - Logging initialized. Log file at: logs/20250718_102638_sars-cov-2_05.2_create_samples.log
2025-07-18 10:26:38,741 - INFO - --- Starting Step 5.2: Create Samples for 'sars-cov-2' ---
2025-07-18 10:26:38,741 - INFO - Virus is 'sars-cov-2'. Using Nextstrain reformatted output as input.
2025-07-18 10:26:38,766 - INFO - Sample files will be saved to: samples/sars-cov-2/dist0size0
2025-07-18 10:26:38,767 - INFO - Loading data from: results/nextstrain_output/sars-cov-2/nextstrain_reformatted.tsv
2025-07-18 10:27:15,601 - INFO - Cleaning data by dropping rows with missing pangoLin or mutations...
2025-07-18 10:27:16,263 - CRITICAL - Sample creation step failed with a critical error: 'genomeID'
Traceback (most recent call last):
  File "/home/topcuoglu/.local/lib/python3.10/site-packages/pandas/core/indexes/base.py", line 3790, in get_loc
    return self._engine.get_loc(casted_key)
  File "index.pyx", line 152, in pandas._libs.index.IndexEngine.get_loc
  File "index.pyx", line 181, in pandas._libs.index.IndexEngine.get_loc
  File "pandas/_libs/hashtable_class_helper.pxi", line 7080, in pandas._libs.hashtable.PyObjectHashTable.get_item
  File "pandas/_libs/hashtable_class_helper.pxi", line 7088, in pandas._libs.hashtable.PyObjectHashTable.get_item
KeyError: 'genomeID'

The above exception was the direct cause of the following exception:

Traceback (most recent call last):
  File "/home/topcuoglu/openrecombinhunt/src/05_prepare_recombinhunt/create_samples.py", line 146, in main
    create_samples_step(args.virus, config)
  File "/home/topcuoglu/openrecombinhunt/src/05_prepare_recombinhunt/create_samples.py", line 79, in create_samples_step
    missing_mutations_ids = df.loc[missing_mutations_mask, 'genomeID'].tolist()
  File "/home/topcuoglu/.local/lib/python3.10/site-packages/pandas/core/indexing.py", line 1147, in __getitem__
    return self._getitem_tuple(key)
  File "/home/topcuoglu/.local/lib/python3.10/site-packages/pandas/core/indexing.py", line 1330, in _getitem_tuple
    return self._getitem_lowerdim(tup)
  File "/home/topcuoglu/.local/lib/python3.10/site-packages/pandas/core/indexing.py", line 1039, in _getitem_lowerdim
    section = self._getitem_axis(key, axis=i)
  File "/home/topcuoglu/.local/lib/python3.10/site-packages/pandas/core/indexing.py", line 1393, in _getitem_axis
    return self._get_label(key, axis=axis)
  File "/home/topcuoglu/.local/lib/python3.10/site-packages/pandas/core/indexing.py", line 1343, in _get_label
    return self.obj.xs(label, axis=axis)
  File "/home/topcuoglu/.local/lib/python3.10/site-packages/pandas/core/generic.py", line 4222, in xs
    return self[key]
  File "/home/topcuoglu/.local/lib/python3.10/site-packages/pandas/core/frame.py", line 3896, in __getitem__
    indexer = self.columns.get_loc(key)
  File "/home/topcuoglu/.local/lib/python3.10/site-packages/pandas/core/indexes/base.py", line 3797, in get_loc
    raise KeyError(key) from err
KeyError: 'genomeID'
